SF:lib/widgets/listen_follow_highlight.dart
DA:16,4
DA:42,4
DA:52,4
DA:54,8
DA:55,4
DA:56,4
DA:58,4
DA:59,8
DA:60,4
DA:61,4
DA:65,12
DA:66,4
DA:67,2
DA:71,4
DA:72,4
DA:90,4
DA:92,4
DA:93,12
DA:95,8
DA:96,16
DA:100,2
DA:102,2
DA:103,8
DA:104,1
DA:105,3
DA:107,12
DA:108,8
DA:112,4
DA:114,4
DA:115,4
DA:118,4
DA:120,1
DA:121,1
DA:123,8
DA:124,4
DA:128,4
DA:129,4
DA:130,8
DA:132,4
DA:135,4
DA:136,4
DA:137,4
DA:138,4
DA:139,8
DA:140,4
DA:141,8
DA:142,8
DA:144,12
DA:146,4
DA:147,8
DA:149,4
DA:154,9
DA:157,4
DA:159,12
DA:161,24
DA:162,3
DA:163,8
DA:164,12
DA:166,24
DA:167,6
DA:168,8
DA:169,4
DA:170,4
DA:171,8
DA:172,8
DA:173,4
DA:174,4
DA:181,4
DA:183,4
DA:185,4
DA:186,16
DA:187,4
DA:188,12
DA:191,16
LF:74
LH:74
end_of_record
SF:lib/pages/continuous_scroll_policy.dart
DA:23,9
DA:25,9
DA:26,9
DA:28,3
DA:29,3
DA:37,18
DA:45,9
DA:54,9
DA:55,18
DA:57,18
DA:58,18
DA:60,1
DA:61,4
DA:64,2
DA:67,9
DA:68,18
DA:70,18
DA:71,9
DA:72,18
DA:75,2
DA:76,4
DA:82,2
DA:83,4
DA:84,4
DA:88,6
DA:93,4
DA:108,1
DA:109,3
DA:110,3
DA:112,7
DA:113,1
DA:114,1
DA:115,2
DA:129,4
DA:138,4
DA:139,4
DA:142,8
DA:143,8
DA:145,4
DA:147,8
DA:149,6
DA:151,12
DA:155,2
DA:156,1
DA:157,3
DA:160,2
DA:161,4
DA:162,4
DA:168,4
DA:169,4
DA:170,12
DA:174,3
DA:179,6
DA:180,6
DA:181,9
DA:182,3
DA:189,8
DA:206,9
DA:208,9
DA:210,9
DA:211,9
DA:212,18
DA:216,9
DA:217,18
DA:218,9
DA:219,9
DA:220,18
DA:221,9
DA:222,9
LF:69
LH:69
end_of_record
SF:lib/services/library_backend.dart
DA:10,0
DA:26,4
DA:33,3
DA:45,9
LF:4
LH:3
end_of_record
SF:lib/engines/paged_document_reloader.dart
DA:39,1
DA:49,1
DA:55,2
DA:58,2
DA:61,1
DA:72,1
DA:78,3
DA:81,2
DA:82,2
DA:94,4
DA:97,4
DA:100,1
DA:101,2
DA:105,1
DA:106,1
DA:107,2
LF:16
LH:16
end_of_record
SF:lib/engines/paged_js_result.dart
DA:13,1
DA:14,1
DA:15,2
DA:16,1
DA:17,2
DA:18,2
DA:28,1
DA:33,4
DA:36,1
DA:37,2
DA:38,1
DA:39,1
DA:40,1
DA:42,2
DA:43,1
LF:15
LH:15
end_of_record
SF:lib/engines/paged_view_controls.dart
DA:31,2
DA:37,2
DA:38,10
DA:39,2
LF:4
LH:4
end_of_record
SF:lib/engines/paged_web_view.dart
DA:26,1
DA:29,1
DA:37,0
DA:62,0
DA:63,0
DA:75,0
DA:77,0
DA:78,0
DA:79,0
DA:80,0
DA:82,0
DA:84,0
DA:88,0
DA:90,0
DA:92,0
DA:93,0
DA:94,0
DA:95,0
DA:96,0
DA:98,0
DA:99,0
DA:100,0
DA:101,0
DA:102,0
DA:103,0
DA:104,0
DA:105,0
DA:106,0
DA:107,0
DA:108,0
DA:112,0
DA:113,0
DA:115,0
DA:117,0
DA:121,0
DA:123,0
DA:124,0
DA:125,0
DA:126,0
DA:127,0
DA:128,0
DA:129,0
DA:131,0
DA:132,0
DA:138,0
DA:139,0
DA:140,0
DA:142,0
DA:147,0
DA:148,0
DA:150,0
DA:151,0
DA:152,0
DA:156,0
DA:158,0
DA:159,0
DA:160,0
DA:161,0
DA:169,0
DA:171,0
DA:173,0
DA:175,0
DA:177,0
DA:179,0
DA:182,0
DA:184,0
DA:186,0
DA:188,0
DA:190,0
DA:194,0
DA:196,0
DA:197,0
DA:200,0
DA:202,0
DA:203,0
DA:204,0
DA:205,0
DA:207,0
DA:208,0
DA:209,0
DA:210,0
DA:211,0
DA:213,0
DA:214,0
DA:215,0
DA:284,0
DA:285,0
DA:286,0
DA:287,0
DA:288,0
DA:289,0
DA:290,0
DA:291,0
DA:292,0
DA:293,0
DA:294,0
DA:295,0
LF:97
LH:2
end_of_record
SF:lib/engines/system_tts_engine.dart
DA:15,1
DA:16,3
DA:17,3
DA:18,3
DA:19,3
DA:32,1
DA:33,2
DA:35,1
DA:44,2
DA:49,2
DA:53,2
DA:54,1
DA:60,1
DA:63,2
DA:64,1
DA:69,1
DA:73,2
DA:74,2
DA:75,1
DA:78,1
DA:82,1
DA:84,2
DA:88,2
DA:91,1
DA:92,1
DA:93,2
DA:94,2
DA:95,1
DA:96,3
DA:97,1
DA:98,5
DA:105,1
DA:107,1
DA:110,1
DA:111,1
DA:112,2
DA:113,2
DA:114,2
DA:115,2
DA:118,2
DA:119,3
DA:124,1
DA:125,2
DA:127,1
DA:131,1
DA:133,1
DA:136,1
DA:138,1
DA:139,2
DA:142,1
DA:144,1
DA:145,3
DA:148,1
DA:149,1
DA:150,3
DA:153,1
DA:155,4
DA:157,1
DA:158,3
DA:162,1
DA:163,1
DA:164,2
LF:62
LH:62
end_of_record
SF:lib/engines/tts_engine.dart
DA:26,4
DA:49,4
DA:74,2
DA:80,2
DA:87,2
DA:93,2
LF:6
LH:6
end_of_record
SF:lib/pages/body_tap_policy.dart
DA:41,7
DA:48,28
DA:49,21
DA:50,21
DA:51,4
DA:52,4
DA:53,28
DA:72,9
DA:88,2
DA:91,8
DA:92,24
DA:93,48
DA:94,1
DA:97,16
DA:98,16
DA:99,16
DA:100,8
DA:101,8
DA:102,27
DA:103,12
DA:108,3
DA:109,12
DA:110,3
DA:111,15
DA:112,3
DA:117,1
DA:118,3
DA:119,4
DA:123,8
DA:124,24
DA:125,24
DA:126,8
DA:127,8
DA:128,32
DA:129,40
DA:130,8
DA:131,8
DA:136,8
DA:137,8
DA:138,8
DA:141,8
DA:142,8
DA:143,8
DA:144,8
DA:145,8
DA:146,16
DA:147,8
LF:47
LH:47
end_of_record
SF:lib/pages/listen_page.dart
DA:23,3
DA:47,3
DA:48,3
DA:75,3
DA:77,3
DA:78,18
DA:79,3
DA:82,3
DA:84,4
DA:85,6
DA:86,9
DA:87,3
DA:88,3
DA:92,3
DA:94,9
DA:95,15
DA:96,9
DA:97,7
DA:98,21
DA:100,3
DA:101,9
DA:102,6
DA:103,6
DA:104,3
DA:105,6
DA:106,6
DA:107,9
DA:108,9
DA:111,9
DA:113,9
DA:114,3
DA:115,3
DA:117,3
DA:118,6
DA:119,3
DA:120,3
DA:121,12
DA:122,12
DA:123,3
DA:124,3
DA:125,3
DA:126,6
DA:128,3
DA:129,12
DA:132,1
DA:133,2
DA:134,2
DA:135,1
DA:141,1
DA:143,1
DA:145,1
DA:146,5
DA:147,3
DA:149,1
DA:151,2
DA:152,1
DA:153,4
DA:154,1
DA:155,2
DA:159,1
DA:160,5
DA:161,1
DA:162,4
DA:163,4
DA:164,2
DA:165,2
DA:166,1
DA:168,6
DA:171,2
DA:172,1
DA:174,3
DA:178,1
DA:179,1
DA:180,2
DA:181,2
DA:182,2
DA:184,2
DA:185,1
DA:188,5
DA:189,4
DA:190,6
DA:192,1
DA:196,1
DA:197,1
DA:199,2
DA:200,3
DA:201,1
DA:204,1
DA:206,5
DA:207,1
DA:208,2
DA:209,1
DA:210,4
DA:211,4
DA:212,1
DA:213,1
DA:214,2
DA:217,2
DA:218,1
DA:219,5
DA:220,1
DA:221,4
DA:224,1
DA:225,2
DA:226,2
DA:227,1
DA:233,1
DA:234,1
DA:235,1
DA:236,3
DA:237,4
DA:238,1
DA:239,3
DA:240,4
DA:241,1
DA:242,1
DA:243,2
DA:244,3
DA:245,6
DA:250,1
DA:251,2
DA:252,4
DA:253,3
DA:254,1
DA:255,2
DA:256,1
DA:257,1
DA:259,5
DA:262,1
DA:263,2
DA:264,7
DA:265,3
DA:266,1
DA:267,2
DA:268,1
DA:269,1
DA:271,5
DA:274,1
DA:275,3
DA:276,4
DA:280,1
DA:281,2
DA:282,5
DA:283,5
DA:284,3
DA:285,1
DA:286,2
DA:287,1
DA:288,1
DA:290,5
DA:291,1
DA:292,1
DA:293,1
DA:294,3
DA:295,2
DA:296,4
DA:297,4
DA:302,1
DA:303,1
DA:304,1
DA:305,2
DA:306,3
DA:309,3
DA:310,4
DA:311,3
DA:312,3
DA:313,1
DA:314,1
DA:315,1
DA:317,7
DA:323,3
DA:324,3
DA:325,9
DA:326,12
DA:330,1
DA:331,1
DA:332,1
DA:334,2
DA:335,1
DA:336,1
DA:337,1
DA:338,3
DA:343,1
DA:344,1
DA:346,2
DA:347,1
DA:348,1
DA:350,3
DA:351,1
DA:352,1
DA:354,3
DA:358,3
DA:361,24
DA:362,9
DA:364,3
DA:365,3
DA:366,3
DA:368,3
DA:372,3
DA:374,3
DA:376,9
DA:379,3
DA:381,3
DA:386,3
DA:387,3
DA:388,3
DA:389,1
DA:393,1
DA:394,1
DA:398,6
DA:399,3
DA:400,3
DA:401,6
DA:402,12
DA:403,3
DA:404,9
DA:405,9
DA:406,9
DA:407,9
DA:410,3
DA:412,9
DA:419,3
DA:420,9
DA:421,6
DA:424,3
DA:425,3
DA:431,3
DA:433,3
DA:434,3
DA:436,3
DA:437,3
DA:438,6
DA:439,3
DA:442,3
DA:444,3
DA:454,3
DA:455,3
DA:456,3
DA:457,3
DA:458,3
DA:466,3
DA:467,6
DA:468,1
DA:469,9
DA:470,13
DA:473,1
DA:474,4
LF:247
LH:247
end_of_record
SF:lib/services/tts_backend.dart
DA:11,5
DA:23,1
DA:24,1
DA:25,1
DA:26,1
DA:27,1
LF:6
LH:6
end_of_record
SF:lib/widgets/listen_control_bar.dart
DA:13,3
DA:54,3
DA:55,3
DA:61,3
DA:63,12
DA:64,3
DA:67,3
DA:69,3
DA:70,3
DA:72,3
DA:74,3
DA:75,3
DA:76,6
DA:82,3
DA:83,3
DA:84,3
DA:85,3
DA:87,3
DA:88,3
DA:90,6
DA:94,3
DA:95,6
DA:97,6
DA:98,9
DA:101,3
DA:103,6
DA:110,3
DA:112,3
DA:113,3
DA:116,3
DA:117,6
DA:118,9
DA:123,3
DA:126,3
DA:127,6
DA:128,3
DA:129,12
DA:138,3
DA:139,3
DA:140,3
DA:141,3
DA:143,6
DA:145,4
DA:146,6
DA:148,1
DA:149,3
DA:150,3
DA:155,3
DA:156,6
LF:49
LH:49
end_of_record
SF:lib/widgets/listen_settings_sheet.dart
DA:16,1
DA:31,1
DA:32,1
DA:36,3
DA:40,1
DA:41,3
DA:42,3
DA:45,1
DA:47,1
DA:48,1
DA:50,1
DA:53,1
DA:54,1
DA:55,1
DA:62,1
DA:64,2
DA:72,2
DA:73,1
DA:80,1
DA:81,2
DA:82,1
DA:83,3
DA:121,1
DA:123,1
DA:124,1
DA:125,1
DA:126,1
DA:127,1
DA:131,3
DA:132,1
DA:133,3
DA:134,3
DA:138,1
DA:139,4
DA:148,1
DA:155,1
DA:157,1
DA:158,1
DA:160,0
DA:161,1
DA:164,1
DA:165,1
DA:166,1
DA:168,1
DA:173,1
DA:179,1
DA:181,1
DA:188,1
DA:189,1
DA:192,1
DA:193,1
DA:194,1
LF:52
LH:51
end_of_record
SF:lib/pages/progress_saver.dart
DA:18,9
DA:31,4
DA:32,4
DA:33,4
DA:34,8
DA:35,16
DA:39,9
DA:40,9
DA:41,18
DA:45,9
DA:46,9
DA:49,3
DA:50,3
DA:51,3
DA:52,3
DA:53,3
DA:54,3
DA:56,6
DA:59,9
DA:60,13
DA:61,9
DA:62,9
DA:63,9
LF:23
LH:23
end_of_record
SF:lib/pages/reader_page.dart
DA:47,8
DA:80,8
DA:81,8
DA:133,8
DA:135,8
DA:136,24
DA:137,16
DA:138,8
DA:139,40
DA:141,8
DA:142,24
DA:145,8
DA:148,16
DA:149,24
DA:150,16
DA:151,8
DA:154,16
DA:155,16
DA:156,16
DA:157,8
DA:160,8
DA:162,40
DA:164,40
DA:166,4
DA:167,2
DA:168,6
DA:170,8
DA:171,16
DA:172,8
DA:173,8
DA:174,16
DA:175,16
DA:176,16
DA:178,16
DA:179,40
DA:182,8
DA:183,24
DA:184,8
DA:185,16
DA:189,0
DA:193,2
DA:194,4
DA:196,4
DA:197,2
DA:198,8
DA:200,0
DA:203,3
DA:204,3
DA:205,6
DA:206,6
DA:207,12
DA:209,3
DA:210,3
DA:211,3
DA:212,3
DA:214,3
DA:215,3
DA:216,9
DA:219,4
DA:220,9
DA:221,6
DA:222,12
DA:223,3
DA:224,4
DA:225,2
DA:226,2
DA:229,3
DA:230,3
DA:232,9
DA:236,3
DA:237,3
DA:238,12
DA:239,9
DA:241,3
DA:242,6
DA:243,3
DA:245,6
DA:246,6
DA:248,9
DA:249,6
DA:255,3
DA:256,6
DA:257,6
DA:263,3
DA:264,3
DA:266,18
DA:267,6
DA:268,3
DA:272,4
DA:273,4
DA:275,16
DA:276,4
DA:277,8
DA:278,4
DA:279,4
DA:280,4
DA:281,4
DA:283,12
DA:284,4
DA:285,3
DA:287,3
DA:293,8
DA:294,8
DA:295,16
DA:296,32
DA:297,8
DA:298,8
DA:301,10
DA:302,6
DA:304,4
DA:305,6
DA:307,3
DA:308,4
DA:309,6
DA:310,2
DA:311,2
DA:312,4
DA:313,2
DA:314,2
DA:315,2
DA:318,0
DA:319,0
DA:320,0
DA:324,8
DA:325,24
DA:327,8
DA:328,24
DA:329,32
DA:330,32
DA:333,16
DA:334,24
DA:335,40
DA:336,8
DA:337,8
DA:338,8
DA:343,1
DA:344,1
DA:346,2
DA:347,2
DA:348,1
DA:355,6
DA:357,6
DA:358,2
DA:359,6
DA:360,1
DA:361,6
DA:362,24
DA:363,2
DA:364,2
DA:365,2
DA:366,1
DA:367,1
DA:370,5
DA:375,3
DA:376,8
DA:379,1
DA:380,1
DA:382,3
DA:386,1
DA:387,1
DA:388,3
DA:389,1
DA:391,0
DA:393,0
DA:394,0
DA:395,0
DA:396,0
DA:401,2
DA:403,4
DA:406,3
DA:407,3
DA:408,9
DA:411,3
DA:412,3
DA:414,3
DA:415,3
DA:416,6
DA:417,15
DA:418,3
DA:419,3
DA:424,1
DA:425,1
DA:426,1
DA:427,2
DA:428,1
DA:429,1
DA:430,2
DA:431,1
DA:432,1
DA:437,3
DA:438,4
DA:447,1
DA:448,3
DA:449,1
DA:450,4
DA:455,2
DA:456,2
DA:457,2
DA:458,4
DA:459,2
DA:461,2
DA:462,2
DA:463,4
DA:464,4
DA:465,2
DA:467,2
DA:468,2
DA:476,2
DA:477,2
DA:479,4
DA:480,4
DA:481,6
DA:482,2
DA:483,4
DA:484,4
DA:485,4
DA:486,2
DA:487,2
DA:488,4
DA:494,2
DA:498,2
DA:499,2
DA:502,10
DA:503,2
DA:504,4
DA:505,2
DA:506,4
DA:507,4
DA:508,2
DA:509,2
DA:511,2
DA:512,2
DA:514,1
DA:522,7
DA:523,7
DA:524,14
DA:525,14
DA:526,7
DA:530,7
DA:531,7
DA:532,7
DA:533,7
DA:534,7
DA:535,7
DA:536,7
DA:537,7
DA:540,14
DA:542,1
DA:543,2
DA:544,1
DA:547,2
DA:548,1
DA:549,1
DA:550,1
DA:554,2
DA:555,1
DA:556,1
DA:557,1
DA:560,1
DA:561,1
DA:562,2
DA:563,1
DA:564,1
DA:567,1
DA:568,2
DA:569,1
DA:570,2
DA:575,1
DA:576,2
DA:577,1
DA:580,0
DA:581,0
DA:582,0
DA:583,0
DA:584,0
DA:588,2
DA:589,1
DA:590,1
DA:591,1
DA:592,1
DA:595,1
DA:596,1
DA:597,2
DA:598,1
DA:599,1
DA:600,1
DA:603,1
DA:604,2
DA:605,1
DA:606,2
DA:607,1
DA:613,1
DA:614,1
DA:617,2
DA:623,2
DA:625,2
DA:626,1
DA:627,2
DA:628,1
DA:629,1
DA:630,1
DA:631,1
DA:632,1
DA:638,8
DA:640,8
DA:641,8
DA:642,0
DA:647,24
DA:648,8
DA:649,16
DA:650,8
DA:652,8
DA:653,8
DA:654,8
DA:655,8
DA:656,8
DA:659,8
DA:660,8
DA:662,7
DA:663,14
DA:664,14
DA:666,2
DA:667,4
DA:668,4
DA:670,7
DA:671,14
DA:672,14
DA:673,12
DA:674,6
DA:675,6
DA:676,6
DA:677,6
DA:678,6
DA:682,16
DA:683,8
DA:685,8
DA:690,8
DA:691,5
DA:692,15
DA:695,10
DA:696,5
DA:699,8
DA:700,5
DA:701,20
DA:704,5
DA:707,14
DA:708,6
DA:709,6
DA:710,12
DA:711,6
DA:712,0
DA:713,6
DA:715,6
DA:716,6
DA:717,6
DA:718,12
DA:719,6
DA:720,6
DA:721,3
DA:722,4
DA:723,6
DA:724,10
DA:725,6
DA:726,4
DA:727,6
DA:737,5
DA:738,5
DA:739,5
DA:740,6
DA:741,10
DA:742,1
DA:743,1
DA:744,1
DA:746,2
DA:747,1
DA:750,10
DA:751,2
DA:752,5
DA:753,10
DA:754,3
DA:755,15
DA:756,2
DA:761,8
DA:762,8
DA:763,10
DA:764,0
DA:767,0
DA:768,0
DA:774,0
DA:779,5
DA:780,30
DA:781,5
DA:782,5
DA:783,5
DA:784,5
DA:786,10
DA:787,5
DA:788,5
DA:789,10
DA:790,5
DA:791,5
DA:792,5
DA:798,8
DA:799,21
DA:802,3
DA:803,8
DA:804,3
DA:806,3
DA:807,3
DA:808,1
DA:812,8
DA:813,8
DA:814,8
DA:817,8
DA:818,8
DA:820,8
DA:821,16
DA:822,16
DA:832,8
DA:833,32
DA:835,16
DA:837,8
DA:838,1
DA:839,1
DA:840,1
DA:841,2
DA:842,5
DA:846,8
DA:847,8
DA:848,8
DA:849,16
DA:851,8
DA:852,8
DA:853,16
DA:854,16
DA:861,5
DA:862,5
DA:867,12
DA:868,4
DA:869,0
DA:870,0
DA:874,8
DA:876,8
DA:878,8
DA:885,8
DA:887,8
DA:889,8
DA:896,0
DA:897,0
DA:898,0
DA:900,0
DA:907,15
DA:909,8
DA:910,32
LF:454
LH:427
end_of_record
SF:lib/services/rust_tts_backend.dart
DA:14,0
DA:16,0
DA:17,0
DA:18,0
DA:19,0
DA:20,0
DA:21,0
DA:22,0
DA:23,0
DA:24,0
DA:29,0
DA:33,0
DA:34,0
DA:37,0
DA:40,0
DA:41,0
DA:42,0
DA:43,0
DA:44,0
DA:45,0
DA:47,0
DA:50,0
DA:52,0
DA:53,0
DA:54,0
DA:55,0
DA:56,0
DA:60,0
DA:62,0
DA:63,0
DA:64,0
DA:65,0
DA:66,0
DA:71,0
DA:72,0
DA:73,0
DA:74,0
DA:75,0
DA:76,0
DA:81,0
LF:40
LH:0
end_of_record
SF:lib/services/translate_backend.dart
DA:8,0
DA:25,1
DA:40,1
DA:61,2
LF:4
LH:3
end_of_record
SF:lib/widgets/directory_drawer.dart
DA:7,3
DA:18,3
DA:20,3
DA:21,3
DA:23,3
DA:25,3
DA:31,3
DA:32,3
DA:33,6
DA:34,3
DA:35,6
DA:36,3
DA:38,12
DA:39,15
DA:42,9
LF:15
LH:15
end_of_record
SF:lib/widgets/display_settings_sheet.dart
DA:17,3
DA:31,3
DA:33,3
DA:35,3
DA:38,3
DA:39,3
DA:40,3
DA:43,5
DA:48,3
DA:49,3
DA:50,3
DA:52,3
DA:53,3
DA:54,6
DA:55,6
DA:56,6
DA:57,6
DA:58,6
DA:59,0
DA:63,12
DA:67,3
DA:68,6
DA:69,0
DA:71,3
DA:72,16
DA:74,3
DA:75,6
DA:76,0
DA:78,3
DA:79,3
DA:80,3
DA:81,16
DA:83,11
DA:91,3
DA:92,6
DA:94,3
DA:95,3
DA:96,3
DA:97,3
DA:98,3
DA:100,3
DA:101,3
DA:102,3
DA:103,4
DA:110,3
DA:111,9
DA:112,3
DA:114,3
DA:116,3
DA:117,3
DA:118,3
DA:121,3
DA:123,3
DA:126,9
DA:130,3
DA:140,2
LF:56
LH:53
end_of_record
SF:lib/widgets/reader_chrome.dart
DA:8,6
DA:21,6
DA:23,6
DA:25,6
DA:27,6
DA:29,6
DA:30,6
DA:31,12
DA:32,6
DA:33,6
DA:35,6
DA:36,12
DA:38,12
DA:43,12
DA:54,6
DA:85,6
DA:87,6
DA:89,6
DA:91,6
DA:93,6
DA:94,6
DA:95,6
DA:96,17
DA:99,12
DA:101,6
DA:102,6
DA:103,12
DA:104,6
DA:105,12
DA:106,6
DA:107,6
DA:111,36
DA:112,6
DA:113,6
DA:114,6
DA:115,12
DA:116,6
DA:118,6
DA:119,6
DA:120,6
DA:123,6
DA:124,29
LF:42
LH:42
end_of_record
SF:lib/widgets/selection_toolbar.dart
DA:10,5
DA:17,5
DA:19,5
DA:21,5
DA:22,15
DA:23,5
DA:25,5
DA:26,5
DA:27,5
DA:28,5
DA:29,5
DA:30,5
DA:36,5
DA:37,5
DA:38,6
DA:39,5
DA:41,5
DA:43,5
DA:46,5
DA:47,5
DA:50,5
DA:52,5
DA:53,5
DA:55,5
DA:56,10
DA:60,5
LF:26
LH:26
end_of_record
SF:lib/widgets/translation_popup.dart
DA:15,1
DA:19,1
DA:20,2
DA:21,3
DA:25,1
DA:27,1
DA:28,1
DA:30,1
DA:32,1
DA:35,1
DA:36,1
DA:37,1
DA:38,3
DA:40,2
DA:41,1
DA:43,1
DA:44,2
DA:45,1
DA:47,1
DA:48,1
DA:49,3
DA:50,2
DA:55,4
DA:56,1
DA:57,1
DA:58,2
DA:59,3
DA:60,2
DA:66,5
DA:67,3
DA:69,1
DA:70,2
DA:71,3
DA:72,2
DA:85,1
DA:89,1
DA:91,1
DA:92,1
DA:94,1
DA:96,1
DA:98,3
DA:102,1
DA:104,1
DA:106,1
DA:109,1
DA:110,1
DA:113,1
DA:114,4
DA:115,2
DA:117,4
DA:119,2
DA:121,4
DA:126,5
DA:127,2
DA:129,1
DA:130,2
DA:131,3
DA:132,2
DA:143,3
DA:150,1
DA:151,1
DA:152,1
DA:159,2
DA:172,2
DA:174,2
DA:175,2
DA:176,2
DA:178,4
DA:179,2
DA:181,2
DA:184,2
DA:185,2
DA:186,2
DA:187,6
DA:188,4
DA:193,2
DA:194,2
DA:198,1
DA:200,1
DA:201,1
DA:202,1
DA:206,1
DA:208,2
LF:83
LH:83
end_of_record
SF:lib/pages/settings_page.dart
DA:12,2
DA:20,2
DA:21,2
DA:25,2
DA:26,4
DA:42,2
DA:44,2
DA:45,2
DA:48,2
DA:50,4
DA:51,2
DA:54,2
DA:56,4
DA:57,4
DA:58,2
DA:59,4
DA:60,2
DA:61,4
DA:62,4
DA:63,2
DA:64,4
DA:65,3
DA:70,0
DA:74,1
DA:75,2
DA:76,0
DA:77,0
DA:79,0
DA:82,0
DA:84,1
DA:86,3
DA:88,2
DA:89,1
DA:90,2
DA:91,4
DA:92,1
DA:95,1
DA:97,0
DA:98,0
DA:99,0
DA:100,0
DA:106,1
DA:108,3
DA:109,1
DA:111,0
DA:115,1
DA:116,3
DA:118,1
DA:119,1
DA:121,2
DA:122,1
DA:123,3
DA:126,2
DA:127,4
DA:129,1
DA:130,3
DA:133,3
DA:134,1
DA:136,0
DA:140,1
DA:142,2
DA:143,4
DA:145,0
DA:149,2
DA:151,2
DA:152,2
DA:153,2
DA:154,2
DA:156,2
DA:157,8
DA:160,2
DA:161,2
DA:162,2
DA:163,4
DA:171,2
DA:172,2
DA:173,1
DA:178,2
DA:179,2
DA:182,4
DA:183,6
DA:184,2
DA:187,2
DA:190,2
DA:192,2
DA:193,6
DA:194,2
DA:206,1
DA:207,3
DA:210,2
DA:212,8
DA:213,2
DA:214,2
DA:215,2
DA:216,2
DA:217,2
DA:218,2
DA:220,2
DA:227,2
DA:231,4
DA:234,2
DA:236,2
DA:237,2
DA:241,2
DA:242,1
DA:244,5
LF:106
LH:94
end_of_record
SF:lib/services/rust_translate_backend.dart
DA:12,0
DA:14,0
DA:15,0
DA:16,0
DA:17,0
DA:18,0
DA:19,0
DA:23,0
DA:24,0
DA:26,0
DA:28,0
DA:29,0
DA:30,0
DA:31,0
DA:32,0
DA:33,0
DA:34,0
DA:35,0
DA:40,0
DA:42,0
DA:44,0
DA:45,0
DA:46,0
DA:47,0
DA:48,0
DA:49,0
DA:53,0
DA:59,0
DA:60,0
DA:61,0
DA:62,0
DA:63,0
DA:64,0
DA:65,0
DA:66,0
DA:70,0
DA:71,0
DA:73,0
DA:75,0
DA:77,0
DA:79,0
DA:80,0
DA:81,0
DA:82,0
DA:83,0
DA:87,0
DA:89,0
DA:93,0
LF:48
LH:0
end_of_record
SF:lib/services/frb_init.dart
DA:19,1
DA:22,1
DA:23,0
DA:24,1
DA:25,0
DA:27,0
DA:28,2
DA:34,1
DA:35,1
DA:36,1
DA:41,0
DA:42,0
LF:12
LH:7
end_of_record
SF:lib/src/rust/frb_generated.dart
DA:17,0
DA:19,0
DA:22,0
DA:28,0
DA:38,0
DA:41,0
DA:50,0
DA:52,0
DA:56,0
DA:60,0
DA:63,0
DA:67,0
DA:70,0
DA:71,0
DA:143,0
DA:150,0
DA:153,0
DA:154,0
DA:155,0
DA:156,0
DA:157,0
DA:158,0
DA:161,0
DA:162,0
DA:163,0
DA:165,0
DA:166,0
DA:171,0
DA:176,0
DA:178,0
DA:179,0
DA:180,0
DA:181,0
DA:182,0
DA:185,0
DA:186,0
DA:187,0
DA:189,0
DA:190,0
DA:195,0
DA:200,0
DA:203,0
DA:204,0
DA:205,0
DA:206,0
DA:207,0
DA:208,0
DA:211,0
DA:212,0
DA:213,0
DA:215,0
DA:216,0
DA:221,0
DA:226,0
DA:228,0
DA:229,0
DA:230,0
DA:231,0
DA:232,0
DA:235,0
DA:236,0
DA:237,0
DA:239,0
DA:240,0
DA:245,0
DA:250,0
DA:252,0
DA:253,0
DA:254,0
DA:255,0
DA:258,0
DA:259,0
DA:260,0
DA:262,0
DA:263,0
DA:268,0
DA:273,0
DA:276,0
DA:277,0
DA:278,0
DA:279,0
DA:280,0
DA:281,0
DA:284,0
DA:285,0
DA:286,0
DA:288,0
DA:289,0
DA:294,0
DA:299,0
DA:301,0
DA:302,0
DA:303,0
DA:304,0
DA:305,0
DA:308,0
DA:309,0
DA:310,0
DA:312,0
DA:313,0
DA:318,0
DA:323,0
DA:325,0
DA:326,0
DA:327,0
DA:328,0
DA:329,0
DA:332,0
DA:333,0
DA:334,0
DA:336,0
DA:337,0
DA:342,0
DA:347,0
DA:349,0
DA:350,0
DA:351,0
DA:352,0
DA:355,0
DA:356,0
DA:357,0
DA:359,0
DA:360,0
DA:365,0
DA:370,0
DA:372,0
DA:373,0
DA:374,0
DA:375,0
DA:376,0
DA:379,0
DA:380,0
DA:381,0
DA:383,0
DA:384,0
DA:389,0
DA:394,0
DA:396,0
DA:397,0
DA:398,0
DA:399,0
DA:400,0
DA:403,0
DA:404,0
DA:405,0
DA:407,0
DA:408,0
DA:413,0
DA:418,0
DA:420,0
DA:421,0
DA:422,0
DA:423,0
DA:424,0
DA:427,0
DA:428,0
DA:429,0
DA:431,0
DA:432,0
DA:437,0
DA:442,0
DA:445,0
DA:446,0
DA:447,0
DA:448,0
DA:449,0
DA:450,0
DA:451,0
DA:454,0
DA:455,0
DA:456,0
DA:458,0
DA:459,0
DA:464,0
DA:469,0
DA:472,0
DA:473,0
DA:474,0
DA:475,0
DA:476,0
DA:477,0
DA:478,0
DA:481,0
DA:482,0
DA:483,0
DA:485,0
DA:486,0
DA:491,0
DA:496,0
DA:498,0
DA:499,0
DA:500,0
DA:501,0
DA:504,0
DA:505,0
DA:506,0
DA:508,0
DA:509,0
DA:514,0
DA:520,0
DA:522,0
DA:523,0
DA:524,0
DA:525,0
DA:528,0
DA:529,0
DA:530,0
DA:532,0
DA:533,0
DA:538,0
DA:543,0
DA:546,0
DA:547,0
DA:548,0
DA:549,0
DA:550,0
DA:551,0
DA:554,0
DA:555,0
DA:556,0
DA:558,0
DA:559,0
DA:564,0
DA:569,0
DA:571,0
DA:572,0
DA:573,0
DA:574,0
DA:575,0
DA:578,0
DA:579,0
DA:580,0
DA:582,0
DA:583,0
DA:588,0
DA:594,0
DA:596,0
DA:597,0
DA:598,0
DA:599,0
DA:602,0
DA:603,0
DA:604,0
DA:606,0
DA:607,0
DA:612,0
DA:618,0
DA:621,0
DA:622,0
DA:623,0
DA:624,0
DA:625,0
DA:628,0
DA:629,0
DA:630,0
DA:632,0
DA:633,0
DA:638,0
DA:644,0
DA:647,0
DA:648,0
DA:649,0
DA:650,0
DA:651,0
DA:652,0
DA:653,0
DA:656,0
DA:657,0
DA:658,0
DA:660,0
DA:661,0
DA:666,0
DA:672,0
DA:675,0
DA:676,0
DA:677,0
DA:678,0
DA:679,0
DA:680,0
DA:683,0
DA:684,0
DA:685,0
DA:687,0
DA:688,0
DA:693,0
DA:698,0
DA:703,0
DA:704,0
DA:705,0
DA:706,0
DA:707,0
DA:708,0
DA:709,0
DA:712,0
DA:713,0
DA:714,0
DA:716,0
DA:717,0
DA:722,0
DA:727,0
DA:733,0
DA:737,0
DA:738,0
DA:739,0
DA:740,0
DA:741,0
DA:742,0
DA:743,0
DA:744,0
DA:748,0
DA:752,0
DA:753,0
DA:754,0
DA:755,0
DA:756,0
DA:757,0
DA:761,0
DA:767,0
DA:770,0
DA:773,0
DA:776,0
DA:779,0
DA:782,0
DA:785,0
DA:788,0
DA:791,0
DA:795,0
DA:796,0
DA:797,0
DA:798,0
DA:799,0
DA:803,0
DA:807,0
DA:808,0
DA:809,0
DA:810,0
DA:811,0
DA:812,0
DA:813,0
DA:814,0
DA:818,0
DA:822,0
DA:823,0
DA:824,0
DA:825,0
DA:826,0
DA:827,0
DA:828,0
DA:832,0
DA:838,0
DA:841,0
DA:844,0
DA:847,0
DA:850,0
DA:853,0
DA:856,0
DA:859,0
DA:862,0
DA:868,0
DA:871,0
DA:874,0
DA:878,0
DA:879,0
DA:880,0
DA:881,0
DA:882,0
DA:883,0
DA:887,0
DA:891,0
DA:892,0
DA:893,0
DA:894,0
DA:895,0
DA:896,0
DA:897,0
DA:898,0
DA:902,0
DA:905,0
DA:908,0
DA:911,0
DA:914,0
DA:917,0
DA:920,0
DA:924,0
DA:925,0
DA:926,0
DA:927,0
DA:928,0
DA:932,0
DA:936,0
DA:937,0
DA:938,0
DA:939,0
DA:940,0
DA:941,0
DA:942,0
DA:943,0
DA:947,0
DA:951,0
DA:952,0
DA:953,0
DA:954,0
DA:955,0
DA:956,0
DA:960,0
DA:964,0
DA:965,0
DA:966,0
DA:967,0
DA:968,0
DA:969,0
DA:970,0
DA:971,0
DA:972,0
DA:976,0
DA:982,0
DA:985,0
DA:988,0
DA:994,0
DA:1000,0
DA:1003,0
DA:1004,0
DA:1007,0
DA:1010,0
DA:1011,0
DA:1012,0
DA:1013,0
DA:1014,0
DA:1015,0
DA:1023,0
DA:1026,0
DA:1027,0
DA:1028,0
DA:1029,0
DA:1032,0
DA:1035,0
DA:1038,0
DA:1042,0
DA:1045,0
DA:1049,0
DA:1052,0
DA:1056,0
DA:1059,0
DA:1063,0
DA:1066,0
DA:1069,0
DA:1070,0
DA:1071,0
DA:1074,0
DA:1077,0
DA:1078,0
DA:1079,0
DA:1080,0
DA:1081,0
DA:1082,0
DA:1090,0
DA:1093,0
DA:1094,0
DA:1095,0
DA:1096,0
DA:1097,0
DA:1101,0
DA:1104,0
DA:1107,0
DA:1111,0
DA:1112,0
DA:1113,0
DA:1114,0
DA:1119,0
DA:1123,0
DA:1124,0
DA:1125,0
DA:1126,0
DA:1131,0
DA:1135,0
DA:1136,0
DA:1137,0
DA:1138,0
DA:1143,0
DA:1148,0
DA:1149,0
DA:1150,0
DA:1151,0
DA:1156,0
DA:1159,0
DA:1160,0
DA:1163,0
DA:1168,0
DA:1169,0
DA:1170,0
DA:1171,0
DA:1176,0
DA:1180,0
DA:1181,0
DA:1182,0
DA:1183,0
DA:1187,0
DA:1190,0
DA:1191,0
DA:1192,0
DA:1193,0
DA:1194,0
DA:1195,0
DA:1203,0
DA:1207,0
DA:1208,0
DA:1214,0
DA:1219,0
DA:1220,0
DA:1226,0
DA:1231,0
DA:1232,0
DA:1238,0
DA:1241,0
DA:1242,0
DA:1243,0
DA:1246,0
DA:1250,0
DA:1251,0
DA:1252,0
DA:1253,0
DA:1254,0
DA:1255,0
DA:1263,0
DA:1267,0
DA:1268,0
DA:1269,0
DA:1270,0
DA:1276,0
DA:1279,0
DA:1280,0
DA:1281,0
DA:1282,0
DA:1283,0
DA:1284,0
DA:1285,0
DA:1294,0
DA:1297,0
DA:1300,0
DA:1303,0
DA:1306,0
DA:1309,0
DA:1312,0
DA:1317,0
DA:1320,0
DA:1323,0
DA:1326,0
DA:1329,0
DA:1332,0
DA:1333,0
DA:1334,0
DA:1335,0
DA:1336,0
DA:1339,0
DA:1342,0
DA:1343,0
DA:1344,0
DA:1347,0
DA:1350,0
DA:1353,0
DA:1357,0
DA:1360,0
DA:1364,0
DA:1367,0
DA:1371,0
DA:1374,0
DA:1378,0
DA:1381,0
DA:1384,0
DA:1385,0
DA:1388,0
DA:1392,0
DA:1393,0
DA:1394,0
DA:1395,0
DA:1396,0
DA:1399,0
DA:1402,0
DA:1403,0
DA:1404,0
DA:1405,0
DA:1408,0
DA:1411,0
DA:1414,0
DA:1417,0
DA:1418,0
DA:1419,0
DA:1423,0
DA:1427,0
DA:1428,0
DA:1429,0
DA:1433,0
DA:1437,0
DA:1438,0
DA:1439,0
DA:1443,0
DA:1447,0
DA:1448,0
DA:1449,0
DA:1453,0
DA:1457,0
DA:1458,0
DA:1461,0
DA:1465,0
DA:1466,0
DA:1467,0
DA:1471,0
DA:1475,0
DA:1476,0
DA:1477,0
DA:1480,0
DA:1483,0
DA:1484,0
DA:1485,0
DA:1486,0
DA:1487,0
DA:1490,0
DA:1494,0
DA:1496,0
DA:1500,0
DA:1505,0
DA:1507,0
DA:1511,0
DA:1516,0
DA:1518,0
DA:1522,0
DA:1525,0
DA:1526,0
DA:1529,0
DA:1533,0
DA:1534,0
DA:1535,0
DA:1536,0
DA:1537,0
DA:1540,0
DA:1544,0
DA:1545,0
DA:1546,0
DA:1549,0
DA:1553,0
DA:1554,0
DA:1555,0
DA:1556,0
DA:1557,0
DA:1558,0
DA:1561,0
DA:1564,0
DA:1567,0
DA:1570,0
DA:1573,0
DA:1576,0
DA:1579,0
DA:1584,0
DA:1587,0
LF:654
LH:0
end_of_record
SF:lib/src/rust/api.dart
DA:14,0
DA:15,0
DA:18,0
DA:19,0
DA:22,0
DA:23,0
DA:26,0
DA:27,0
DA:30,0
DA:31,0
DA:34,0
DA:35,0
DA:38,0
DA:39,0
DA:42,0
DA:46,0
DA:47,0
DA:50,0
DA:51,0
DA:54,0
DA:55,0
DA:58,0
DA:59,0
DA:62,0
DA:63,0
DA:66,0
DA:67,0
DA:70,0
DA:72,0
DA:75,0
DA:76,0
DA:79,0
DA:80,0
DA:83,0
DA:84,0
DA:88,0
DA:90,0
DA:91,0
DA:94,0
DA:96,0
DA:99,0
DA:101,0
DA:102,0
DA:105,0
DA:109,0
DA:113,0
DA:114,0
DA:117,0
DA:118,0
DA:128,0
DA:136,0
DA:138,0
DA:139,0
DA:140,0
DA:141,0
DA:142,0
DA:144,0
DA:147,0
DA:148,0
DA:149,0
DA:150,0
DA:151,0
DA:152,0
DA:153,0
DA:162,0
DA:168,0
DA:169,0
DA:171,0
DA:174,0
DA:175,0
DA:176,0
DA:177,0
DA:178,0
DA:186,0
DA:191,0
DA:192,0
DA:194,0
DA:197,0
DA:198,0
DA:199,0
DA:200,0
DA:211,0
DA:219,0
DA:221,0
DA:222,0
DA:223,0
DA:224,0
DA:225,0
DA:227,0
DA:230,0
DA:231,0
DA:232,0
DA:233,0
DA:234,0
DA:235,0
DA:236,0
DA:246,0
DA:253,0
DA:255,0
DA:257,0
DA:260,0
DA:261,0
DA:262,0
DA:263,0
DA:264,0
DA:265,0
DA:276,1
DA:282,0
DA:283,0
DA:285,0
DA:288,0
DA:289,0
DA:290,0
DA:291,0
DA:292,0
DA:309,0
DA:317,0
DA:319,0
DA:320,0
DA:321,0
DA:322,0
DA:323,0
DA:325,0
DA:328,0
DA:329,0
DA:330,0
DA:331,0
DA:332,0
DA:333,0
DA:334,0
DA:342,0
DA:347,0
DA:348,0
DA:350,0
DA:353,0
DA:354,0
DA:355,0
DA:356,0
DA:370,0
DA:378,0
DA:380,0
DA:381,0
DA:382,0
DA:383,0
DA:384,0
DA:386,0
DA:389,0
DA:390,0
DA:391,0
DA:392,0
DA:393,0
DA:394,0
DA:395,0
DA:409,0
DA:415,0
DA:417,0
DA:419,0
DA:422,0
DA:423,0
DA:424,0
DA:425,0
DA:426,0
DA:440,0
DA:449,0
DA:451,0
DA:452,0
DA:453,0
DA:454,0
DA:455,0
DA:456,0
DA:458,0
DA:461,0
DA:462,0
DA:463,0
DA:464,0
DA:465,0
DA:466,0
DA:467,0
DA:468,0
LF:179
LH:1
end_of_record
SF:lib/src/rust/frb_generated.io.dart
DA:14,0
DA:335,0
DA:336,0
DA:343,0
DA:344,0
LF:5
LH:0
end_of_record
SF:lib/main.dart
DA:7,1
DA:9,1
DA:11,1
DA:13,1
DA:14,1
DA:24,0
DA:25,0
LF:7
LH:5
end_of_record
SF:lib/pages/library_page.dart
DA:11,3
DA:16,3
DA:17,3
DA:21,10
DA:26,3
DA:28,3
DA:29,3
DA:32,3
DA:33,9
DA:35,6
DA:36,2
DA:38,5
DA:42,2
DA:43,4
DA:44,8
DA:47,0
DA:48,0
DA:51,0
DA:55,0
DA:57,0
DA:58,0
DA:60,0
DA:63,0
DA:65,0
DA:66,0
DA:67,0
DA:70,0
DA:74,3
DA:76,3
DA:77,3
DA:78,3
DA:79,6
DA:81,3
DA:87,3
DA:91,3
DA:92,3
DA:93,0
DA:94,0
DA:96,0
DA:99,0
DA:101,0
DA:102,0
DA:107,0
DA:112,3
DA:116,2
DA:119,2
DA:120,2
DA:121,2
DA:122,2
DA:123,2
DA:125,4
DA:126,4
DA:127,10
DA:128,2
DA:131,1
DA:132,2
DA:133,1
DA:134,2
DA:135,1
DA:136,1
DA:137,1
DA:139,1
LF:62
LH:43
end_of_record
SF:lib/services/rust_library_backend.dart
DA:16,1
DA:18,1
DA:19,0
DA:20,0
DA:22,0
DA:23,0
DA:26,0
DA:28,0
DA:29,0
DA:30,0
DA:31,0
DA:32,0
DA:33,0
DA:34,0
DA:35,0
DA:36,0
DA:41,0
DA:43,0
DA:44,0
DA:45,0
DA:46,0
DA:47,0
DA:48,0
DA:49,0
DA:53,0
DA:55,0
DA:56,0
DA:57,0
DA:58,0
DA:59,0
DA:60,0
DA:61,0
DA:66,0
DA:67,0
DA:69,0
DA:71,0
DA:73,0
DA:75,0
DA:77,0
DA:79,0
DA:81,0
DA:83,0
DA:84,0
LF:43
LH:2
end_of_record
SF:lib/services/builtin_dict.dart
DA:19,0
DA:20,0
DA:22,0
DA:23,0
DA:24,0
DA:25,0
DA:26,0
LF:7
LH:0
end_of_record
