SF:/root/reader/core/src/api.rs
FN:869,_RNCNCNvNtCs9BqXjdeQZds_11reader_core3api10notes_list00B7_
FN:425,_RNCNCNvNtCs9BqXjdeQZds_11reader_core3api11dict_lookup00B7_
FN:428,_RNCNCNvNtCs9BqXjdeQZds_11reader_core3api11dict_lookup0s_0B7_
FN:401,_RNCNCNvNtCs9BqXjdeQZds_11reader_core3api11dict_remove00B7_
FN:389,_RNCNCNvNtCs9BqXjdeQZds_11reader_core3api12dict_install00B7_
FN:796,_RNCNCNvNtCs9BqXjdeQZds_11reader_core3api12notes_create00B7_
FN:810,_RNCNCNvNtCs9BqXjdeQZds_11reader_core3api12notes_create0s_0B7_
FN:840,_RNCNCNvNtCs9BqXjdeQZds_11reader_core3api12notes_delete00B7_
FN:889,_RNCNCNvNtCs9BqXjdeQZds_11reader_core3api12notes_export00B7_
FN:894,_RNCNCNvNtCs9BqXjdeQZds_11reader_core3api12notes_export0s_0B7_
FN:823,_RNCNCNvNtCs9BqXjdeQZds_11reader_core3api12notes_update00B7_
FN:833,_RNCNCNvNtCs9BqXjdeQZds_11reader_core3api12notes_update0s_0B7_
FN:878,_RNCNCNvNtCs9BqXjdeQZds_11reader_core3api13notes_resolve00B7_
FN:856,_RNCNCNvNtCs9BqXjdeQZds_11reader_core3api16notes_delete_all00B7_
FN:858,_RNCNCNvNtCs9BqXjdeQZds_11reader_core3api16notes_delete_all0s_0B7_
FN:849,_RNCNCNvNtCs9BqXjdeQZds_11reader_core3api17notes_delete_many00B7_
FN:850,_RNCNCNvNtCs9BqXjdeQZds_11reader_core3api17notes_delete_many0s_0B7_
FN:466,_RNCNCNvNtCs9BqXjdeQZds_11reader_core3api20translate_get_config00B7_
FN:504,_RNCNCNvNtCs9BqXjdeQZds_11reader_core3api20translate_set_config00B7_
FN:930,_RNCNCNvNtCs9BqXjdeQZds_11reader_core3api21notes_toggle_bookmark00B7_
FN:492,_RNCNCNvNtCs9BqXjdeQZds_11reader_core3api21translate_cache_clear00B7_
FN:577,_RNCNCNvNtCs9BqXjdeQZds_11reader_core3api21tts_sentence_index_at00B7_
FN:484,_RNCNCNvNtCs9BqXjdeQZds_11reader_core3api22translate_set_strategy00B7_
FN:598,_RNCNCNvNtCs9BqXjdeQZds_11reader_core3api23tts_listen_settings_get00B7_
FN:603,_RNCNCNvNtCs9BqXjdeQZds_11reader_core3api23tts_listen_settings_get0s0_0B7_
FN:607,_RNCNCNvNtCs9BqXjdeQZds_11reader_core3api23tts_listen_settings_get0s1_0B7_
FN:613,_RNCNCNvNtCs9BqXjdeQZds_11reader_core3api23tts_listen_settings_get0s2_0B7_
FN:602,_RNCNCNvNtCs9BqXjdeQZds_11reader_core3api23tts_listen_settings_get0s_0B7_
FN:626,_RNCNCNvNtCs9BqXjdeQZds_11reader_core3api23tts_listen_settings_set00B7_
FN:958,_RNCNCNvNtCs9BqXjdeQZds_11reader_core3api6search00B7_
FN:973,_RNCNCNvNtCs9BqXjdeQZds_11reader_core3api6search0s_0B7_
FN:407,_RNCNCNvNtCs9BqXjdeQZds_11reader_core3api9dict_list00B7_
FN:443,_RNCNCNvNtCs9BqXjdeQZds_11reader_core3api9translate00B7_
FN:447,_RNCNCNvNtCs9BqXjdeQZds_11reader_core3api9translate0s0_0B7_
FN:444,_RNCNCNvNtCs9BqXjdeQZds_11reader_core3api9translate0s_0B7_
FN:865,_RNCNvNtCs9BqXjdeQZds_11reader_core3api10notes_list0B5_
FN:424,_RNCNvNtCs9BqXjdeQZds_11reader_core3api11dict_lookup0B5_
FN:400,_RNCNvNtCs9BqXjdeQZds_11reader_core3api11dict_remove0B5_
FN:536,_RNCNvNtCs9BqXjdeQZds_11reader_core3api11tts_segment0B5_
FN:388,_RNCNvNtCs9BqXjdeQZds_11reader_core3api12dict_install0B5_
FN:795,_RNCNvNtCs9BqXjdeQZds_11reader_core3api12notes_create0B5_
FN:837,_RNCNvNtCs9BqXjdeQZds_11reader_core3api12notes_delete0B5_
FN:888,_RNCNvNtCs9BqXjdeQZds_11reader_core3api12notes_export0B5_
FN:821,_RNCNvNtCs9BqXjdeQZds_11reader_core3api12notes_update0B5_
FN:875,_RNCNvNtCs9BqXjdeQZds_11reader_core3api13notes_resolve0B5_
FN:853,_RNCNvNtCs9BqXjdeQZds_11reader_core3api16notes_delete_all0B5_
FN:846,_RNCNvNtCs9BqXjdeQZds_11reader_core3api17notes_delete_many0B5_
FN:463,_RNCNvNtCs9BqXjdeQZds_11reader_core3api20translate_get_config0B5_
FN:501,_RNCNvNtCs9BqXjdeQZds_11reader_core3api20translate_set_config0B5_
FN:912,_RNCNvNtCs9BqXjdeQZds_11reader_core3api21notes_toggle_bookmark0B5_
FN:489,_RNCNvNtCs9BqXjdeQZds_11reader_core3api21translate_cache_clear0B5_
FN:569,_RNCNvNtCs9BqXjdeQZds_11reader_core3api21tts_sentence_index_at0B5_
FN:481,_RNCNvNtCs9BqXjdeQZds_11reader_core3api22translate_set_strategy0B5_
FN:597,_RNCNvNtCs9BqXjdeQZds_11reader_core3api23tts_listen_settings_get0B5_
FN:625,_RNCNvNtCs9BqXjdeQZds_11reader_core3api23tts_listen_settings_set0B5_
FN:557,_RNCNvNtCs9BqXjdeQZds_11reader_core3api24tts_locator_for_sentence0B5_
FN:944,_RNCNvNtCs9BqXjdeQZds_11reader_core3api6search0B5_
FN:406,_RNCNvNtCs9BqXjdeQZds_11reader_core3api9dict_list0B5_
FN:441,_RNCNvNtCs9BqXjdeQZds_11reader_core3api9translate0B5_
FN:863,_RNvNtCs9BqXjdeQZds_11reader_core3api10notes_list
FN:421,_RNvNtCs9BqXjdeQZds_11reader_core3api11dict_lookup
FN:400,_RNvNtCs9BqXjdeQZds_11reader_core3api11dict_remove
FN:533,_RNvNtCs9BqXjdeQZds_11reader_core3api11tts_segment
FN:388,_RNvNtCs9BqXjdeQZds_11reader_core3api12dict_install
FN:787,_RNvNtCs9BqXjdeQZds_11reader_core3api12notes_create
FN:837,_RNvNtCs9BqXjdeQZds_11reader_core3api12notes_delete
FN:884,_RNvNtCs9BqXjdeQZds_11reader_core3api12notes_export
FN:818,_RNvNtCs9BqXjdeQZds_11reader_core3api12notes_update
FN:875,_RNvNtCs9BqXjdeQZds_11reader_core3api13notes_resolve
FN:853,_RNvNtCs9BqXjdeQZds_11reader_core3api16notes_delete_all
FN:844,_RNvNtCs9BqXjdeQZds_11reader_core3api17notes_delete_many
FN:463,_RNvNtCs9BqXjdeQZds_11reader_core3api20translate_get_config
FN:498,_RNvNtCs9BqXjdeQZds_11reader_core3api20translate_set_config
FN:907,_RNvNtCs9BqXjdeQZds_11reader_core3api21notes_toggle_bookmark
FN:489,_RNvNtCs9BqXjdeQZds_11reader_core3api21translate_cache_clear
FN:565,_RNvNtCs9BqXjdeQZds_11reader_core3api21tts_sentence_index_at
FN:481,_RNvNtCs9BqXjdeQZds_11reader_core3api22translate_set_strategy
FN:597,_RNvNtCs9BqXjdeQZds_11reader_core3api23tts_listen_settings_get
FN:623,_RNvNtCs9BqXjdeQZds_11reader_core3api23tts_listen_settings_set
FN:553,_RNvNtCs9BqXjdeQZds_11reader_core3api24tts_locator_for_sentence
FN:941,_RNvNtCs9BqXjdeQZds_11reader_core3api6search
FN:406,_RNvNtCs9BqXjdeQZds_11reader_core3api9dict_list
FN:437,_RNvNtCs9BqXjdeQZds_11reader_core3api9translate
FN:543,_RNCNCNvNtCs9BqXjdeQZds_11reader_core3api11tts_segment00B7_
FN:684,_RNCNvNtCs9BqXjdeQZds_11reader_core3api11to_hit_view0B5_
FN:331,_RNCNvNtCs9BqXjdeQZds_11reader_core3api9book_opens_0B5_
FN:774,_RNCNCNvNtCs9BqXjdeQZds_11reader_core3api14books_in_scopes_00B7_
FN:780,_RNCNCNvNtCs9BqXjdeQZds_11reader_core3api14books_in_scopes_0s_0B7_
FN:412,_RNCNCNvNtCs9BqXjdeQZds_11reader_core3api9dict_list0s_0B7_
FN:517,_RNCNvNtCs9BqXjdeQZds_11reader_core3api12chapter_texts_0B5_
FN:770,_RNCNvNtCs9BqXjdeQZds_11reader_core3api14books_in_scopes_0B5_
FN:699,_RNCNvNtCs9BqXjdeQZds_11reader_core3api14chapter_titless_0B5_
FN:711,_RNCNvNtCs9BqXjdeQZds_11reader_core3api15chapter_indicess_0B5_
FN:728,_RNCNvNtCs9BqXjdeQZds_11reader_core3api16indexed_chapterss_0B5_
FN:250,_RINvNtCs9BqXjdeQZds_11reader_core3api7err_msgNtNtB4_3tts8TtsErrorEB4_
FN:250,_RINvNtCs9BqXjdeQZds_11reader_core3api7err_msgNtNtB4_5error5ErrorEB4_
FN:273,_RNCNCNvNtCs9BqXjdeQZds_11reader_core3api12library_open00B7_
FN:512,_RNCNvNtCs9BqXjdeQZds_11reader_core3api12chapter_text0B5_
FN:519,_RNCNvNtCs9BqXjdeQZds_11reader_core3api12chapter_texts1_0B5_
FN:229,_RNCNvNtCs9BqXjdeQZds_11reader_core3api12dict_service0B5_
FN:309,_RNCNvNtCs9BqXjdeQZds_11reader_core3api12library_list0B5_
FN:269,_RNCNvNtCs9BqXjdeQZds_11reader_core3api12library_open0B5_
FN:365,_RNCNvNtCs9BqXjdeQZds_11reader_core3api12progress_get0B5_
FN:368,_RNCNvNtCs9BqXjdeQZds_11reader_core3api12progress_gets_0B5_
FN:347,_RNCNvNtCs9BqXjdeQZds_11reader_core3api13book_resource0B5_
FN:717,_RNCNvNtCs9BqXjdeQZds_11reader_core3api13book_title_of0B5_
FN:241,_RNCNvNtCs9BqXjdeQZds_11reader_core3api13notes_service0B5_
FN:359,_RNCNvNtCs9BqXjdeQZds_11reader_core3api13progress_save0B5_
FN:766,_RNCNvNtCs9BqXjdeQZds_11reader_core3api14books_in_scope0B5_
FN:694,_RNCNvNtCs9BqXjdeQZds_11reader_core3api14chapter_titles0B5_
FN:743,_RNCNvNtCs9BqXjdeQZds_11reader_core3api14ensure_indexed0B5_
FN:749,_RNCNvNtCs9BqXjdeQZds_11reader_core3api14ensure_indexeds_0B5_
FN:299,_RNCNvNtCs9BqXjdeQZds_11reader_core3api14library_import0B5_
FN:316,_RNCNvNtCs9BqXjdeQZds_11reader_core3api14library_remove0B5_
FN:247,_RNCNvNtCs9BqXjdeQZds_11reader_core3api14search_service0B5_
FN:705,_RNCNvNtCs9BqXjdeQZds_11reader_core3api15chapter_indices0B5_
FN:528,_RNCNvNtCs9BqXjdeQZds_11reader_core3api15to_locator_view0B5_
FN:723,_RNCNvNtCs9BqXjdeQZds_11reader_core3api16indexed_chapters0B5_
FN:341,_RNCNvNtCs9BqXjdeQZds_11reader_core3api17book_chapter_html0B5_
FN:235,_RNCNvNtCs9BqXjdeQZds_11reader_core3api19translation_service0B5_
FN:224,_RNCNvNtCs9BqXjdeQZds_11reader_core3api7service0B5_
FN:322,_RNCNvNtCs9BqXjdeQZds_11reader_core3api9book_open0B5_
FN:375,_RNvNtCs9BqXjdeQZds_11reader_core3api10to_summary
FN:672,_RNvNtCs9BqXjdeQZds_11reader_core3api11to_hit_view
FN:511,_RNvNtCs9BqXjdeQZds_11reader_core3api12chapter_text
FN:227,_RNvNtCs9BqXjdeQZds_11reader_core3api12dict_service
FN:753,_RNvNtCs9BqXjdeQZds_11reader_core3api12domain_scope
FN:308,_RNvNtCs9BqXjdeQZds_11reader_core3api12library_list
FN:258,_RNvNtCs9BqXjdeQZds_11reader_core3api12library_open
FN:364,_RNvNtCs9BqXjdeQZds_11reader_core3api12progress_get
FN:346,_RNvNtCs9BqXjdeQZds_11reader_core3api13book_resource
FN:716,_RNvNtCs9BqXjdeQZds_11reader_core3api13book_title_of
FN:238,_RNvNtCs9BqXjdeQZds_11reader_core3api13notes_service
FN:358,_RNvNtCs9BqXjdeQZds_11reader_core3api13progress_save
FN:664,_RNvNtCs9BqXjdeQZds_11reader_core3api13to_group_view
FN:765,_RNvNtCs9BqXjdeQZds_11reader_core3api14books_in_scope
FN:693,_RNvNtCs9BqXjdeQZds_11reader_core3api14chapter_titles
FN:741,_RNvNtCs9BqXjdeQZds_11reader_core3api14ensure_indexed
FN:297,_RNvNtCs9BqXjdeQZds_11reader_core3api14library_import
FN:315,_RNvNtCs9BqXjdeQZds_11reader_core3api14library_remove
FN:244,_RNvNtCs9BqXjdeQZds_11reader_core3api14search_service
FN:704,_RNvNtCs9BqXjdeQZds_11reader_core3api15chapter_indices
FN:522,_RNvNtCs9BqXjdeQZds_11reader_core3api15to_locator_view
FN:722,_RNvNtCs9BqXjdeQZds_11reader_core3api16indexed_chapters
FN:340,_RNvNtCs9BqXjdeQZds_11reader_core3api17book_chapter_html
FN:646,_RNvNtCs9BqXjdeQZds_11reader_core3api18to_annotation_view
FN:232,_RNvNtCs9BqXjdeQZds_11reader_core3api19translation_service
FN:221,_RNvNtCs9BqXjdeQZds_11reader_core3api7service
FN:321,_RNvNtCs9BqXjdeQZds_11reader_core3api9book_open
FN:984,_RNvNtCs9BqXjdeQZds_11reader_core3api19__unused_result_type
FN:869,_RNCNCNvNtCs9BqXjdeQZds_11reader_core3api10notes_list00Cs4R6M0l11D7u_16notes_search_api
FN:796,_RNCNCNvNtCs9BqXjdeQZds_11reader_core3api12notes_create00Cs4R6M0l11D7u_16notes_search_api
FN:810,_RNCNCNvNtCs9BqXjdeQZds_11reader_core3api12notes_create0s_0Cs4R6M0l11D7u_16notes_search_api
FN:840,_RNCNCNvNtCs9BqXjdeQZds_11reader_core3api12notes_delete00Cs4R6M0l11D7u_16notes_search_api
FN:889,_RNCNCNvNtCs9BqXjdeQZds_11reader_core3api12notes_export00Cs4R6M0l11D7u_16notes_search_api
FN:894,_RNCNCNvNtCs9BqXjdeQZds_11reader_core3api12notes_export0s_0Cs4R6M0l11D7u_16notes_search_api
FN:823,_RNCNCNvNtCs9BqXjdeQZds_11reader_core3api12notes_update00Cs4R6M0l11D7u_16notes_search_api
FN:833,_RNCNCNvNtCs9BqXjdeQZds_11reader_core3api12notes_update0s_0Cs4R6M0l11D7u_16notes_search_api
FN:878,_RNCNCNvNtCs9BqXjdeQZds_11reader_core3api13notes_resolve00Cs4R6M0l11D7u_16notes_search_api
FN:856,_RNCNCNvNtCs9BqXjdeQZds_11reader_core3api16notes_delete_all00Cs4R6M0l11D7u_16notes_search_api
FN:858,_RNCNCNvNtCs9BqXjdeQZds_11reader_core3api16notes_delete_all0s_0Cs4R6M0l11D7u_16notes_search_api
FN:849,_RNCNCNvNtCs9BqXjdeQZds_11reader_core3api17notes_delete_many00Cs4R6M0l11D7u_16notes_search_api
FN:850,_RNCNCNvNtCs9BqXjdeQZds_11reader_core3api17notes_delete_many0s_0Cs4R6M0l11D7u_16notes_search_api
FN:930,_RNCNCNvNtCs9BqXjdeQZds_11reader_core3api21notes_toggle_bookmark00Cs4R6M0l11D7u_16notes_search_api
FN:958,_RNCNCNvNtCs9BqXjdeQZds_11reader_core3api6search00Cs4R6M0l11D7u_16notes_search_api
FN:973,_RNCNCNvNtCs9BqXjdeQZds_11reader_core3api6search0s_0Cs4R6M0l11D7u_16notes_search_api
FN:865,_RNCNvNtCs9BqXjdeQZds_11reader_core3api10notes_list0Cs4R6M0l11D7u_16notes_search_api
FN:795,_RNCNvNtCs9BqXjdeQZds_11reader_core3api12notes_create0Cs4R6M0l11D7u_16notes_search_api
FN:837,_RNCNvNtCs9BqXjdeQZds_11reader_core3api12notes_delete0Cs4R6M0l11D7u_16notes_search_api
FN:888,_RNCNvNtCs9BqXjdeQZds_11reader_core3api12notes_export0Cs4R6M0l11D7u_16notes_search_api
FN:821,_RNCNvNtCs9BqXjdeQZds_11reader_core3api12notes_update0Cs4R6M0l11D7u_16notes_search_api
FN:875,_RNCNvNtCs9BqXjdeQZds_11reader_core3api13notes_resolve0Cs4R6M0l11D7u_16notes_search_api
FN:853,_RNCNvNtCs9BqXjdeQZds_11reader_core3api16notes_delete_all0Cs4R6M0l11D7u_16notes_search_api
FN:846,_RNCNvNtCs9BqXjdeQZds_11reader_core3api17notes_delete_many0Cs4R6M0l11D7u_16notes_search_api
FN:912,_RNCNvNtCs9BqXjdeQZds_11reader_core3api21notes_toggle_bookmark0Cs4R6M0l11D7u_16notes_search_api
FN:944,_RNCNvNtCs9BqXjdeQZds_11reader_core3api6search0Cs4R6M0l11D7u_16notes_search_api
FN:250,_RINvNtCs9BqXjdeQZds_11reader_core3api7err_msgNtNtB4_5error5ErrorECs4R6M0l11D7u_16notes_search_api
FN:869,_RNCNCNvNtCs547XrBZfZJf_11reader_core3api10notes_list00B7_
FN:425,_RNCNCNvNtCs547XrBZfZJf_11reader_core3api11dict_lookup00B7_
FN:428,_RNCNCNvNtCs547XrBZfZJf_11reader_core3api11dict_lookup0s_0B7_
FN:401,_RNCNCNvNtCs547XrBZfZJf_11reader_core3api11dict_remove00B7_
FN:389,_RNCNCNvNtCs547XrBZfZJf_11reader_core3api12dict_install00B7_
FN:796,_RNCNCNvNtCs547XrBZfZJf_11reader_core3api12notes_create00B7_
FN:810,_RNCNCNvNtCs547XrBZfZJf_11reader_core3api12notes_create0s_0B7_
FN:840,_RNCNCNvNtCs547XrBZfZJf_11reader_core3api12notes_delete00B7_
FN:889,_RNCNCNvNtCs547XrBZfZJf_11reader_core3api12notes_export00B7_
FN:894,_RNCNCNvNtCs547XrBZfZJf_11reader_core3api12notes_export0s_0B7_
FN:823,_RNCNCNvNtCs547XrBZfZJf_11reader_core3api12notes_update00B7_
FN:833,_RNCNCNvNtCs547XrBZfZJf_11reader_core3api12notes_update0s_0B7_
FN:878,_RNCNCNvNtCs547XrBZfZJf_11reader_core3api13notes_resolve00B7_
FN:856,_RNCNCNvNtCs547XrBZfZJf_11reader_core3api16notes_delete_all00B7_
FN:858,_RNCNCNvNtCs547XrBZfZJf_11reader_core3api16notes_delete_all0s_0B7_
FN:849,_RNCNCNvNtCs547XrBZfZJf_11reader_core3api17notes_delete_many00B7_
FN:850,_RNCNCNvNtCs547XrBZfZJf_11reader_core3api17notes_delete_many0s_0B7_
FN:466,_RNCNCNvNtCs547XrBZfZJf_11reader_core3api20translate_get_config00B7_
FN:504,_RNCNCNvNtCs547XrBZfZJf_11reader_core3api20translate_set_config00B7_
FN:930,_RNCNCNvNtCs547XrBZfZJf_11reader_core3api21notes_toggle_bookmark00B7_
FN:492,_RNCNCNvNtCs547XrBZfZJf_11reader_core3api21translate_cache_clear00B7_
FN:577,_RNCNCNvNtCs547XrBZfZJf_11reader_core3api21tts_sentence_index_at00B7_
FN:484,_RNCNCNvNtCs547XrBZfZJf_11reader_core3api22translate_set_strategy00B7_
FN:598,_RNCNCNvNtCs547XrBZfZJf_11reader_core3api23tts_listen_settings_get00B7_
FN:603,_RNCNCNvNtCs547XrBZfZJf_11reader_core3api23tts_listen_settings_get0s0_0B7_
FN:607,_RNCNCNvNtCs547XrBZfZJf_11reader_core3api23tts_listen_settings_get0s1_0B7_
FN:613,_RNCNCNvNtCs547XrBZfZJf_11reader_core3api23tts_listen_settings_get0s2_0B7_
FN:602,_RNCNCNvNtCs547XrBZfZJf_11reader_core3api23tts_listen_settings_get0s_0B7_
FN:626,_RNCNCNvNtCs547XrBZfZJf_11reader_core3api23tts_listen_settings_set00B7_
FN:958,_RNCNCNvNtCs547XrBZfZJf_11reader_core3api6search00B7_
FN:973,_RNCNCNvNtCs547XrBZfZJf_11reader_core3api6search0s_0B7_
FN:407,_RNCNCNvNtCs547XrBZfZJf_11reader_core3api9dict_list00B7_
FN:443,_RNCNCNvNtCs547XrBZfZJf_11reader_core3api9translate00B7_
FN:447,_RNCNCNvNtCs547XrBZfZJf_11reader_core3api9translate0s0_0B7_
FN:444,_RNCNCNvNtCs547XrBZfZJf_11reader_core3api9translate0s_0B7_
FN:865,_RNCNvNtCs547XrBZfZJf_11reader_core3api10notes_list0B5_
FN:424,_RNCNvNtCs547XrBZfZJf_11reader_core3api11dict_lookup0B5_
FN:400,_RNCNvNtCs547XrBZfZJf_11reader_core3api11dict_remove0B5_
FN:536,_RNCNvNtCs547XrBZfZJf_11reader_core3api11tts_segment0B5_
FN:388,_RNCNvNtCs547XrBZfZJf_11reader_core3api12dict_install0B5_
FN:795,_RNCNvNtCs547XrBZfZJf_11reader_core3api12notes_create0B5_
FN:837,_RNCNvNtCs547XrBZfZJf_11reader_core3api12notes_delete0B5_
FN:888,_RNCNvNtCs547XrBZfZJf_11reader_core3api12notes_export0B5_
FN:821,_RNCNvNtCs547XrBZfZJf_11reader_core3api12notes_update0B5_
FN:875,_RNCNvNtCs547XrBZfZJf_11reader_core3api13notes_resolve0B5_
FN:853,_RNCNvNtCs547XrBZfZJf_11reader_core3api16notes_delete_all0B5_
FN:846,_RNCNvNtCs547XrBZfZJf_11reader_core3api17notes_delete_many0B5_
FN:463,_RNCNvNtCs547XrBZfZJf_11reader_core3api20translate_get_config0B5_
FN:501,_RNCNvNtCs547XrBZfZJf_11reader_core3api20translate_set_config0B5_
FN:912,_RNCNvNtCs547XrBZfZJf_11reader_core3api21notes_toggle_bookmark0B5_
FN:489,_RNCNvNtCs547XrBZfZJf_11reader_core3api21translate_cache_clear0B5_
FN:569,_RNCNvNtCs547XrBZfZJf_11reader_core3api21tts_sentence_index_at0B5_
FN:481,_RNCNvNtCs547XrBZfZJf_11reader_core3api22translate_set_strategy0B5_
FN:597,_RNCNvNtCs547XrBZfZJf_11reader_core3api23tts_listen_settings_get0B5_
FN:625,_RNCNvNtCs547XrBZfZJf_11reader_core3api23tts_listen_settings_set0B5_
FN:557,_RNCNvNtCs547XrBZfZJf_11reader_core3api24tts_locator_for_sentence0B5_
FN:944,_RNCNvNtCs547XrBZfZJf_11reader_core3api6search0B5_
FN:406,_RNCNvNtCs547XrBZfZJf_11reader_core3api9dict_list0B5_
FN:441,_RNCNvNtCs547XrBZfZJf_11reader_core3api9translate0B5_
FN:863,_RNvNtCs547XrBZfZJf_11reader_core3api10notes_list
FN:421,_RNvNtCs547XrBZfZJf_11reader_core3api11dict_lookup
FN:400,_RNvNtCs547XrBZfZJf_11reader_core3api11dict_remove
FN:533,_RNvNtCs547XrBZfZJf_11reader_core3api11tts_segment
FN:388,_RNvNtCs547XrBZfZJf_11reader_core3api12dict_install
FN:787,_RNvNtCs547XrBZfZJf_11reader_core3api12notes_create
FN:837,_RNvNtCs547XrBZfZJf_11reader_core3api12notes_delete
FN:884,_RNvNtCs547XrBZfZJf_11reader_core3api12notes_export
FN:818,_RNvNtCs547XrBZfZJf_11reader_core3api12notes_update
FN:875,_RNvNtCs547XrBZfZJf_11reader_core3api13notes_resolve
FN:853,_RNvNtCs547XrBZfZJf_11reader_core3api16notes_delete_all
FN:844,_RNvNtCs547XrBZfZJf_11reader_core3api17notes_delete_many
FN:463,_RNvNtCs547XrBZfZJf_11reader_core3api20translate_get_config
FN:498,_RNvNtCs547XrBZfZJf_11reader_core3api20translate_set_config
FN:907,_RNvNtCs547XrBZfZJf_11reader_core3api21notes_toggle_bookmark
FN:489,_RNvNtCs547XrBZfZJf_11reader_core3api21translate_cache_clear
FN:565,_RNvNtCs547XrBZfZJf_11reader_core3api21tts_sentence_index_at
FN:481,_RNvNtCs547XrBZfZJf_11reader_core3api22translate_set_strategy
FN:597,_RNvNtCs547XrBZfZJf_11reader_core3api23tts_listen_settings_get
FN:623,_RNvNtCs547XrBZfZJf_11reader_core3api23tts_listen_settings_set
FN:553,_RNvNtCs547XrBZfZJf_11reader_core3api24tts_locator_for_sentence
FN:941,_RNvNtCs547XrBZfZJf_11reader_core3api6search
FN:406,_RNvNtCs547XrBZfZJf_11reader_core3api9dict_list
FN:437,_RNvNtCs547XrBZfZJf_11reader_core3api9translate
FN:543,_RNCNCNvNtCs547XrBZfZJf_11reader_core3api11tts_segment00B7_
FN:684,_RNCNvNtCs547XrBZfZJf_11reader_core3api11to_hit_view0B5_
FN:331,_RNCNvNtCs547XrBZfZJf_11reader_core3api9book_opens_0B5_
FN:774,_RNCNCNvNtCs547XrBZfZJf_11reader_core3api14books_in_scopes_00B7_
FN:780,_RNCNCNvNtCs547XrBZfZJf_11reader_core3api14books_in_scopes_0s_0B7_
FN:412,_RNCNCNvNtCs547XrBZfZJf_11reader_core3api9dict_list0s_0B7_
FN:517,_RNCNvNtCs547XrBZfZJf_11reader_core3api12chapter_texts_0B5_
FN:770,_RNCNvNtCs547XrBZfZJf_11reader_core3api14books_in_scopes_0B5_
FN:699,_RNCNvNtCs547XrBZfZJf_11reader_core3api14chapter_titless_0B5_
FN:711,_RNCNvNtCs547XrBZfZJf_11reader_core3api15chapter_indicess_0B5_
FN:728,_RNCNvNtCs547XrBZfZJf_11reader_core3api16indexed_chapterss_0B5_
FN:250,_RINvNtCs547XrBZfZJf_11reader_core3api7err_msgNtNtB4_3tts8TtsErrorEB4_
FN:250,_RINvNtCs547XrBZfZJf_11reader_core3api7err_msgNtNtB4_5error5ErrorEB4_
FN:273,_RNCNCNvNtCs547XrBZfZJf_11reader_core3api12library_open00B7_
FN:512,_RNCNvNtCs547XrBZfZJf_11reader_core3api12chapter_text0B5_
FN:519,_RNCNvNtCs547XrBZfZJf_11reader_core3api12chapter_texts1_0B5_
FN:229,_RNCNvNtCs547XrBZfZJf_11reader_core3api12dict_service0B5_
FN:309,_RNCNvNtCs547XrBZfZJf_11reader_core3api12library_list0B5_
FN:269,_RNCNvNtCs547XrBZfZJf_11reader_core3api12library_open0B5_
FN:365,_RNCNvNtCs547XrBZfZJf_11reader_core3api12progress_get0B5_
FN:368,_RNCNvNtCs547XrBZfZJf_11reader_core3api12progress_gets_0B5_
FN:347,_RNCNvNtCs547XrBZfZJf_11reader_core3api13book_resource0B5_
FN:717,_RNCNvNtCs547XrBZfZJf_11reader_core3api13book_title_of0B5_
FN:241,_RNCNvNtCs547XrBZfZJf_11reader_core3api13notes_service0B5_
FN:359,_RNCNvNtCs547XrBZfZJf_11reader_core3api13progress_save0B5_
FN:766,_RNCNvNtCs547XrBZfZJf_11reader_core3api14books_in_scope0B5_
FN:694,_RNCNvNtCs547XrBZfZJf_11reader_core3api14chapter_titles0B5_
FN:743,_RNCNvNtCs547XrBZfZJf_11reader_core3api14ensure_indexed0B5_
FN:749,_RNCNvNtCs547XrBZfZJf_11reader_core3api14ensure_indexeds_0B5_
FN:299,_RNCNvNtCs547XrBZfZJf_11reader_core3api14library_import0B5_
FN:316,_RNCNvNtCs547XrBZfZJf_11reader_core3api14library_remove0B5_
FN:247,_RNCNvNtCs547XrBZfZJf_11reader_core3api14search_service0B5_
FN:705,_RNCNvNtCs547XrBZfZJf_11reader_core3api15chapter_indices0B5_
FN:528,_RNCNvNtCs547XrBZfZJf_11reader_core3api15to_locator_view0B5_
FN:723,_RNCNvNtCs547XrBZfZJf_11reader_core3api16indexed_chapters0B5_
FN:341,_RNCNvNtCs547XrBZfZJf_11reader_core3api17book_chapter_html0B5_
FN:235,_RNCNvNtCs547XrBZfZJf_11reader_core3api19translation_service0B5_
FN:224,_RNCNvNtCs547XrBZfZJf_11reader_core3api7service0B5_
FN:322,_RNCNvNtCs547XrBZfZJf_11reader_core3api9book_open0B5_
FN:375,_RNvNtCs547XrBZfZJf_11reader_core3api10to_summary
FN:672,_RNvNtCs547XrBZfZJf_11reader_core3api11to_hit_view
FN:511,_RNvNtCs547XrBZfZJf_11reader_core3api12chapter_text
FN:227,_RNvNtCs547XrBZfZJf_11reader_core3api12dict_service
FN:753,_RNvNtCs547XrBZfZJf_11reader_core3api12domain_scope
FN:308,_RNvNtCs547XrBZfZJf_11reader_core3api12library_list
FN:258,_RNvNtCs547XrBZfZJf_11reader_core3api12library_open
FN:364,_RNvNtCs547XrBZfZJf_11reader_core3api12progress_get
FN:346,_RNvNtCs547XrBZfZJf_11reader_core3api13book_resource
FN:716,_RNvNtCs547XrBZfZJf_11reader_core3api13book_title_of
FN:238,_RNvNtCs547XrBZfZJf_11reader_core3api13notes_service
FN:358,_RNvNtCs547XrBZfZJf_11reader_core3api13progress_save
FN:664,_RNvNtCs547XrBZfZJf_11reader_core3api13to_group_view
FN:765,_RNvNtCs547XrBZfZJf_11reader_core3api14books_in_scope
FN:693,_RNvNtCs547XrBZfZJf_11reader_core3api14chapter_titles
FN:741,_RNvNtCs547XrBZfZJf_11reader_core3api14ensure_indexed
FN:297,_RNvNtCs547XrBZfZJf_11reader_core3api14library_import
FN:315,_RNvNtCs547XrBZfZJf_11reader_core3api14library_remove
FN:244,_RNvNtCs547XrBZfZJf_11reader_core3api14search_service
FN:704,_RNvNtCs547XrBZfZJf_11reader_core3api15chapter_indices
FN:522,_RNvNtCs547XrBZfZJf_11reader_core3api15to_locator_view
FN:722,_RNvNtCs547XrBZfZJf_11reader_core3api16indexed_chapters
FN:340,_RNvNtCs547XrBZfZJf_11reader_core3api17book_chapter_html
FN:646,_RNvNtCs547XrBZfZJf_11reader_core3api18to_annotation_view
FN:232,_RNvNtCs547XrBZfZJf_11reader_core3api19translation_service
FN:221,_RNvNtCs547XrBZfZJf_11reader_core3api7service
FN:321,_RNvNtCs547XrBZfZJf_11reader_core3api9book_open
FN:984,_RNvNtCs547XrBZfZJf_11reader_core3api19__unused_result_type
FN:425,_RNCNCNvNtCs9BqXjdeQZds_11reader_core3api11dict_lookup00Cs6TxNYeCRE9A_16translate_corpus
FN:428,_RNCNCNvNtCs9BqXjdeQZds_11reader_core3api11dict_lookup0s_0Cs6TxNYeCRE9A_16translate_corpus
FN:401,_RNCNCNvNtCs9BqXjdeQZds_11reader_core3api11dict_remove00Cs6TxNYeCRE9A_16translate_corpus
FN:389,_RNCNCNvNtCs9BqXjdeQZds_11reader_core3api12dict_install00Cs6TxNYeCRE9A_16translate_corpus
FN:466,_RNCNCNvNtCs9BqXjdeQZds_11reader_core3api20translate_get_config00Cs6TxNYeCRE9A_16translate_corpus
FN:504,_RNCNCNvNtCs9BqXjdeQZds_11reader_core3api20translate_set_config00Cs6TxNYeCRE9A_16translate_corpus
FN:492,_RNCNCNvNtCs9BqXjdeQZds_11reader_core3api21translate_cache_clear00Cs6TxNYeCRE9A_16translate_corpus
FN:484,_RNCNCNvNtCs9BqXjdeQZds_11reader_core3api22translate_set_strategy00Cs6TxNYeCRE9A_16translate_corpus
FN:407,_RNCNCNvNtCs9BqXjdeQZds_11reader_core3api9dict_list00Cs6TxNYeCRE9A_16translate_corpus
FN:443,_RNCNCNvNtCs9BqXjdeQZds_11reader_core3api9translate00Cs6TxNYeCRE9A_16translate_corpus
FN:447,_RNCNCNvNtCs9BqXjdeQZds_11reader_core3api9translate0s0_0Cs6TxNYeCRE9A_16translate_corpus
FN:444,_RNCNCNvNtCs9BqXjdeQZds_11reader_core3api9translate0s_0Cs6TxNYeCRE9A_16translate_corpus
FN:424,_RNCNvNtCs9BqXjdeQZds_11reader_core3api11dict_lookup0Cs6TxNYeCRE9A_16translate_corpus
FN:400,_RNCNvNtCs9BqXjdeQZds_11reader_core3api11dict_remove0Cs6TxNYeCRE9A_16translate_corpus
FN:388,_RNCNvNtCs9BqXjdeQZds_11reader_core3api12dict_install0Cs6TxNYeCRE9A_16translate_corpus
FN:463,_RNCNvNtCs9BqXjdeQZds_11reader_core3api20translate_get_config0Cs6TxNYeCRE9A_16translate_corpus
FN:501,_RNCNvNtCs9BqXjdeQZds_11reader_core3api20translate_set_config0Cs6TxNYeCRE9A_16translate_corpus
FN:489,_RNCNvNtCs9BqXjdeQZds_11reader_core3api21translate_cache_clear0Cs6TxNYeCRE9A_16translate_corpus
FN:481,_RNCNvNtCs9BqXjdeQZds_11reader_core3api22translate_set_strategy0Cs6TxNYeCRE9A_16translate_corpus
FN:406,_RNCNvNtCs9BqXjdeQZds_11reader_core3api9dict_list0Cs6TxNYeCRE9A_16translate_corpus
FN:441,_RNCNvNtCs9BqXjdeQZds_11reader_core3api9translate0Cs6TxNYeCRE9A_16translate_corpus
FN:250,_RINvNtCs9BqXjdeQZds_11reader_core3api7err_msgNtNtB4_5error5ErrorECs6TxNYeCRE9A_16translate_corpus
FN:412,_RNCNCNvNtCs9BqXjdeQZds_11reader_core3api9dict_list0s_0Cs6TxNYeCRE9A_16translate_corpus
FN:577,_RNCNCNvNtCs9BqXjdeQZds_11reader_core3api21tts_sentence_index_at00CsjgbBjSc8Hmh_7tts_api
FN:598,_RNCNCNvNtCs9BqXjdeQZds_11reader_core3api23tts_listen_settings_get00CsjgbBjSc8Hmh_7tts_api
FN:603,_RNCNCNvNtCs9BqXjdeQZds_11reader_core3api23tts_listen_settings_get0s0_0CsjgbBjSc8Hmh_7tts_api
FN:607,_RNCNCNvNtCs9BqXjdeQZds_11reader_core3api23tts_listen_settings_get0s1_0CsjgbBjSc8Hmh_7tts_api
FN:613,_RNCNCNvNtCs9BqXjdeQZds_11reader_core3api23tts_listen_settings_get0s2_0CsjgbBjSc8Hmh_7tts_api
FN:602,_RNCNCNvNtCs9BqXjdeQZds_11reader_core3api23tts_listen_settings_get0s_0CsjgbBjSc8Hmh_7tts_api
FN:626,_RNCNCNvNtCs9BqXjdeQZds_11reader_core3api23tts_listen_settings_set00CsjgbBjSc8Hmh_7tts_api
FN:536,_RNCNvNtCs9BqXjdeQZds_11reader_core3api11tts_segment0CsjgbBjSc8Hmh_7tts_api
FN:569,_RNCNvNtCs9BqXjdeQZds_11reader_core3api21tts_sentence_index_at0CsjgbBjSc8Hmh_7tts_api
FN:597,_RNCNvNtCs9BqXjdeQZds_11reader_core3api23tts_listen_settings_get0CsjgbBjSc8Hmh_7tts_api
FN:625,_RNCNvNtCs9BqXjdeQZds_11reader_core3api23tts_listen_settings_set0CsjgbBjSc8Hmh_7tts_api
FN:557,_RNCNvNtCs9BqXjdeQZds_11reader_core3api24tts_locator_for_sentence0CsjgbBjSc8Hmh_7tts_api
FN:250,_RINvNtCs9BqXjdeQZds_11reader_core3api7err_msgNtNtB4_3tts8TtsErrorECsjgbBjSc8Hmh_7tts_api
FN:250,_RINvNtCs9BqXjdeQZds_11reader_core3api7err_msgNtNtB4_5error5ErrorECsjgbBjSc8Hmh_7tts_api
FN:543,_RNCNCNvNtCs9BqXjdeQZds_11reader_core3api11tts_segment00CsjgbBjSc8Hmh_7tts_api
FNDA:0,_RNCNCNvNtCs9BqXjdeQZds_11reader_core3api10notes_list00B7_
FNDA:0,_RNCNCNvNtCs9BqXjdeQZds_11reader_core3api11dict_lookup00B7_
FNDA:0,_RNCNCNvNtCs9BqXjdeQZds_11reader_core3api11dict_lookup0s_0B7_
FNDA:0,_RNCNCNvNtCs9BqXjdeQZds_11reader_core3api11dict_remove00B7_
FNDA:0,_RNCNCNvNtCs9BqXjdeQZds_11reader_core3api12dict_install00B7_
FNDA:0,_RNCNCNvNtCs9BqXjdeQZds_11reader_core3api12notes_create00B7_
FNDA:0,_RNCNCNvNtCs9BqXjdeQZds_11reader_core3api12notes_create0s_0B7_
FNDA:0,_RNCNCNvNtCs9BqXjdeQZds_11reader_core3api12notes_delete00B7_
FNDA:0,_RNCNCNvNtCs9BqXjdeQZds_11reader_core3api12notes_export00B7_
FNDA:0,_RNCNCNvNtCs9BqXjdeQZds_11reader_core3api12notes_export0s_0B7_
FNDA:0,_RNCNCNvNtCs9BqXjdeQZds_11reader_core3api12notes_update00B7_
FNDA:0,_RNCNCNvNtCs9BqXjdeQZds_11reader_core3api12notes_update0s_0B7_
FNDA:0,_RNCNCNvNtCs9BqXjdeQZds_11reader_core3api13notes_resolve00B7_
FNDA:0,_RNCNCNvNtCs9BqXjdeQZds_11reader_core3api16notes_delete_all00B7_
FNDA:0,_RNCNCNvNtCs9BqXjdeQZds_11reader_core3api16notes_delete_all0s_0B7_
FNDA:0,_RNCNCNvNtCs9BqXjdeQZds_11reader_core3api17notes_delete_many00B7_
FNDA:0,_RNCNCNvNtCs9BqXjdeQZds_11reader_core3api17notes_delete_many0s_0B7_
FNDA:0,_RNCNCNvNtCs9BqXjdeQZds_11reader_core3api20translate_get_config00B7_
FNDA:0,_RNCNCNvNtCs9BqXjdeQZds_11reader_core3api20translate_set_config00B7_
FNDA:0,_RNCNCNvNtCs9BqXjdeQZds_11reader_core3api21notes_toggle_bookmark00B7_
FNDA:0,_RNCNCNvNtCs9BqXjdeQZds_11reader_core3api21translate_cache_clear00B7_
FNDA:0,_RNCNCNvNtCs9BqXjdeQZds_11reader_core3api21tts_sentence_index_at00B7_
FNDA:0,_RNCNCNvNtCs9BqXjdeQZds_11reader_core3api22translate_set_strategy00B7_
FNDA:0,_RNCNCNvNtCs9BqXjdeQZds_11reader_core3api23tts_listen_settings_get00B7_
FNDA:0,_RNCNCNvNtCs9BqXjdeQZds_11reader_core3api23tts_listen_settings_get0s0_0B7_
FNDA:0,_RNCNCNvNtCs9BqXjdeQZds_11reader_core3api23tts_listen_settings_get0s1_0B7_
FNDA:0,_RNCNCNvNtCs9BqXjdeQZds_11reader_core3api23tts_listen_settings_get0s2_0B7_
FNDA:0,_RNCNCNvNtCs9BqXjdeQZds_11reader_core3api23tts_listen_settings_get0s_0B7_
FNDA:0,_RNCNCNvNtCs9BqXjdeQZds_11reader_core3api23tts_listen_settings_set00B7_
FNDA:0,_RNCNCNvNtCs9BqXjdeQZds_11reader_core3api6search00B7_
FNDA:0,_RNCNCNvNtCs9BqXjdeQZds_11reader_core3api6search0s_0B7_
FNDA:0,_RNCNCNvNtCs9BqXjdeQZds_11reader_core3api9dict_list00B7_
FNDA:0,_RNCNCNvNtCs9BqXjdeQZds_11reader_core3api9translate00B7_
FNDA:0,_RNCNCNvNtCs9BqXjdeQZds_11reader_core3api9translate0s0_0B7_
FNDA:0,_RNCNCNvNtCs9BqXjdeQZds_11reader_core3api9translate0s_0B7_
FNDA:0,_RNCNvNtCs9BqXjdeQZds_11reader_core3api10notes_list0B5_
FNDA:0,_RNCNvNtCs9BqXjdeQZds_11reader_core3api11dict_lookup0B5_
FNDA:0,_RNCNvNtCs9BqXjdeQZds_11reader_core3api11dict_remove0B5_
FNDA:0,_RNCNvNtCs9BqXjdeQZds_11reader_core3api11tts_segment0B5_
FNDA:0,_RNCNvNtCs9BqXjdeQZds_11reader_core3api12dict_install0B5_
FNDA:0,_RNCNvNtCs9BqXjdeQZds_11reader_core3api12notes_create0B5_
FNDA:0,_RNCNvNtCs9BqXjdeQZds_11reader_core3api12notes_delete0B5_
FNDA:0,_RNCNvNtCs9BqXjdeQZds_11reader_core3api12notes_export0B5_
FNDA:0,_RNCNvNtCs9BqXjdeQZds_11reader_core3api12notes_update0B5_
FNDA:0,_RNCNvNtCs9BqXjdeQZds_11reader_core3api13notes_resolve0B5_
FNDA:0,_RNCNvNtCs9BqXjdeQZds_11reader_core3api16notes_delete_all0B5_
FNDA:0,_RNCNvNtCs9BqXjdeQZds_11reader_core3api17notes_delete_many0B5_
FNDA:0,_RNCNvNtCs9BqXjdeQZds_11reader_core3api20translate_get_config0B5_
FNDA:0,_RNCNvNtCs9BqXjdeQZds_11reader_core3api20translate_set_config0B5_
FNDA:0,_RNCNvNtCs9BqXjdeQZds_11reader_core3api21notes_toggle_bookmark0B5_
FNDA:0,_RNCNvNtCs9BqXjdeQZds_11reader_core3api21translate_cache_clear0B5_
FNDA:0,_RNCNvNtCs9BqXjdeQZds_11reader_core3api21tts_sentence_index_at0B5_
FNDA:0,_RNCNvNtCs9BqXjdeQZds_11reader_core3api22translate_set_strategy0B5_
FNDA:0,_RNCNvNtCs9BqXjdeQZds_11reader_core3api23tts_listen_settings_get0B5_
FNDA:0,_RNCNvNtCs9BqXjdeQZds_11reader_core3api23tts_listen_settings_set0B5_
FNDA:0,_RNCNvNtCs9BqXjdeQZds_11reader_core3api24tts_locator_for_sentence0B5_
FNDA:0,_RNCNvNtCs9BqXjdeQZds_11reader_core3api6search0B5_
FNDA:0,_RNCNvNtCs9BqXjdeQZds_11reader_core3api9dict_list0B5_
FNDA:0,_RNCNvNtCs9BqXjdeQZds_11reader_core3api9translate0B5_
FNDA:3,_RNvNtCs9BqXjdeQZds_11reader_core3api10notes_list
FNDA:2,_RNvNtCs9BqXjdeQZds_11reader_core3api11dict_lookup
FNDA:1,_RNvNtCs9BqXjdeQZds_11reader_core3api11dict_remove
FNDA:3,_RNvNtCs9BqXjdeQZds_11reader_core3api11tts_segment
FNDA:1,_RNvNtCs9BqXjdeQZds_11reader_core3api12dict_install
FNDA:6,_RNvNtCs9BqXjdeQZds_11reader_core3api12notes_create
FNDA:2,_RNvNtCs9BqXjdeQZds_11reader_core3api12notes_delete
FNDA:3,_RNvNtCs9BqXjdeQZds_11reader_core3api12notes_export
FNDA:2,_RNvNtCs9BqXjdeQZds_11reader_core3api12notes_update
FNDA:1,_RNvNtCs9BqXjdeQZds_11reader_core3api13notes_resolve
FNDA:1,_RNvNtCs9BqXjdeQZds_11reader_core3api16notes_delete_all
FNDA:1,_RNvNtCs9BqXjdeQZds_11reader_core3api17notes_delete_many
FNDA:4,_RNvNtCs9BqXjdeQZds_11reader_core3api20translate_get_config
FNDA:2,_RNvNtCs9BqXjdeQZds_11reader_core3api20translate_set_config
FNDA:3,_RNvNtCs9BqXjdeQZds_11reader_core3api21notes_toggle_bookmark
FNDA:1,_RNvNtCs9BqXjdeQZds_11reader_core3api21translate_cache_clear
FNDA:5,_RNvNtCs9BqXjdeQZds_11reader_core3api21tts_sentence_index_at
FNDA:4,_RNvNtCs9BqXjdeQZds_11reader_core3api22translate_set_strategy
FNDA:6,_RNvNtCs9BqXjdeQZds_11reader_core3api23tts_listen_settings_get
FNDA:4,_RNvNtCs9BqXjdeQZds_11reader_core3api23tts_listen_settings_set
FNDA:7,_RNvNtCs9BqXjdeQZds_11reader_core3api24tts_locator_for_sentence
FNDA:8,_RNvNtCs9BqXjdeQZds_11reader_core3api6search
FNDA:1,_RNvNtCs9BqXjdeQZds_11reader_core3api9dict_list
FNDA:5,_RNvNtCs9BqXjdeQZds_11reader_core3api9translate
FNDA:0,_RNCNCNvNtCs9BqXjdeQZds_11reader_core3api11tts_segment00B7_
FNDA:121,_RNCNvNtCs9BqXjdeQZds_11reader_core3api11to_hit_view0B5_
FNDA:13,_RNCNvNtCs9BqXjdeQZds_11reader_core3api9book_opens_0B5_
FNDA:8,_RNCNCNvNtCs9BqXjdeQZds_11reader_core3api14books_in_scopes_00B7_
FNDA:2,_RNCNCNvNtCs9BqXjdeQZds_11reader_core3api14books_in_scopes_0s_0B7_
FNDA:0,_RNCNCNvNtCs9BqXjdeQZds_11reader_core3api9dict_list0s_0B7_
FNDA:153,_RNCNvNtCs9BqXjdeQZds_11reader_core3api12chapter_texts_0B5_
FNDA:14,_RNCNvNtCs9BqXjdeQZds_11reader_core3api14books_in_scopes_0B5_
FNDA:65,_RNCNvNtCs9BqXjdeQZds_11reader_core3api14chapter_titless_0B5_
FNDA:127,_RNCNvNtCs9BqXjdeQZds_11reader_core3api15chapter_indicess_0B5_
FNDA:212,_RNCNvNtCs9BqXjdeQZds_11reader_core3api16indexed_chapterss_0B5_
FNDA:0,_RINvNtCs9BqXjdeQZds_11reader_core3api7err_msgNtNtB4_3tts8TtsErrorEB4_
FNDA:0,_RINvNtCs9BqXjdeQZds_11reader_core3api7err_msgNtNtB4_5error5ErrorEB4_
FNDA:0,_RNCNCNvNtCs9BqXjdeQZds_11reader_core3api12library_open00B7_
FNDA:0,_RNCNvNtCs9BqXjdeQZds_11reader_core3api12chapter_text0B5_
FNDA:2,_RNCNvNtCs9BqXjdeQZds_11reader_core3api12chapter_texts1_0B5_
FNDA:0,_RNCNvNtCs9BqXjdeQZds_11reader_core3api12dict_service0B5_
FNDA:0,_RNCNvNtCs9BqXjdeQZds_11reader_core3api12library_list0B5_
FNDA:1,_RNCNvNtCs9BqXjdeQZds_11reader_core3api12library_open0B5_
FNDA:0,_RNCNvNtCs9BqXjdeQZds_11reader_core3api12progress_get0B5_
FNDA:0,_RNCNvNtCs9BqXjdeQZds_11reader_core3api12progress_gets_0B5_
FNDA:0,_RNCNvNtCs9BqXjdeQZds_11reader_core3api13book_resource0B5_
FNDA:0,_RNCNvNtCs9BqXjdeQZds_11reader_core3api13book_title_of0B5_
FNDA:0,_RNCNvNtCs9BqXjdeQZds_11reader_core3api13notes_service0B5_
FNDA:0,_RNCNvNtCs9BqXjdeQZds_11reader_core3api13progress_save0B5_
FNDA:0,_RNCNvNtCs9BqXjdeQZds_11reader_core3api14books_in_scope0B5_
FNDA:0,_RNCNvNtCs9BqXjdeQZds_11reader_core3api14chapter_titles0B5_
FNDA:0,_RNCNvNtCs9BqXjdeQZds_11reader_core3api14ensure_indexed0B5_
FNDA:0,_RNCNvNtCs9BqXjdeQZds_11reader_core3api14ensure_indexeds_0B5_
FNDA:0,_RNCNvNtCs9BqXjdeQZds_11reader_core3api14library_import0B5_
FNDA:0,_RNCNvNtCs9BqXjdeQZds_11reader_core3api14library_remove0B5_
FNDA:0,_RNCNvNtCs9BqXjdeQZds_11reader_core3api14search_service0B5_
FNDA:0,_RNCNvNtCs9BqXjdeQZds_11reader_core3api15chapter_indices0B5_
FNDA:7542,_RNCNvNtCs9BqXjdeQZds_11reader_core3api15to_locator_view0B5_
FNDA:0,_RNCNvNtCs9BqXjdeQZds_11reader_core3api16indexed_chapters0B5_
FNDA:0,_RNCNvNtCs9BqXjdeQZds_11reader_core3api17book_chapter_html0B5_
FNDA:0,_RNCNvNtCs9BqXjdeQZds_11reader_core3api19translation_service0B5_
FNDA:0,_RNCNvNtCs9BqXjdeQZds_11reader_core3api7service0B5_
FNDA:0,_RNCNvNtCs9BqXjdeQZds_11reader_core3api9book_open0B5_
FNDA:3,_RNvNtCs9BqXjdeQZds_11reader_core3api10to_summary
FNDA:121,_RNvNtCs9BqXjdeQZds_11reader_core3api11to_hit_view
FNDA:20,_RNvNtCs9BqXjdeQZds_11reader_core3api12chapter_text
FNDA:6,_RNvNtCs9BqXjdeQZds_11reader_core3api12dict_service
FNDA:7,_RNvNtCs9BqXjdeQZds_11reader_core3api12domain_scope
FNDA:0,_RNvNtCs9BqXjdeQZds_11reader_core3api12library_list
FNDA:3,_RNvNtCs9BqXjdeQZds_11reader_core3api12library_open
FNDA:0,_RNvNtCs9BqXjdeQZds_11reader_core3api12progress_get
FNDA:0,_RNvNtCs9BqXjdeQZds_11reader_core3api13book_resource
FNDA:2,_RNvNtCs9BqXjdeQZds_11reader_core3api13book_title_of
FNDA:19,_RNvNtCs9BqXjdeQZds_11reader_core3api13notes_service
FNDA:0,_RNvNtCs9BqXjdeQZds_11reader_core3api13progress_save
FNDA:2,_RNvNtCs9BqXjdeQZds_11reader_core3api13to_group_view
FNDA:7,_RNvNtCs9BqXjdeQZds_11reader_core3api14books_in_scope
FNDA:5,_RNvNtCs9BqXjdeQZds_11reader_core3api14chapter_titles
FNDA:12,_RNvNtCs9BqXjdeQZds_11reader_core3api14ensure_indexed
FNDA:3,_RNvNtCs9BqXjdeQZds_11reader_core3api14library_import
FNDA:0,_RNvNtCs9BqXjdeQZds_11reader_core3api14library_remove
FNDA:24,_RNvNtCs9BqXjdeQZds_11reader_core3api14search_service
FNDA:6,_RNvNtCs9BqXjdeQZds_11reader_core3api15chapter_indices
FNDA:7542,_RNvNtCs9BqXjdeQZds_11reader_core3api15to_locator_view
FNDA:5,_RNvNtCs9BqXjdeQZds_11reader_core3api16indexed_chapters
FNDA:0,_RNvNtCs9BqXjdeQZds_11reader_core3api17book_chapter_html
FNDA:7,_RNvNtCs9BqXjdeQZds_11reader_core3api18to_annotation_view
FNDA:15,_RNvNtCs9BqXjdeQZds_11reader_core3api19translation_service
FNDA:59,_RNvNtCs9BqXjdeQZds_11reader_core3api7service
FNDA:1,_RNvNtCs9BqXjdeQZds_11reader_core3api9book_open
FNDA:0,_RNvNtCs9BqXjdeQZds_11reader_core3api19__unused_result_type
FNDA:0,_RNCNCNvNtCs9BqXjdeQZds_11reader_core3api10notes_list00Cs4R6M0l11D7u_16notes_search_api
FNDA:1,_RNCNCNvNtCs9BqXjdeQZds_11reader_core3api12notes_create00Cs4R6M0l11D7u_16notes_search_api
FNDA:0,_RNCNCNvNtCs9BqXjdeQZds_11reader_core3api12notes_create0s_0Cs4R6M0l11D7u_16notes_search_api
FNDA:0,_RNCNCNvNtCs9BqXjdeQZds_11reader_core3api12notes_delete00Cs4R6M0l11D7u_16notes_search_api
FNDA:1,_RNCNCNvNtCs9BqXjdeQZds_11reader_core3api12notes_export00Cs4R6M0l11D7u_16notes_search_api
FNDA:0,_RNCNCNvNtCs9BqXjdeQZds_11reader_core3api12notes_export0s_0Cs4R6M0l11D7u_16notes_search_api
FNDA:1,_RNCNCNvNtCs9BqXjdeQZds_11reader_core3api12notes_update00Cs4R6M0l11D7u_16notes_search_api
FNDA:0,_RNCNCNvNtCs9BqXjdeQZds_11reader_core3api12notes_update0s_0Cs4R6M0l11D7u_16notes_search_api
FNDA:0,_RNCNCNvNtCs9BqXjdeQZds_11reader_core3api13notes_resolve00Cs4R6M0l11D7u_16notes_search_api
FNDA:0,_RNCNCNvNtCs9BqXjdeQZds_11reader_core3api16notes_delete_all00Cs4R6M0l11D7u_16notes_search_api
FNDA:1,_RNCNCNvNtCs9BqXjdeQZds_11reader_core3api16notes_delete_all0s_0Cs4R6M0l11D7u_16notes_search_api
FNDA:0,_RNCNCNvNtCs9BqXjdeQZds_11reader_core3api17notes_delete_many00Cs4R6M0l11D7u_16notes_search_api
FNDA:1,_RNCNCNvNtCs9BqXjdeQZds_11reader_core3api17notes_delete_many0s_0Cs4R6M0l11D7u_16notes_search_api
FNDA:0,_RNCNCNvNtCs9BqXjdeQZds_11reader_core3api21notes_toggle_bookmark00Cs4R6M0l11D7u_16notes_search_api
FNDA:0,_RNCNCNvNtCs9BqXjdeQZds_11reader_core3api6search00Cs4R6M0l11D7u_16notes_search_api
FNDA:121,_RNCNCNvNtCs9BqXjdeQZds_11reader_core3api6search0s_0Cs4R6M0l11D7u_16notes_search_api
FNDA:3,_RNCNvNtCs9BqXjdeQZds_11reader_core3api10notes_list0Cs4R6M0l11D7u_16notes_search_api
FNDA:6,_RNCNvNtCs9BqXjdeQZds_11reader_core3api12notes_create0Cs4R6M0l11D7u_16notes_search_api
FNDA:2,_RNCNvNtCs9BqXjdeQZds_11reader_core3api12notes_delete0Cs4R6M0l11D7u_16notes_search_api
FNDA:3,_RNCNvNtCs9BqXjdeQZds_11reader_core3api12notes_export0Cs4R6M0l11D7u_16notes_search_api
FNDA:2,_RNCNvNtCs9BqXjdeQZds_11reader_core3api12notes_update0Cs4R6M0l11D7u_16notes_search_api
FNDA:1,_RNCNvNtCs9BqXjdeQZds_11reader_core3api13notes_resolve0Cs4R6M0l11D7u_16notes_search_api
FNDA:1,_RNCNvNtCs9BqXjdeQZds_11reader_core3api16notes_delete_all0Cs4R6M0l11D7u_16notes_search_api
FNDA:1,_RNCNvNtCs9BqXjdeQZds_11reader_core3api17notes_delete_many0Cs4R6M0l11D7u_16notes_search_api
FNDA:3,_RNCNvNtCs9BqXjdeQZds_11reader_core3api21notes_toggle_bookmark0Cs4R6M0l11D7u_16notes_search_api
FNDA:8,_RNCNvNtCs9BqXjdeQZds_11reader_core3api6search0Cs4R6M0l11D7u_16notes_search_api
FNDA:1,_RINvNtCs9BqXjdeQZds_11reader_core3api7err_msgNtNtB4_5error5ErrorECs4R6M0l11D7u_16notes_search_api
FNDA:0,_RNCNCNvNtCs547XrBZfZJf_11reader_core3api10notes_list00B7_
FNDA:0,_RNCNCNvNtCs547XrBZfZJf_11reader_core3api11dict_lookup00B7_
FNDA:0,_RNCNCNvNtCs547XrBZfZJf_11reader_core3api11dict_lookup0s_0B7_
FNDA:0,_RNCNCNvNtCs547XrBZfZJf_11reader_core3api11dict_remove00B7_
FNDA:0,_RNCNCNvNtCs547XrBZfZJf_11reader_core3api12dict_install00B7_
FNDA:0,_RNCNCNvNtCs547XrBZfZJf_11reader_core3api12notes_create00B7_
FNDA:0,_RNCNCNvNtCs547XrBZfZJf_11reader_core3api12notes_create0s_0B7_
FNDA:0,_RNCNCNvNtCs547XrBZfZJf_11reader_core3api12notes_delete00B7_
FNDA:0,_RNCNCNvNtCs547XrBZfZJf_11reader_core3api12notes_export00B7_
FNDA:0,_RNCNCNvNtCs547XrBZfZJf_11reader_core3api12notes_export0s_0B7_
FNDA:0,_RNCNCNvNtCs547XrBZfZJf_11reader_core3api12notes_update00B7_
FNDA:0,_RNCNCNvNtCs547XrBZfZJf_11reader_core3api12notes_update0s_0B7_
FNDA:0,_RNCNCNvNtCs547XrBZfZJf_11reader_core3api13notes_resolve00B7_
FNDA:0,_RNCNCNvNtCs547XrBZfZJf_11reader_core3api16notes_delete_all00B7_
FNDA:0,_RNCNCNvNtCs547XrBZfZJf_11reader_core3api16notes_delete_all0s_0B7_
FNDA:0,_RNCNCNvNtCs547XrBZfZJf_11reader_core3api17notes_delete_many00B7_
FNDA:0,_RNCNCNvNtCs547XrBZfZJf_11reader_core3api17notes_delete_many0s_0B7_
FNDA:0,_RNCNCNvNtCs547XrBZfZJf_11reader_core3api20translate_get_config00B7_
FNDA:0,_RNCNCNvNtCs547XrBZfZJf_11reader_core3api20translate_set_config00B7_
FNDA:0,_RNCNCNvNtCs547XrBZfZJf_11reader_core3api21notes_toggle_bookmark00B7_
FNDA:0,_RNCNCNvNtCs547XrBZfZJf_11reader_core3api21translate_cache_clear00B7_
FNDA:0,_RNCNCNvNtCs547XrBZfZJf_11reader_core3api21tts_sentence_index_at00B7_
FNDA:0,_RNCNCNvNtCs547XrBZfZJf_11reader_core3api22translate_set_strategy00B7_
FNDA:0,_RNCNCNvNtCs547XrBZfZJf_11reader_core3api23tts_listen_settings_get00B7_
FNDA:0,_RNCNCNvNtCs547XrBZfZJf_11reader_core3api23tts_listen_settings_get0s0_0B7_
FNDA:0,_RNCNCNvNtCs547XrBZfZJf_11reader_core3api23tts_listen_settings_get0s1_0B7_
FNDA:0,_RNCNCNvNtCs547XrBZfZJf_11reader_core3api23tts_listen_settings_get0s2_0B7_
FNDA:0,_RNCNCNvNtCs547XrBZfZJf_11reader_core3api23tts_listen_settings_get0s_0B7_
FNDA:0,_RNCNCNvNtCs547XrBZfZJf_11reader_core3api23tts_listen_settings_set00B7_
FNDA:0,_RNCNCNvNtCs547XrBZfZJf_11reader_core3api6search00B7_
FNDA:0,_RNCNCNvNtCs547XrBZfZJf_11reader_core3api6search0s_0B7_
FNDA:0,_RNCNCNvNtCs547XrBZfZJf_11reader_core3api9dict_list00B7_
FNDA:0,_RNCNCNvNtCs547XrBZfZJf_11reader_core3api9translate00B7_
FNDA:0,_RNCNCNvNtCs547XrBZfZJf_11reader_core3api9translate0s0_0B7_
FNDA:0,_RNCNCNvNtCs547XrBZfZJf_11reader_core3api9translate0s_0B7_
FNDA:0,_RNCNvNtCs547XrBZfZJf_11reader_core3api10notes_list0B5_
FNDA:0,_RNCNvNtCs547XrBZfZJf_11reader_core3api11dict_lookup0B5_
FNDA:0,_RNCNvNtCs547XrBZfZJf_11reader_core3api11dict_remove0B5_
FNDA:0,_RNCNvNtCs547XrBZfZJf_11reader_core3api11tts_segment0B5_
FNDA:0,_RNCNvNtCs547XrBZfZJf_11reader_core3api12dict_install0B5_
FNDA:0,_RNCNvNtCs547XrBZfZJf_11reader_core3api12notes_create0B5_
FNDA:0,_RNCNvNtCs547XrBZfZJf_11reader_core3api12notes_delete0B5_
FNDA:0,_RNCNvNtCs547XrBZfZJf_11reader_core3api12notes_export0B5_
FNDA:0,_RNCNvNtCs547XrBZfZJf_11reader_core3api12notes_update0B5_
FNDA:0,_RNCNvNtCs547XrBZfZJf_11reader_core3api13notes_resolve0B5_
FNDA:0,_RNCNvNtCs547XrBZfZJf_11reader_core3api16notes_delete_all0B5_
FNDA:0,_RNCNvNtCs547XrBZfZJf_11reader_core3api17notes_delete_many0B5_
FNDA:0,_RNCNvNtCs547XrBZfZJf_11reader_core3api20translate_get_config0B5_
FNDA:0,_RNCNvNtCs547XrBZfZJf_11reader_core3api20translate_set_config0B5_
FNDA:0,_RNCNvNtCs547XrBZfZJf_11reader_core3api21notes_toggle_bookmark0B5_
FNDA:0,_RNCNvNtCs547XrBZfZJf_11reader_core3api21translate_cache_clear0B5_
FNDA:0,_RNCNvNtCs547XrBZfZJf_11reader_core3api21tts_sentence_index_at0B5_
FNDA:0,_RNCNvNtCs547XrBZfZJf_11reader_core3api22translate_set_strategy0B5_
FNDA:0,_RNCNvNtCs547XrBZfZJf_11reader_core3api23tts_listen_settings_get0B5_
FNDA:0,_RNCNvNtCs547XrBZfZJf_11reader_core3api23tts_listen_settings_set0B5_
FNDA:0,_RNCNvNtCs547XrBZfZJf_11reader_core3api24tts_locator_for_sentence0B5_
FNDA:0,_RNCNvNtCs547XrBZfZJf_11reader_core3api6search0B5_
FNDA:0,_RNCNvNtCs547XrBZfZJf_11reader_core3api9dict_list0B5_
FNDA:0,_RNCNvNtCs547XrBZfZJf_11reader_core3api9translate0B5_
FNDA:0,_RNvNtCs547XrBZfZJf_11reader_core3api10notes_list
FNDA:0,_RNvNtCs547XrBZfZJf_11reader_core3api11dict_lookup
FNDA:0,_RNvNtCs547XrBZfZJf_11reader_core3api11dict_remove
FNDA:0,_RNvNtCs547XrBZfZJf_11reader_core3api11tts_segment
FNDA:0,_RNvNtCs547XrBZfZJf_11reader_core3api12dict_install
FNDA:0,_RNvNtCs547XrBZfZJf_11reader_core3api12notes_create
FNDA:0,_RNvNtCs547XrBZfZJf_11reader_core3api12notes_delete
FNDA:0,_RNvNtCs547XrBZfZJf_11reader_core3api12notes_export
FNDA:0,_RNvNtCs547XrBZfZJf_11reader_core3api12notes_update
FNDA:0,_RNvNtCs547XrBZfZJf_11reader_core3api13notes_resolve
FNDA:0,_RNvNtCs547XrBZfZJf_11reader_core3api16notes_delete_all
FNDA:0,_RNvNtCs547XrBZfZJf_11reader_core3api17notes_delete_many
FNDA:0,_RNvNtCs547XrBZfZJf_11reader_core3api20translate_get_config
FNDA:0,_RNvNtCs547XrBZfZJf_11reader_core3api20translate_set_config
FNDA:0,_RNvNtCs547XrBZfZJf_11reader_core3api21notes_toggle_bookmark
FNDA:0,_RNvNtCs547XrBZfZJf_11reader_core3api21translate_cache_clear
FNDA:0,_RNvNtCs547XrBZfZJf_11reader_core3api21tts_sentence_index_at
FNDA:0,_RNvNtCs547XrBZfZJf_11reader_core3api22translate_set_strategy
FNDA:0,_RNvNtCs547XrBZfZJf_11reader_core3api23tts_listen_settings_get
FNDA:0,_RNvNtCs547XrBZfZJf_11reader_core3api23tts_listen_settings_set
FNDA:0,_RNvNtCs547XrBZfZJf_11reader_core3api24tts_locator_for_sentence
FNDA:0,_RNvNtCs547XrBZfZJf_11reader_core3api6search
FNDA:0,_RNvNtCs547XrBZfZJf_11reader_core3api9dict_list
FNDA:0,_RNvNtCs547XrBZfZJf_11reader_core3api9translate
FNDA:0,_RNCNCNvNtCs547XrBZfZJf_11reader_core3api11tts_segment00B7_
FNDA:0,_RNCNvNtCs547XrBZfZJf_11reader_core3api11to_hit_view0B5_
FNDA:0,_RNCNvNtCs547XrBZfZJf_11reader_core3api9book_opens_0B5_
FNDA:0,_RNCNCNvNtCs547XrBZfZJf_11reader_core3api14books_in_scopes_00B7_
FNDA:0,_RNCNCNvNtCs547XrBZfZJf_11reader_core3api14books_in_scopes_0s_0B7_
FNDA:0,_RNCNCNvNtCs547XrBZfZJf_11reader_core3api9dict_list0s_0B7_
FNDA:0,_RNCNvNtCs547XrBZfZJf_11reader_core3api12chapter_texts_0B5_
FNDA:0,_RNCNvNtCs547XrBZfZJf_11reader_core3api14books_in_scopes_0B5_
FNDA:0,_RNCNvNtCs547XrBZfZJf_11reader_core3api14chapter_titless_0B5_
FNDA:0,_RNCNvNtCs547XrBZfZJf_11reader_core3api15chapter_indicess_0B5_
FNDA:0,_RNCNvNtCs547XrBZfZJf_11reader_core3api16indexed_chapterss_0B5_
FNDA:0,_RINvNtCs547XrBZfZJf_11reader_core3api7err_msgNtNtB4_3tts8TtsErrorEB4_
FNDA:0,_RINvNtCs547XrBZfZJf_11reader_core3api7err_msgNtNtB4_5error5ErrorEB4_
FNDA:0,_RNCNCNvNtCs547XrBZfZJf_11reader_core3api12library_open00B7_
FNDA:0,_RNCNvNtCs547XrBZfZJf_11reader_core3api12chapter_text0B5_
FNDA:0,_RNCNvNtCs547XrBZfZJf_11reader_core3api12chapter_texts1_0B5_
FNDA:0,_RNCNvNtCs547XrBZfZJf_11reader_core3api12dict_service0B5_
FNDA:0,_RNCNvNtCs547XrBZfZJf_11reader_core3api12library_list0B5_
FNDA:0,_RNCNvNtCs547XrBZfZJf_11reader_core3api12library_open0B5_
FNDA:0,_RNCNvNtCs547XrBZfZJf_11reader_core3api12progress_get0B5_
FNDA:0,_RNCNvNtCs547XrBZfZJf_11reader_core3api12progress_gets_0B5_
FNDA:0,_RNCNvNtCs547XrBZfZJf_11reader_core3api13book_resource0B5_
FNDA:0,_RNCNvNtCs547XrBZfZJf_11reader_core3api13book_title_of0B5_
FNDA:0,_RNCNvNtCs547XrBZfZJf_11reader_core3api13notes_service0B5_
FNDA:0,_RNCNvNtCs547XrBZfZJf_11reader_core3api13progress_save0B5_
FNDA:0,_RNCNvNtCs547XrBZfZJf_11reader_core3api14books_in_scope0B5_
FNDA:0,_RNCNvNtCs547XrBZfZJf_11reader_core3api14chapter_titles0B5_
FNDA:0,_RNCNvNtCs547XrBZfZJf_11reader_core3api14ensure_indexed0B5_
FNDA:0,_RNCNvNtCs547XrBZfZJf_11reader_core3api14ensure_indexeds_0B5_
FNDA:0,_RNCNvNtCs547XrBZfZJf_11reader_core3api14library_import0B5_
FNDA:0,_RNCNvNtCs547XrBZfZJf_11reader_core3api14library_remove0B5_
FNDA:0,_RNCNvNtCs547XrBZfZJf_11reader_core3api14search_service0B5_
FNDA:0,_RNCNvNtCs547XrBZfZJf_11reader_core3api15chapter_indices0B5_
FNDA:0,_RNCNvNtCs547XrBZfZJf_11reader_core3api15to_locator_view0B5_
FNDA:0,_RNCNvNtCs547XrBZfZJf_11reader_core3api16indexed_chapters0B5_
FNDA:0,_RNCNvNtCs547XrBZfZJf_11reader_core3api17book_chapter_html0B5_
FNDA:0,_RNCNvNtCs547XrBZfZJf_11reader_core3api19translation_service0B5_
FNDA:0,_RNCNvNtCs547XrBZfZJf_11reader_core3api7service0B5_
FNDA:0,_RNCNvNtCs547XrBZfZJf_11reader_core3api9book_open0B5_
FNDA:0,_RNvNtCs547XrBZfZJf_11reader_core3api10to_summary
FNDA:0,_RNvNtCs547XrBZfZJf_11reader_core3api11to_hit_view
FNDA:0,_RNvNtCs547XrBZfZJf_11reader_core3api12chapter_text
FNDA:0,_RNvNtCs547XrBZfZJf_11reader_core3api12dict_service
FNDA:0,_RNvNtCs547XrBZfZJf_11reader_core3api12domain_scope
FNDA:0,_RNvNtCs547XrBZfZJf_11reader_core3api12library_list
FNDA:0,_RNvNtCs547XrBZfZJf_11reader_core3api12library_open
FNDA:0,_RNvNtCs547XrBZfZJf_11reader_core3api12progress_get
FNDA:0,_RNvNtCs547XrBZfZJf_11reader_core3api13book_resource
FNDA:0,_RNvNtCs547XrBZfZJf_11reader_core3api13book_title_of
FNDA:0,_RNvNtCs547XrBZfZJf_11reader_core3api13notes_service
FNDA:0,_RNvNtCs547XrBZfZJf_11reader_core3api13progress_save
FNDA:0,_RNvNtCs547XrBZfZJf_11reader_core3api13to_group_view
FNDA:0,_RNvNtCs547XrBZfZJf_11reader_core3api14books_in_scope
FNDA:0,_RNvNtCs547XrBZfZJf_11reader_core3api14chapter_titles
FNDA:0,_RNvNtCs547XrBZfZJf_11reader_core3api14ensure_indexed
FNDA:0,_RNvNtCs547XrBZfZJf_11reader_core3api14library_import
FNDA:0,_RNvNtCs547XrBZfZJf_11reader_core3api14library_remove
FNDA:0,_RNvNtCs547XrBZfZJf_11reader_core3api14search_service
FNDA:0,_RNvNtCs547XrBZfZJf_11reader_core3api15chapter_indices
FNDA:0,_RNvNtCs547XrBZfZJf_11reader_core3api15to_locator_view
FNDA:0,_RNvNtCs547XrBZfZJf_11reader_core3api16indexed_chapters
FNDA:0,_RNvNtCs547XrBZfZJf_11reader_core3api17book_chapter_html
FNDA:0,_RNvNtCs547XrBZfZJf_11reader_core3api18to_annotation_view
FNDA:0,_RNvNtCs547XrBZfZJf_11reader_core3api19translation_service
FNDA:0,_RNvNtCs547XrBZfZJf_11reader_core3api7service
FNDA:0,_RNvNtCs547XrBZfZJf_11reader_core3api9book_open
FNDA:0,_RNvNtCs547XrBZfZJf_11reader_core3api19__unused_result_type
FNDA:0,_RNCNCNvNtCs9BqXjdeQZds_11reader_core3api11dict_lookup00Cs6TxNYeCRE9A_16translate_corpus
FNDA:1,_RNCNCNvNtCs9BqXjdeQZds_11reader_core3api11dict_lookup0s_0Cs6TxNYeCRE9A_16translate_corpus
FNDA:0,_RNCNCNvNtCs9BqXjdeQZds_11reader_core3api11dict_remove00Cs6TxNYeCRE9A_16translate_corpus
FNDA:0,_RNCNCNvNtCs9BqXjdeQZds_11reader_core3api12dict_install00Cs6TxNYeCRE9A_16translate_corpus
FNDA:0,_RNCNCNvNtCs9BqXjdeQZds_11reader_core3api20translate_get_config00Cs6TxNYeCRE9A_16translate_corpus
FNDA:0,_RNCNCNvNtCs9BqXjdeQZds_11reader_core3api20translate_set_config00Cs6TxNYeCRE9A_16translate_corpus
FNDA:0,_RNCNCNvNtCs9BqXjdeQZds_11reader_core3api21translate_cache_clear00Cs6TxNYeCRE9A_16translate_corpus
FNDA:0,_RNCNCNvNtCs9BqXjdeQZds_11reader_core3api22translate_set_strategy00Cs6TxNYeCRE9A_16translate_corpus
FNDA:0,_RNCNCNvNtCs9BqXjdeQZds_11reader_core3api9dict_list00Cs6TxNYeCRE9A_16translate_corpus
FNDA:1,_RNCNCNvNtCs9BqXjdeQZds_11reader_core3api9translate00Cs6TxNYeCRE9A_16translate_corpus
FNDA:0,_RNCNCNvNtCs9BqXjdeQZds_11reader_core3api9translate0s0_0Cs6TxNYeCRE9A_16translate_corpus
FNDA:0,_RNCNCNvNtCs9BqXjdeQZds_11reader_core3api9translate0s_0Cs6TxNYeCRE9A_16translate_corpus
FNDA:2,_RNCNvNtCs9BqXjdeQZds_11reader_core3api11dict_lookup0Cs6TxNYeCRE9A_16translate_corpus
FNDA:1,_RNCNvNtCs9BqXjdeQZds_11reader_core3api11dict_remove0Cs6TxNYeCRE9A_16translate_corpus
FNDA:1,_RNCNvNtCs9BqXjdeQZds_11reader_core3api12dict_install0Cs6TxNYeCRE9A_16translate_corpus
FNDA:4,_RNCNvNtCs9BqXjdeQZds_11reader_core3api20translate_get_config0Cs6TxNYeCRE9A_16translate_corpus
FNDA:2,_RNCNvNtCs9BqXjdeQZds_11reader_core3api20translate_set_config0Cs6TxNYeCRE9A_16translate_corpus
FNDA:1,_RNCNvNtCs9BqXjdeQZds_11reader_core3api21translate_cache_clear0Cs6TxNYeCRE9A_16translate_corpus
FNDA:4,_RNCNvNtCs9BqXjdeQZds_11reader_core3api22translate_set_strategy0Cs6TxNYeCRE9A_16translate_corpus
FNDA:1,_RNCNvNtCs9BqXjdeQZds_11reader_core3api9dict_list0Cs6TxNYeCRE9A_16translate_corpus
FNDA:5,_RNCNvNtCs9BqXjdeQZds_11reader_core3api9translate0Cs6TxNYeCRE9A_16translate_corpus
FNDA:2,_RINvNtCs9BqXjdeQZds_11reader_core3api7err_msgNtNtB4_5error5ErrorECs6TxNYeCRE9A_16translate_corpus
FNDA:1,_RNCNCNvNtCs9BqXjdeQZds_11reader_core3api9dict_list0s_0Cs6TxNYeCRE9A_16translate_corpus
FNDA:5,_RNCNCNvNtCs9BqXjdeQZds_11reader_core3api21tts_sentence_index_at00CsjgbBjSc8Hmh_7tts_api
FNDA:0,_RNCNCNvNtCs9BqXjdeQZds_11reader_core3api23tts_listen_settings_get00CsjgbBjSc8Hmh_7tts_api
FNDA:2,_RNCNCNvNtCs9BqXjdeQZds_11reader_core3api23tts_listen_settings_get0s0_0CsjgbBjSc8Hmh_7tts_api
FNDA:5,_RNCNCNvNtCs9BqXjdeQZds_11reader_core3api23tts_listen_settings_get0s1_0CsjgbBjSc8Hmh_7tts_api
FNDA:5,_RNCNCNvNtCs9BqXjdeQZds_11reader_core3api23tts_listen_settings_get0s2_0CsjgbBjSc8Hmh_7tts_api
FNDA:5,_RNCNCNvNtCs9BqXjdeQZds_11reader_core3api23tts_listen_settings_get0s_0CsjgbBjSc8Hmh_7tts_api
FNDA:0,_RNCNCNvNtCs9BqXjdeQZds_11reader_core3api23tts_listen_settings_set00CsjgbBjSc8Hmh_7tts_api
FNDA:3,_RNCNvNtCs9BqXjdeQZds_11reader_core3api11tts_segment0CsjgbBjSc8Hmh_7tts_api
FNDA:5,_RNCNvNtCs9BqXjdeQZds_11reader_core3api21tts_sentence_index_at0CsjgbBjSc8Hmh_7tts_api
FNDA:6,_RNCNvNtCs9BqXjdeQZds_11reader_core3api23tts_listen_settings_get0CsjgbBjSc8Hmh_7tts_api
FNDA:4,_RNCNvNtCs9BqXjdeQZds_11reader_core3api23tts_listen_settings_set0CsjgbBjSc8Hmh_7tts_api
FNDA:7,_RNCNvNtCs9BqXjdeQZds_11reader_core3api24tts_locator_for_sentence0CsjgbBjSc8Hmh_7tts_api
FNDA:2,_RINvNtCs9BqXjdeQZds_11reader_core3api7err_msgNtNtB4_3tts8TtsErrorECsjgbBjSc8Hmh_7tts_api
FNDA:0,_RINvNtCs9BqXjdeQZds_11reader_core3api7err_msgNtNtB4_5error5ErrorECsjgbBjSc8Hmh_7tts_api
FNDA:7536,_RNCNCNvNtCs9BqXjdeQZds_11reader_core3api11tts_segment00CsjgbBjSc8Hmh_7tts_api
FNF:149
FNH:97
DA:221,59
DA:222,59
DA:223,59
DA:224,59
DA:225,59
DA:227,6
DA:228,6
DA:229,6
DA:230,6
DA:232,15
DA:233,15
DA:234,15
DA:235,15
DA:236,15
DA:238,19
DA:239,19
DA:240,19
DA:241,19
DA:242,19
DA:244,24
DA:245,24
DA:246,24
DA:247,24
DA:248,24
DA:250,5
DA:251,5
DA:252,5
DA:258,3
DA:259,3
DA:260,3
DA:262,3
DA:263,3
DA:264,3
DA:265,3
DA:266,3
DA:267,3
DA:269,3
DA:270,1
DA:271,1
DA:272,1
DA:273,1
DA:274,1
DA:275,1
DA:276,3
DA:277,3
DA:278,3
DA:279,3
DA:280,3
DA:281,3
DA:282,3
DA:283,3
DA:284,3
DA:287,3
DA:288,3
DA:289,3
DA:290,3
DA:291,3
DA:292,3
DA:293,3
DA:294,3
DA:297,3
DA:298,3
DA:299,3
DA:300,3
DA:303,3
DA:304,3
DA:305,3
DA:308,0
DA:309,0
DA:310,0
DA:311,0
DA:312,0
DA:315,0
DA:316,0
DA:317,0
DA:318,0
DA:321,1
DA:322,1
DA:323,1
DA:325,1
DA:326,1
DA:327,1
DA:328,1
DA:329,1
DA:330,1
DA:331,13
DA:332,13
DA:333,13
DA:334,13
DA:335,1
DA:337,1
DA:340,0
DA:341,0
DA:342,0
DA:343,0
DA:346,0
DA:347,0
DA:348,0
DA:349,0
DA:358,0
DA:359,0
DA:360,0
DA:361,0
DA:364,0
DA:365,0
DA:366,0
DA:367,0
DA:368,0
DA:369,0
DA:370,0
DA:371,0
DA:375,3
DA:376,3
DA:377,3
DA:378,3
DA:379,3
DA:380,3
DA:381,3
DA:382,3
DA:383,3
DA:388,1
DA:389,1
DA:390,1
DA:391,1
DA:392,1
DA:393,1
DA:394,1
DA:395,1
DA:396,1
DA:397,1
DA:400,1
DA:401,1
DA:402,1
DA:403,1
DA:406,1
DA:407,1
DA:408,1
DA:409,1
DA:410,1
DA:411,1
DA:412,1
DA:413,1
DA:414,1
DA:415,1
DA:416,1
DA:417,1
DA:418,1
DA:421,2
DA:422,2
DA:423,2
DA:424,2
DA:425,2
DA:426,2
DA:427,2
DA:428,1
DA:429,1
DA:430,1
DA:431,1
DA:432,1
DA:433,1
DA:434,2
DA:437,5
DA:438,5
DA:439,5
DA:440,5
DA:441,5
DA:442,5
DA:443,5
DA:444,4
DA:445,4
DA:446,4
DA:447,4
DA:449,4
DA:450,4
DA:451,4
DA:452,4
DA:453,4
DA:454,4
DA:455,4
DA:456,4
DA:457,4
DA:458,4
DA:459,4
DA:460,5
DA:463,4
DA:464,4
DA:465,4
DA:466,4
DA:467,4
DA:469,4
DA:470,4
DA:472,4
DA:473,1
DA:475,3
DA:478,4
DA:481,4
DA:482,4
DA:483,4
DA:484,4
DA:485,4
DA:486,4
DA:489,1
DA:490,1
DA:491,1
DA:492,1
DA:493,1
DA:494,1
DA:498,2
DA:499,2
DA:500,2
DA:501,2
DA:502,2
DA:503,2
DA:504,2
DA:505,2
DA:506,2
DA:511,20
DA:512,20
DA:513,20
DA:514,20
DA:515,20
DA:516,20
DA:517,153
DA:518,20
DA:519,20
DA:520,20
DA:522,7542
DA:524,7542
DA:525,7542
DA:526,7542
DA:527,7542
DA:528,7542
DA:530,7542
DA:533,3
DA:534,3
DA:535,3
DA:536,3
DA:537,3
DA:538,2
DA:539,2
DA:540,2
DA:541,2
DA:542,2
DA:543,7536
DA:544,7536
DA:545,7536
DA:546,7536
DA:547,7536
DA:548,7536
DA:549,2
DA:550,3
DA:553,7
DA:554,7
DA:555,7
DA:556,7
DA:557,7
DA:558,7
DA:559,5
DA:560,6
DA:561,5
DA:562,7
DA:565,5
DA:566,5
DA:567,5
DA:568,5
DA:569,5
DA:570,5
DA:571,5
DA:572,5
DA:573,5
DA:574,5
DA:575,5
DA:576,5
DA:577,5
DA:580,5
DA:581,5
DA:582,5
DA:583,5
DA:585,5
DA:586,4
DA:587,5
DA:597,6
DA:598,6
DA:599,6
DA:600,6
DA:601,6
DA:602,6
DA:603,6
DA:604,6
DA:605,6
DA:606,6
DA:607,6
DA:608,6
DA:609,6
DA:610,6
DA:611,6
DA:612,6
DA:613,6
DA:614,6
DA:615,6
DA:616,6
DA:617,6
DA:618,6
DA:619,6
DA:620,6
DA:623,4
DA:624,4
DA:625,4
DA:626,4
DA:627,4
DA:628,1
DA:630,3
DA:632,4
DA:633,4
DA:634,3
DA:636,1
DA:638,4
DA:639,4
DA:640,4
DA:641,4
DA:642,4
DA:646,7
DA:648,7
DA:649,7
DA:650,7
DA:651,7
DA:652,7
DA:653,7
DA:654,7
DA:655,7
DA:656,7
DA:657,7
DA:658,7
DA:659,7
DA:660,7
DA:662,7
DA:664,2
DA:665,2
DA:666,2
DA:667,2
DA:668,2
DA:669,2
DA:670,2
DA:672,121
DA:674,121
DA:675,121
DA:676,121
DA:677,121
DA:678,121
DA:679,121
DA:680,121
DA:681,121
DA:682,121
DA:683,121
DA:684,121
DA:685,121
DA:686,121
DA:687,121
DA:688,121
DA:690,121
DA:693,5
DA:694,5
DA:695,5
DA:696,5
DA:697,5
DA:698,5
DA:699,65
DA:700,5
DA:701,5
DA:704,6
DA:705,6
DA:706,6
DA:707,6
DA:708,6
DA:709,6
DA:710,6
DA:711,127
DA:712,6
DA:713,6
DA:716,2
DA:717,2
DA:718,2
DA:719,2
DA:722,5
DA:723,5
DA:724,5
DA:725,5
DA:726,5
DA:727,5
DA:728,212
DA:729,212
DA:730,212
DA:731,212
DA:732,212
DA:733,212
DA:734,212
DA:735,212
DA:736,212
DA:737,5
DA:738,5
DA:741,12
DA:743,12
DA:744,12
DA:745,7
DA:746,5
DA:748,5
DA:749,5
DA:750,5
DA:751,12
DA:753,7
DA:755,7
DA:756,3
DA:758,4
DA:760,7
DA:762,7
DA:765,7
DA:766,7
DA:767,7
DA:768,7
DA:769,7
DA:770,14
DA:771,14
DA:772,14
DA:773,14
DA:774,14
DA:775,14
DA:776,10
DA:777,2
DA:778,2
DA:779,2
DA:780,2
DA:781,14
DA:782,7
DA:783,7
DA:784,7
DA:787,6
DA:788,6
DA:789,6
DA:790,6
DA:791,6
DA:792,6
DA:793,6
DA:794,6
DA:795,6
DA:796,6
DA:797,5
DA:798,5
DA:799,5
DA:800,5
DA:801,5
DA:802,5
DA:803,5
DA:804,5
DA:805,5
DA:807,5
DA:808,5
DA:809,5
DA:810,5
DA:811,5
DA:812,5
DA:813,5
DA:814,4
DA:815,6
DA:818,2
DA:819,2
DA:820,2
DA:821,2
DA:822,2
DA:823,1
DA:824,1
DA:826,1
DA:827,1
DA:828,1
DA:829,1
DA:830,1
DA:831,1
DA:832,1
DA:833,1
DA:834,1
DA:835,2
DA:837,2
DA:838,2
DA:839,2
DA:840,2
DA:841,2
DA:842,2
DA:844,1
DA:845,1
DA:846,1
DA:847,1
DA:848,1
DA:849,1
DA:850,1
DA:851,1
DA:853,1
DA:854,1
DA:855,1
DA:856,1
DA:857,1
DA:858,1
DA:859,1
DA:860,1
DA:863,3
DA:864,3
DA:865,3
DA:866,3
DA:867,3
DA:868,3
DA:869,3
DA:870,3
DA:871,3
DA:872,3
DA:875,1
DA:876,1
DA:877,1
DA:878,1
DA:879,1
DA:880,1
DA:881,1
DA:884,3
DA:885,3
DA:886,3
DA:887,3
DA:888,3
DA:889,3
DA:890,2
DA:891,2
DA:892,2
DA:893,2
DA:894,2
DA:895,2
DA:896,2
DA:897,2
DA:898,2
DA:899,2
DA:900,2
DA:901,2
DA:902,2
DA:903,2
DA:904,3
DA:907,3
DA:908,3
DA:909,3
DA:910,3
DA:911,3
DA:912,3
DA:913,3
DA:914,2
DA:916,1
DA:918,3
DA:919,3
DA:920,3
DA:921,3
DA:922,3
DA:923,3
DA:924,3
DA:925,3
DA:926,3
DA:927,3
DA:928,3
DA:929,3
DA:930,3
DA:931,3
DA:932,3
DA:933,3
DA:934,3
DA:935,3
DA:936,3
DA:937,3
DA:938,3
DA:941,8
DA:942,8
DA:943,8
DA:944,8
DA:945,8
DA:946,1
DA:947,7
DA:948,7
DA:950,7
DA:951,9
DA:952,9
DA:953,9
DA:954,0
DA:955,7
DA:956,7
DA:957,7
DA:958,7
DA:959,7
DA:962,7
DA:963,121
DA:964,121
DA:965,6
DA:966,6
DA:967,6
DA:968,115
DA:970,121
DA:971,121
DA:972,121
DA:973,121
DA:974,121
DA:975,121
DA:976,121
DA:977,121
DA:979,7
DA:980,8
DA:984,0
DA:985,0
DA:986,0
BRF:0
BRH:0
LF:697
LH:620
end_of_record
SF:/root/reader/core/src/convert/mod.rs
FN:150,_RNCNvNtCs9BqXjdeQZds_11reader_core7convert9build_opf0B5_
FN:51,_RNCNCNCNvMNtCs9BqXjdeQZds_11reader_core7convertNtB8_17BookCanonicalizer12canonicalizes0_000Ba_
FN:52,_RNCNCNCNvMNtCs9BqXjdeQZds_11reader_core7convertNtB8_17BookCanonicalizer12canonicalizes0_00s_0Ba_
FN:46,_RNCNCNvMNtCs9BqXjdeQZds_11reader_core7convertNtB6_17BookCanonicalizer12canonicalizes0_00B8_
FN:83,_RNCNCNvMNtCs9BqXjdeQZds_11reader_core7convertNtB6_17BookCanonicalizer12canonicalizes3_00B8_
FN:30,_RNCNvMNtCs9BqXjdeQZds_11reader_core7convertNtB4_17BookCanonicalizer12canonicalize0B6_
FN:44,_RNCNvMNtCs9BqXjdeQZds_11reader_core7convertNtB4_17BookCanonicalizer12canonicalizes0_0B6_
FN:67,_RNCNvMNtCs9BqXjdeQZds_11reader_core7convertNtB4_17BookCanonicalizer12canonicalizes1_0B6_
FN:75,_RNCNvMNtCs9BqXjdeQZds_11reader_core7convertNtB4_17BookCanonicalizer12canonicalizes2_0B6_
FN:83,_RNCNvMNtCs9BqXjdeQZds_11reader_core7convertNtB4_17BookCanonicalizer12canonicalizes3_0B6_
FN:85,_RNCNvMNtCs9BqXjdeQZds_11reader_core7convertNtB4_17BookCanonicalizer12canonicalizes5_0B6_
FN:87,_RNCNvMNtCs9BqXjdeQZds_11reader_core7convertNtB4_17BookCanonicalizer12canonicalizes6_0B6_
FN:94,_RNCNvMNtCs9BqXjdeQZds_11reader_core7convertNtB4_17BookCanonicalizer12canonicalizes7_0B6_
FN:99,_RNCNvMNtCs9BqXjdeQZds_11reader_core7convertNtB4_17BookCanonicalizer12canonicalizes8_0B6_
FN:103,_RNCNvMNtCs9BqXjdeQZds_11reader_core7convertNtB4_17BookCanonicalizer12canonicalizes9_0B6_
FN:43,_RNCNvMNtCs9BqXjdeQZds_11reader_core7convertNtB4_17BookCanonicalizer12canonicalizes_0B6_
FN:192,_RNCNvNtCs9BqXjdeQZds_11reader_core7convert9build_nav0B5_
FN:21,_RNvMNtCs9BqXjdeQZds_11reader_core7convertNtB2_17BookCanonicalizer12canonicalize
FN:231,_RNvNtCs9BqXjdeQZds_11reader_core7convert10escape_xml
FN:112,_RNvNtCs9BqXjdeQZds_11reader_core7convert13container_xml
FN:215,_RNvNtCs9BqXjdeQZds_11reader_core7convert17parsed_title_hash
FN:108,_RNvNtCs9BqXjdeQZds_11reader_core7convert8basename
FN:181,_RNvNtCs9BqXjdeQZds_11reader_core7convert9build_nav
FN:123,_RNvNtCs9BqXjdeQZds_11reader_core7convert9build_opf
FN:150,_RNCNvNtCs547XrBZfZJf_11reader_core7convert9build_opf0B5_
FN:242,_RNvNtNtCs547XrBZfZJf_11reader_core7convert5tests11sample_book
FN:268,_RNvNtNtCs547XrBZfZJf_11reader_core7convert5testss_22canonicalize_roundtrip
FN:51,_RNCNCNCNvMNtCs547XrBZfZJf_11reader_core7convertNtB8_17BookCanonicalizer12canonicalizes0_000Ba_
FN:52,_RNCNCNCNvMNtCs547XrBZfZJf_11reader_core7convertNtB8_17BookCanonicalizer12canonicalizes0_00s_0Ba_
FN:46,_RNCNCNvMNtCs547XrBZfZJf_11reader_core7convertNtB6_17BookCanonicalizer12canonicalizes0_00B8_
FN:83,_RNCNCNvMNtCs547XrBZfZJf_11reader_core7convertNtB6_17BookCanonicalizer12canonicalizes3_00B8_
FN:30,_RNCNvMNtCs547XrBZfZJf_11reader_core7convertNtB4_17BookCanonicalizer12canonicalize0B6_
FN:44,_RNCNvMNtCs547XrBZfZJf_11reader_core7convertNtB4_17BookCanonicalizer12canonicalizes0_0B6_
FN:67,_RNCNvMNtCs547XrBZfZJf_11reader_core7convertNtB4_17BookCanonicalizer12canonicalizes1_0B6_
FN:75,_RNCNvMNtCs547XrBZfZJf_11reader_core7convertNtB4_17BookCanonicalizer12canonicalizes2_0B6_
FN:83,_RNCNvMNtCs547XrBZfZJf_11reader_core7convertNtB4_17BookCanonicalizer12canonicalizes3_0B6_
FN:85,_RNCNvMNtCs547XrBZfZJf_11reader_core7convertNtB4_17BookCanonicalizer12canonicalizes5_0B6_
FN:87,_RNCNvMNtCs547XrBZfZJf_11reader_core7convertNtB4_17BookCanonicalizer12canonicalizes6_0B6_
FN:94,_RNCNvMNtCs547XrBZfZJf_11reader_core7convertNtB4_17BookCanonicalizer12canonicalizes7_0B6_
FN:99,_RNCNvMNtCs547XrBZfZJf_11reader_core7convertNtB4_17BookCanonicalizer12canonicalizes8_0B6_
FN:103,_RNCNvMNtCs547XrBZfZJf_11reader_core7convertNtB4_17BookCanonicalizer12canonicalizes9_0B6_
FN:43,_RNCNvMNtCs547XrBZfZJf_11reader_core7convertNtB4_17BookCanonicalizer12canonicalizes_0B6_
FN:192,_RNCNvNtCs547XrBZfZJf_11reader_core7convert9build_nav0B5_
FN:21,_RNvMNtCs547XrBZfZJf_11reader_core7convertNtB2_17BookCanonicalizer12canonicalize
FN:231,_RNvNtCs547XrBZfZJf_11reader_core7convert10escape_xml
FN:112,_RNvNtCs547XrBZfZJf_11reader_core7convert13container_xml
FN:215,_RNvNtCs547XrBZfZJf_11reader_core7convert17parsed_title_hash
FN:108,_RNvNtCs547XrBZfZJf_11reader_core7convert8basename
FN:181,_RNvNtCs547XrBZfZJf_11reader_core7convert9build_nav
FN:123,_RNvNtCs547XrBZfZJf_11reader_core7convert9build_opf
FNDA:4,_RNCNvNtCs9BqXjdeQZds_11reader_core7convert9build_opf0B5_
FNDA:401,_RNCNCNCNvMNtCs9BqXjdeQZds_11reader_core7convertNtB8_17BookCanonicalizer12canonicalizes0_000Ba_
FNDA:114,_RNCNCNCNvMNtCs9BqXjdeQZds_11reader_core7convertNtB8_17BookCanonicalizer12canonicalizes0_00s_0Ba_
FNDA:133,_RNCNCNvMNtCs9BqXjdeQZds_11reader_core7convertNtB6_17BookCanonicalizer12canonicalizes0_00B8_
FNDA:107,_RNCNCNvMNtCs9BqXjdeQZds_11reader_core7convertNtB6_17BookCanonicalizer12canonicalizes3_00B8_
FNDA:0,_RNCNvMNtCs9BqXjdeQZds_11reader_core7convertNtB4_17BookCanonicalizer12canonicalize0B6_
FNDA:198,_RNCNvMNtCs9BqXjdeQZds_11reader_core7convertNtB4_17BookCanonicalizer12canonicalizes0_0B6_
FNDA:0,_RNCNvMNtCs9BqXjdeQZds_11reader_core7convertNtB4_17BookCanonicalizer12canonicalizes1_0B6_
FNDA:0,_RNCNvMNtCs9BqXjdeQZds_11reader_core7convertNtB4_17BookCanonicalizer12canonicalizes2_0B6_
FNDA:33,_RNCNvMNtCs9BqXjdeQZds_11reader_core7convertNtB4_17BookCanonicalizer12canonicalizes3_0B6_
FNDA:0,_RNCNvMNtCs9BqXjdeQZds_11reader_core7convertNtB4_17BookCanonicalizer12canonicalizes5_0B6_
FNDA:0,_RNCNvMNtCs9BqXjdeQZds_11reader_core7convertNtB4_17BookCanonicalizer12canonicalizes6_0B6_
FNDA:0,_RNCNvMNtCs9BqXjdeQZds_11reader_core7convertNtB4_17BookCanonicalizer12canonicalizes7_0B6_
FNDA:0,_RNCNvMNtCs9BqXjdeQZds_11reader_core7convertNtB4_17BookCanonicalizer12canonicalizes8_0B6_
FNDA:0,_RNCNvMNtCs9BqXjdeQZds_11reader_core7convertNtB4_17BookCanonicalizer12canonicalizes9_0B6_
FNDA:0,_RNCNvMNtCs9BqXjdeQZds_11reader_core7convertNtB4_17BookCanonicalizer12canonicalizes_0B6_
FNDA:0,_RNCNvNtCs9BqXjdeQZds_11reader_core7convert9build_nav0B5_
FNDA:6,_RNvMNtCs9BqXjdeQZds_11reader_core7convertNtB2_17BookCanonicalizer12canonicalize
FNDA:208,_RNvNtCs9BqXjdeQZds_11reader_core7convert10escape_xml
FNDA:6,_RNvNtCs9BqXjdeQZds_11reader_core7convert13container_xml
FNDA:6,_RNvNtCs9BqXjdeQZds_11reader_core7convert17parsed_title_hash
FNDA:14,_RNvNtCs9BqXjdeQZds_11reader_core7convert8basename
FNDA:6,_RNvNtCs9BqXjdeQZds_11reader_core7convert9build_nav
FNDA:6,_RNvNtCs9BqXjdeQZds_11reader_core7convert9build_opf
FNDA:1,_RNCNvNtCs547XrBZfZJf_11reader_core7convert9build_opf0B5_
FNDA:1,_RNvNtNtCs547XrBZfZJf_11reader_core7convert5tests11sample_book
FNDA:1,_RNvNtNtCs547XrBZfZJf_11reader_core7convert5testss_22canonicalize_roundtrip
FNDA:0,_RNCNCNCNvMNtCs547XrBZfZJf_11reader_core7convertNtB8_17BookCanonicalizer12canonicalizes0_000Ba_
FNDA:0,_RNCNCNCNvMNtCs547XrBZfZJf_11reader_core7convertNtB8_17BookCanonicalizer12canonicalizes0_00s_0Ba_
FNDA:0,_RNCNCNvMNtCs547XrBZfZJf_11reader_core7convertNtB6_17BookCanonicalizer12canonicalizes0_00B8_
FNDA:0,_RNCNCNvMNtCs547XrBZfZJf_11reader_core7convertNtB6_17BookCanonicalizer12canonicalizes3_00B8_
FNDA:0,_RNCNvMNtCs547XrBZfZJf_11reader_core7convertNtB4_17BookCanonicalizer12canonicalize0B6_
FNDA:11,_RNCNvMNtCs547XrBZfZJf_11reader_core7convertNtB4_17BookCanonicalizer12canonicalizes0_0B6_
FNDA:0,_RNCNvMNtCs547XrBZfZJf_11reader_core7convertNtB4_17BookCanonicalizer12canonicalizes1_0B6_
FNDA:0,_RNCNvMNtCs547XrBZfZJf_11reader_core7convertNtB4_17BookCanonicalizer12canonicalizes2_0B6_
FNDA:0,_RNCNvMNtCs547XrBZfZJf_11reader_core7convertNtB4_17BookCanonicalizer12canonicalizes3_0B6_
FNDA:0,_RNCNvMNtCs547XrBZfZJf_11reader_core7convertNtB4_17BookCanonicalizer12canonicalizes5_0B6_
FNDA:0,_RNCNvMNtCs547XrBZfZJf_11reader_core7convertNtB4_17BookCanonicalizer12canonicalizes6_0B6_
FNDA:0,_RNCNvMNtCs547XrBZfZJf_11reader_core7convertNtB4_17BookCanonicalizer12canonicalizes7_0B6_
FNDA:0,_RNCNvMNtCs547XrBZfZJf_11reader_core7convertNtB4_17BookCanonicalizer12canonicalizes8_0B6_
FNDA:0,_RNCNvMNtCs547XrBZfZJf_11reader_core7convertNtB4_17BookCanonicalizer12canonicalizes9_0B6_
FNDA:0,_RNCNvMNtCs547XrBZfZJf_11reader_core7convertNtB4_17BookCanonicalizer12canonicalizes_0B6_
FNDA:0,_RNCNvNtCs547XrBZfZJf_11reader_core7convert9build_nav0B5_
FNDA:8,_RNvMNtCs547XrBZfZJf_11reader_core7convertNtB2_17BookCanonicalizer12canonicalize
FNDA:20,_RNvNtCs547XrBZfZJf_11reader_core7convert10escape_xml
FNDA:8,_RNvNtCs547XrBZfZJf_11reader_core7convert13container_xml
FNDA:8,_RNvNtCs547XrBZfZJf_11reader_core7convert17parsed_title_hash
FNDA:0,_RNvNtCs547XrBZfZJf_11reader_core7convert8basename
FNDA:8,_RNvNtCs547XrBZfZJf_11reader_core7convert9build_nav
FNDA:8,_RNvNtCs547XrBZfZJf_11reader_core7convert9build_opf
FNF:26
FNH:16
DA:21,14
DA:22,14
DA:23,14
DA:25,14
DA:26,14
DA:29,14
DA:30,14
DA:31,14
DA:34,14
DA:35,14
DA:36,14
DA:37,14
DA:38,14
DA:39,14
DA:40,14
DA:42,14
DA:43,14
DA:44,209
DA:45,209
DA:46,209
DA:47,133
DA:48,133
DA:49,133
DA:50,133
DA:51,401
DA:52,133
DA:53,133
DA:54,114
DA:55,19
DA:57,133
DA:58,209
DA:59,209
DA:62,14
DA:63,209
DA:64,209
DA:65,209
DA:66,209
DA:67,209
DA:68,209
DA:69,209
DA:73,14
DA:74,14
DA:75,14
DA:76,14
DA:79,14
DA:80,14
DA:81,14
DA:82,14
DA:83,107
DA:84,14
DA:85,14
DA:86,14
DA:87,14
DA:88,14
DA:92,14
DA:93,14
DA:94,14
DA:95,14
DA:98,14
DA:99,14
DA:100,14
DA:102,14
DA:103,14
DA:104,14
DA:105,14
DA:108,14
DA:109,14
DA:110,14
DA:112,14
DA:113,14
DA:114,14
DA:115,14
DA:116,14
DA:117,14
DA:118,14
DA:119,14
DA:120,14
DA:121,14
DA:123,14
DA:124,14
DA:125,14
DA:126,14
DA:127,14
DA:128,14
DA:131,209
DA:132,209
DA:133,209
DA:134,209
DA:135,209
DA:136,14
DA:137,14
DA:138,14
DA:139,14
DA:140,14
DA:142,14
DA:143,209
DA:144,209
DA:145,209
DA:147,14
DA:148,14
DA:149,14
DA:150,14
DA:151,14
DA:152,14
DA:153,14
DA:154,14
DA:155,9
DA:157,5
DA:160,14
DA:176,14
DA:177,14
DA:179,14
DA:181,14
DA:182,14
DA:183,209
DA:184,209
DA:185,0
DA:187,209
DA:189,209
DA:190,209
DA:191,209
DA:192,209
DA:193,209
DA:194,209
DA:195,209
DA:196,209
DA:198,14
DA:213,14
DA:215,14
DA:217,14
DA:218,14
DA:219,209
DA:220,209
DA:221,209
DA:222,209
DA:223,14
DA:224,14
DA:225,112
DA:226,112
DA:227,112
DA:228,14
DA:229,14
DA:231,228
DA:232,228
DA:233,228
DA:234,228
DA:235,228
DA:242,1
DA:243,1
DA:244,1
DA:245,1
DA:246,1
DA:247,1
DA:248,1
DA:249,1
DA:250,1
DA:251,1
DA:252,1
DA:253,1
DA:254,1
DA:255,1
DA:256,1
DA:257,1
DA:258,1
DA:259,1
DA:260,1
DA:261,1
DA:262,1
DA:263,1
DA:264,1
DA:265,1
DA:268,1
DA:269,1
DA:270,1
DA:271,1
DA:272,1
DA:275,1
DA:276,1
DA:277,1
DA:278,1
DA:279,1
DA:280,1
BRF:0
BRH:0
LF:199
LH:188
end_of_record
SF:/root/reader/core/src/dict/mod.rs
FN:65,_RNvNtCs9BqXjdeQZds_11reader_core4dict11extract_pos
FN:88,_RNvNtCs9BqXjdeQZds_11reader_core4dict15strip_html_tags
FN:58,_RNvYNtNtNtCs9BqXjdeQZds_11reader_core4dict8provider12EchoProviderNtB6_19TranslationProvider14key_is_missingB8_
FN:47,_RNvYNtNtNtCs9BqXjdeQZds_11reader_core4dict8provider12EchoProviderNtB6_19TranslationProvider9configureB8_
FN:49,_RNvYNtNtNtCs9BqXjdeQZds_11reader_core4dict8provider12EchoProviderNtB6_19TranslationProvider9needs_keyB8_
FN:49,_RNvYNtNtNtCs9BqXjdeQZds_11reader_core4dict8provider13DeepLProviderNtB6_19TranslationProvider9needs_keyB8_
FN:58,_RNvYNtNtNtCs9BqXjdeQZds_11reader_core4dict8provider15OfflineProviderNtB6_19TranslationProvider14key_is_missingB8_
FN:47,_RNvYNtNtNtCs9BqXjdeQZds_11reader_core4dict8provider15OfflineProviderNtB6_19TranslationProvider9configureB8_
FN:114,_RNvNtNtCs547XrBZfZJf_11reader_core4dict5testss_30strip_html_tags_keeps_stray_gt
FN:121,_RNvNtNtCs547XrBZfZJf_11reader_core4dict5testss_34strip_html_tags_skips_tag_contents
FN:107,_RNvNtNtCs547XrBZfZJf_11reader_core4dict5testss_39strip_html_tags_removes_tags_keeps_text
FN:128,_RNvNtNtCs547XrBZfZJf_11reader_core4dict5testss_40extract_pos_finds_pos_marker_after_strip
FN:65,_RNvNtCs547XrBZfZJf_11reader_core4dict11extract_pos
FN:88,_RNvNtCs547XrBZfZJf_11reader_core4dict15strip_html_tags
FN:58,_RNvYNtNtNtCs547XrBZfZJf_11reader_core4dict8provider15FailingProviderNtB6_19TranslationProvider14key_is_missingB8_
FN:47,_RNvYNtNtNtCs547XrBZfZJf_11reader_core4dict8provider15FailingProviderNtB6_19TranslationProvider9configureB8_
FN:49,_RNvYNtNtNtCs547XrBZfZJf_11reader_core4dict8provider15FailingProviderNtB6_19TranslationProvider9needs_keyB8_
FN:58,_RNvYNtNtNtCs547XrBZfZJf_11reader_core4dict8provider16CountingProviderNtB6_19TranslationProvider14key_is_missingB8_
FN:47,_RNvYNtNtNtCs547XrBZfZJf_11reader_core4dict8provider16CountingProviderNtB6_19TranslationProvider9configureB8_
FN:49,_RNvYNtNtNtCs547XrBZfZJf_11reader_core4dict8provider16CountingProviderNtB6_19TranslationProvider9needs_keyB8_
FN:58,_RNvYNtNtNtNtCs547XrBZfZJf_11reader_core4dict11translation5tests11OfflineStubNtB8_19TranslationProvider14key_is_missingBa_
FN:47,_RNvYNtNtNtNtCs547XrBZfZJf_11reader_core4dict11translation5tests11OfflineStubNtB8_19TranslationProvider9configureBa_
FN:58,_RNvYNtNtNtNtCs547XrBZfZJf_11reader_core4dict11translation5tests12FailingDeepLNtB8_19TranslationProvider14key_is_missingBa_
FN:47,_RNvYNtNtNtNtCs547XrBZfZJf_11reader_core4dict11translation5tests12FailingDeepLNtB8_19TranslationProvider9configureBa_
FN:49,_RNvYNtNtNtNtCs547XrBZfZJf_11reader_core4dict11translation5tests12FailingDeepLNtB8_19TranslationProvider9needs_keyBa_
FN:58,_RNvYNtNtNtNtCs547XrBZfZJf_11reader_core4dict11translation5tests14MissingOfflineNtB8_19TranslationProvider14key_is_missingBa_
FN:47,_RNvYNtNtNtNtCs547XrBZfZJf_11reader_core4dict11translation5tests14MissingOfflineNtB8_19TranslationProvider9configureBa_
FN:58,_RNvYNtNtNtNtCs547XrBZfZJf_11reader_core4dict11translation5tests14RecordingDeepLNtB8_19TranslationProvider14key_is_missingBa_
FN:47,_RNvYNtNtNtNtCs547XrBZfZJf_11reader_core4dict11translation5tests14RecordingDeepLNtB8_19TranslationProvider9configureBa_
FN:49,_RNvYNtNtNtNtCs547XrBZfZJf_11reader_core4dict11translation5tests14RecordingDeepLNtB8_19TranslationProvider9needs_keyBa_
FN:58,_RNvYNtNtNtNtCs547XrBZfZJf_11reader_core4dict11translation5tests14SharedCountingNtB8_19TranslationProvider14key_is_missingBa_
FN:47,_RNvYNtNtNtNtCs547XrBZfZJf_11reader_core4dict11translation5tests14SharedCountingNtB8_19TranslationProvider9configureBa_
FN:49,_RNvYNtNtNtNtCs547XrBZfZJf_11reader_core4dict11translation5tests14SharedCountingNtB8_19TranslationProvider9needs_keyBa_
FN:58,_RNvYNtNtNtNtCs547XrBZfZJf_11reader_core4dict11translation5tests15KeyGateProviderNtB8_19TranslationProvider14key_is_missingBa_
FN:49,_RNvYNtNtNtNtCs547XrBZfZJf_11reader_core4dict11translation5tests15KeyGateProviderNtB8_19TranslationProvider9needs_keyBa_
FN:58,_RNvYNtNtNtNtCs547XrBZfZJf_11reader_core4dict11translation5tests9DeepLStubNtB8_19TranslationProvider14key_is_missingBa_
FN:47,_RNvYNtNtNtNtCs547XrBZfZJf_11reader_core4dict11translation5tests9DeepLStubNtB8_19TranslationProvider9configureBa_
FN:49,_RNvYNtNtNtNtCs547XrBZfZJf_11reader_core4dict11translation5tests9DeepLStubNtB8_19TranslationProvider9needs_keyBa_
FN:58,_RNvYNtNtNtCs547XrBZfZJf_11reader_core4dict8provider12EchoProviderNtB6_19TranslationProvider14key_is_missingB8_
FN:47,_RNvYNtNtNtCs547XrBZfZJf_11reader_core4dict8provider12EchoProviderNtB6_19TranslationProvider9configureB8_
FN:49,_RNvYNtNtNtCs547XrBZfZJf_11reader_core4dict8provider12EchoProviderNtB6_19TranslationProvider9needs_keyB8_
FN:49,_RNvYNtNtNtCs547XrBZfZJf_11reader_core4dict8provider13DeepLProviderNtB6_19TranslationProvider9needs_keyB8_
FN:58,_RNvYNtNtNtCs547XrBZfZJf_11reader_core4dict8provider15OfflineProviderNtB6_19TranslationProvider14key_is_missingB8_
FN:47,_RNvYNtNtNtCs547XrBZfZJf_11reader_core4dict8provider15OfflineProviderNtB6_19TranslationProvider9configureB8_
FN:58,_RNvYNtNtNtCs9BqXjdeQZds_11reader_core4dict8provider12EchoProviderNtB6_19TranslationProvider14key_is_missingCs6TxNYeCRE9A_16translate_corpus
FN:47,_RNvYNtNtNtCs9BqXjdeQZds_11reader_core4dict8provider12EchoProviderNtB6_19TranslationProvider9configureCs6TxNYeCRE9A_16translate_corpus
FN:49,_RNvYNtNtNtCs9BqXjdeQZds_11reader_core4dict8provider12EchoProviderNtB6_19TranslationProvider9needs_keyCs6TxNYeCRE9A_16translate_corpus
FNDA:8,_RNvNtCs9BqXjdeQZds_11reader_core4dict11extract_pos
FNDA:8,_RNvNtCs9BqXjdeQZds_11reader_core4dict15strip_html_tags
FNDA:3,_RNvYNtNtNtCs9BqXjdeQZds_11reader_core4dict8provider12EchoProviderNtB6_19TranslationProvider14key_is_missingB8_
FNDA:1,_RNvYNtNtNtCs9BqXjdeQZds_11reader_core4dict8provider12EchoProviderNtB6_19TranslationProvider9configureB8_
FNDA:2,_RNvYNtNtNtCs9BqXjdeQZds_11reader_core4dict8provider12EchoProviderNtB6_19TranslationProvider9needs_keyB8_
FNDA:2,_RNvYNtNtNtCs9BqXjdeQZds_11reader_core4dict8provider13DeepLProviderNtB6_19TranslationProvider9needs_keyB8_
FNDA:0,_RNvYNtNtNtCs9BqXjdeQZds_11reader_core4dict8provider15OfflineProviderNtB6_19TranslationProvider14key_is_missingB8_
FNDA:0,_RNvYNtNtNtCs9BqXjdeQZds_11reader_core4dict8provider15OfflineProviderNtB6_19TranslationProvider9configureB8_
FNDA:1,_RNvNtNtCs547XrBZfZJf_11reader_core4dict5testss_30strip_html_tags_keeps_stray_gt
FNDA:1,_RNvNtNtCs547XrBZfZJf_11reader_core4dict5testss_34strip_html_tags_skips_tag_contents
FNDA:1,_RNvNtNtCs547XrBZfZJf_11reader_core4dict5testss_39strip_html_tags_removes_tags_keeps_text
FNDA:1,_RNvNtNtCs547XrBZfZJf_11reader_core4dict5testss_40extract_pos_finds_pos_marker_after_strip
FNDA:117,_RNvNtCs547XrBZfZJf_11reader_core4dict11extract_pos
FNDA:123,_RNvNtCs547XrBZfZJf_11reader_core4dict15strip_html_tags
FNDA:3,_RNvYNtNtNtCs547XrBZfZJf_11reader_core4dict8provider15FailingProviderNtB6_19TranslationProvider14key_is_missingB8_
FNDA:0,_RNvYNtNtNtCs547XrBZfZJf_11reader_core4dict8provider15FailingProviderNtB6_19TranslationProvider9configureB8_
FNDA:3,_RNvYNtNtNtCs547XrBZfZJf_11reader_core4dict8provider15FailingProviderNtB6_19TranslationProvider9needs_keyB8_
FNDA:1,_RNvYNtNtNtCs547XrBZfZJf_11reader_core4dict8provider16CountingProviderNtB6_19TranslationProvider14key_is_missingB8_
FNDA:0,_RNvYNtNtNtCs547XrBZfZJf_11reader_core4dict8provider16CountingProviderNtB6_19TranslationProvider9configureB8_
FNDA:0,_RNvYNtNtNtCs547XrBZfZJf_11reader_core4dict8provider16CountingProviderNtB6_19TranslationProvider9needs_keyB8_
FNDA:0,_RNvYNtNtNtNtCs547XrBZfZJf_11reader_core4dict11translation5tests11OfflineStubNtB8_19TranslationProvider14key_is_missingBa_
FNDA:0,_RNvYNtNtNtNtCs547XrBZfZJf_11reader_core4dict11translation5tests11OfflineStubNtB8_19TranslationProvider9configureBa_
FNDA:3,_RNvYNtNtNtNtCs547XrBZfZJf_11reader_core4dict11translation5tests12FailingDeepLNtB8_19TranslationProvider14key_is_missingBa_
FNDA:0,_RNvYNtNtNtNtCs547XrBZfZJf_11reader_core4dict11translation5tests12FailingDeepLNtB8_19TranslationProvider9configureBa_
FNDA:5,_RNvYNtNtNtNtCs547XrBZfZJf_11reader_core4dict11translation5tests12FailingDeepLNtB8_19TranslationProvider9needs_keyBa_
FNDA:0,_RNvYNtNtNtNtCs547XrBZfZJf_11reader_core4dict11translation5tests14MissingOfflineNtB8_19TranslationProvider14key_is_missingBa_
FNDA:0,_RNvYNtNtNtNtCs547XrBZfZJf_11reader_core4dict11translation5tests14MissingOfflineNtB8_19TranslationProvider9configureBa_
FNDA:1,_RNvYNtNtNtNtCs547XrBZfZJf_11reader_core4dict11translation5tests14RecordingDeepLNtB8_19TranslationProvider14key_is_missingBa_
FNDA:0,_RNvYNtNtNtNtCs547XrBZfZJf_11reader_core4dict11translation5tests14RecordingDeepLNtB8_19TranslationProvider9configureBa_
FNDA:2,_RNvYNtNtNtNtCs547XrBZfZJf_11reader_core4dict11translation5tests14RecordingDeepLNtB8_19TranslationProvider9needs_keyBa_
FNDA:1,_RNvYNtNtNtNtCs547XrBZfZJf_11reader_core4dict11translation5tests14SharedCountingNtB8_19TranslationProvider14key_is_missingBa_
FNDA:0,_RNvYNtNtNtNtCs547XrBZfZJf_11reader_core4dict11translation5tests14SharedCountingNtB8_19TranslationProvider9configureBa_
FNDA:0,_RNvYNtNtNtNtCs547XrBZfZJf_11reader_core4dict11translation5tests14SharedCountingNtB8_19TranslationProvider9needs_keyBa_
FNDA:2,_RNvYNtNtNtNtCs547XrBZfZJf_11reader_core4dict11translation5tests15KeyGateProviderNtB8_19TranslationProvider14key_is_missingBa_
FNDA:2,_RNvYNtNtNtNtCs547XrBZfZJf_11reader_core4dict11translation5tests15KeyGateProviderNtB8_19TranslationProvider9needs_keyBa_
FNDA:10,_RNvYNtNtNtNtCs547XrBZfZJf_11reader_core4dict11translation5tests9DeepLStubNtB8_19TranslationProvider14key_is_missingBa_
FNDA:1,_RNvYNtNtNtNtCs547XrBZfZJf_11reader_core4dict11translation5tests9DeepLStubNtB8_19TranslationProvider9configureBa_
FNDA:16,_RNvYNtNtNtNtCs547XrBZfZJf_11reader_core4dict11translation5tests9DeepLStubNtB8_19TranslationProvider9needs_keyBa_
FNDA:13,_RNvYNtNtNtCs547XrBZfZJf_11reader_core4dict8provider12EchoProviderNtB6_19TranslationProvider14key_is_missingB8_
FNDA:3,_RNvYNtNtNtCs547XrBZfZJf_11reader_core4dict8provider12EchoProviderNtB6_19TranslationProvider9configureB8_
FNDA:2,_RNvYNtNtNtCs547XrBZfZJf_11reader_core4dict8provider12EchoProviderNtB6_19TranslationProvider9needs_keyB8_
FNDA:0,_RNvYNtNtNtCs547XrBZfZJf_11reader_core4dict8provider13DeepLProviderNtB6_19TranslationProvider9needs_keyB8_
FNDA:0,_RNvYNtNtNtCs547XrBZfZJf_11reader_core4dict8provider15OfflineProviderNtB6_19TranslationProvider14key_is_missingB8_
FNDA:0,_RNvYNtNtNtCs547XrBZfZJf_11reader_core4dict8provider15OfflineProviderNtB6_19TranslationProvider9configureB8_
FNDA:2,_RNvYNtNtNtCs9BqXjdeQZds_11reader_core4dict8provider12EchoProviderNtB6_19TranslationProvider14key_is_missingCs6TxNYeCRE9A_16translate_corpus
FNDA:1,_RNvYNtNtNtCs9BqXjdeQZds_11reader_core4dict8provider12EchoProviderNtB6_19TranslationProvider9configureCs6TxNYeCRE9A_16translate_corpus
FNDA:0,_RNvYNtNtNtCs9BqXjdeQZds_11reader_core4dict8provider12EchoProviderNtB6_19TranslationProvider9needs_keyCs6TxNYeCRE9A_16translate_corpus
FNF:9
FNH:9
DA:47,6
DA:49,34
DA:50,34
DA:51,34
DA:58,39
DA:59,39
DA:60,39
DA:65,125
DA:66,125
DA:72,132
DA:73,132
DA:74,132
DA:75,0
DA:76,132
DA:77,1732
DA:78,1732
DA:79,123
DA:80,1609
DA:83,2
DA:84,125
DA:88,131
DA:89,131
DA:90,131
DA:91,2816
DA:92,2320
DA:93,248
DA:94,248
DA:95,1937
DA:96,383
DA:99,131
DA:100,131
DA:107,1
DA:109,1
DA:110,1
DA:111,1
DA:114,1
DA:116,1
DA:117,1
DA:118,1
DA:121,1
[...]
FN:513,_RNvNtNtCs547XrBZfZJf_11reader_core3tts5testss_35sentence_index_at_rejects_bad_input
FN:658,_RNvNtNtCs547XrBZfZJf_11reader_core3tts5testss_35snippet_never_splits_surrogate_pair
FN:643,_RNvNtNtCs547XrBZfZJf_11reader_core3tts5testss_35snippet_truncates_to_40_utf16_units
FN:687,_RNvNtNtCs547XrBZfZJf_11reader_core3tts5testss_37decimal_and_version_numbers_not_split
FN:412,_RNvNtNtCs547XrBZfZJf_11reader_core3tts5testss_37empty_or_whitespace_returns_empty_vec
FN:786,_RNvNtNtCs547XrBZfZJf_11reader_core3tts5testss_39helper_word_before_extracts_dotted_word
FN:695,_RNvNtNtCs547XrBZfZJf_11reader_core3tts5testss_39long_ellipsis_runs_are_single_delimiter
FN:469,_RNvNtNtCs547XrBZfZJf_11reader_core3tts5testss_39roundtrip_index_at_locator_for_sentence
FN:438,_RNvNtNtCs547XrBZfZJf_11reader_core3tts5testss_40locator_fields_and_monotonic_progression
FN:459,_RNvNtNtCs547XrBZfZJf_11reader_core3tts5testss_40locator_for_sentence_out_of_range_errors
FN:602,_RNvNtNtCs547XrBZfZJf_11reader_core3tts5testss_42crlf_and_blank_lines_force_sentence_breaks
FN:418,_RNvNtNtCs547XrBZfZJf_11reader_core3tts5testss_44long_run_without_punctuation_is_one_sentence
FN:708,_RNvNtNtCs547XrBZfZJf_11reader_core3tts5testss_44sentence_index_at_exact_boundary_and_epsilon
FN:667,_RNvNtNtCs547XrBZfZJf_11reader_core3tts5testss_44utf16_ranges_with_emoji_in_middle_and_at_end
FN:627,_RNvNtNtCs547XrBZfZJf_11reader_core3tts5testss_45leading_whitespace_first_chunk_starts_at_zero
FN:742,_RNvNtNtCs547XrBZfZJf_11reader_core3tts5testss_46sentence_index_at_rejects_whitespace_only_text
FN:620,_RNvNtNtCs547XrBZfZJf_11reader_core3tts5testss_49single_ascii_period_at_end_is_a_break_not_a_merge
FN:679,_RNvNtNtCs547XrBZfZJf_11reader_core3tts5testss_51single_capital_initial_and_dotted_acronym_not_split
FN:366,_RNvNtNtCs547XrBZfZJf_11reader_core3tts5testss_51splits_chinese_punctuation_and_keeps_closing_quotes
FN:635,_RNvNtNtCs547XrBZfZJf_11reader_core3tts5testss_52whitespace_after_delimiter_is_skipped_for_next_start
FN:611,_RNvNtNtCs547XrBZfZJf_11reader_core3tts5testss_53mixed_chinese_english_splits_on_both_punctuation_sets
FN:730,_RNvNtNtCs547XrBZfZJf_11reader_core3tts5testss_53sentence_index_at_rejects_non_finite_and_out_of_range
FN:588,_RNvNtNtCs547XrBZfZJf_11reader_core3tts5testss_60pure_punctuation_each_becomes_sentence_and_ranges_continuous
FNDA:0,_RNCNvNtCs9BqXjdeQZds_11reader_core3tts17sentence_index_at0B5_
FNDA:0,_RNCNvNtCs9BqXjdeQZds_11reader_core3tts19is_ascii_period_end0B5_
FNDA:1,_RNCNvNtCs9BqXjdeQZds_11reader_core3tts20locator_for_sentences_0B5_
FNDA:12,_RNvNtCs9BqXjdeQZds_11reader_core3tts10char_table
FNDA:55476,_RNvNtCs9BqXjdeQZds_11reader_core3tts10is_closing
FNDA:1053300,_RNvNtCs9BqXjdeQZds_11reader_core3tts11is_hard_end
FNDA:0,_RNvNtCs9BqXjdeQZds_11reader_core3tts11word_before
FNDA:45216,_RNvNtCs9BqXjdeQZds_11reader_core3tts12utf16_prefix
FNDA:1053360,_RNvNtCs9BqXjdeQZds_11reader_core3tts13delimiter_end
FNDA:0,_RNvNtCs9BqXjdeQZds_11reader_core3tts15is_abbreviation
FNDA:12,_RNvNtCs9BqXjdeQZds_11reader_core3tts15sentence_starts
FNDA:5,_RNvNtCs9BqXjdeQZds_11reader_core3tts17sentence_index_at
FNDA:0,_RNvNtCs9BqXjdeQZds_11reader_core3tts19is_ascii_period_end
FNDA:6,_RNvNtCs9BqXjdeQZds_11reader_core3tts20locator_for_sentence
FNDA:12,_RNvNtCs9BqXjdeQZds_11reader_core3tts7segment
FNDA:41,_RNCNvNtNtCs547XrBZfZJf_11reader_core3tts5tests5texts0B7_
FNDA:0,_RNCNvNtCs547XrBZfZJf_11reader_core3tts17sentence_index_at0B5_
FNDA:32,_RNCNvNtCs547XrBZfZJf_11reader_core3tts19is_ascii_period_end0B5_
FNDA:3,_RNCNvNtCs547XrBZfZJf_11reader_core3tts20locator_for_sentences_0B5_
FNDA:73,_RNvNtCs547XrBZfZJf_11reader_core3tts10char_table
FNDA:12608,_RNvNtCs547XrBZfZJf_11reader_core3tts10is_closing
FNDA:113468,_RNvNtCs547XrBZfZJf_11reader_core3tts11is_hard_end
FNDA:24,_RNvNtCs547XrBZfZJf_11reader_core3tts11word_before
FNDA:12636,_RNvNtCs547XrBZfZJf_11reader_core3tts12utf16_prefix
FNDA:113488,_RNvNtCs547XrBZfZJf_11reader_core3tts13delimiter_end
FNDA:39,_RNvNtCs547XrBZfZJf_11reader_core3tts15is_abbreviation
FNDA:55,_RNvNtCs547XrBZfZJf_11reader_core3tts15sentence_starts
FNDA:25,_RNvNtCs547XrBZfZJf_11reader_core3tts17sentence_index_at
FNDA:31,_RNvNtCs547XrBZfZJf_11reader_core3tts19is_ascii_period_end
FNDA:11,_RNvNtCs547XrBZfZJf_11reader_core3tts20locator_for_sentence
FNDA:57,_RNvNtCs547XrBZfZJf_11reader_core3tts7segment
FNDA:69,_RNvNtNtCs547XrBZfZJf_11reader_core3tts5tests3bid
FNDA:8,_RNvNtNtCs547XrBZfZJf_11reader_core3tts5tests3loc
FNDA:33,_RNvNtNtCs547XrBZfZJf_11reader_core3tts5tests3seg
FNDA:19,_RNvNtNtCs547XrBZfZJf_11reader_core3tts5tests5texts
FNDA:1,_RNvNtNtCs547XrBZfZJf_11reader_core3tts5testss_26helper_delimiter_end_cases
FNDA:1,_RNvNtNtCs547XrBZfZJf_11reader_core3tts5testss_28ascii_abbreviation_not_split
FNDA:1,_RNvNtNtCs547XrBZfZJf_11reader_core3tts5testss_28helper_is_abbreviation_cases
FNDA:1,_RNvNtNtCs547XrBZfZJf_11reader_core3tts5testss_28helper_is_closing_exhaustive
FNDA:1,_RNvNtNtCs547XrBZfZJf_11reader_core3tts5testss_28helper_utf16_prefix_boundary
FNDA:1,_RNvNtNtCs547XrBZfZJf_11reader_core3tts5testss_28sentence_index_at_boundaries
FNDA:1,_RNvNtNtCs547XrBZfZJf_11reader_core3tts5testss_29helper_is_hard_end_exhaustive
FNDA:1,_RNvNtNtCs547XrBZfZJf_11reader_core3tts5testss_30helper_char_table_counts_utf16
FNDA:1,_RNvNtNtCs547XrBZfZJf_11reader_core3tts5testss_31segment_100k_chars_under_budget
FNDA:1,_RNvNtNtCs547XrBZfZJf_11reader_core3tts5testss_32char_range_uses_utf16_code_units
FNDA:1,_RNvNtNtCs547XrBZfZJf_11reader_core3tts5testss_32does_not_merge_across_paragraphs
FNDA:1,_RNvNtNtCs547XrBZfZJf_11reader_core3tts5testss_32ellipsis_run_is_single_delimiter
FNDA:1,_RNvNtNtCs547XrBZfZJf_11reader_core3tts5testss_32helper_is_ascii_period_end_cases
FNDA:1,_RNvNtNtCs547XrBZfZJf_11reader_core3tts5testss_32helper_sentence_starts_positions
FNDA:1,_RNvNtNtCs547XrBZfZJf_11reader_core3tts5testss_35sentence_index_at_rejects_bad_input
FNDA:1,_RNvNtNtCs547XrBZfZJf_11reader_core3tts5testss_35snippet_never_splits_surrogate_pair
FNDA:1,_RNvNtNtCs547XrBZfZJf_11reader_core3tts5testss_35snippet_truncates_to_40_utf16_units
FNDA:1,_RNvNtNtCs547XrBZfZJf_11reader_core3tts5testss_37decimal_and_version_numbers_not_split
FNDA:1,_RNvNtNtCs547XrBZfZJf_11reader_core3tts5testss_37empty_or_whitespace_returns_empty_vec
FNDA:1,_RNvNtNtCs547XrBZfZJf_11reader_core3tts5testss_39helper_word_before_extracts_dotted_word
FNDA:1,_RNvNtNtCs547XrBZfZJf_11reader_core3tts5testss_39long_ellipsis_runs_are_single_delimiter
FNDA:1,_RNvNtNtCs547XrBZfZJf_11reader_core3tts5testss_39roundtrip_index_at_locator_for_sentence
FNDA:1,_RNvNtNtCs547XrBZfZJf_11reader_core3tts5testss_40locator_fields_and_monotonic_progression
FNDA:1,_RNvNtNtCs547XrBZfZJf_11reader_core3tts5testss_40locator_for_sentence_out_of_range_errors
FNDA:1,_RNvNtNtCs547XrBZfZJf_11reader_core3tts5testss_42crlf_and_blank_lines_force_sentence_breaks
FNDA:1,_RNvNtNtCs547XrBZfZJf_11reader_core3tts5testss_44long_run_without_punctuation_is_one_sentence
FNDA:1,_RNvNtNtCs547XrBZfZJf_11reader_core3tts5testss_44sentence_index_at_exact_boundary_and_epsilon
FNDA:1,_RNvNtNtCs547XrBZfZJf_11reader_core3tts5testss_44utf16_ranges_with_emoji_in_middle_and_at_end
FNDA:1,_RNvNtNtCs547XrBZfZJf_11reader_core3tts5testss_45leading_whitespace_first_chunk_starts_at_zero
FNDA:1,_RNvNtNtCs547XrBZfZJf_11reader_core3tts5testss_46sentence_index_at_rejects_whitespace_only_text
FNDA:1,_RNvNtNtCs547XrBZfZJf_11reader_core3tts5testss_49single_ascii_period_at_end_is_a_break_not_a_merge
FNDA:1,_RNvNtNtCs547XrBZfZJf_11reader_core3tts5testss_51single_capital_initial_and_dotted_acronym_not_split
FNDA:1,_RNvNtNtCs547XrBZfZJf_11reader_core3tts5testss_51splits_chinese_punctuation_and_keeps_closing_quotes
FNDA:1,_RNvNtNtCs547XrBZfZJf_11reader_core3tts5testss_52whitespace_after_delimiter_is_skipped_for_next_start
FNDA:1,_RNvNtNtCs547XrBZfZJf_11reader_core3tts5testss_53mixed_chinese_english_splits_on_both_punctuation_sets
FNDA:1,_RNvNtNtCs547XrBZfZJf_11reader_core3tts5testss_53sentence_index_at_rejects_non_finite_and_out_of_range
FNDA:1,_RNvNtNtCs547XrBZfZJf_11reader_core3tts5testss_60pure_punctuation_each_becomes_sentence_and_ranges_continuous
FNF:57
FNH:56
DA:75,69
DA:76,69
DA:77,5
DA:78,64
DA:79,64
DA:80,64
DA:81,0
DA:82,64
DA:83,64
DA:84,64
DA:85,57847
DA:86,57847
DA:87,57847
DA:88,57847
DA:89,57847
DA:91,0
DA:92,0
DA:93,0
DA:94,0
DA:95,0
DA:96,0
DA:97,0
DA:98,57847
DA:99,57847
DA:100,57847
DA:101,0
DA:103,57847
DA:105,57847
DA:106,57847
DA:107,57847
DA:108,57847
DA:109,57847
DA:110,57847
DA:111,57847
DA:112,57847
DA:113,57847
DA:114,57847
DA:115,57847
DA:116,57847
DA:117,57847
DA:118,57847
DA:119,57847
DA:120,57847
DA:121,57847
DA:122,57847
DA:123,57847
DA:124,57847
DA:126,64
DA:127,69
DA:130,17
DA:131,17
DA:132,17
DA:133,17
DA:134,17
DA:135,17
DA:136,17
DA:137,17
DA:138,17
DA:139,17
DA:140,17
DA:141,17
DA:142,17
DA:149,30
DA:150,30
DA:151,30
DA:152,30
DA:153,30
DA:154,30
DA:155,30
DA:156,2
DA:157,2
DA:158,2
DA:159,2
DA:160,28
DA:161,28
DA:162,2
DA:163,2
DA:164,2
DA:165,2
DA:166,26
DA:167,26
DA:168,26
DA:169,9
DA:170,17
DA:171,17
DA:172,17
DA:173,2
DA:174,15
DA:175,15
DA:176,5690
DA:177,5690
DA:178,5679
DA:179,5679
DA:180,11
DA:183,15
DA:184,30
DA:195,85
DA:196,85
DA:197,85
DA:198,1179332
DA:199,1179332
DA:200,1179332
DA:201,1179332
DA:202,1179332
DA:203,1179332
DA:204,1179332
DA:205,1179332
DA:206,85
DA:207,85
DA:209,57852
DA:210,57852
DA:211,57852
DA:212,1132798
DA:213,1132798
DA:214,1132798
DA:215,150
DA:216,1132648
DA:217,1132648
DA:218,1132648
DA:220,57852
DA:221,57852
DA:224,1166768
DA:225,1166768
DA:226,1166768
DA:229,68084
DA:230,57792
DA:231,68084
DA:235,68084
DA:244,39
DA:245,39
DA:246,14
DA:247,25
DA:249,25
DA:250,25
DA:251,39
DA:254,24
DA:255,24
DA:256,89
DA:257,82
DA:258,82
DA:259,65
DA:260,65
DA:261,17
DA:264,24
DA:265,24
DA:267,31
DA:268,32
DA:269,32
DA:270,32
DA:271,1
DA:273,31
DA:275,32
DA:276,31
DA:277,31
DA:278,7
DA:279,24
DA:280,24
DA:281,11
DA:282,13
DA:283,3
DA:285,21
DA:286,31
DA:290,1166848
DA:291,1166848
DA:292,1166848
DA:293,66
DA:294,133
DA:295,67
DA:296,67
DA:297,66
DA:298,1166782
DA:299,1166782
DA:300,29
DA:301,4
DA:302,14
DA:303,10
DA:304,10
DA:305,4
DA:306,25
DA:307,25
DA:308,1166753
DA:309,1166753
DA:310,1166848
DA:314,67
DA:315,67
DA:316,67
DA:317,1
DA:318,66
DA:319,66
DA:320,66
DA:321,1166903
DA:322,1166837
DA:323,1109001
DA:324,1109001
DA:326,57836
DA:327,68109
DA:328,10273
DA:329,10273
DA:330,59876
DA:331,2040
DA:332,2040
DA:333,57836
DA:334,57785
DA:335,57785
DA:336,57836
DA:338,66
DA:339,67
DA:351,69
DA:352,69
DA:353,69
DA:355,33
DA:356,33
DA:357,33
DA:359,19
DA:360,41
DA:361,19
DA:366,1
DA:367,1
DA:368,1
DA:369,1
DA:370,1
DA:373,1
DA:375,3
DA:376,3
DA:378,1
DA:379,1
DA:382,1
DA:383,1
DA:384,1
DA:385,1
DA:386,1
DA:388,2
DA:389,2
DA:391,1
DA:394,1
DA:395,1
DA:396,1
DA:397,1
DA:398,1
DA:399,1
DA:402,1
DA:403,1
DA:404,1
DA:405,1
DA:406,1
DA:407,1
DA:408,1
DA:409,1
DA:412,1
DA:413,1
DA:414,1
DA:415,1
DA:418,1
DA:419,1
DA:420,1
DA:421,1
DA:422,1
DA:423,1
DA:426,1
DA:428,1
DA:429,1
DA:430,1
DA:431,1
DA:432,1
DA:433,1
DA:438,1
DA:439,1
DA:440,1
DA:441,1
DA:442,3
DA:443,3
DA:444,3
DA:445,3
DA:446,3
DA:447,3
DA:448,3
DA:449,3
DA:450,3
DA:451,3
DA:452,3
DA:454,1
DA:455,1
DA:456,1
DA:459,1
DA:460,1
DA:461,1
DA:462,1
DA:463,1
DA:464,1
DA:469,1
DA:470,1
DA:471,1
DA:472,4
DA:473,4
DA:474,4
DA:475,4
DA:477,1
DA:480,1
DA:481,1
DA:482,1
DA:483,1
DA:484,1
DA:485,1
DA:486,1
DA:487,1
DA:488,1
DA:489,1
DA:490,1
DA:491,1
DA:492,1
DA:493,1
DA:494,1
DA:495,1
DA:498,1
DA:499,1
DA:500,1
DA:501,1
DA:502,1
DA:505,1
DA:506,1
DA:507,1
DA:510,1
DA:513,1
DA:514,1
DA:515,1
DA:517,1
DA:518,1
DA:520,1
DA:521,1
DA:522,1
DA:524,3
DA:525,3
DA:526,3
DA:527,3
DA:528,3
DA:529,3
DA:530,3
DA:531,3
DA:532,3
DA:533,3
DA:534,3
DA:535,3
DA:536,3
DA:541,1
DA:542,1
DA:547,1
DA:549,1
DA:550,1
DA:551,1
DA:552,1
DA:553,1
DA:554,1
DA:556,1
DA:557,1
DA:560,1
DA:561,1
DA:562,1
DA:565,1
DA:572,8
DA:573,8
DA:574,8
DA:575,8
DA:576,8
DA:577,8
DA:578,8
DA:579,8
DA:580,8
DA:581,8
DA:582,8
DA:583,8
DA:588,1
DA:589,1
DA:590,1
DA:591,1
DA:592,1
DA:593,1
DA:595,4
DA:596,4
DA:598,1
DA:599,1
DA:602,1
DA:603,1
DA:604,1
DA:605,2
DA:606,2
DA:608,1
DA:611,1
DA:612,1
DA:613,1
DA:614,1
DA:615,1
DA:617,1
DA:620,1
DA:621,1
DA:622,1
DA:623,1
DA:624,1
DA:627,1
DA:628,1
DA:629,1
DA:630,1
DA:631,1
DA:632,1
DA:635,1
DA:636,1
DA:637,1
DA:639,1
DA:640,1
DA:643,1
DA:644,1
DA:645,1
DA:646,1
DA:647,1
DA:648,1
DA:650,1
DA:651,1
DA:652,1
DA:653,1
DA:655,1
DA:658,1
DA:659,1
DA:660,1
DA:661,1
DA:662,1
DA:663,1
DA:664,1
DA:667,1
DA:669,1
DA:670,1
DA:671,1
DA:672,1
DA:673,1
DA:674,1
DA:679,1
DA:680,1
DA:681,1
DA:682,1
DA:683,1
DA:684,1
DA:687,1
DA:688,1
DA:689,1
DA:690,1
DA:691,1
DA:692,1
DA:695,1
DA:696,1
DA:697,1
DA:698,1
DA:699,1
DA:701,1
DA:702,1
DA:703,1
DA:708,1
DA:709,1
DA:710,1
DA:712,3
DA:713,3
DA:714,3
DA:719,1
DA:720,1
DA:722,1
DA:723,1
DA:724,1
DA:727,1
DA:730,1
DA:731,1
DA:732,5
DA:733,5
DA:734,5
DA:735,5
DA:739,1
DA:742,1
DA:743,1
DA:744,1
DA:745,1
DA:746,1
DA:751,1
DA:752,7
DA:753,7
DA:755,8
DA:756,8
DA:758,1
DA:761,1
DA:762,19
DA:763,1
DA:764,1
DA:765,1
DA:766,19
DA:768,7
DA:769,7
DA:771,1
DA:774,1
DA:775,12
DA:776,1
DA:777,1
DA:778,12
DA:780,6
DA:781,6
DA:783,1
DA:786,1
DA:787,1
DA:789,1
DA:790,1
DA:791,1
DA:792,1
DA:795,1
DA:796,1
DA:797,1
DA:798,1
DA:799,1
DA:800,1
DA:801,1
DA:802,1
DA:803,1
DA:804,1
DA:805,1
DA:807,1
DA:808,1
DA:809,1
DA:812,1
DA:813,1
DA:814,1
DA:815,1
DA:816,1
DA:817,1
DA:818,1
DA:819,1
DA:820,1
DA:821,1
DA:822,1
DA:823,1
DA:824,1
DA:825,1
DA:826,1
DA:827,1
DA:828,1
DA:829,1
DA:830,1
DA:831,1
DA:832,1
DA:833,1
DA:834,1
DA:835,1
DA:838,1
DA:839,1
DA:841,1
DA:842,1
DA:843,1
DA:844,1
DA:845,1
DA:848,1
DA:849,1
DA:850,1
DA:851,1
DA:852,1
DA:853,1
DA:854,1
DA:855,1
DA:858,1
DA:859,1
DA:860,1
DA:861,1
DA:862,1
DA:863,1
DA:864,1
BRF:0
BRH:0
LF:570
LH:560
end_of_record
SF:/root/reader/core/src/types.rs
FN:127,_RINvXs0_NtCs9BqXjdeQZds_11reader_core5typesNtB6_4LangNtNtCs4bQoAUX3Bbg_10serde_core2de11Deserialize11deserializeINtNvNtNtCsiI154mpbNWq_5serde7private2de13missing_field24MissingFieldDeserializerNtNtCsezkhTunTHfv_10serde_json5error5ErrorEEB8_
FN:127,_RINvXs0_NtCs9BqXjdeQZds_11reader_core5typesNtB6_4LangNtNtCs4bQoAUX3Bbg_10serde_core2de11Deserialize11deserializeQINtNtCsezkhTunTHfv_10serde_json2de12DeserializerNtNtB1S_4read7StrReadEEB8_
FN:121,_RINvXs_NtCs9BqXjdeQZds_11reader_core5typesNtB5_4LangNtNtCs4bQoAUX3Bbg_10serde_core3ser9Serialize9serializeQINtNtCsezkhTunTHfv_10serde_json3ser10SerializerQINtNtCs6i54tJFfzR_5alloc3vec3VechEEEB7_
FN:104,_RNvMNtCs9BqXjdeQZds_11reader_core5typesNtB2_4Lang5parse
FN:252,_RNvMs2_NtCs9BqXjdeQZds_11reader_core5typesNtB5_12ExportFormat5parse
FN:88,_RNvMNtCs9BqXjdeQZds_11reader_core5typesNtB2_4Lang6as_str
FN:203,_RNvMs1_NtCs9BqXjdeQZds_11reader_core5typesNtB5_8NoteKind5parse
FN:267,_RNvMs2_NtCs9BqXjdeQZds_11reader_core5typesNtB5_12ExportFormat6as_str
FN:260,_RNvMs2_NtCs9BqXjdeQZds_11reader_core5typesNtB5_12ExportFormat3ext
FN:194,_RNvMs1_NtCs9BqXjdeQZds_11reader_core5typesNtB5_8NoteKind6as_str
FN:203,_RNvMs1_NtCs547XrBZfZJf_11reader_core5typesNtB5_8NoteKind5parse
FN:260,_RNvMs2_NtCs547XrBZfZJf_11reader_core5typesNtB5_12ExportFormat3ext
FN:267,_RNvMs2_NtCs547XrBZfZJf_11reader_core5typesNtB5_12ExportFormat6as_str
FN:424,_RNvNtNtCs547XrBZfZJf_11reader_core5types5testss_26lang_parse_as_str_all_arms
FN:392,_RNvNtNtCs547XrBZfZJf_11reader_core5types5testss_31note_kind_parse_as_str_all_arms
FN:410,_RNvNtNtCs547XrBZfZJf_11reader_core5types5testss_39export_format_parse_ext_as_str_all_arms
FN:127,_RINvXs0_NtCs547XrBZfZJf_11reader_core5typesNtB6_4LangNtNtCs4bQoAUX3Bbg_10serde_core2de11Deserialize11deserializeINtNvNtNtCsiI154mpbNWq_5serde7private2de13missing_field24MissingFieldDeserializerNtNtCsezkhTunTHfv_10serde_json5error5ErrorEEB8_
FN:127,_RINvXs0_NtCs547XrBZfZJf_11reader_core5typesNtB6_4LangNtNtCs4bQoAUX3Bbg_10serde_core2de11Deserialize11deserializeQINtNtCsezkhTunTHfv_10serde_json2de12DeserializerNtNtB1S_4read7StrReadEEB8_
FN:121,_RINvXs_NtCs547XrBZfZJf_11reader_core5typesNtB5_4LangNtNtCs4bQoAUX3Bbg_10serde_core3ser9Serialize9serializeQINtNtCsezkhTunTHfv_10serde_json3ser10SerializerQINtNtCs6i54tJFfzR_5alloc3vec3VechEEEB7_
FN:104,_RNvMNtCs547XrBZfZJf_11reader_core5typesNtB2_4Lang5parse
FN:88,_RNvMNtCs547XrBZfZJf_11reader_core5typesNtB2_4Lang6as_str
FN:252,_RNvMs2_NtCs547XrBZfZJf_11reader_core5typesNtB5_12ExportFormat5parse
FN:194,_RNvMs1_NtCs547XrBZfZJf_11reader_core5typesNtB5_8NoteKind6as_str
FNDA:0,_RINvXs0_NtCs9BqXjdeQZds_11reader_core5typesNtB6_4LangNtNtCs4bQoAUX3Bbg_10serde_core2de11Deserialize11deserializeINtNvNtNtCsiI154mpbNWq_5serde7private2de13missing_field24MissingFieldDeserializerNtNtCsezkhTunTHfv_10serde_json5error5ErrorEEB8_
FNDA:4,_RINvXs0_NtCs9BqXjdeQZds_11reader_core5typesNtB6_4LangNtNtCs4bQoAUX3Bbg_10serde_core2de11Deserialize11deserializeQINtNtCsezkhTunTHfv_10serde_json2de12DeserializerNtNtB1S_4read7StrReadEEB8_
FNDA:10,_RINvXs_NtCs9BqXjdeQZds_11reader_core5typesNtB5_4LangNtNtCs4bQoAUX3Bbg_10serde_core3ser9Serialize9serializeQINtNtCsezkhTunTHfv_10serde_json3ser10SerializerQINtNtCs6i54tJFfzR_5alloc3vec3VechEEEB7_
FNDA:13,_RNvMNtCs9BqXjdeQZds_11reader_core5typesNtB2_4Lang5parse
FNDA:3,_RNvMs2_NtCs9BqXjdeQZds_11reader_core5typesNtB5_12ExportFormat5parse
FNDA:50,_RNvMNtCs9BqXjdeQZds_11reader_core5typesNtB2_4Lang6as_str
FNDA:24,_RNvMs1_NtCs9BqXjdeQZds_11reader_core5typesNtB5_8NoteKind5parse
FNDA:2,_RNvMs2_NtCs9BqXjdeQZds_11reader_core5typesNtB5_12ExportFormat6as_str
FNDA:0,_RNvMs2_NtCs9BqXjdeQZds_11reader_core5typesNtB5_12ExportFormat3ext
FNDA:29,_RNvMs1_NtCs9BqXjdeQZds_11reader_core5typesNtB5_8NoteKind6as_str
FNDA:22,_RNvMs1_NtCs547XrBZfZJf_11reader_core5typesNtB5_8NoteKind5parse
FNDA:2,_RNvMs2_NtCs547XrBZfZJf_11reader_core5typesNtB5_12ExportFormat3ext
FNDA:2,_RNvMs2_NtCs547XrBZfZJf_11reader_core5typesNtB5_12ExportFormat6as_str
FNDA:1,_RNvNtNtCs547XrBZfZJf_11reader_core5types5testss_26lang_parse_as_str_all_arms
FNDA:1,_RNvNtNtCs547XrBZfZJf_11reader_core5types5testss_31note_kind_parse_as_str_all_arms
FNDA:1,_RNvNtNtCs547XrBZfZJf_11reader_core5types5testss_39export_format_parse_ext_as_str_all_arms
FNDA:0,_RINvXs0_NtCs547XrBZfZJf_11reader_core5typesNtB6_4LangNtNtCs4bQoAUX3Bbg_10serde_core2de11Deserialize11deserializeINtNvNtNtCsiI154mpbNWq_5serde7private2de13missing_field24MissingFieldDeserializerNtNtCsezkhTunTHfv_10serde_json5error5ErrorEEB8_
FNDA:6,_RINvXs0_NtCs547XrBZfZJf_11reader_core5typesNtB6_4LangNtNtCs4bQoAUX3Bbg_10serde_core2de11Deserialize11deserializeQINtNtCsezkhTunTHfv_10serde_json2de12DeserializerNtNtB1S_4read7StrReadEEB8_
FNDA:2412,_RINvXs_NtCs547XrBZfZJf_11reader_core5typesNtB5_4LangNtNtCs4bQoAUX3Bbg_10serde_core3ser9Serialize9serializeQINtNtCsezkhTunTHfv_10serde_json3ser10SerializerQINtNtCs6i54tJFfzR_5alloc3vec3VechEEEB7_
FNDA:18,_RNvMNtCs547XrBZfZJf_11reader_core5typesNtB2_4Lang5parse
FNDA:4848,_RNvMNtCs547XrBZfZJf_11reader_core5typesNtB2_4Lang6as_str
FNDA:6,_RNvMs2_NtCs547XrBZfZJf_11reader_core5typesNtB5_12ExportFormat5parse
FNDA:43,_RNvMs1_NtCs547XrBZfZJf_11reader_core5typesNtB5_8NoteKind6as_str
FNF:12
FNH:12
DA:88,4898
DA:89,4898
DA:90,1
DA:91,2446
DA:92,2444
DA:93,1
DA:94,1
DA:95,1
DA:96,1
DA:97,1
DA:98,1
DA:99,1
DA:101,4898
DA:104,31
DA:105,31
DA:106,31
DA:107,30
DA:108,19
DA:109,8
DA:110,7
DA:111,6
DA:112,5
DA:113,4
DA:114,3
DA:115,2
DA:117,31
DA:121,2422
DA:122,2422
DA:123,2422
DA:127,10
DA:128,10
DA:129,10
DA:130,10
DA:194,72
DA:195,72
DA:196,37
DA:197,11
DA:198,12
DA:199,12
DA:201,72
DA:203,46
DA:204,46
DA:205,46
DA:206,24
DA:207,19
DA:208,13
DA:209,4
DA:211,46
DA:252,9
DA:253,9
DA:254,9
DA:255,5
DA:256,2
DA:258,9
DA:260,2
DA:261,2
DA:262,1
DA:263,1
DA:265,2
DA:267,4
DA:268,4
DA:269,2
DA:270,2
DA:272,4
DA:392,1
DA:393,4
DA:394,1
DA:395,1
DA:396,1
DA:397,1
DA:398,1
DA:399,4
DA:401,1
DA:402,1
DA:403,1
DA:404,1
DA:405,1
DA:406,1
DA:407,1
DA:410,1
DA:411,1
DA:412,1
DA:413,1
DA:414,1
DA:415,1
DA:416,1
DA:417,1
DA:418,1
DA:419,1
DA:420,1
DA:421,1
DA:424,1
DA:425,9
DA:426,1
DA:427,1
DA:428,1
DA:429,1
DA:430,1
DA:431,1
DA:432,1
DA:433,1
DA:434,1
DA:435,1
DA:436,9
DA:438,1
DA:439,1
DA:440,1
DA:441,1
DA:442,1
BRF:0
BRH:0
LF:109
LH:109
end_of_record