SF:/root/reader/core/src/api.rs
FN:296,_RNCNCNvNtCs9BqXjdeQZds_11reader_core3api11dict_lookup00B7_
FN:299,_RNCNCNvNtCs9BqXjdeQZds_11reader_core3api11dict_lookup0s_0B7_
FN:272,_RNCNCNvNtCs9BqXjdeQZds_11reader_core3api11dict_remove00B7_
FN:260,_RNCNCNvNtCs9BqXjdeQZds_11reader_core3api12dict_install00B7_
FN:345,_RNCNCNvNtCs9BqXjdeQZds_11reader_core3api20translate_set_config00B7_
FN:333,_RNCNCNvNtCs9BqXjdeQZds_11reader_core3api21translate_cache_clear00B7_
FN:418,_RNCNCNvNtCs9BqXjdeQZds_11reader_core3api21tts_sentence_index_at00B7_
FN:439,_RNCNCNvNtCs9BqXjdeQZds_11reader_core3api23tts_listen_settings_get00B7_
FN:444,_RNCNCNvNtCs9BqXjdeQZds_11reader_core3api23tts_listen_settings_get0s0_0B7_
FN:448,_RNCNCNvNtCs9BqXjdeQZds_11reader_core3api23tts_listen_settings_get0s1_0B7_
FN:454,_RNCNCNvNtCs9BqXjdeQZds_11reader_core3api23tts_listen_settings_get0s2_0B7_
FN:443,_RNCNCNvNtCs9BqXjdeQZds_11reader_core3api23tts_listen_settings_get0s_0B7_
FN:467,_RNCNCNvNtCs9BqXjdeQZds_11reader_core3api23tts_listen_settings_set00B7_
FN:278,_RNCNCNvNtCs9BqXjdeQZds_11reader_core3api9dict_list00B7_
FN:314,_RNCNCNvNtCs9BqXjdeQZds_11reader_core3api9translate00B7_
FN:318,_RNCNCNvNtCs9BqXjdeQZds_11reader_core3api9translate0s0_0B7_
FN:315,_RNCNCNvNtCs9BqXjdeQZds_11reader_core3api9translate0s_0B7_
FN:295,_RNCNvNtCs9BqXjdeQZds_11reader_core3api11dict_lookup0B5_
FN:271,_RNCNvNtCs9BqXjdeQZds_11reader_core3api11dict_remove0B5_
FN:377,_RNCNvNtCs9BqXjdeQZds_11reader_core3api11tts_segment0B5_
FN:259,_RNCNvNtCs9BqXjdeQZds_11reader_core3api12dict_install0B5_
FN:342,_RNCNvNtCs9BqXjdeQZds_11reader_core3api20translate_set_config0B5_
FN:330,_RNCNvNtCs9BqXjdeQZds_11reader_core3api21translate_cache_clear0B5_
FN:410,_RNCNvNtCs9BqXjdeQZds_11reader_core3api21tts_sentence_index_at0B5_
FN:438,_RNCNvNtCs9BqXjdeQZds_11reader_core3api23tts_listen_settings_get0B5_
FN:466,_RNCNvNtCs9BqXjdeQZds_11reader_core3api23tts_listen_settings_set0B5_
FN:398,_RNCNvNtCs9BqXjdeQZds_11reader_core3api24tts_locator_for_sentence0B5_
FN:277,_RNCNvNtCs9BqXjdeQZds_11reader_core3api9dict_list0B5_
FN:312,_RNCNvNtCs9BqXjdeQZds_11reader_core3api9translate0B5_
FN:292,_RNvNtCs9BqXjdeQZds_11reader_core3api11dict_lookup
FN:271,_RNvNtCs9BqXjdeQZds_11reader_core3api11dict_remove
FN:374,_RNvNtCs9BqXjdeQZds_11reader_core3api11tts_segment
FN:259,_RNvNtCs9BqXjdeQZds_11reader_core3api12dict_install
FN:339,_RNvNtCs9BqXjdeQZds_11reader_core3api20translate_set_config
FN:330,_RNvNtCs9BqXjdeQZds_11reader_core3api21translate_cache_clear
FN:406,_RNvNtCs9BqXjdeQZds_11reader_core3api21tts_sentence_index_at
FN:438,_RNvNtCs9BqXjdeQZds_11reader_core3api23tts_listen_settings_get
FN:464,_RNvNtCs9BqXjdeQZds_11reader_core3api23tts_listen_settings_set
FN:394,_RNvNtCs9BqXjdeQZds_11reader_core3api24tts_locator_for_sentence
FN:277,_RNvNtCs9BqXjdeQZds_11reader_core3api9dict_list
FN:308,_RNvNtCs9BqXjdeQZds_11reader_core3api9translate
FN:384,_RNCNCNvNtCs9BqXjdeQZds_11reader_core3api11tts_segment00B7_
FN:283,_RNCNCNvNtCs9BqXjdeQZds_11reader_core3api9dict_list0s_0B7_
FN:358,_RNCNvNtCs9BqXjdeQZds_11reader_core3api12chapter_texts_0B5_
FN:203,_RNCNvNtCs9BqXjdeQZds_11reader_core3api9book_opens_0B5_
FN:134,_RINvNtCs9BqXjdeQZds_11reader_core3api7err_msgNtNtB4_3tts8TtsErrorEB4_
FN:134,_RINvNtCs9BqXjdeQZds_11reader_core3api7err_msgNtNtB4_5error5ErrorEB4_
FN:157,_RNCNCNvNtCs9BqXjdeQZds_11reader_core3api12library_open00B7_
FN:353,_RNCNvNtCs9BqXjdeQZds_11reader_core3api12chapter_text0B5_
FN:360,_RNCNvNtCs9BqXjdeQZds_11reader_core3api12chapter_texts1_0B5_
FN:125,_RNCNvNtCs9BqXjdeQZds_11reader_core3api12dict_service0B5_
FN:181,_RNCNvNtCs9BqXjdeQZds_11reader_core3api12library_list0B5_
FN:153,_RNCNvNtCs9BqXjdeQZds_11reader_core3api12library_open0B5_
FN:236,_RNCNvNtCs9BqXjdeQZds_11reader_core3api12progress_get0B5_
FN:239,_RNCNvNtCs9BqXjdeQZds_11reader_core3api12progress_gets_0B5_
FN:218,_RNCNvNtCs9BqXjdeQZds_11reader_core3api13book_resource0B5_
FN:230,_RNCNvNtCs9BqXjdeQZds_11reader_core3api13progress_save0B5_
FN:174,_RNCNvNtCs9BqXjdeQZds_11reader_core3api14library_import0B5_
FN:188,_RNCNvNtCs9BqXjdeQZds_11reader_core3api14library_remove0B5_
FN:369,_RNCNvNtCs9BqXjdeQZds_11reader_core3api15to_locator_view0B5_
FN:212,_RNCNvNtCs9BqXjdeQZds_11reader_core3api17book_chapter_html0B5_
FN:131,_RNCNvNtCs9BqXjdeQZds_11reader_core3api19translation_service0B5_
FN:120,_RNCNvNtCs9BqXjdeQZds_11reader_core3api7service0B5_
FN:194,_RNCNvNtCs9BqXjdeQZds_11reader_core3api9book_open0B5_
FN:246,_RNvNtCs9BqXjdeQZds_11reader_core3api10to_summary
FN:352,_RNvNtCs9BqXjdeQZds_11reader_core3api12chapter_text
FN:123,_RNvNtCs9BqXjdeQZds_11reader_core3api12dict_service
FN:180,_RNvNtCs9BqXjdeQZds_11reader_core3api12library_list
FN:142,_RNvNtCs9BqXjdeQZds_11reader_core3api12library_open
FN:235,_RNvNtCs9BqXjdeQZds_11reader_core3api12progress_get
FN:217,_RNvNtCs9BqXjdeQZds_11reader_core3api13book_resource
FN:229,_RNvNtCs9BqXjdeQZds_11reader_core3api13progress_save
FN:173,_RNvNtCs9BqXjdeQZds_11reader_core3api14library_import
FN:187,_RNvNtCs9BqXjdeQZds_11reader_core3api14library_remove
FN:363,_RNvNtCs9BqXjdeQZds_11reader_core3api15to_locator_view
FN:211,_RNvNtCs9BqXjdeQZds_11reader_core3api17book_chapter_html
FN:128,_RNvNtCs9BqXjdeQZds_11reader_core3api19translation_service
FN:117,_RNvNtCs9BqXjdeQZds_11reader_core3api7service
FN:193,_RNvNtCs9BqXjdeQZds_11reader_core3api9book_open
FN:487,_RNvNtCs9BqXjdeQZds_11reader_core3api19__unused_result_type
FN:296,_RNCNCNvNtCs547XrBZfZJf_11reader_core3api11dict_lookup00B7_
FN:299,_RNCNCNvNtCs547XrBZfZJf_11reader_core3api11dict_lookup0s_0B7_
FN:272,_RNCNCNvNtCs547XrBZfZJf_11reader_core3api11dict_remove00B7_
FN:260,_RNCNCNvNtCs547XrBZfZJf_11reader_core3api12dict_install00B7_
FN:345,_RNCNCNvNtCs547XrBZfZJf_11reader_core3api20translate_set_config00B7_
FN:333,_RNCNCNvNtCs547XrBZfZJf_11reader_core3api21translate_cache_clear00B7_
FN:418,_RNCNCNvNtCs547XrBZfZJf_11reader_core3api21tts_sentence_index_at00B7_
FN:439,_RNCNCNvNtCs547XrBZfZJf_11reader_core3api23tts_listen_settings_get00B7_
FN:444,_RNCNCNvNtCs547XrBZfZJf_11reader_core3api23tts_listen_settings_get0s0_0B7_
FN:448,_RNCNCNvNtCs547XrBZfZJf_11reader_core3api23tts_listen_settings_get0s1_0B7_
FN:454,_RNCNCNvNtCs547XrBZfZJf_11reader_core3api23tts_listen_settings_get0s2_0B7_
FN:443,_RNCNCNvNtCs547XrBZfZJf_11reader_core3api23tts_listen_settings_get0s_0B7_
FN:467,_RNCNCNvNtCs547XrBZfZJf_11reader_core3api23tts_listen_settings_set00B7_
FN:278,_RNCNCNvNtCs547XrBZfZJf_11reader_core3api9dict_list00B7_
FN:314,_RNCNCNvNtCs547XrBZfZJf_11reader_core3api9translate00B7_
FN:318,_RNCNCNvNtCs547XrBZfZJf_11reader_core3api9translate0s0_0B7_
FN:315,_RNCNCNvNtCs547XrBZfZJf_11reader_core3api9translate0s_0B7_
FN:295,_RNCNvNtCs547XrBZfZJf_11reader_core3api11dict_lookup0B5_
FN:271,_RNCNvNtCs547XrBZfZJf_11reader_core3api11dict_remove0B5_
FN:377,_RNCNvNtCs547XrBZfZJf_11reader_core3api11tts_segment0B5_
FN:259,_RNCNvNtCs547XrBZfZJf_11reader_core3api12dict_install0B5_
FN:342,_RNCNvNtCs547XrBZfZJf_11reader_core3api20translate_set_config0B5_
FN:330,_RNCNvNtCs547XrBZfZJf_11reader_core3api21translate_cache_clear0B5_
FN:410,_RNCNvNtCs547XrBZfZJf_11reader_core3api21tts_sentence_index_at0B5_
FN:438,_RNCNvNtCs547XrBZfZJf_11reader_core3api23tts_listen_settings_get0B5_
FN:466,_RNCNvNtCs547XrBZfZJf_11reader_core3api23tts_listen_settings_set0B5_
FN:398,_RNCNvNtCs547XrBZfZJf_11reader_core3api24tts_locator_for_sentence0B5_
FN:277,_RNCNvNtCs547XrBZfZJf_11reader_core3api9dict_list0B5_
FN:312,_RNCNvNtCs547XrBZfZJf_11reader_core3api9translate0B5_
FN:292,_RNvNtCs547XrBZfZJf_11reader_core3api11dict_lookup
FN:271,_RNvNtCs547XrBZfZJf_11reader_core3api11dict_remove
FN:374,_RNvNtCs547XrBZfZJf_11reader_core3api11tts_segment
FN:259,_RNvNtCs547XrBZfZJf_11reader_core3api12dict_install
FN:339,_RNvNtCs547XrBZfZJf_11reader_core3api20translate_set_config
FN:330,_RNvNtCs547XrBZfZJf_11reader_core3api21translate_cache_clear
FN:406,_RNvNtCs547XrBZfZJf_11reader_core3api21tts_sentence_index_at
FN:438,_RNvNtCs547XrBZfZJf_11reader_core3api23tts_listen_settings_get
FN:464,_RNvNtCs547XrBZfZJf_11reader_core3api23tts_listen_settings_set
FN:394,_RNvNtCs547XrBZfZJf_11reader_core3api24tts_locator_for_sentence
FN:277,_RNvNtCs547XrBZfZJf_11reader_core3api9dict_list
FN:308,_RNvNtCs547XrBZfZJf_11reader_core3api9translate
FN:134,_RINvNtCs547XrBZfZJf_11reader_core3api7err_msgNtNtB4_3tts8TtsErrorEB4_
FN:134,_RINvNtCs547XrBZfZJf_11reader_core3api7err_msgNtNtB4_5error5ErrorEB4_
FN:157,_RNCNCNvNtCs547XrBZfZJf_11reader_core3api12library_open00B7_
FN:353,_RNCNvNtCs547XrBZfZJf_11reader_core3api12chapter_text0B5_
FN:360,_RNCNvNtCs547XrBZfZJf_11reader_core3api12chapter_texts1_0B5_
FN:125,_RNCNvNtCs547XrBZfZJf_11reader_core3api12dict_service0B5_
FN:181,_RNCNvNtCs547XrBZfZJf_11reader_core3api12library_list0B5_
FN:153,_RNCNvNtCs547XrBZfZJf_11reader_core3api12library_open0B5_
FN:236,_RNCNvNtCs547XrBZfZJf_11reader_core3api12progress_get0B5_
FN:239,_RNCNvNtCs547XrBZfZJf_11reader_core3api12progress_gets_0B5_
FN:218,_RNCNvNtCs547XrBZfZJf_11reader_core3api13book_resource0B5_
FN:230,_RNCNvNtCs547XrBZfZJf_11reader_core3api13progress_save0B5_
FN:174,_RNCNvNtCs547XrBZfZJf_11reader_core3api14library_import0B5_
FN:188,_RNCNvNtCs547XrBZfZJf_11reader_core3api14library_remove0B5_
FN:369,_RNCNvNtCs547XrBZfZJf_11reader_core3api15to_locator_view0B5_
FN:212,_RNCNvNtCs547XrBZfZJf_11reader_core3api17book_chapter_html0B5_
FN:131,_RNCNvNtCs547XrBZfZJf_11reader_core3api19translation_service0B5_
FN:120,_RNCNvNtCs547XrBZfZJf_11reader_core3api7service0B5_
FN:194,_RNCNvNtCs547XrBZfZJf_11reader_core3api9book_open0B5_
FN:246,_RNvNtCs547XrBZfZJf_11reader_core3api10to_summary
FN:352,_RNvNtCs547XrBZfZJf_11reader_core3api12chapter_text
FN:123,_RNvNtCs547XrBZfZJf_11reader_core3api12dict_service
FN:180,_RNvNtCs547XrBZfZJf_11reader_core3api12library_list
FN:142,_RNvNtCs547XrBZfZJf_11reader_core3api12library_open
FN:235,_RNvNtCs547XrBZfZJf_11reader_core3api12progress_get
FN:217,_RNvNtCs547XrBZfZJf_11reader_core3api13book_resource
FN:229,_RNvNtCs547XrBZfZJf_11reader_core3api13progress_save
FN:173,_RNvNtCs547XrBZfZJf_11reader_core3api14library_import
FN:187,_RNvNtCs547XrBZfZJf_11reader_core3api14library_remove
FN:363,_RNvNtCs547XrBZfZJf_11reader_core3api15to_locator_view
FN:211,_RNvNtCs547XrBZfZJf_11reader_core3api17book_chapter_html
FN:128,_RNvNtCs547XrBZfZJf_11reader_core3api19translation_service
FN:117,_RNvNtCs547XrBZfZJf_11reader_core3api7service
FN:193,_RNvNtCs547XrBZfZJf_11reader_core3api9book_open
FN:384,_RNCNCNvNtCs547XrBZfZJf_11reader_core3api11tts_segment00B7_
FN:203,_RNCNvNtCs547XrBZfZJf_11reader_core3api9book_opens_0B5_
FN:283,_RNCNCNvNtCs547XrBZfZJf_11reader_core3api9dict_list0s_0B7_
FN:358,_RNCNvNtCs547XrBZfZJf_11reader_core3api12chapter_texts_0B5_
FN:487,_RNvNtCs547XrBZfZJf_11reader_core3api19__unused_result_type
FN:296,_RNCNCNvNtCs9BqXjdeQZds_11reader_core3api11dict_lookup00Cs6TxNYeCRE9A_16translate_corpus
FN:299,_RNCNCNvNtCs9BqXjdeQZds_11reader_core3api11dict_lookup0s_0Cs6TxNYeCRE9A_16translate_corpus
FN:272,_RNCNCNvNtCs9BqXjdeQZds_11reader_core3api11dict_remove00Cs6TxNYeCRE9A_16translate_corpus
FN:260,_RNCNCNvNtCs9BqXjdeQZds_11reader_core3api12dict_install00Cs6TxNYeCRE9A_16translate_corpus
FN:345,_RNCNCNvNtCs9BqXjdeQZds_11reader_core3api20translate_set_config00Cs6TxNYeCRE9A_16translate_corpus
FN:333,_RNCNCNvNtCs9BqXjdeQZds_11reader_core3api21translate_cache_clear00Cs6TxNYeCRE9A_16translate_corpus
FN:278,_RNCNCNvNtCs9BqXjdeQZds_11reader_core3api9dict_list00Cs6TxNYeCRE9A_16translate_corpus
FN:314,_RNCNCNvNtCs9BqXjdeQZds_11reader_core3api9translate00Cs6TxNYeCRE9A_16translate_corpus
FN:318,_RNCNCNvNtCs9BqXjdeQZds_11reader_core3api9translate0s0_0Cs6TxNYeCRE9A_16translate_corpus
FN:315,_RNCNCNvNtCs9BqXjdeQZds_11reader_core3api9translate0s_0Cs6TxNYeCRE9A_16translate_corpus
FN:295,_RNCNvNtCs9BqXjdeQZds_11reader_core3api11dict_lookup0Cs6TxNYeCRE9A_16translate_corpus
FN:271,_RNCNvNtCs9BqXjdeQZds_11reader_core3api11dict_remove0Cs6TxNYeCRE9A_16translate_corpus
FN:259,_RNCNvNtCs9BqXjdeQZds_11reader_core3api12dict_install0Cs6TxNYeCRE9A_16translate_corpus
FN:342,_RNCNvNtCs9BqXjdeQZds_11reader_core3api20translate_set_config0Cs6TxNYeCRE9A_16translate_corpus
FN:330,_RNCNvNtCs9BqXjdeQZds_11reader_core3api21translate_cache_clear0Cs6TxNYeCRE9A_16translate_corpus
FN:277,_RNCNvNtCs9BqXjdeQZds_11reader_core3api9dict_list0Cs6TxNYeCRE9A_16translate_corpus
FN:312,_RNCNvNtCs9BqXjdeQZds_11reader_core3api9translate0Cs6TxNYeCRE9A_16translate_corpus
FN:134,_RINvNtCs9BqXjdeQZds_11reader_core3api7err_msgNtNtB4_5error5ErrorECs6TxNYeCRE9A_16translate_corpus
FN:283,_RNCNCNvNtCs9BqXjdeQZds_11reader_core3api9dict_list0s_0Cs6TxNYeCRE9A_16translate_corpus
FN:418,_RNCNCNvNtCs9BqXjdeQZds_11reader_core3api21tts_sentence_index_at00CsjgbBjSc8Hmh_7tts_api
FN:439,_RNCNCNvNtCs9BqXjdeQZds_11reader_core3api23tts_listen_settings_get00CsjgbBjSc8Hmh_7tts_api
FN:444,_RNCNCNvNtCs9BqXjdeQZds_11reader_core3api23tts_listen_settings_get0s0_0CsjgbBjSc8Hmh_7tts_api
FN:448,_RNCNCNvNtCs9BqXjdeQZds_11reader_core3api23tts_listen_settings_get0s1_0CsjgbBjSc8Hmh_7tts_api
FN:454,_RNCNCNvNtCs9BqXjdeQZds_11reader_core3api23tts_listen_settings_get0s2_0CsjgbBjSc8Hmh_7tts_api
FN:443,_RNCNCNvNtCs9BqXjdeQZds_11reader_core3api23tts_listen_settings_get0s_0CsjgbBjSc8Hmh_7tts_api
FN:467,_RNCNCNvNtCs9BqXjdeQZds_11reader_core3api23tts_listen_settings_set00CsjgbBjSc8Hmh_7tts_api
FN:377,_RNCNvNtCs9BqXjdeQZds_11reader_core3api11tts_segment0CsjgbBjSc8Hmh_7tts_api
FN:410,_RNCNvNtCs9BqXjdeQZds_11reader_core3api21tts_sentence_index_at0CsjgbBjSc8Hmh_7tts_api
FN:438,_RNCNvNtCs9BqXjdeQZds_11reader_core3api23tts_listen_settings_get0CsjgbBjSc8Hmh_7tts_api
FN:466,_RNCNvNtCs9BqXjdeQZds_11reader_core3api23tts_listen_settings_set0CsjgbBjSc8Hmh_7tts_api
FN:398,_RNCNvNtCs9BqXjdeQZds_11reader_core3api24tts_locator_for_sentence0CsjgbBjSc8Hmh_7tts_api
FN:134,_RINvNtCs9BqXjdeQZds_11reader_core3api7err_msgNtNtB4_3tts8TtsErrorECsjgbBjSc8Hmh_7tts_api
FN:134,_RINvNtCs9BqXjdeQZds_11reader_core3api7err_msgNtNtB4_5error5ErrorECsjgbBjSc8Hmh_7tts_api
FN:384,_RNCNCNvNtCs9BqXjdeQZds_11reader_core3api11tts_segment00CsjgbBjSc8Hmh_7tts_api
FNDA:0,_RNCNCNvNtCs9BqXjdeQZds_11reader_core3api11dict_lookup00B7_
FNDA:0,_RNCNCNvNtCs9BqXjdeQZds_11reader_core3api11dict_lookup0s_0B7_
FNDA:0,_RNCNCNvNtCs9BqXjdeQZds_11reader_core3api11dict_remove00B7_
FNDA:0,_RNCNCNvNtCs9BqXjdeQZds_11reader_core3api12dict_install00B7_
FNDA:0,_RNCNCNvNtCs9BqXjdeQZds_11reader_core3api20translate_set_config00B7_
FNDA:0,_RNCNCNvNtCs9BqXjdeQZds_11reader_core3api21translate_cache_clear00B7_
FNDA:0,_RNCNCNvNtCs9BqXjdeQZds_11reader_core3api21tts_sentence_index_at00B7_
FNDA:0,_RNCNCNvNtCs9BqXjdeQZds_11reader_core3api23tts_listen_settings_get00B7_
FNDA:0,_RNCNCNvNtCs9BqXjdeQZds_11reader_core3api23tts_listen_settings_get0s0_0B7_
FNDA:0,_RNCNCNvNtCs9BqXjdeQZds_11reader_core3api23tts_listen_settings_get0s1_0B7_
FNDA:0,_RNCNCNvNtCs9BqXjdeQZds_11reader_core3api23tts_listen_settings_get0s2_0B7_
FNDA:0,_RNCNCNvNtCs9BqXjdeQZds_11reader_core3api23tts_listen_settings_get0s_0B7_
FNDA:0,_RNCNCNvNtCs9BqXjdeQZds_11reader_core3api23tts_listen_settings_set00B7_
FNDA:0,_RNCNCNvNtCs9BqXjdeQZds_11reader_core3api9dict_list00B7_
FNDA:0,_RNCNCNvNtCs9BqXjdeQZds_11reader_core3api9translate00B7_
FNDA:0,_RNCNCNvNtCs9BqXjdeQZds_11reader_core3api9translate0s0_0B7_
FNDA:0,_RNCNCNvNtCs9BqXjdeQZds_11reader_core3api9translate0s_0B7_
FNDA:0,_RNCNvNtCs9BqXjdeQZds_11reader_core3api11dict_lookup0B5_
FNDA:0,_RNCNvNtCs9BqXjdeQZds_11reader_core3api11dict_remove0B5_
FNDA:0,_RNCNvNtCs9BqXjdeQZds_11reader_core3api11tts_segment0B5_
FNDA:0,_RNCNvNtCs9BqXjdeQZds_11reader_core3api12dict_install0B5_
FNDA:0,_RNCNvNtCs9BqXjdeQZds_11reader_core3api20translate_set_config0B5_
FNDA:0,_RNCNvNtCs9BqXjdeQZds_11reader_core3api21translate_cache_clear0B5_
FNDA:0,_RNCNvNtCs9BqXjdeQZds_11reader_core3api21tts_sentence_index_at0B5_
FNDA:0,_RNCNvNtCs9BqXjdeQZds_11reader_core3api23tts_listen_settings_get0B5_
FNDA:0,_RNCNvNtCs9BqXjdeQZds_11reader_core3api23tts_listen_settings_set0B5_
FNDA:0,_RNCNvNtCs9BqXjdeQZds_11reader_core3api24tts_locator_for_sentence0B5_
FNDA:0,_RNCNvNtCs9BqXjdeQZds_11reader_core3api9dict_list0B5_
FNDA:0,_RNCNvNtCs9BqXjdeQZds_11reader_core3api9translate0B5_
FNDA:2,_RNvNtCs9BqXjdeQZds_11reader_core3api11dict_lookup
FNDA:1,_RNvNtCs9BqXjdeQZds_11reader_core3api11dict_remove
FNDA:3,_RNvNtCs9BqXjdeQZds_11reader_core3api11tts_segment
FNDA:1,_RNvNtCs9BqXjdeQZds_11reader_core3api12dict_install
FNDA:1,_RNvNtCs9BqXjdeQZds_11reader_core3api20translate_set_config
FNDA:1,_RNvNtCs9BqXjdeQZds_11reader_core3api21translate_cache_clear
FNDA:5,_RNvNtCs9BqXjdeQZds_11reader_core3api21tts_sentence_index_at
FNDA:6,_RNvNtCs9BqXjdeQZds_11reader_core3api23tts_listen_settings_get
FNDA:4,_RNvNtCs9BqXjdeQZds_11reader_core3api23tts_listen_settings_set
FNDA:7,_RNvNtCs9BqXjdeQZds_11reader_core3api24tts_locator_for_sentence
FNDA:1,_RNvNtCs9BqXjdeQZds_11reader_core3api9dict_list
FNDA:5,_RNvNtCs9BqXjdeQZds_11reader_core3api9translate
FNDA:0,_RNCNCNvNtCs9BqXjdeQZds_11reader_core3api11tts_segment00B7_
FNDA:0,_RNCNCNvNtCs9BqXjdeQZds_11reader_core3api9dict_list0s_0B7_
FNDA:143,_RNCNvNtCs9BqXjdeQZds_11reader_core3api12chapter_texts_0B5_
FNDA:0,_RNCNvNtCs9BqXjdeQZds_11reader_core3api9book_opens_0B5_
FNDA:0,_RINvNtCs9BqXjdeQZds_11reader_core3api7err_msgNtNtB4_3tts8TtsErrorEB4_
FNDA:0,_RINvNtCs9BqXjdeQZds_11reader_core3api7err_msgNtNtB4_5error5ErrorEB4_
FNDA:0,_RNCNCNvNtCs9BqXjdeQZds_11reader_core3api12library_open00B7_
FNDA:0,_RNCNvNtCs9BqXjdeQZds_11reader_core3api12chapter_text0B5_
FNDA:2,_RNCNvNtCs9BqXjdeQZds_11reader_core3api12chapter_texts1_0B5_
FNDA:0,_RNCNvNtCs9BqXjdeQZds_11reader_core3api12dict_service0B5_
FNDA:0,_RNCNvNtCs9BqXjdeQZds_11reader_core3api12library_list0B5_
FNDA:1,_RNCNvNtCs9BqXjdeQZds_11reader_core3api12library_open0B5_
FNDA:0,_RNCNvNtCs9BqXjdeQZds_11reader_core3api12progress_get0B5_
FNDA:0,_RNCNvNtCs9BqXjdeQZds_11reader_core3api12progress_gets_0B5_
FNDA:0,_RNCNvNtCs9BqXjdeQZds_11reader_core3api13book_resource0B5_
FNDA:0,_RNCNvNtCs9BqXjdeQZds_11reader_core3api13progress_save0B5_
FNDA:0,_RNCNvNtCs9BqXjdeQZds_11reader_core3api14library_import0B5_
FNDA:0,_RNCNvNtCs9BqXjdeQZds_11reader_core3api14library_remove0B5_
FNDA:7541,_RNCNvNtCs9BqXjdeQZds_11reader_core3api15to_locator_view0B5_
FNDA:0,_RNCNvNtCs9BqXjdeQZds_11reader_core3api17book_chapter_html0B5_
FNDA:0,_RNCNvNtCs9BqXjdeQZds_11reader_core3api19translation_service0B5_
FNDA:0,_RNCNvNtCs9BqXjdeQZds_11reader_core3api7service0B5_
FNDA:0,_RNCNvNtCs9BqXjdeQZds_11reader_core3api9book_open0B5_
FNDA:1,_RNvNtCs9BqXjdeQZds_11reader_core3api10to_summary
FNDA:15,_RNvNtCs9BqXjdeQZds_11reader_core3api12chapter_text
FNDA:6,_RNvNtCs9BqXjdeQZds_11reader_core3api12dict_service
FNDA:0,_RNvNtCs9BqXjdeQZds_11reader_core3api12library_list
FNDA:2,_RNvNtCs9BqXjdeQZds_11reader_core3api12library_open
FNDA:0,_RNvNtCs9BqXjdeQZds_11reader_core3api12progress_get
FNDA:0,_RNvNtCs9BqXjdeQZds_11reader_core3api13book_resource
FNDA:0,_RNvNtCs9BqXjdeQZds_11reader_core3api13progress_save
FNDA:1,_RNvNtCs9BqXjdeQZds_11reader_core3api14library_import
FNDA:0,_RNvNtCs9BqXjdeQZds_11reader_core3api14library_remove
FNDA:7541,_RNvNtCs9BqXjdeQZds_11reader_core3api15to_locator_view
FNDA:0,_RNvNtCs9BqXjdeQZds_11reader_core3api17book_chapter_html
FNDA:6,_RNvNtCs9BqXjdeQZds_11reader_core3api19translation_service
FNDA:26,_RNvNtCs9BqXjdeQZds_11reader_core3api7service
FNDA:0,_RNvNtCs9BqXjdeQZds_11reader_core3api9book_open
FNDA:0,_RNvNtCs9BqXjdeQZds_11reader_core3api19__unused_result_type
FNDA:0,_RNCNCNvNtCs547XrBZfZJf_11reader_core3api11dict_lookup00B7_
FNDA:0,_RNCNCNvNtCs547XrBZfZJf_11reader_core3api11dict_lookup0s_0B7_
FNDA:0,_RNCNCNvNtCs547XrBZfZJf_11reader_core3api11dict_remove00B7_
FNDA:0,_RNCNCNvNtCs547XrBZfZJf_11reader_core3api12dict_install00B7_
FNDA:0,_RNCNCNvNtCs547XrBZfZJf_11reader_core3api20translate_set_config00B7_
FNDA:0,_RNCNCNvNtCs547XrBZfZJf_11reader_core3api21translate_cache_clear00B7_
FNDA:0,_RNCNCNvNtCs547XrBZfZJf_11reader_core3api21tts_sentence_index_at00B7_
FNDA:0,_RNCNCNvNtCs547XrBZfZJf_11reader_core3api23tts_listen_settings_get00B7_
FNDA:0,_RNCNCNvNtCs547XrBZfZJf_11reader_core3api23tts_listen_settings_get0s0_0B7_
FNDA:0,_RNCNCNvNtCs547XrBZfZJf_11reader_core3api23tts_listen_settings_get0s1_0B7_
FNDA:0,_RNCNCNvNtCs547XrBZfZJf_11reader_core3api23tts_listen_settings_get0s2_0B7_
FNDA:0,_RNCNCNvNtCs547XrBZfZJf_11reader_core3api23tts_listen_settings_get0s_0B7_
FNDA:0,_RNCNCNvNtCs547XrBZfZJf_11reader_core3api23tts_listen_settings_set00B7_
FNDA:0,_RNCNCNvNtCs547XrBZfZJf_11reader_core3api9dict_list00B7_
FNDA:0,_RNCNCNvNtCs547XrBZfZJf_11reader_core3api9translate00B7_
FNDA:0,_RNCNCNvNtCs547XrBZfZJf_11reader_core3api9translate0s0_0B7_
FNDA:0,_RNCNCNvNtCs547XrBZfZJf_11reader_core3api9translate0s_0B7_
FNDA:0,_RNCNvNtCs547XrBZfZJf_11reader_core3api11dict_lookup0B5_
FNDA:0,_RNCNvNtCs547XrBZfZJf_11reader_core3api11dict_remove0B5_
FNDA:0,_RNCNvNtCs547XrBZfZJf_11reader_core3api11tts_segment0B5_
FNDA:0,_RNCNvNtCs547XrBZfZJf_11reader_core3api12dict_install0B5_
FNDA:0,_RNCNvNtCs547XrBZfZJf_11reader_core3api20translate_set_config0B5_
FNDA:0,_RNCNvNtCs547XrBZfZJf_11reader_core3api21translate_cache_clear0B5_
FNDA:0,_RNCNvNtCs547XrBZfZJf_11reader_core3api21tts_sentence_index_at0B5_
FNDA:0,_RNCNvNtCs547XrBZfZJf_11reader_core3api23tts_listen_settings_get0B5_
FNDA:0,_RNCNvNtCs547XrBZfZJf_11reader_core3api23tts_listen_settings_set0B5_
FNDA:0,_RNCNvNtCs547XrBZfZJf_11reader_core3api24tts_locator_for_sentence0B5_
FNDA:0,_RNCNvNtCs547XrBZfZJf_11reader_core3api9dict_list0B5_
FNDA:0,_RNCNvNtCs547XrBZfZJf_11reader_core3api9translate0B5_
FNDA:0,_RNvNtCs547XrBZfZJf_11reader_core3api11dict_lookup
FNDA:0,_RNvNtCs547XrBZfZJf_11reader_core3api11dict_remove
FNDA:0,_RNvNtCs547XrBZfZJf_11reader_core3api11tts_segment
FNDA:0,_RNvNtCs547XrBZfZJf_11reader_core3api12dict_install
FNDA:0,_RNvNtCs547XrBZfZJf_11reader_core3api20translate_set_config
FNDA:0,_RNvNtCs547XrBZfZJf_11reader_core3api21translate_cache_clear
FNDA:0,_RNvNtCs547XrBZfZJf_11reader_core3api21tts_sentence_index_at
FNDA:0,_RNvNtCs547XrBZfZJf_11reader_core3api23tts_listen_settings_get
FNDA:0,_RNvNtCs547XrBZfZJf_11reader_core3api23tts_listen_settings_set
FNDA:0,_RNvNtCs547XrBZfZJf_11reader_core3api24tts_locator_for_sentence
FNDA:0,_RNvNtCs547XrBZfZJf_11reader_core3api9dict_list
FNDA:0,_RNvNtCs547XrBZfZJf_11reader_core3api9translate
FNDA:0,_RINvNtCs547XrBZfZJf_11reader_core3api7err_msgNtNtB4_3tts8TtsErrorEB4_
FNDA:0,_RINvNtCs547XrBZfZJf_11reader_core3api7err_msgNtNtB4_5error5ErrorEB4_
FNDA:0,_RNCNCNvNtCs547XrBZfZJf_11reader_core3api12library_open00B7_
FNDA:0,_RNCNvNtCs547XrBZfZJf_11reader_core3api12chapter_text0B5_
FNDA:0,_RNCNvNtCs547XrBZfZJf_11reader_core3api12chapter_texts1_0B5_
FNDA:0,_RNCNvNtCs547XrBZfZJf_11reader_core3api12dict_service0B5_
FNDA:0,_RNCNvNtCs547XrBZfZJf_11reader_core3api12library_list0B5_
FNDA:0,_RNCNvNtCs547XrBZfZJf_11reader_core3api12library_open0B5_
FNDA:0,_RNCNvNtCs547XrBZfZJf_11reader_core3api12progress_get0B5_
FNDA:0,_RNCNvNtCs547XrBZfZJf_11reader_core3api12progress_gets_0B5_
FNDA:0,_RNCNvNtCs547XrBZfZJf_11reader_core3api13book_resource0B5_
FNDA:0,_RNCNvNtCs547XrBZfZJf_11reader_core3api13progress_save0B5_
FNDA:0,_RNCNvNtCs547XrBZfZJf_11reader_core3api14library_import0B5_
FNDA:0,_RNCNvNtCs547XrBZfZJf_11reader_core3api14library_remove0B5_
FNDA:0,_RNCNvNtCs547XrBZfZJf_11reader_core3api15to_locator_view0B5_
FNDA:0,_RNCNvNtCs547XrBZfZJf_11reader_core3api17book_chapter_html0B5_
FNDA:0,_RNCNvNtCs547XrBZfZJf_11reader_core3api19translation_service0B5_
FNDA:0,_RNCNvNtCs547XrBZfZJf_11reader_core3api7service0B5_
FNDA:0,_RNCNvNtCs547XrBZfZJf_11reader_core3api9book_open0B5_
FNDA:0,_RNvNtCs547XrBZfZJf_11reader_core3api10to_summary
FNDA:0,_RNvNtCs547XrBZfZJf_11reader_core3api12chapter_text
FNDA:0,_RNvNtCs547XrBZfZJf_11reader_core3api12dict_service
FNDA:0,_RNvNtCs547XrBZfZJf_11reader_core3api12library_list
FNDA:0,_RNvNtCs547XrBZfZJf_11reader_core3api12library_open
FNDA:0,_RNvNtCs547XrBZfZJf_11reader_core3api12progress_get
FNDA:0,_RNvNtCs547XrBZfZJf_11reader_core3api13book_resource
FNDA:0,_RNvNtCs547XrBZfZJf_11reader_core3api13progress_save
FNDA:0,_RNvNtCs547XrBZfZJf_11reader_core3api14library_import
FNDA:0,_RNvNtCs547XrBZfZJf_11reader_core3api14library_remove
FNDA:0,_RNvNtCs547XrBZfZJf_11reader_core3api15to_locator_view
FNDA:0,_RNvNtCs547XrBZfZJf_11reader_core3api17book_chapter_html
FNDA:0,_RNvNtCs547XrBZfZJf_11reader_core3api19translation_service
FNDA:0,_RNvNtCs547XrBZfZJf_11reader_core3api7service
FNDA:0,_RNvNtCs547XrBZfZJf_11reader_core3api9book_open
FNDA:0,_RNCNCNvNtCs547XrBZfZJf_11reader_core3api11tts_segment00B7_
FNDA:0,_RNCNvNtCs547XrBZfZJf_11reader_core3api9book_opens_0B5_
FNDA:0,_RNCNCNvNtCs547XrBZfZJf_11reader_core3api9dict_list0s_0B7_
FNDA:0,_RNCNvNtCs547XrBZfZJf_11reader_core3api12chapter_texts_0B5_
FNDA:0,_RNvNtCs547XrBZfZJf_11reader_core3api19__unused_result_type
FNDA:0,_RNCNCNvNtCs9BqXjdeQZds_11reader_core3api11dict_lookup00Cs6TxNYeCRE9A_16translate_corpus
FNDA:1,_RNCNCNvNtCs9BqXjdeQZds_11reader_core3api11dict_lookup0s_0Cs6TxNYeCRE9A_16translate_corpus
FNDA:0,_RNCNCNvNtCs9BqXjdeQZds_11reader_core3api11dict_remove00Cs6TxNYeCRE9A_16translate_corpus
FNDA:0,_RNCNCNvNtCs9BqXjdeQZds_11reader_core3api12dict_install00Cs6TxNYeCRE9A_16translate_corpus
FNDA:0,_RNCNCNvNtCs9BqXjdeQZds_11reader_core3api20translate_set_config00Cs6TxNYeCRE9A_16translate_corpus
FNDA:0,_RNCNCNvNtCs9BqXjdeQZds_11reader_core3api21translate_cache_clear00Cs6TxNYeCRE9A_16translate_corpus
FNDA:0,_RNCNCNvNtCs9BqXjdeQZds_11reader_core3api9dict_list00Cs6TxNYeCRE9A_16translate_corpus
FNDA:1,_RNCNCNvNtCs9BqXjdeQZds_11reader_core3api9translate00Cs6TxNYeCRE9A_16translate_corpus
FNDA:0,_RNCNCNvNtCs9BqXjdeQZds_11reader_core3api9translate0s0_0Cs6TxNYeCRE9A_16translate_corpus
FNDA:0,_RNCNCNvNtCs9BqXjdeQZds_11reader_core3api9translate0s_0Cs6TxNYeCRE9A_16translate_corpus
FNDA:2,_RNCNvNtCs9BqXjdeQZds_11reader_core3api11dict_lookup0Cs6TxNYeCRE9A_16translate_corpus
FNDA:1,_RNCNvNtCs9BqXjdeQZds_11reader_core3api11dict_remove0Cs6TxNYeCRE9A_16translate_corpus
FNDA:1,_RNCNvNtCs9BqXjdeQZds_11reader_core3api12dict_install0Cs6TxNYeCRE9A_16translate_corpus
FNDA:1,_RNCNvNtCs9BqXjdeQZds_11reader_core3api20translate_set_config0Cs6TxNYeCRE9A_16translate_corpus
FNDA:1,_RNCNvNtCs9BqXjdeQZds_11reader_core3api21translate_cache_clear0Cs6TxNYeCRE9A_16translate_corpus
FNDA:1,_RNCNvNtCs9BqXjdeQZds_11reader_core3api9dict_list0Cs6TxNYeCRE9A_16translate_corpus
FNDA:5,_RNCNvNtCs9BqXjdeQZds_11reader_core3api9translate0Cs6TxNYeCRE9A_16translate_corpus
FNDA:1,_RINvNtCs9BqXjdeQZds_11reader_core3api7err_msgNtNtB4_5error5ErrorECs6TxNYeCRE9A_16translate_corpus
FNDA:1,_RNCNCNvNtCs9BqXjdeQZds_11reader_core3api9dict_list0s_0Cs6TxNYeCRE9A_16translate_corpus
FNDA:5,_RNCNCNvNtCs9BqXjdeQZds_11reader_core3api21tts_sentence_index_at00CsjgbBjSc8Hmh_7tts_api
FNDA:0,_RNCNCNvNtCs9BqXjdeQZds_11reader_core3api23tts_listen_settings_get00CsjgbBjSc8Hmh_7tts_api
FNDA:2,_RNCNCNvNtCs9BqXjdeQZds_11reader_core3api23tts_listen_settings_get0s0_0CsjgbBjSc8Hmh_7tts_api
FNDA:5,_RNCNCNvNtCs9BqXjdeQZds_11reader_core3api23tts_listen_settings_get0s1_0CsjgbBjSc8Hmh_7tts_api
FNDA:5,_RNCNCNvNtCs9BqXjdeQZds_11reader_core3api23tts_listen_settings_get0s2_0CsjgbBjSc8Hmh_7tts_api
FNDA:5,_RNCNCNvNtCs9BqXjdeQZds_11reader_core3api23tts_listen_settings_get0s_0CsjgbBjSc8Hmh_7tts_api
FNDA:0,_RNCNCNvNtCs9BqXjdeQZds_11reader_core3api23tts_listen_settings_set00CsjgbBjSc8Hmh_7tts_api
FNDA:3,_RNCNvNtCs9BqXjdeQZds_11reader_core3api11tts_segment0CsjgbBjSc8Hmh_7tts_api
FNDA:5,_RNCNvNtCs9BqXjdeQZds_11reader_core3api21tts_sentence_index_at0CsjgbBjSc8Hmh_7tts_api
FNDA:6,_RNCNvNtCs9BqXjdeQZds_11reader_core3api23tts_listen_settings_get0CsjgbBjSc8Hmh_7tts_api
FNDA:4,_RNCNvNtCs9BqXjdeQZds_11reader_core3api23tts_listen_settings_set0CsjgbBjSc8Hmh_7tts_api
FNDA:7,_RNCNvNtCs9BqXjdeQZds_11reader_core3api24tts_locator_for_sentence0CsjgbBjSc8Hmh_7tts_api
FNDA:2,_RINvNtCs9BqXjdeQZds_11reader_core3api7err_msgNtNtB4_3tts8TtsErrorECsjgbBjSc8Hmh_7tts_api
FNDA:0,_RINvNtCs9BqXjdeQZds_11reader_core3api7err_msgNtNtB4_5error5ErrorECsjgbBjSc8Hmh_7tts_api
FNDA:7536,_RNCNCNvNtCs9BqXjdeQZds_11reader_core3api11tts_segment00CsjgbBjSc8Hmh_7tts_api
FNF:79
FNH:46
DA:117,26
DA:118,26
DA:119,26
DA:120,26
DA:121,26
DA:123,6
DA:124,6
DA:125,6
DA:126,6
DA:128,6
DA:129,6
DA:130,6
DA:131,6
DA:132,6
DA:134,3
DA:135,3
DA:136,3
DA:142,2
DA:143,2
DA:144,2
DA:146,2
DA:147,2
DA:148,2
DA:149,2
DA:150,2
DA:151,2
DA:153,2
DA:154,1
DA:155,1
DA:156,1
DA:157,1
DA:158,1
DA:159,1
DA:160,2
DA:161,2
DA:162,2
DA:163,2
DA:164,2
DA:165,2
DA:166,2
DA:167,2
DA:168,2
DA:169,2
DA:170,2
DA:173,1
DA:174,1
DA:175,1
DA:176,1
DA:177,1
DA:180,0
DA:181,0
DA:182,0
DA:183,0
DA:184,0
DA:187,0
DA:188,0
DA:189,0
DA:190,0
DA:193,0
DA:194,0
DA:195,0
DA:197,0
DA:198,0
DA:199,0
DA:200,0
DA:201,0
DA:202,0
DA:203,0
DA:204,0
DA:205,0
DA:206,0
DA:208,0
DA:211,0
DA:212,0
DA:213,0
DA:214,0
DA:217,0
DA:218,0
DA:219,0
DA:220,0
DA:229,0
DA:230,0
DA:231,0
DA:232,0
DA:235,0
DA:236,0
DA:237,0
DA:238,0
DA:239,0
DA:240,0
DA:241,0
DA:242,0
DA:246,1
DA:247,1
DA:248,1
DA:249,1
DA:250,1
DA:251,1
DA:252,1
DA:253,1
DA:254,1
DA:259,1
DA:260,1
DA:261,1
DA:262,1
DA:263,1
DA:264,1
DA:265,1
DA:266,1
DA:267,1
DA:268,1
DA:271,1
DA:272,1
DA:273,1
DA:274,1
DA:277,1
DA:278,1
DA:279,1
DA:280,1
DA:281,1
DA:282,1
DA:283,1
DA:284,1
DA:285,1
DA:286,1
DA:287,1
DA:288,1
DA:289,1
DA:292,2
DA:293,2
DA:294,2
DA:295,2
DA:296,2
DA:297,2
DA:298,2
DA:299,1
DA:300,1
DA:301,1
DA:302,1
DA:303,1
DA:304,1
DA:305,2
DA:308,5
DA:309,5
DA:310,5
DA:311,5
DA:312,5
DA:313,5
DA:314,5
DA:315,4
DA:316,4
DA:317,4
DA:318,4
DA:319,4
DA:320,4
DA:321,4
DA:322,4
DA:323,4
DA:324,4
DA:325,4
DA:326,4
DA:327,5
DA:330,1
DA:331,1
DA:332,1
DA:333,1
DA:334,1
DA:335,1
DA:339,1
DA:340,1
DA:341,1
DA:342,1
DA:343,1
DA:344,1
DA:345,1
DA:346,1
DA:347,1
DA:352,15
DA:353,15
DA:354,15
DA:355,15
DA:356,15
DA:357,15
DA:358,143
DA:359,15
DA:360,15
DA:361,15
DA:363,7541
DA:365,7541
DA:366,7541
DA:367,7541
DA:368,7541
DA:369,7541
DA:371,7541
DA:374,3
DA:375,3
DA:376,3
DA:377,3
DA:378,3
DA:379,2
DA:380,2
DA:381,2
DA:382,2
DA:383,2
DA:384,7536
DA:385,7536
DA:386,7536
DA:387,7536
DA:388,7536
DA:389,7536
DA:390,2
DA:391,3
DA:394,7
DA:395,7
DA:396,7
DA:397,7
DA:398,7
DA:399,7
DA:400,5
DA:401,6
DA:402,5
DA:403,7
DA:406,5
DA:407,5
DA:408,5
DA:409,5
DA:410,5
DA:411,5
DA:412,5
DA:413,5
DA:414,5
DA:415,5
DA:416,5
DA:417,5
DA:418,5
DA:421,5
DA:422,5
DA:423,5
DA:424,5
DA:426,5
DA:427,4
DA:428,5
DA:438,6
DA:439,6
DA:440,6
DA:441,6
DA:442,6
DA:443,6
DA:444,6
DA:445,6
DA:446,6
DA:447,6
DA:448,6
DA:449,6
DA:450,6
DA:451,6
DA:452,6
DA:453,6
DA:454,6
DA:455,6
DA:456,6
DA:457,6
DA:458,6
DA:459,6
DA:460,6
DA:461,6
DA:464,4
DA:465,4
DA:466,4
DA:467,4
DA:468,4
DA:469,1
DA:471,3
DA:473,4
DA:474,4
DA:475,3
DA:477,1
DA:479,4
DA:480,4
DA:481,4
DA:482,4
DA:483,4
DA:487,0
DA:488,0
DA:489,0
BRF:0
BRH:0
LF:329
LH:260
end_of_record
SF:/root/reader/core/src/convert/mod.rs
FN:150,_RNCNvNtCs9BqXjdeQZds_11reader_core7convert9build_opf0B5_
FN:51,_RNCNCNCNvMNtCs9BqXjdeQZds_11reader_core7convertNtB8_17BookCanonicalizer12canonicalizes0_000Ba_
FN:52,_RNCNCNCNvMNtCs9BqXjdeQZds_11reader_core7convertNtB8_17BookCanonicalizer12canonicalizes0_00s_0Ba_
FN:46,_RNCNCNvMNtCs9BqXjdeQZds_11reader_core7convertNtB6_17BookCanonicalizer12canonicalizes0_00B8_
FN:83,_RNCNCNvMNtCs9BqXjdeQZds_11reader_core7convertNtB6_17BookCanonicalizer12canonicalizes3_00B8_
FN:30,_RNCNvMNtCs9BqXjdeQZds_11reader_core7convertNtB4_17BookCanonicalizer12canonicalize0B6_
FN:44,_RNCNvMNtCs9BqXjdeQZds_11reader_core7convertNtB4_17BookCanonicalizer12canonicalizes0_0B6_
FN:67,_RNCNvMNtCs9BqXjdeQZds_11reader_core7convertNtB4_17BookCanonicalizer12canonicalizes1_0B6_
FN:75,_RNCNvMNtCs9BqXjdeQZds_11reader_core7convertNtB4_17BookCanonicalizer12canonicalizes2_0B6_
FN:83,_RNCNvMNtCs9BqXjdeQZds_11reader_core7convertNtB4_17BookCanonicalizer12canonicalizes3_0B6_
FN:85,_RNCNvMNtCs9BqXjdeQZds_11reader_core7convertNtB4_17BookCanonicalizer12canonicalizes5_0B6_
FN:87,_RNCNvMNtCs9BqXjdeQZds_11reader_core7convertNtB4_17BookCanonicalizer12canonicalizes6_0B6_
FN:94,_RNCNvMNtCs9BqXjdeQZds_11reader_core7convertNtB4_17BookCanonicalizer12canonicalizes7_0B6_
FN:99,_RNCNvMNtCs9BqXjdeQZds_11reader_core7convertNtB4_17BookCanonicalizer12canonicalizes8_0B6_
FN:103,_RNCNvMNtCs9BqXjdeQZds_11reader_core7convertNtB4_17BookCanonicalizer12canonicalizes9_0B6_
FN:43,_RNCNvMNtCs9BqXjdeQZds_11reader_core7convertNtB4_17BookCanonicalizer12canonicalizes_0B6_
FN:192,_RNCNvNtCs9BqXjdeQZds_11reader_core7convert9build_nav0B5_
FN:21,_RNvMNtCs9BqXjdeQZds_11reader_core7convertNtB2_17BookCanonicalizer12canonicalize
FN:231,_RNvNtCs9BqXjdeQZds_11reader_core7convert10escape_xml
FN:112,_RNvNtCs9BqXjdeQZds_11reader_core7convert13container_xml
FN:215,_RNvNtCs9BqXjdeQZds_11reader_core7convert17parsed_title_hash
FN:108,_RNvNtCs9BqXjdeQZds_11reader_core7convert8basename
FN:181,_RNvNtCs9BqXjdeQZds_11reader_core7convert9build_nav
FN:123,_RNvNtCs9BqXjdeQZds_11reader_core7convert9build_opf
FN:150,_RNCNvNtCs547XrBZfZJf_11reader_core7convert9build_opf0B5_
FN:242,_RNvNtNtCs547XrBZfZJf_11reader_core7convert5tests11sample_book
FN:268,_RNvNtNtCs547XrBZfZJf_11reader_core7convert5testss_22canonicalize_roundtrip
FN:51,_RNCNCNCNvMNtCs547XrBZfZJf_11reader_core7convertNtB8_17BookCanonicalizer12canonicalizes0_000Ba_
FN:52,_RNCNCNCNvMNtCs547XrBZfZJf_11reader_core7convertNtB8_17BookCanonicalizer12canonicalizes0_00s_0Ba_
FN:46,_RNCNCNvMNtCs547XrBZfZJf_11reader_core7convertNtB6_17BookCanonicalizer12canonicalizes0_00B8_
FN:83,_RNCNCNvMNtCs547XrBZfZJf_11reader_core7convertNtB6_17BookCanonicalizer12canonicalizes3_00B8_
FN:30,_RNCNvMNtCs547XrBZfZJf_11reader_core7convertNtB4_17BookCanonicalizer12canonicalize0B6_
FN:44,_RNCNvMNtCs547XrBZfZJf_11reader_core7convertNtB4_17BookCanonicalizer12canonicalizes0_0B6_
FN:67,_RNCNvMNtCs547XrBZfZJf_11reader_core7convertNtB4_17BookCanonicalizer12canonicalizes1_0B6_
FN:75,_RNCNvMNtCs547XrBZfZJf_11reader_core7convertNtB4_17BookCanonicalizer12canonicalizes2_0B6_
FN:83,_RNCNvMNtCs547XrBZfZJf_11reader_core7convertNtB4_17BookCanonicalizer12canonicalizes3_0B6_
FN:85,_RNCNvMNtCs547XrBZfZJf_11reader_core7convertNtB4_17BookCanonicalizer12canonicalizes5_0B6_
FN:87,_RNCNvMNtCs547XrBZfZJf_11reader_core7convertNtB4_17BookCanonicalizer12canonicalizes6_0B6_
FN:94,_RNCNvMNtCs547XrBZfZJf_11reader_core7convertNtB4_17BookCanonicalizer12canonicalizes7_0B6_
FN:99,_RNCNvMNtCs547XrBZfZJf_11reader_core7convertNtB4_17BookCanonicalizer12canonicalizes8_0B6_
FN:103,_RNCNvMNtCs547XrBZfZJf_11reader_core7convertNtB4_17BookCanonicalizer12canonicalizes9_0B6_
FN:43,_RNCNvMNtCs547XrBZfZJf_11reader_core7convertNtB4_17BookCanonicalizer12canonicalizes_0B6_
FN:192,_RNCNvNtCs547XrBZfZJf_11reader_core7convert9build_nav0B5_
FN:21,_RNvMNtCs547XrBZfZJf_11reader_core7convertNtB2_17BookCanonicalizer12canonicalize
FN:231,_RNvNtCs547XrBZfZJf_11reader_core7convert10escape_xml
FN:112,_RNvNtCs547XrBZfZJf_11reader_core7convert13container_xml
FN:215,_RNvNtCs547XrBZfZJf_11reader_core7convert17parsed_title_hash
FN:108,_RNvNtCs547XrBZfZJf_11reader_core7convert8basename
FN:181,_RNvNtCs547XrBZfZJf_11reader_core7convert9build_nav
FN:123,_RNvNtCs547XrBZfZJf_11reader_core7convert9build_opf
FNDA:3,_RNCNvNtCs9BqXjdeQZds_11reader_core7convert9build_opf0B5_
FNDA:270,_RNCNCNCNvMNtCs9BqXjdeQZds_11reader_core7convertNtB8_17BookCanonicalizer12canonicalizes0_000Ba_
FNDA:76,_RNCNCNCNvMNtCs9BqXjdeQZds_11reader_core7convertNtB8_17BookCanonicalizer12canonicalizes0_00s_0Ba_
FNDA:90,_RNCNCNvMNtCs9BqXjdeQZds_11reader_core7convertNtB6_17BookCanonicalizer12canonicalizes0_00B8_
FNDA:73,_RNCNCNvMNtCs9BqXjdeQZds_11reader_core7convertNtB6_17BookCanonicalizer12canonicalizes3_00B8_
FNDA:0,_RNCNvMNtCs9BqXjdeQZds_11reader_core7convertNtB4_17BookCanonicalizer12canonicalize0B6_
FNDA:123,_RNCNvMNtCs9BqXjdeQZds_11reader_core7convertNtB4_17BookCanonicalizer12canonicalizes0_0B6_
FNDA:0,_RNCNvMNtCs9BqXjdeQZds_11reader_core7convertNtB4_17BookCanonicalizer12canonicalizes1_0B6_
FNDA:0,_RNCNvMNtCs9BqXjdeQZds_11reader_core7convertNtB4_17BookCanonicalizer12canonicalizes2_0B6_
FNDA:23,_RNCNvMNtCs9BqXjdeQZds_11reader_core7convertNtB4_17BookCanonicalizer12canonicalizes3_0B6_
FNDA:0,_RNCNvMNtCs9BqXjdeQZds_11reader_core7convertNtB4_17BookCanonicalizer12canonicalizes5_0B6_
FNDA:0,_RNCNvMNtCs9BqXjdeQZds_11reader_core7convertNtB4_17BookCanonicalizer12canonicalizes6_0B6_
FNDA:0,_RNCNvMNtCs9BqXjdeQZds_11reader_core7convertNtB4_17BookCanonicalizer12canonicalizes7_0B6_
FNDA:0,_RNCNvMNtCs9BqXjdeQZds_11reader_core7convertNtB4_17BookCanonicalizer12canonicalizes8_0B6_
FNDA:0,_RNCNvMNtCs9BqXjdeQZds_11reader_core7convertNtB4_17BookCanonicalizer12canonicalizes9_0B6_
FNDA:0,_RNCNvMNtCs9BqXjdeQZds_11reader_core7convertNtB4_17BookCanonicalizer12canonicalizes_0B6_
FNDA:0,_RNCNvNtCs9BqXjdeQZds_11reader_core7convert9build_nav0B5_
FNDA:4,_RNvMNtCs9BqXjdeQZds_11reader_core7convertNtB2_17BookCanonicalizer12canonicalize
FNDA:130,_RNvNtCs9BqXjdeQZds_11reader_core7convert10escape_xml
FNDA:4,_RNvNtCs9BqXjdeQZds_11reader_core7convert13container_xml
FNDA:4,_RNvNtCs9BqXjdeQZds_11reader_core7convert17parsed_title_hash
FNDA:10,_RNvNtCs9BqXjdeQZds_11reader_core7convert8basename
FNDA:4,_RNvNtCs9BqXjdeQZds_11reader_core7convert9build_nav
FNDA:4,_RNvNtCs9BqXjdeQZds_11reader_core7convert9build_opf
FNDA:1,_RNCNvNtCs547XrBZfZJf_11reader_core7convert9build_opf0B5_
FNDA:1,_RNvNtNtCs547XrBZfZJf_11reader_core7convert5tests11sample_book
FNDA:1,_RNvNtNtCs547XrBZfZJf_11reader_core7convert5testss_22canonicalize_roundtrip
FNDA:0,_RNCNCNCNvMNtCs547XrBZfZJf_11reader_core7convertNtB8_17BookCanonicalizer12canonicalizes0_000Ba_
FNDA:0,_RNCNCNCNvMNtCs547XrBZfZJf_11reader_core7convertNtB8_17BookCanonicalizer12canonicalizes0_00s_0Ba_
FNDA:0,_RNCNCNvMNtCs547XrBZfZJf_11reader_core7convertNtB6_17BookCanonicalizer12canonicalizes0_00B8_
FNDA:0,_RNCNCNvMNtCs547XrBZfZJf_11reader_core7convertNtB6_17BookCanonicalizer12canonicalizes3_00B8_
FNDA:0,_RNCNvMNtCs547XrBZfZJf_11reader_core7convertNtB4_17BookCanonicalizer12canonicalize0B6_
FNDA:11,_RNCNvMNtCs547XrBZfZJf_11reader_core7convertNtB4_17BookCanonicalizer12canonicalizes0_0B6_
FNDA:0,_RNCNvMNtCs547XrBZfZJf_11reader_core7convertNtB4_17BookCanonicalizer12canonicalizes1_0B6_
FNDA:0,_RNCNvMNtCs547XrBZfZJf_11reader_core7convertNtB4_17BookCanonicalizer12canonicalizes2_0B6_
FNDA:0,_RNCNvMNtCs547XrBZfZJf_11reader_core7convertNtB4_17BookCanonicalizer12canonicalizes3_0B6_
FNDA:0,_RNCNvMNtCs547XrBZfZJf_11reader_core7convertNtB4_17BookCanonicalizer12canonicalizes5_0B6_
FNDA:0,_RNCNvMNtCs547XrBZfZJf_11reader_core7convertNtB4_17BookCanonicalizer12canonicalizes6_0B6_
FNDA:0,_RNCNvMNtCs547XrBZfZJf_11reader_core7convertNtB4_17BookCanonicalizer12canonicalizes7_0B6_
FNDA:0,_RNCNvMNtCs547XrBZfZJf_11reader_core7convertNtB4_17BookCanonicalizer12canonicalizes8_0B6_
FNDA:0,_RNCNvMNtCs547XrBZfZJf_11reader_core7convertNtB4_17BookCanonicalizer12canonicalizes9_0B6_
FNDA:0,_RNCNvMNtCs547XrBZfZJf_11reader_core7convertNtB4_17BookCanonicalizer12canonicalizes_0B6_
FNDA:0,_RNCNvNtCs547XrBZfZJf_11reader_core7convert9build_nav0B5_
FNDA:8,_RNvMNtCs547XrBZfZJf_11reader_core7convertNtB2_17BookCanonicalizer12canonicalize
FNDA:20,_RNvNtCs547XrBZfZJf_11reader_core7convert10escape_xml
FNDA:8,_RNvNtCs547XrBZfZJf_11reader_core7convert13container_xml
FNDA:8,_RNvNtCs547XrBZfZJf_11reader_core7convert17parsed_title_hash
FNDA:0,_RNvNtCs547XrBZfZJf_11reader_core7convert8basename
FNDA:8,_RNvNtCs547XrBZfZJf_11reader_core7convert9build_nav
FNDA:8,_RNvNtCs547XrBZfZJf_11reader_core7convert9build_opf
FNF:26
FNH:16
DA:21,12
DA:22,12
DA:23,12
DA:25,12
DA:26,12
DA:29,12
DA:30,12
DA:31,12
DA:34,12
DA:35,12
DA:36,12
DA:37,10
DA:38,10
DA:39,10
DA:40,10
DA:42,12
DA:43,12
DA:44,134
DA:45,134
DA:46,134
DA:47,90
DA:48,90
DA:49,90
DA:50,90
DA:51,270
DA:52,90
DA:53,90
DA:54,76
DA:55,14
DA:57,90
DA:58,134
DA:59,134
DA:62,12
DA:63,134
DA:64,134
DA:65,134
DA:66,134
DA:67,134
DA:68,134
DA:69,134
DA:73,12
DA:74,12
DA:75,12
DA:76,12
DA:79,12
DA:80,10
DA:81,10
DA:82,10
DA:83,73
DA:84,10
DA:85,10
DA:86,10
DA:87,10
DA:88,10
DA:92,12
DA:93,12
DA:94,12
DA:95,12
DA:98,12
DA:99,12
DA:100,12
DA:102,12
DA:103,12
DA:104,12
DA:105,12
DA:108,10
DA:109,10
DA:110,10
DA:112,12
DA:113,12
DA:114,12
DA:115,12
DA:116,12
DA:117,12
DA:118,12
DA:119,12
DA:120,12
DA:121,12
DA:123,12
DA:124,12
DA:125,12
DA:126,12
DA:127,12
DA:128,12
DA:131,134
DA:132,134
DA:133,134
DA:134,134
DA:135,134
DA:136,12
DA:137,10
DA:138,10
DA:139,10
DA:140,10
DA:142,12
DA:143,134
DA:144,134
DA:145,134
DA:147,12
DA:148,12
DA:149,12
DA:150,12
DA:151,12
DA:152,12
DA:153,12
DA:154,12
DA:155,8
DA:157,4
DA:160,12
DA:176,12
DA:177,12
DA:179,12
DA:181,12
DA:182,12
DA:183,134
DA:184,134
DA:185,0
DA:187,134
DA:189,134
DA:190,134
DA:191,134
DA:192,134
DA:193,134
DA:194,134
DA:195,134
DA:196,134
DA:198,12
DA:213,12
DA:215,12
DA:217,12
DA:218,12
DA:219,134
DA:220,134
DA:221,134
DA:222,134
DA:223,12
DA:224,12
DA:225,96
DA:226,96
DA:227,96
DA:228,12
DA:229,12
DA:231,150
DA:232,150
DA:233,150
DA:234,150
DA:235,150
DA:242,1
DA:243,1
DA:244,1
DA:245,1
DA:246,1
DA:247,1
DA:248,1
DA:249,1
DA:250,1
DA:251,1
DA:252,1
DA:253,1
DA:254,1
DA:255,1
DA:256,1
DA:257,1
DA:258,1
DA:259,1
DA:260,1
DA:261,1
DA:262,1
DA:263,1
DA:264,1
DA:265,1
DA:268,1
DA:269,1
DA:270,1
DA:271,1
DA:272,1
DA:275,1
DA:276,1
DA:277,1
DA:278,1
DA:279,1
DA:280,1
BRF:0
BRH:0
LF:199
LH:188
end_of_record
SF:/root/reader/core/src/dict/mod.rs
FN:47,_RNvYNtNtNtCs9BqXjdeQZds_11reader_core4dict8provider12EchoProviderNtB6_19TranslationProvider9configureB8_
FN:49,_RNvYNtNtNtCs9BqXjdeQZds_11reader_core4dict8provider12EchoProviderNtB6_19TranslationProvider9needs_keyB8_
FN:49,_RNvYNtNtNtCs9BqXjdeQZds_11reader_core4dict8provider13DeepLProviderNtB6_19TranslationProvider9needs_keyB8_
FN:47,_RNvYNtNtNtCs9BqXjdeQZds_11reader_core4dict8provider15OfflineProviderNtB6_19TranslationProvider9configureB8_
FN:56,_RNvNtCs9BqXjdeQZds_11reader_core4dict11extract_pos
FN:79,_RNvNtCs9BqXjdeQZds_11reader_core4dict15strip_html_tags
FN:49,_RNvYNtNtNtCs547XrBZfZJf_11reader_core4dict8provider13DeepLProviderNtB6_19TranslationProvider9needs_keyB8_
FN:47,_RNvYNtNtNtCs547XrBZfZJf_11reader_core4dict8provider15OfflineProviderNtB6_19TranslationProvider9configureB8_
FN:56,_RNvNtCs547XrBZfZJf_11reader_core4dict11extract_pos
FN:79,_RNvNtCs547XrBZfZJf_11reader_core4dict15strip_html_tags
FN:47,_RNvYNtNtNtCs547XrBZfZJf_11reader_core4dict8provider15FailingProviderNtB6_19TranslationProvider9configureB8_
FN:49,_RNvYNtNtNtCs547XrBZfZJf_11reader_core4dict8provider15FailingProviderNtB6_19TranslationProvider9needs_keyB8_
FN:47,_RNvYNtNtNtCs547XrBZfZJf_11reader_core4dict8provider16CountingProviderNtB6_19TranslationProvider9configureB8_
FN:49,_RNvYNtNtNtCs547XrBZfZJf_11reader_core4dict8provider16CountingProviderNtB6_19TranslationProvider9needs_keyB8_
FN:47,_RNvYNtNtNtNtCs547XrBZfZJf_11reader_core4dict11translation5tests14SharedCountingNtB8_19TranslationProvider9configureBa_
FN:49,_RNvYNtNtNtNtCs547XrBZfZJf_11reader_core4dict11translation5tests14SharedCountingNtB8_19TranslationProvider9needs_keyBa_
FN:49,_RNvYNtNtNtNtCs547XrBZfZJf_11reader_core4dict11translation5tests15KeyGateProviderNtB8_19TranslationProvider9needs_keyBa_
FN:47,_RNvYNtNtNtNtCs547XrBZfZJf_11reader_core4dict11translation5tests9DeepLStubNtB8_19TranslationProvider9configureBa_
FN:49,_RNvYNtNtNtNtCs547XrBZfZJf_11reader_core4dict11translation5tests9DeepLStubNtB8_19TranslationProvider9needs_keyBa_
FN:105,_RNvNtNtCs547XrBZfZJf_11reader_core4dict5testss_30strip_html_tags_keeps_stray_gt
FN:112,_RNvNtNtCs547XrBZfZJf_11reader_core4dict5testss_34strip_html_tags_skips_tag_contents
FN:98,_RNvNtNtCs547XrBZfZJf_11reader_core4dict5testss_39strip_html_tags_removes_tags_keeps_text
FN:119,_RNvNtNtCs547XrBZfZJf_11reader_core4dict5testss_40extract_pos_finds_pos_marker_after_strip
FN:47,_RNvYNtNtNtCs547XrBZfZJf_11reader_core4dict8provider12EchoProviderNtB6_19TranslationProvider9configureB8_
FN:49,_RNvYNtNtNtCs547XrBZfZJf_11reader_core4dict8provider12EchoProviderNtB6_19TranslationProvider9needs_keyB8_
FN:47,_RNvYNtNtNtCs9BqXjdeQZds_11reader_core4dict8provider12EchoProviderNtB6_19TranslationProvider9configureCs6TxNYeCRE9A_16translate_corpus
FN:49,_RNvYNtNtNtCs9BqXjdeQZds_11reader_core4dict8provider12EchoProviderNtB6_19TranslationProvider9needs_keyCs6TxNYeCRE9A_16translate_corpus
FNDA:1,_RNvYNtNtNtCs9BqXjdeQZds_11reader_core4dict8provider12EchoProviderNtB6_19TranslationProvider9configureB8_
FNDA:3,_RNvYNtNtNtCs9BqXjdeQZds_11reader_core4dict8provider12EchoProviderNtB6_19TranslationProvider9needs_keyB8_
FNDA:0,_RNvYNtNtNtCs9BqXjdeQZds_11reader_core4dict8provider13DeepLProviderNtB6_19TranslationProvider9needs_keyB8_
FNDA:0,_RNvYNtNtNtCs9BqXjdeQZds_11reader_core4dict8provider15OfflineProviderNtB6_19TranslationProvider9configureB8_
FNDA:8,_RNvNtCs9BqXjdeQZds_11reader_core4dict11extract_pos
FNDA:8,_RNvNtCs9BqXjdeQZds_11reader_core4dict15strip_html_tags
FNDA:0,_RNvYNtNtNtCs547XrBZfZJf_11reader_core4dict8provider13DeepLProviderNtB6_19TranslationProvider9needs_keyB8_
FNDA:0,_RNvYNtNtNtCs547XrBZfZJf_11reader_core4dict8provider15OfflineProviderNtB6_19TranslationProvider9configureB8_
FNDA:117,_RNvNtCs547XrBZfZJf_11reader_core4dict11extract_pos
FNDA:123,_RNvNtCs547XrBZfZJf_11reader_core4dict15strip_html_tags
FNDA:0,_RNvYNtNtNtCs547XrBZfZJf_11reader_core4dict8provider15FailingProviderNtB6_19TranslationProvider9configureB8_
FNDA:3,_RNvYNtNtNtCs547XrBZfZJf_11reader_core4dict8provider15FailingProviderNtB6_19TranslationProvider9needs_keyB8_
FNDA:0,_RNvYNtNtNtCs547XrBZfZJf_11reader_core4dict8provider16CountingProviderNtB6_19TranslationProvider9configureB8_
FNDA:1,_RNvYNtNtNtCs547XrBZfZJf_11reader_core4dict8provider16CountingProviderNtB6_19TranslationProvider9needs_keyB8_
FNDA:0,_RNvYNtNtNtNtCs547XrBZfZJf_11reader_core4dict11translation5tests14SharedCountingNtB8_19TranslationProvider9configureBa_
FNDA:2,_RNvYNtNtNtNtCs547XrBZfZJf_11reader_core4dict11translation5tests14SharedCountingNtB8_19TranslationProvider9needs_keyBa_
FNDA:2,_RNvYNtNtNtNtCs547XrBZfZJf_11reader_core4dict11translation5tests15KeyGateProviderNtB8_19TranslationProvider9needs_keyBa_
FNDA:1,_RNvYNtNtNtNtCs547XrBZfZJf_11reader_core4dict11translation5tests9DeepLStubNtB8_19TranslationProvider9configureBa_
FNDA:3,_RNvYNtNtNtNtCs547XrBZfZJf_11reader_core4dict11translation5tests9DeepLStubNtB8_19TranslationProvider9needs_keyBa_
FNDA:1,_RNvNtNtCs547XrBZfZJf_11reader_core4dict5testss_30strip_html_tags_keeps_stray_gt
FNDA:1,_RNvNtNtCs547XrBZfZJf_11reader_core4dict5testss_34strip_html_tags_skips_tag_contents
FNDA:1,_RNvNtNtCs547XrBZfZJf_11reader_core4dict5testss_39strip_html_tags_removes_tags_keeps_text
FNDA:1,_RNvNtNtCs547XrBZfZJf_11reader_core4dict5testss_40extract_pos_finds_pos_marker_after_strip
FNDA:3,_RNvYNtNtNtCs547XrBZfZJf_11reader_core4dict8provider12EchoProviderNtB6_19TranslationProvider9configureB8_
FNDA:12,_RNvYNtNtNtCs547XrBZfZJf_11reader_core4dict8provider12EchoProviderNtB6_19TranslationProvider9needs_keyB8_
FNDA:1,_RNvYNtNtNtCs9BqXjdeQZds_11reader_core4dict8provider12EchoProviderNtB6_19TranslationProvider9configureCs6TxNYeCRE9A_16translate_corpus
FNDA:3,_RNvYNtNtNtCs9BqXjdeQZds_11reader_core4dict8provider12EchoProviderNtB6_19TranslationProvider9needs_keyCs6TxNYeCRE9A_16translate_corpus
FNF:8
FNH:8
DA:47,6
DA:49,29
DA:50,29
DA:51,29
DA:56,125
DA:57,125
DA:63,132
DA:64,132
DA:65,132
DA:66,0
DA:67,132
DA:68,1732
DA:69,1732
DA:70,123
DA:71,1609
DA:74,2
DA:75,125
DA:79,131
DA:80,131
DA:81,131
DA:82,2816
DA:83,2320
DA:84,248
DA:85,248
DA:86,1937
DA:87,383
DA:90,131
DA:91,131
DA:98,1
DA:100,1
DA:101,1
DA:102,1
DA:105,1
DA:107,1
DA:108,1
DA:109,1
DA:112,1
DA:114,1
DA:115,1
DA:116,1
DA:119,1
DA:121,1
DA:122,1
DA:123,1
DA:124,1
DA:125,1
BRF:0
BRH:0
LF:46
LH:45
end_of_record
SF:/root/reader/core/src/dict/provider.rs
FN:65,_RNCNvXs0_NtNtCs9BqXjdeQZds_11reader_core4dict8providerNtB7_13DeepLProviderNtB9_19TranslationProvider9configure0Bb_
FN:35,_RNCNvXs0_NtNtCs9BqXjdeQZds_11reader_core4dict8providerNtB7_13DeepLProviderNtB9_19TranslationProvider9translate0Bb_
FN:47,_RNCNvXs0_NtNtCs9BqXjdeQZds_11reader_core4dict8providerNtB7_13DeepLProviderNtB9_19TranslationProvider9translates0_0Bb_
FN:50,_RNCNvXs0_NtNtCs9BqXjdeQZds_11reader_core4dict8providerNtB7_13DeepLProviderNtB9_19TranslationProvider9translates1_0Bb_
FN:43,_RNCNvXs0_NtNtCs9BqXjdeQZds_11reader_core4dict8providerNtB7_13DeepLProviderNtB9_19TranslationProvider9translates_0Bb_
FN:145,_RNvNtNtCs9BqXjdeQZds_11reader_core4dict8provider10deepl_body
FN:157,_RNvNtNtCs9BqXjdeQZds_11reader_core4dict8provider10deepl_code
FN:30,_RNvXs0_NtNtCs9BqXjdeQZds_11reader_core4dict8providerNtB5_13DeepLProviderNtB7_19TranslationProvider4name
FN:64,_RNvXs0_NtNtCs9BqXjdeQZds_11reader_core4dict8providerNtB5_13DeepLProviderNtB7_19TranslationProvider9configure
FN:34,_RNvXs0_NtNtCs9BqXjdeQZds_11reader_core4dict8providerNtB5_13DeepLProviderNtB7_19TranslationProvider9translate
FN:74,_RNvXs1_NtNtCs9BqXjdeQZds_11reader_core4dict8providerNtB5_12EchoProviderNtB7_19TranslationProvider4name
FN:78,_RNvXs1_NtNtCs9BqXjdeQZds_11reader_core4dict8providerNtB5_12EchoProviderNtB7_19TranslationProvider9translate
FN:104,_RNvXs3_NtNtCs9BqXjdeQZds_11reader_core4dict8providerNtB5_15OfflineProviderNtB7_19TranslationProvider4name
FN:112,_RNvXs3_NtNtCs9BqXjdeQZds_11reader_core4dict8providerNtB5_15OfflineProviderNtB7_19TranslationProvider9translate
FN:18,_RNvMNtNtCs9BqXjdeQZds_11reader_core4dict8providerNtB2_13DeepLProvider3new
FN:96,_RNvMs2_NtNtCs9BqXjdeQZds_11reader_core4dict8providerNtB5_15OfflineProvider3new
FN:108,_RNvXs3_NtNtCs9BqXjdeQZds_11reader_core4dict8providerNtB5_15OfflineProviderNtB7_19TranslationProvider9needs_key
FN:24,_RNvXs_NtNtCs9BqXjdeQZds_11reader_core4dict8providerNtB4_13DeepLProviderNtNtCsgxBkk5gSRhY_4core7default7Default7default
FN:221,_RNvXs6_NtNtCs547XrBZfZJf_11reader_core4dict8providerNtB5_15FailingProviderNtB7_19TranslationProvider4name
FN:65,_RNCNvXs0_NtNtCs547XrBZfZJf_11reader_core4dict8providerNtB7_13DeepLProviderNtB9_19TranslationProvider9configure0Bb_
FN:35,_RNCNvXs0_NtNtCs547XrBZfZJf_11reader_core4dict8providerNtB7_13DeepLProviderNtB9_19TranslationProvider9translate0Bb_
FN:47,_RNCNvXs0_NtNtCs547XrBZfZJf_11reader_core4dict8providerNtB7_13DeepLProviderNtB9_19TranslationProvider9translates0_0Bb_
FN:50,_RNCNvXs0_NtNtCs547XrBZfZJf_11reader_core4dict8providerNtB7_13DeepLProviderNtB9_19TranslationProvider9translates1_0Bb_
FN:43,_RNCNvXs0_NtNtCs547XrBZfZJf_11reader_core4dict8providerNtB7_13DeepLProviderNtB9_19TranslationProvider9translates_0Bb_
FN:145,_RNvNtNtCs547XrBZfZJf_11reader_core4dict8provider10deepl_body
FN:30,_RNvXs0_NtNtCs547XrBZfZJf_11reader_core4dict8providerNtB5_13DeepLProviderNtB7_19TranslationProvider4name
FN:64,_RNvXs0_NtNtCs547XrBZfZJf_11reader_core4dict8providerNtB5_13DeepLProviderNtB7_19TranslationProvider9configure
FN:34,_RNvXs0_NtNtCs547XrBZfZJf_11reader_core4dict8providerNtB5_13DeepLProviderNtB7_19TranslationProvider9translate
FN:78,_RNvXs1_NtNtCs547XrBZfZJf_11reader_core4dict8providerNtB5_12EchoProviderNtB7_19TranslationProvider9translate
FN:104,_RNvXs3_NtNtCs547XrBZfZJf_11reader_core4dict8providerNtB5_15OfflineProviderNtB7_19TranslationProvider4name
FN:112,_RNvXs3_NtNtCs547XrBZfZJf_11reader_core4dict8providerNtB5_15OfflineProviderNtB7_19TranslationProvider9translate
FN:199,_RNvXs5_NtNtCs547XrBZfZJf_11reader_core4dict8providerNtB5_16CountingProviderNtB7_19TranslationProvider4name
FN:204,_RNvXs5_NtNtCs547XrBZfZJf_11reader_core4dict8providerNtB5_16CountingProviderNtB7_19TranslationProvider9translate
FN:225,_RNvXs6_NtNtCs547XrBZfZJf_11reader_core4dict8providerNtB5_15FailingProviderNtB7_19TranslationProvider9translate
FN:319,_RNCNvNtNtNtCs547XrBZfZJf_11reader_core4dict8provider5testss_59offline_provider_looks_up_dict_without_key_and_misses_error0B9_
FN:344,_RNCNvNtNtNtCs547XrBZfZJf_11reader_core4dict8provider5testss_59offline_provider_looks_up_dict_without_key_and_misses_errors_0B9_
FN:18,_RNvMNtNtCs547XrBZfZJf_11reader_core4dict8providerNtB2_13DeepLProvider3new
FN:96,_RNvMs2_NtNtCs547XrBZfZJf_11reader_core4dict8providerNtB5_15OfflineProvider3new
FN:186,_RNvMs4_NtNtCs547XrBZfZJf_11reader_core4dict8providerNtB5_16CountingProvider3new
FN:157,_RNvNtNtCs547XrBZfZJf_11reader_core4dict8provider10deepl_code
FN:301,_RNvNtNtNtCs547XrBZfZJf_11reader_core4dict8provider5testss_25deepl_code_maps_all_langs
FN:248,_RNvNtNtNtCs547XrBZfZJf_11reader_core4dict8provider5testss_36deepl_unconfigured_is_not_configured
FN:283,_RNvNtNtNtCs547XrBZfZJf_11reader_core4dict8provider5testss_37deepl_body_omits_source_lang_for_auto
FN:272,_RNvNtNtNtCs547XrBZfZJf_11reader_core4dict8provider5testss_41counting_provider_counts_and_records_args
FN:238,_RNvNtNtNtCs547XrBZfZJf_11reader_core4dict8provider5testss_43echo_returns_translation_with_provider_name
FN:293,_RNvNtNtNtCs547XrBZfZJf_11reader_core4dict8provider5testss_46deepl_body_includes_source_lang_when_specified
FN:257,_RNvNtNtNtCs547XrBZfZJf_11reader_core4dict8provider5testss_47deepl_configured_builds_request_without_network
FN:316,_RNvNtNtNtCs547XrBZfZJf_11reader_core4dict8provider5testss_59offline_provider_looks_up_dict_without_key_and_misses_error
FN:74,_RNvXs1_NtNtCs547XrBZfZJf_11reader_core4dict8providerNtB5_12EchoProviderNtB7_19TranslationProvider4name
FN:108,_RNvXs3_NtNtCs547XrBZfZJf_11reader_core4dict8providerNtB5_15OfflineProviderNtB7_19TranslationProvider9needs_key
FN:24,_RNvXs_NtNtCs547XrBZfZJf_11reader_core4dict8providerNtB4_13DeepLProviderNtNtCsgxBkk5gSRhY_4core7default7Default7default
FNDA:0,_RNCNvXs0_NtNtCs9BqXjdeQZds_11reader_core4dict8providerNtB7_13DeepLProviderNtB9_19TranslationProvider9configure0Bb_
FNDA:0,_RNCNvXs0_NtNtCs9BqXjdeQZds_11reader_core4dict8providerNtB7_13DeepLProviderNtB9_19TranslationProvider9translate0Bb_
FNDA:0,_RNCNvXs0_NtNtCs9BqXjdeQZds_11reader_core4dict8providerNtB7_13DeepLProviderNtB9_19TranslationProvider9translates0_0Bb_
FNDA:0,_RNCNvXs0_NtNtCs9BqXjdeQZds_11reader_core4dict8providerNtB7_13DeepLProviderNtB9_19TranslationProvider9translates1_0Bb_
FNDA:0,_RNCNvXs0_NtNtCs9BqXjdeQZds_11reader_core4dict8providerNtB7_13DeepLProviderNtB9_19TranslationProvider9translates_0Bb_
FNDA:0,_RNvNtNtCs9BqXjdeQZds_11reader_core4dict8provider10deepl_body
FNDA:0,_RNvNtNtCs9BqXjdeQZds_11reader_core4dict8provider10deepl_code
FNDA:4,_RNvXs0_NtNtCs9BqXjdeQZds_11reader_core4dict8providerNtB5_13DeepLProviderNtB7_19TranslationProvider4name
FNDA:0,_RNvXs0_NtNtCs9BqXjdeQZds_11reader_core4dict8providerNtB5_13DeepLProviderNtB7_19TranslationProvider9configure
FNDA:0,_RNvXs0_NtNtCs9BqXjdeQZds_11reader_core4dict8providerNtB5_13DeepLProviderNtB7_19TranslationProvider9translate
FNDA:12,_RNvXs1_NtNtCs9BqXjdeQZds_11reader_core4dict8providerNtB5_12EchoProviderNtB7_19TranslationProvider4name
FNDA:4,_RNvXs1_NtNtCs9BqXjdeQZds_11reader_core4dict8providerNtB5_12EchoProviderNtB7_19TranslationProvider9translate
FNDA:6,_RNvXs3_NtNtCs9BqXjdeQZds_11reader_core4dict8providerNtB5_15OfflineProviderNtB7_19TranslationProvider4name
FNDA:1,_RNvXs3_NtNtCs9BqXjdeQZds_11reader_core4dict8providerNtB5_15OfflineProviderNtB7_19TranslationProvider9translate
FNDA:2,_RNvMNtNtCs9BqXjdeQZds_11reader_core4dict8providerNtB2_13DeepLProvider3new
FNDA:2,_RNvMs2_NtNtCs9BqXjdeQZds_11reader_core4dict8providerNtB5_15OfflineProvider3new
FNDA:1,_RNvXs3_NtNtCs9BqXjdeQZds_11reader_core4dict8providerNtB5_15OfflineProviderNtB7_19TranslationProvider9needs_key
FNDA:0,_RNvXs_NtNtCs9BqXjdeQZds_11reader_core4dict8providerNtB4_13DeepLProviderNtNtCsgxBkk5gSRhY_4core7default7Default7default
FNDA:5,_RNvXs6_NtNtCs547XrBZfZJf_11reader_core4dict8providerNtB5_15FailingProviderNtB7_19TranslationProvider4name
FNDA:1,_RNCNvXs0_NtNtCs547XrBZfZJf_11reader_core4dict8providerNtB7_13DeepLProviderNtB9_19TranslationProvider9configure0Bb_
FNDA:1,_RNCNvXs0_NtNtCs547XrBZfZJf_11reader_core4dict8providerNtB7_13DeepLProviderNtB9_19TranslationProvider9translate0Bb_
FNDA:0,_RNCNvXs0_NtNtCs547XrBZfZJf_11reader_core4dict8providerNtB7_13DeepLProviderNtB9_19TranslationProvider9translates0_0Bb_
FNDA:0,_RNCNvXs0_NtNtCs547XrBZfZJf_11reader_core4dict8providerNtB7_13DeepLProviderNtB9_19TranslationProvider9translates1_0Bb_
FNDA:1,_RNCNvXs0_NtNtCs547XrBZfZJf_11reader_core4dict8providerNtB7_13DeepLProviderNtB9_19TranslationProvider9translates_0Bb_
FNDA:3,_RNvNtNtCs547XrBZfZJf_11reader_core4dict8provider10deepl_body
FNDA:0,_RNvXs0_NtNtCs547XrBZfZJf_11reader_core4dict8providerNtB5_13DeepLProviderNtB7_19TranslationProvider4name
FNDA:1,_RNvXs0_NtNtCs547XrBZfZJf_11reader_core4dict8providerNtB5_13DeepLProviderNtB7_19TranslationProvider9configure
FNDA:2,_RNvXs0_NtNtCs547XrBZfZJf_11reader_core4dict8providerNtB5_13DeepLProviderNtB7_19TranslationProvider9translate
FNDA:16,_RNvXs1_NtNtCs547XrBZfZJf_11reader_core4dict8providerNtB5_12EchoProviderNtB7_19TranslationProvider9translate
FNDA:2,_RNvXs3_NtNtCs547XrBZfZJf_11reader_core4dict8providerNtB5_15OfflineProviderNtB7_19TranslationProvider4name
FNDA:3,_RNvXs3_NtNtCs547XrBZfZJf_11reader_core4dict8providerNtB5_15OfflineProviderNtB7_19TranslationProvider9translate
FNDA:1,_RNvXs5_NtNtCs547XrBZfZJf_11reader_core4dict8providerNtB5_16CountingProviderNtB7_19TranslationProvider4name
FNDA:3,_RNvXs5_NtNtCs547XrBZfZJf_11reader_core4dict8providerNtB5_16CountingProviderNtB7_19TranslationProvider9translate
FNDA:2,_RNvXs6_NtNtCs547XrBZfZJf_11reader_core4dict8providerNtB5_15FailingProviderNtB7_19TranslationProvider9translate
FNDA:4,_RNCNvNtNtNtCs547XrBZfZJf_11reader_core4dict8provider5testss_59offline_provider_looks_up_dict_without_key_and_misses_error0B9_
FNDA:2,_RNCNvNtNtNtCs547XrBZfZJf_11reader_core4dict8provider5testss_59offline_provider_looks_up_dict_without_key_and_misses_errors_0B9_
FNDA:2,_RNvMNtNtCs547XrBZfZJf_11reader_core4dict8providerNtB2_13DeepLProvider3new
FNDA:2,_RNvMs2_NtNtCs547XrBZfZJf_11reader_core4dict8providerNtB5_15OfflineProvider3new
FNDA:2,_RNvMs4_NtNtCs547XrBZfZJf_11reader_core4dict8providerNtB5_16CountingProvider3new
FNDA:15,_RNvNtNtCs547XrBZfZJf_11reader_core4dict8provider10deepl_code
FNDA:1,_RNvNtNtNtCs547XrBZfZJf_11reader_core4dict8provider5testss_25deepl_code_maps_all_langs
FNDA:1,_RNvNtNtNtCs547XrBZfZJf_11reader_core4dict8provider5testss_36deepl_unconfigured_is_not_configured
FNDA:1,_RNvNtNtNtCs547XrBZfZJf_11reader_core4dict8provider5testss_37deepl_body_omits_source_lang_for_auto
FNDA:1,_RNvNtNtNtCs547XrBZfZJf_11reader_core4dict8provider5testss_41counting_provider_counts_and_records_args
FNDA:1,_RNvNtNtNtCs547XrBZfZJf_11reader_core4dict8provider5testss_43echo_returns_translation_with_provider_name
FNDA:1,_RNvNtNtNtCs547XrBZfZJf_11reader_core4dict8provider5testss_46deepl_body_includes_source_lang_when_specified
FNDA:1,_RNvNtNtNtCs547XrBZfZJf_11reader_core4dict8provider5testss_47deepl_configured_builds_request_without_network
FNDA:1,_RNvNtNtNtCs547XrBZfZJf_11reader_core4dict8provider5testss_59offline_provider_looks_up_dict_without_key_and_misses_error
FNDA:34,_RNvXs1_NtNtCs547XrBZfZJf_11reader_core4dict8providerNtB5_12EchoProviderNtB7_19TranslationProvider4name
FNDA:1,_RNvXs3_NtNtCs547XrBZfZJf_11reader_core4dict8providerNtB5_15OfflineProviderNtB7_19TranslationProvider9needs_key
FNDA:0,_RNvXs_NtNtCs547XrBZfZJf_11reader_core4dict8providerNtB4_13DeepLProviderNtNtCsgxBkk5gSRhY_4core7default7Default7default
FNF:33
FNH:30
DA:18,4
DA:19,4
DA:20,4
DA:24,0
DA:25,0
DA:26,0
DA:30,4
DA:31,4
DA:32,4
DA:34,2
DA:35,2
DA:36,1
DA:37,1
DA:38,1
DA:39,1
DA:40,1
DA:41,1
DA:42,1
DA:43,1
DA:44,1
DA:45,1
DA:46,0
DA:47,0
DA:48,0
DA:49,0
DA:50,0
DA:51,0
DA:52,0
DA:53,0
DA:54,0
DA:55,0
DA:56,0
DA:57,0
DA:58,0
DA:59,0
DA:60,0
DA:61,0
DA:62,2
DA:64,1
DA:65,1
DA:66,1
DA:74,46
DA:75,46
DA:76,46
DA:78,20
DA:79,20
DA:80,20
DA:81,20
DA:82,20
DA:83,20
DA:84,20
DA:85,20
DA:96,4
DA:97,4
DA:98,4
DA:99,4
DA:100,4
DA:104,8
DA:105,8
DA:106,8
DA:108,2
DA:109,2
DA:110,2
DA:112,4
DA:113,4
DA:114,4
DA:115,0
DA:116,4
DA:117,4
DA:118,4
DA:119,2
DA:120,2
DA:121,3
DA:122,3
DA:123,2
DA:124,2
DA:127,4
DA:128,1
DA:129,1
DA:130,1
DA:131,3
DA:132,3
DA:133,3
DA:134,3
DA:135,3
DA:136,3
DA:137,3
DA:138,4
DA:145,3
DA:146,3
DA:147,3
DA:148,3
DA:150,3
DA:151,2
DA:152,2
DA:153,3
DA:154,3
DA:157,15
DA:158,15
DA:159,1
DA:160,3
DA:161,4
DA:162,1
DA:163,1
DA:164,1
DA:165,1
DA:166,1
DA:167,1
DA:168,1
DA:170,15
DA:186,2
DA:187,2
DA:188,2
DA:189,2
DA:190,2
DA:191,2
DA:192,2
DA:193,2
DA:194,2
DA:199,1
DA:201,1
DA:202,1
DA:204,3
DA:205,3
DA:206,3
DA:207,3
DA:208,3
DA:209,3
DA:210,3
DA:221,5
DA:222,5
DA:223,5
DA:225,2
DA:226,2
DA:227,2
DA:228,2
DA:229,2
DA:230,2
DA:238,1
DA:239,1
DA:240,1
DA:241,1
DA:242,1
DA:243,1
DA:244,1
DA:245,1
DA:248,1
DA:249,1
DA:250,1
DA:251,1
DA:252,1
DA:253,1
DA:254,1
DA:257,1
DA:259,1
DA:260,1
DA:261,1
DA:262,1
DA:263,1
DA:267,1
DA:268,1
DA:269,1
DA:272,1
DA:273,1
DA:274,1
DA:275,1
DA:276,1
DA:277,1
DA:278,1
DA:279,1
DA:280,1
DA:283,1
DA:286,1
DA:287,1
DA:288,1
DA:289,1
DA:290,1
DA:293,1
DA:294,1
DA:295,1
DA:296,1
DA:297,1
DA:298,1
DA:301,1
DA:303,1
DA:304,1
DA:305,1
DA:306,1
DA:307,1
DA:308,1
DA:309,1
DA:310,1
DA:311,1
DA:312,1
DA:313,1
DA:316,1
DA:319,4
DA:320,4
DA:321,3
DA:322,3
DA:323,3
DA:324,3
DA:325,3
DA:326,3
DA:327,3
DA:329,1
DA:331,4
DA:333,1
DA:334,1
DA:335,1
DA:336,1
DA:337,1
DA:340,1
DA:341,1
DA:344,2
DA:345,1
DA:346,1
BRF:0
BRH:0
LF:226
LH:203
end_of_record
SF:/root/reader/core/src/dict/stardict.rs
FN:220,_RNCNvNtNtCs9BqXjdeQZds_11reader_core4dict8stardict10take_field0B7_
FN:156,_RNCNvNtNtCs9BqXjdeQZds_11reader_core4dict8stardict11parse_entry0B7_
FN:118,_RNCNvNtNtCs9BqXjdeQZds_11reader_core4dict8stardict12lookup_entry0B7_
FN:253,_RNCNvNtNtCs9BqXjdeQZds_11reader_core4dict8stardict13decompress_dz0B7_
FN:83,_RNCNvNtNtCs9BqXjdeQZds_11reader_core4dict8stardict8load_idx0B7_
FN:86,_RNCNvNtNtCs9BqXjdeQZds_11reader_core4dict8stardict8load_idxs_0B7_
FN:60,_RNCNvNtNtCs9BqXjdeQZds_11reader_core4dict8stardict9parse_ifo0B7_
FN:65,_RNCNvNtNtCs9BqXjdeQZds_11reader_core4dict8stardict9parse_ifos0_0B7_
FN:64,_RNCNvNtNtCs9BqXjdeQZds_11reader_core4dict8stardict9parse_ifos_0B7_
FN:216,_RNvNtNtCs9BqXjdeQZds_11reader_core4dict8stardict10take_field
FN:152,_RNvNtNtCs9BqXjdeQZds_11reader_core4dict8stardict11parse_entry
FN:117,_RNvNtNtCs9BqXjdeQZds_11reader_core4dict8stardict12lookup_entry
FN:247,_RNvNtNtCs9BqXjdeQZds_11reader_core4dict8stardict13decompress_dz
FN:78,_RNvNtNtCs9BqXjdeQZds_11reader_core4dict8stardict8load_idx
FN:237,_RNvNtNtCs9BqXjdeQZds_11reader_core4dict8stardict9non_empty
FN:35,_RNvNtNtCs9BqXjdeQZds_11reader_core4dict8stardict9parse_ifo
FN:346,_RNvNtNtNtCs547XrBZfZJf_11reader_core4dict8stardict5tests13dict_with_seq
FN:268,_RNvNtNtNtCs547XrBZfZJf_11reader_core4dict8stardict5tests16sample_idx_bytes
FN:421,_RNvNtNtNtCs547XrBZfZJf_11reader_core4dict8stardict5testss_14parse_ifo_full
FN:437,_RNvNtNtNtCs547XrBZfZJf_11reader_core4dict8stardict5testss_23decompress_dz_roundtrip
FN:412,_RNvNtNtNtCs547XrBZfZJf_11reader_core4dict8stardict5testss_28parse_ifo_requires_wordcount
FN:367,_RNvNtNtNtCs547XrBZfZJf_11reader_core4dict8stardict5testss_30parse_entry_tgmx_example_field
FN:300,_RNvNtNtNtCs547XrBZfZJf_11reader_core4dict8stardict5testss_31load_idx_missing_nul_is_corrupt
FN:356,_RNvNtNtNtCs547XrBZfZJf_11reader_core4dict8stardict5testss_31parse_entry_tgm_fields_in_place
FN:280,_RNvNtNtNtCs547XrBZfZJf_11reader_core4dict8stardict5testss_32load_idx_parses_entries_in_order
FN:392,_RNvNtNtNtCs547XrBZfZJf_11reader_core4dict8stardict5testss_32parse_entry_empty_seq_old_format
FN:307,_RNvNtNtNtCs547XrBZfZJf_11reader_core4dict8stardict5testss_34load_idx_zero_padding_tail_ignored
FN:375,_RNvNtNtNtCs547XrBZfZJf_11reader_core4dict8stardict5testss_34parse_entry_empty_phonetic_is_none
FN:382,_RNvNtNtNtCs547XrBZfZJf_11reader_core4dict8stardict5testss_37parse_entry_unknown_type_code_skipped
FN:291,_RNvNtNtNtCs547XrBZfZJf_11reader_core4dict8stardict5testss_39load_idx_truncated_mid_entry_is_corrupt
FN:450,_RNvNtNtNtCs547XrBZfZJf_11reader_core4dict8stardict5testss_41decompress_dz_truncated_stream_is_corrupt
FN:315,_RNvNtNtNtCs547XrBZfZJf_11reader_core4dict8stardict5testss_42lookup_binary_exact_and_case_normalization
FN:401,_RNvNtNtNtCs547XrBZfZJf_11reader_core4dict8stardict5testss_43parse_entry_region_out_of_bounds_is_corrupt
FN:333,_RNvNtNtNtCs547XrBZfZJf_11reader_core4dict8stardict5testss_50lookup_unicode_mixed_case_normalizes_via_lowercase
FN:220,_RNCNvNtNtCs547XrBZfZJf_11reader_core4dict8stardict10take_field0B7_
FN:156,_RNCNvNtNtCs547XrBZfZJf_11reader_core4dict8stardict11parse_entry0B7_
FN:118,_RNCNvNtNtCs547XrBZfZJf_11reader_core4dict8stardict12lookup_entry0B7_
FN:253,_RNCNvNtNtCs547XrBZfZJf_11reader_core4dict8stardict13decompress_dz0B7_
FN:83,_RNCNvNtNtCs547XrBZfZJf_11reader_core4dict8stardict8load_idx0B7_
FN:86,_RNCNvNtNtCs547XrBZfZJf_11reader_core4dict8stardict8load_idxs_0B7_
FN:60,_RNCNvNtNtCs547XrBZfZJf_11reader_core4dict8stardict9parse_ifo0B7_
FN:65,_RNCNvNtNtCs547XrBZfZJf_11reader_core4dict8stardict9parse_ifos0_0B7_
FN:64,_RNCNvNtNtCs547XrBZfZJf_11reader_core4dict8stardict9parse_ifos_0B7_
FN:216,_RNvNtNtCs547XrBZfZJf_11reader_core4dict8stardict10take_field
FN:152,_RNvNtNtCs547XrBZfZJf_11reader_core4dict8stardict11parse_entry
FN:117,_RNvNtNtCs547XrBZfZJf_11reader_core4dict8stardict12lookup_entry
FN:247,_RNvNtNtCs547XrBZfZJf_11reader_core4dict8stardict13decompress_dz
FN:78,_RNvNtNtCs547XrBZfZJf_11reader_core4dict8stardict8load_idx
FN:237,_RNvNtNtCs547XrBZfZJf_11reader_core4dict8stardict9non_empty
FN:35,_RNvNtNtCs547XrBZfZJf_11reader_core4dict8stardict9parse_ifo
FNDA:846,_RNCNvNtNtCs9BqXjdeQZds_11reader_core4dict8stardict10take_field0B7_
FNDA:0,_RNCNvNtNtCs9BqXjdeQZds_11reader_core4dict8stardict11parse_entry0B7_
FNDA:168,_RNCNvNtNtCs9BqXjdeQZds_11reader_core4dict8stardict12lookup_entry0B7_
FNDA:1,_RNCNvNtNtCs9BqXjdeQZds_11reader_core4dict8stardict13decompress_dz0B7_
FNDA:1276837,_RNCNvNtNtCs9BqXjdeQZds_11reader_core4dict8stardict8load_idx0B7_
FNDA:20009618,_RNCNvNtNtCs9BqXjdeQZds_11reader_core4dict8stardict8load_idxs_0B7_
FNDA:1,_RNCNvNtNtCs9BqXjdeQZds_11reader_core4dict8stardict9parse_ifo0B7_
FNDA:0,_RNCNvNtNtCs9BqXjdeQZds_11reader_core4dict8stardict9parse_ifos0_0B7_
FNDA:0,_RNCNvNtNtCs9BqXjdeQZds_11reader_core4dict8stardict9parse_ifos_0B7_
FNDA:19,_RNvNtNtCs9BqXjdeQZds_11reader_core4dict8stardict10take_field
FNDA:8,_RNvNtNtCs9BqXjdeQZds_11reader_core4dict8stardict11parse_entry
FNDA:14,_RNvNtNtCs9BqXjdeQZds_11reader_core4dict8stardict12lookup_entry
FNDA:4,_RNvNtNtCs9BqXjdeQZds_11reader_core4dict8stardict13decompress_dz
FNDA:10,_RNvNtNtCs9BqXjdeQZds_11reader_core4dict8stardict8load_idx
FNDA:7,_RNvNtNtCs9BqXjdeQZds_11reader_core4dict8stardict9non_empty
FNDA:11,_RNvNtNtCs9BqXjdeQZds_11reader_core4dict8stardict9parse_ifo
FNDA:5,_RNvNtNtNtCs547XrBZfZJf_11reader_core4dict8stardict5tests13dict_with_seq
FNDA:5,_RNvNtNtNtCs547XrBZfZJf_11reader_core4dict8stardict5tests16sample_idx_bytes
FNDA:1,_RNvNtNtNtCs547XrBZfZJf_11reader_core4dict8stardict5testss_14parse_ifo_full
FNDA:1,_RNvNtNtNtCs547XrBZfZJf_11reader_core4dict8stardict5testss_23decompress_dz_roundtrip
FNDA:1,_RNvNtNtNtCs547XrBZfZJf_11reader_core4dict8stardict5testss_28parse_ifo_requires_wordcount
FNDA:1,_RNvNtNtNtCs547XrBZfZJf_11reader_core4dict8stardict5testss_30parse_entry_tgmx_example_field
FNDA:1,_RNvNtNtNtCs547XrBZfZJf_11reader_core4dict8stardict5testss_31load_idx_missing_nul_is_corrupt
FNDA:1,_RNvNtNtNtCs547XrBZfZJf_11reader_core4dict8stardict5testss_31parse_entry_tgm_fields_in_place
FNDA:1,_RNvNtNtNtCs547XrBZfZJf_11reader_core4dict8stardict5testss_32load_idx_parses_entries_in_order
FNDA:1,_RNvNtNtNtCs547XrBZfZJf_11reader_core4dict8stardict5testss_32parse_entry_empty_seq_old_format
FNDA:1,_RNvNtNtNtCs547XrBZfZJf_11reader_core4dict8stardict5testss_34load_idx_zero_padding_tail_ignored
FNDA:1,_RNvNtNtNtCs547XrBZfZJf_11reader_core4dict8stardict5testss_34parse_entry_empty_phonetic_is_none
FNDA:1,_RNvNtNtNtCs547XrBZfZJf_11reader_core4dict8stardict5testss_37parse_entry_unknown_type_code_skipped
FNDA:1,_RNvNtNtNtCs547XrBZfZJf_11reader_core4dict8stardict5testss_39load_idx_truncated_mid_entry_is_corrupt
FNDA:1,_RNvNtNtNtCs547XrBZfZJf_11reader_core4dict8stardict5testss_41decompress_dz_truncated_stream_is_corrupt
FNDA:1,_RNvNtNtNtCs547XrBZfZJf_11reader_core4dict8stardict5testss_42lookup_binary_exact_and_case_normalization
FNDA:1,_RNvNtNtNtCs547XrBZfZJf_11reader_core4dict8stardict5testss_43parse_entry_region_out_of_bounds_is_corrupt
FNDA:1,_RNvNtNtNtCs547XrBZfZJf_11reader_core4dict8stardict5testss_50lookup_unicode_mixed_case_normalizes_via_lowercase
FNDA:3124,_RNCNvNtNtCs547XrBZfZJf_11reader_core4dict8stardict10take_field0B7_
FNDA:0,_RNCNvNtNtCs547XrBZfZJf_11reader_core4dict8stardict11parse_entry0B7_
FNDA:1663,_RNCNvNtNtCs547XrBZfZJf_11reader_core4dict8stardict12lookup_entry0B7_
FNDA:1,_RNCNvNtNtCs547XrBZfZJf_11reader_core4dict8stardict13decompress_dz0B7_
FNDA:20090,_RNCNvNtNtCs547XrBZfZJf_11reader_core4dict8stardict8load_idx0B7_
FNDA:200511,_RNCNvNtNtCs547XrBZfZJf_11reader_core4dict8stardict8load_idxs_0B7_
FNDA:2,_RNCNvNtNtCs547XrBZfZJf_11reader_core4dict8stardict9parse_ifo0B7_
FNDA:0,_RNCNvNtNtCs547XrBZfZJf_11reader_core4dict8stardict9parse_ifos0_0B7_
FNDA:0,_RNCNvNtNtCs547XrBZfZJf_11reader_core4dict8stardict9parse_ifos_0B7_
FNDA:342,_RNvNtNtCs547XrBZfZJf_11reader_core4dict8stardict10take_field
FNDA:114,_RNvNtNtCs547XrBZfZJf_11reader_core4dict8stardict11parse_entry
FNDA:117,_RNvNtNtCs547XrBZfZJf_11reader_core4dict8stardict12lookup_entry
FNDA:3,_RNvNtNtCs547XrBZfZJf_11reader_core4dict8stardict13decompress_dz
FNDA:24,_RNvNtNtCs547XrBZfZJf_11reader_core4dict8stardict8load_idx
FNDA:116,_RNvNtNtCs547XrBZfZJf_11reader_core4dict8stardict9non_empty
FNDA:22,_RNvNtNtCs547XrBZfZJf_11reader_core4dict8stardict9parse_ifo
FNF:34
FNH:31
DA:35,33
DA:36,33
DA:37,33
DA:38,33
DA:39,33
DA:40,33
DA:41,225
DA:42,225
DA:43,225
DA:44,0
DA:45,225
DA:46,225
DA:47,193
DA:48,193
DA:49,160
DA:50,30
DA:51,30
DA:52,130
DA:53,32
DA:54,32
DA:55,98
DA:56,66
DA:59,33
DA:60,33
DA:61,30
DA:62,0
DA:63,0
DA:64,0
DA:65,0
DA:66,30
DA:67,30
DA:68,30
DA:69,30
DA:70,30
DA:71,30
DA:72,30
DA:73,33
DA:78,34
DA:79,34
DA:80,34
DA:81,1296953
DA:83,1296927
DA:84,1
DA:85,1296923
DA:86,20210129
DA:87,1296920
DA:89,3
DA:92,1296920
DA:93,1296920
DA:94,1296920
DA:95,1
DA:96,1296919
DA:97,1296919
DA:98,1296919
DA:99,1296919
DA:100,1296919
DA:101,1296919
DA:102,1296919
DA:103,1296919
DA:104,1296919
DA:105,1296919
DA:106,1296919
DA:107,1296919
DA:108,1296919
DA:109,1296919
DA:110,1296919
DA:112,30
DA:113,34
DA:117,131
DA:118,1831
DA:119,115
DA:120,16
DA:122,16
DA:123,16
DA:124,16
DA:125,16
DA:126,14
DA:127,14
DA:128,12
DA:130,2
DA:132,14
DA:133,14
DA:134,2
DA:135,0
DA:136,924074
DA:137,924074
DA:138,924071
DA:139,924069
DA:140,924067
DA:142,8
DA:143,924066
DA:145,8
DA:146,131
DA:152,122
DA:153,122
DA:154,122
DA:155,122
DA:156,122
DA:157,122
DA:158,1
DA:159,1
DA:160,1
DA:161,1
DA:162,1
DA:163,1
DA:164,1
DA:165,121
DA:166,121
DA:168,121
DA:169,121
DA:170,121
DA:172,121
DA:174,1
DA:175,4
DA:176,3
DA:177,3
DA:178,3
DA:179,3
DA:180,3
DA:181,1
DA:182,2
DA:183,0
DA:184,0
DA:189,120
DA:190,120
DA:191,358
DA:192,358
DA:193,358
DA:194,358
DA:195,358
DA:196,116
DA:197,235
DA:198,6
DA:199,1
DA:204,121
DA:205,121
DA:206,121
DA:207,121
DA:208,121
DA:209,121
DA:210,121
DA:211,121
DA:212,122
DA:216,361
DA:217,361
DA:218,0
DA:219,361
DA:220,3970
DA:221,240
DA:222,238
DA:223,2
DA:225,2
DA:226,2
DA:227,2
DA:228,0
DA:230,2
DA:233,121
DA:235,361
DA:237,123
DA:238,123
DA:239,123
DA:240,3
DA:242,120
DA:244,123
DA:247,7
DA:248,7
DA:249,7
DA:250,7
DA:251,7
DA:253,1237
DA:254,2
DA:255,2
DA:256,1235
DA:257,5
DA:258,1230
DA:259,1230
DA:261,5
DA:262,7
DA:268,5
DA:269,5
DA:270,10
DA:271,10
DA:272,10
DA:273,10
DA:274,10
DA:275,10
DA:276,5
DA:277,5
DA:280,1
DA:281,1
DA:282,1
DA:283,1
DA:284,1
DA:285,1
DA:286,1
DA:287,1
DA:288,1
DA:291,1
DA:293,1
DA:294,1
DA:295,1
DA:296,1
DA:297,1
DA:300,1
DA:301,1
DA:302,1
DA:303,1
DA:304,1
DA:307,1
DA:308,1
DA:309,1
DA:310,1
DA:311,1
DA:312,1
DA:315,1
DA:316,1
DA:317,1
DA:318,1
DA:319,1
DA:320,1
DA:321,1
DA:323,1
DA:325,1
DA:327,1
DA:329,1
DA:330,1
DA:333,1
DA:338,1
DA:339,1
DA:340,1
DA:341,1
DA:343,1
DA:344,1
DA:346,5
DA:347,5
DA:348,5
DA:349,5
DA:350,5
DA:351,5
DA:352,5
DA:353,5
DA:356,1
DA:358,1
DA:359,1
DA:360,1
DA:361,1
DA:362,1
DA:363,1
DA:364,1
DA:367,1
DA:368,1
DA:369,1
DA:370,1
DA:371,1
DA:372,1
DA:375,1
DA:376,1
DA:377,1
DA:378,1
DA:379,1
DA:382,1
DA:384,1
DA:385,1
DA:386,1
DA:387,1
DA:388,1
DA:389,1
DA:392,1
DA:394,1
DA:395,1
DA:396,1
DA:397,1
DA:398,1
DA:401,1
DA:402,1
DA:403,1
DA:404,1
DA:405,1
DA:406,1
DA:407,1
DA:408,1
DA:409,1
DA:412,1
DA:413,1
DA:414,1
DA:415,1
DA:416,1
DA:417,1
DA:418,1
DA:421,1
DA:422,1
DA:423,1
DA:424,1
DA:425,1
DA:428,1
DA:429,1
DA:430,1
DA:431,1
DA:432,1
DA:433,1
DA:434,1
DA:437,1
DA:438,1
DA:439,1
DA:440,1
DA:441,1
DA:442,1
DA:443,1
DA:444,1
DA:445,1
DA:446,1
DA:447,1
DA:450,1
DA:451,1
DA:452,1
DA:453,1
DA:454,1
DA:455,1
DA:456,1
DA:457,1
DA:458,1
DA:459,1
DA:460,1
BRF:0
BRH:0
LF:333
LH:320
end_of_record
SF:/root/reader/core/src/dict/translation.rs
FN:54,_RNCNCNvMNtNtCs9BqXjdeQZds_11reader_core4dict11translationNtB6_11DictService13scan_existing00Ba_
FN:296,_RNCNCNvNtNtCs9BqXjdeQZds_11reader_core4dict11translation11find_ifo_in00B9_
FN:54,_RNCNvMNtNtCs9BqXjdeQZds_11reader_core4dict11translationNtB4_11DictService13scan_existing0B8_
FN:296,_RNCNvNtNtCs9BqXjdeQZds_11reader_core4dict11translation11find_ifo_in0B7_
FN:202,_RNCNvMNtNtCs9BqXjdeQZds_11reader_core4dict11translationNtB4_11DictService4list0B8_
FN:340,_RNCNvNtNtCs9BqXjdeQZds_11reader_core4dict11translation11sanitize_id0B7_
FN:297,_RNCNCNvNtNtCs9BqXjdeQZds_11reader_core4dict11translation11find_ifo_ins_00B9_
FN:264,_RNCNvMNtNtCs9BqXjdeQZds_11reader_core4dict11translationNtB4_11DictService11read_region0B8_
FN:55,_RNCNvMNtNtCs9BqXjdeQZds_11reader_core4dict11translationNtB4_11DictService13scan_existings_0B8_
FN:75,_RNCNvMNtNtCs9BqXjdeQZds_11reader_core4dict11translationNtB4_11DictService23load_from_installed_dir0B8_
FN:214,_RNCNvMNtNtCs9BqXjdeQZds_11reader_core4dict11translationNtB4_11DictService6lookup0B8_
FN:242,_RNCNvMNtNtCs9BqXjdeQZds_11reader_core4dict11translationNtB4_11DictService6lookups0_0B8_
FN:226,_RNCNvMNtNtCs9BqXjdeQZds_11reader_core4dict11translationNtB4_11DictService6lookups_0B8_
FN:190,_RNCNvMNtNtCs9BqXjdeQZds_11reader_core4dict11translationNtB4_11DictService6remove0B8_
FN:191,_RNCNvMNtNtCs9BqXjdeQZds_11reader_core4dict11translationNtB4_11DictService6removes_0B8_
FN:108,_RNCNvMNtNtCs9BqXjdeQZds_11reader_core4dict11translationNtB4_11DictService7install0B8_
FN:125,_RNCNvMNtNtCs9BqXjdeQZds_11reader_core4dict11translationNtB4_11DictService7installs0_0B8_
FN:132,_RNCNvMNtNtCs9BqXjdeQZds_11reader_core4dict11translationNtB4_11DictService7installs1_0B8_
FN:146,_RNCNvMNtNtCs9BqXjdeQZds_11reader_core4dict11translationNtB4_11DictService7installs2_0B8_
FN:158,_RNCNvMNtNtCs9BqXjdeQZds_11reader_core4dict11translationNtB4_11DictService7installs3_0B8_
FN:117,_RNCNvMNtNtCs9BqXjdeQZds_11reader_core4dict11translationNtB4_11DictService7installs_0B8_
FN:285,_RNCNvMNtNtCs9BqXjdeQZds_11reader_core4dict11translationNtB4_11DictService9unique_id0B8_
FN:408,_RNCNvMs_NtNtCs9BqXjdeQZds_11reader_core4dict11translationNtB6_18TranslationService16translate_cached0Ba_
FN:409,_RNCNvMs_NtNtCs9BqXjdeQZds_11reader_core4dict11translationNtB6_18TranslationService16translate_cacheds_0Ba_
FN:297,_RNCNvNtNtCs9BqXjdeQZds_11reader_core4dict11translation11find_ifo_ins_0B7_
FN:354,_RNCNvNtNtCs9BqXjdeQZds_11reader_core4dict11translation11sanitize_ids_0B7_
FN:485,_RNCNvNtNtCs9BqXjdeQZds_11reader_core4dict11translation8now_unix0B7_
FN:306,_RNCNvNtNtCs9BqXjdeQZds_11reader_core4dict11translation9dict_stem0B7_
FN:307,_RNCNvNtNtCs9BqXjdeQZds_11reader_core4dict11translation9dict_stems_0B7_
FN:260,_RNvMNtNtCs9BqXjdeQZds_11reader_core4dict11translationNtB2_11DictService11read_region
FN:49,_RNvMNtNtCs9BqXjdeQZds_11reader_core4dict11translationNtB2_11DictService13scan_existing
FN:67,_RNvMNtNtCs9BqXjdeQZds_11reader_core4dict11translationNtB2_11DictService23load_from_installed_dir
FN:38,_RNvMNtNtCs9BqXjdeQZds_11reader_core4dict11translationNtB2_11DictService3new
FN:201,_RNvMNtNtCs9BqXjdeQZds_11reader_core4dict11translationNtB2_11DictService4list
FN:207,_RNvMNtNtCs9BqXjdeQZds_11reader_core4dict11translationNtB2_11DictService6lookup
FN:186,_RNvMNtNtCs9BqXjdeQZds_11reader_core4dict11translationNtB2_11DictService6remove
FN:105,_RNvMNtNtCs9BqXjdeQZds_11reader_core4dict11translationNtB2_11DictService7install
FN:281,_RNvMNtNtCs9BqXjdeQZds_11reader_core4dict11translationNtB2_11DictService9unique_id
FN:452,_RNvMs_NtNtCs9BqXjdeQZds_11reader_core4dict11translationNtB4_18TranslationService10set_config
FN:446,_RNvMs_NtNtCs9BqXjdeQZds_11reader_core4dict11translationNtB4_18TranslationService11clear_cache
FN:394,_RNvMs_NtNtCs9BqXjdeQZds_11reader_core4dict11translationNtB4_18TranslationService16translate_cached
FN:442,_RNvMs_NtNtCs9BqXjdeQZds_11reader_core4dict11translationNtB4_18TranslationService9translate
FN:293,_RNvNtNtCs9BqXjdeQZds_11reader_core4dict11translation11find_ifo_in
FN:337,_RNvNtNtCs9BqXjdeQZds_11reader_core4dict11translation11sanitize_id
FN:311,_RNvNtNtCs9BqXjdeQZds_11reader_core4dict11translation12dict_path_of
FN:465,_RNvNtNtCs9BqXjdeQZds_11reader_core4dict11translation14normalize_text
FN:362,_RNvNtNtCs9BqXjdeQZds_11reader_core4dict11translation5fnv32
FN:482,_RNvNtNtCs9BqXjdeQZds_11reader_core4dict11translation8now_unix
FN:304,_RNvNtNtCs9BqXjdeQZds_11reader_core4dict11translation9dict_stem
FN:324,_RNvNtNtCs9BqXjdeQZds_11reader_core4dict11translation9strip_ifo
FN:381,_RNvMs_NtNtCs9BqXjdeQZds_11reader_core4dict11translationNtB4_18TranslationService3new
FN:226,_RNCNvMNtNtCs547XrBZfZJf_11reader_core4dict11translationNtB4_11DictService6lookups_0B8_
FN:297,_RNCNCNvNtNtCs547XrBZfZJf_11reader_core4dict11translation11find_ifo_ins_00B9_
FN:264,_RNCNvMNtNtCs547XrBZfZJf_11reader_core4dict11translationNtB4_11DictService11read_region0B8_
FN:55,_RNCNvMNtNtCs547XrBZfZJf_11reader_core4dict11translationNtB4_11DictService13scan_existings_0B8_
FN:75,_RNCNvMNtNtCs547XrBZfZJf_11reader_core4dict11translationNtB4_11DictService23load_from_installed_dir0B8_
FN:214,_RNCNvMNtNtCs547XrBZfZJf_11reader_core4dict11translationNtB4_11DictService6lookup0B8_
FN:242,_RNCNvMNtNtCs547XrBZfZJf_11reader_core4dict11translationNtB4_11DictService6lookups0_0B8_
FN:190,_RNCNvMNtNtCs547XrBZfZJf_11reader_core4dict11translationNtB4_11DictService6remove0B8_
FN:191,_RNCNvMNtNtCs547XrBZfZJf_11reader_core4dict11translationNtB4_11DictService6removes_0B8_
FN:108,_RNCNvMNtNtCs547XrBZfZJf_11reader_core4dict11translationNtB4_11DictService7install0B8_
FN:125,_RNCNvMNtNtCs547XrBZfZJf_11reader_core4dict11translationNtB4_11DictService7installs0_0B8_
FN:132,_RNCNvMNtNtCs547XrBZfZJf_11reader_core4dict11translationNtB4_11DictService7installs1_0B8_
FN:146,_RNCNvMNtNtCs547XrBZfZJf_11reader_core4dict11translationNtB4_11DictService7installs2_0B8_
FN:158,_RNCNvMNtNtCs547XrBZfZJf_11reader_core4dict11translationNtB4_11DictService7installs3_0B8_
FN:117,_RNCNvMNtNtCs547XrBZfZJf_11reader_core4dict11translationNtB4_11DictService7installs_0B8_
FN:285,_RNCNvMNtNtCs547XrBZfZJf_11reader_core4dict11translationNtB4_11DictService9unique_id0B8_
FN:408,_RNCNvMs_NtNtCs547XrBZfZJf_11reader_core4dict11translationNtB6_18TranslationService16translate_cached0Ba_
FN:409,_RNCNvMs_NtNtCs547XrBZfZJf_11reader_core4dict11translationNtB6_18TranslationService16translate_cacheds_0Ba_
FN:297,_RNCNvNtNtCs547XrBZfZJf_11reader_core4dict11translation11find_ifo_ins_0B7_
FN:354,_RNCNvNtNtCs547XrBZfZJf_11reader_core4dict11translation11sanitize_ids_0B7_
FN:485,_RNCNvNtNtCs547XrBZfZJf_11reader_core4dict11translation8now_unix0B7_
FN:306,_RNCNvNtNtCs547XrBZfZJf_11reader_core4dict11translation9dict_stem0B7_
FN:307,_RNCNvNtNtCs547XrBZfZJf_11reader_core4dict11translation9dict_stems_0B7_
FN:260,_RNvMNtNtCs547XrBZfZJf_11reader_core4dict11translationNtB2_11DictService11read_region
FN:49,_RNvMNtNtCs547XrBZfZJf_11reader_core4dict11translationNtB2_11DictService13scan_existing
FN:67,_RNvMNtNtCs547XrBZfZJf_11reader_core4dict11translationNtB2_11DictService23load_from_installed_dir
FN:38,_RNvMNtNtCs547XrBZfZJf_11reader_core4dict11translationNtB2_11DictService3new
FN:201,_RNvMNtNtCs547XrBZfZJf_11reader_core4dict11translationNtB2_11DictService4list
FN:207,_RNvMNtNtCs547XrBZfZJf_11reader_core4dict11translationNtB2_11DictService6lookup
FN:186,_RNvMNtNtCs547XrBZfZJf_11reader_core4dict11translationNtB2_11DictService6remove
FN:105,_RNvMNtNtCs547XrBZfZJf_11reader_core4dict11translationNtB2_11DictService7install
FN:281,_RNvMNtNtCs547XrBZfZJf_11reader_core4dict11translationNtB2_11DictService9unique_id
FN:452,_RNvMs_NtNtCs547XrBZfZJf_11reader_core4dict11translationNtB4_18TranslationService10set_config
[...]
FN:314,_RNvNtCs9BqXjdeQZds_11reader_core3tts15sentence_starts
FN:149,_RNvNtCs9BqXjdeQZds_11reader_core3tts17sentence_index_at
FN:267,_RNvNtCs9BqXjdeQZds_11reader_core3tts19is_ascii_period_end
FN:130,_RNvNtCs9BqXjdeQZds_11reader_core3tts20locator_for_sentence
FN:75,_RNvNtCs9BqXjdeQZds_11reader_core3tts7segment
FN:183,_RNCNvNtCs547XrBZfZJf_11reader_core3tts17sentence_index_at0B5_
FN:268,_RNCNvNtCs547XrBZfZJf_11reader_core3tts19is_ascii_period_end0B5_
FN:141,_RNCNvNtCs547XrBZfZJf_11reader_core3tts20locator_for_sentences_0B5_
FN:360,_RNCNvNtNtCs547XrBZfZJf_11reader_core3tts5tests5texts0B7_
FN:195,_RNvNtCs547XrBZfZJf_11reader_core3tts10char_table
FN:229,_RNvNtCs547XrBZfZJf_11reader_core3tts10is_closing
FN:224,_RNvNtCs547XrBZfZJf_11reader_core3tts11is_hard_end
FN:254,_RNvNtCs547XrBZfZJf_11reader_core3tts11word_before
FN:209,_RNvNtCs547XrBZfZJf_11reader_core3tts12utf16_prefix
FN:290,_RNvNtCs547XrBZfZJf_11reader_core3tts13delimiter_end
FN:244,_RNvNtCs547XrBZfZJf_11reader_core3tts15is_abbreviation
FN:314,_RNvNtCs547XrBZfZJf_11reader_core3tts15sentence_starts
FN:149,_RNvNtCs547XrBZfZJf_11reader_core3tts17sentence_index_at
FN:267,_RNvNtCs547XrBZfZJf_11reader_core3tts19is_ascii_period_end
FN:130,_RNvNtCs547XrBZfZJf_11reader_core3tts20locator_for_sentence
FN:75,_RNvNtCs547XrBZfZJf_11reader_core3tts7segment
FN:351,_RNvNtNtCs547XrBZfZJf_11reader_core3tts5tests3bid
FN:572,_RNvNtNtCs547XrBZfZJf_11reader_core3tts5tests3loc
FN:355,_RNvNtNtCs547XrBZfZJf_11reader_core3tts5tests3seg
FN:359,_RNvNtNtCs547XrBZfZJf_11reader_core3tts5tests5texts
FN:812,_RNvNtNtCs547XrBZfZJf_11reader_core3tts5testss_26helper_delimiter_end_cases
FN:402,_RNvNtNtCs547XrBZfZJf_11reader_core3tts5testss_28ascii_abbreviation_not_split
FN:774,_RNvNtNtCs547XrBZfZJf_11reader_core3tts5testss_28helper_is_abbreviation_cases
FN:761,_RNvNtNtCs547XrBZfZJf_11reader_core3tts5testss_28helper_is_closing_exhaustive
FN:858,_RNvNtNtCs547XrBZfZJf_11reader_core3tts5testss_28helper_utf16_prefix_boundary
FN:480,_RNvNtNtCs547XrBZfZJf_11reader_core3tts5testss_28sentence_index_at_boundaries
FN:751,_RNvNtNtCs547XrBZfZJf_11reader_core3tts5testss_29helper_is_hard_end_exhaustive
FN:848,_RNvNtNtCs547XrBZfZJf_11reader_core3tts5testss_30helper_char_table_counts_utf16
FN:547,_RNvNtNtCs547XrBZfZJf_11reader_core3tts5testss_31segment_100k_chars_under_budget
FN:426,_RNvNtNtCs547XrBZfZJf_11reader_core3tts5testss_32char_range_uses_utf16_code_units
FN:382,_RNvNtNtCs547XrBZfZJf_11reader_core3tts5testss_32does_not_merge_across_paragraphs
FN:394,_RNvNtNtCs547XrBZfZJf_11reader_core3tts5testss_32ellipsis_run_is_single_delimiter
FN:795,_RNvNtNtCs547XrBZfZJf_11reader_core3tts5testss_32helper_is_ascii_period_end_cases
FN:838,_RNvNtNtCs547XrBZfZJf_11reader_core3tts5testss_32helper_sentence_starts_positions
FN:513,_RNvNtNtCs547XrBZfZJf_11reader_core3tts5testss_35sentence_index_at_rejects_bad_input
FN:658,_RNvNtNtCs547XrBZfZJf_11reader_core3tts5testss_35snippet_never_splits_surrogate_pair
FN:643,_RNvNtNtCs547XrBZfZJf_11reader_core3tts5testss_35snippet_truncates_to_40_utf16_units
FN:687,_RNvNtNtCs547XrBZfZJf_11reader_core3tts5testss_37decimal_and_version_numbers_not_split
FN:412,_RNvNtNtCs547XrBZfZJf_11reader_core3tts5testss_37empty_or_whitespace_returns_empty_vec
FN:786,_RNvNtNtCs547XrBZfZJf_11reader_core3tts5testss_39helper_word_before_extracts_dotted_word
FN:695,_RNvNtNtCs547XrBZfZJf_11reader_core3tts5testss_39long_ellipsis_runs_are_single_delimiter
FN:469,_RNvNtNtCs547XrBZfZJf_11reader_core3tts5testss_39roundtrip_index_at_locator_for_sentence
FN:438,_RNvNtNtCs547XrBZfZJf_11reader_core3tts5testss_40locator_fields_and_monotonic_progression
FN:459,_RNvNtNtCs547XrBZfZJf_11reader_core3tts5testss_40locator_for_sentence_out_of_range_errors
FN:602,_RNvNtNtCs547XrBZfZJf_11reader_core3tts5testss_42crlf_and_blank_lines_force_sentence_breaks
FN:418,_RNvNtNtCs547XrBZfZJf_11reader_core3tts5testss_44long_run_without_punctuation_is_one_sentence
FN:708,_RNvNtNtCs547XrBZfZJf_11reader_core3tts5testss_44sentence_index_at_exact_boundary_and_epsilon
FN:667,_RNvNtNtCs547XrBZfZJf_11reader_core3tts5testss_44utf16_ranges_with_emoji_in_middle_and_at_end
FN:627,_RNvNtNtCs547XrBZfZJf_11reader_core3tts5testss_45leading_whitespace_first_chunk_starts_at_zero
FN:742,_RNvNtNtCs547XrBZfZJf_11reader_core3tts5testss_46sentence_index_at_rejects_whitespace_only_text
FN:620,_RNvNtNtCs547XrBZfZJf_11reader_core3tts5testss_49single_ascii_period_at_end_is_a_break_not_a_merge
FN:679,_RNvNtNtCs547XrBZfZJf_11reader_core3tts5testss_51single_capital_initial_and_dotted_acronym_not_split
FN:366,_RNvNtNtCs547XrBZfZJf_11reader_core3tts5testss_51splits_chinese_punctuation_and_keeps_closing_quotes
FN:635,_RNvNtNtCs547XrBZfZJf_11reader_core3tts5testss_52whitespace_after_delimiter_is_skipped_for_next_start
FN:611,_RNvNtNtCs547XrBZfZJf_11reader_core3tts5testss_53mixed_chinese_english_splits_on_both_punctuation_sets
FN:730,_RNvNtNtCs547XrBZfZJf_11reader_core3tts5testss_53sentence_index_at_rejects_non_finite_and_out_of_range
FN:588,_RNvNtNtCs547XrBZfZJf_11reader_core3tts5testss_60pure_punctuation_each_becomes_sentence_and_ranges_continuous
FNDA:0,_RNCNvNtCs9BqXjdeQZds_11reader_core3tts17sentence_index_at0B5_
FNDA:0,_RNCNvNtCs9BqXjdeQZds_11reader_core3tts19is_ascii_period_end0B5_
FNDA:1,_RNCNvNtCs9BqXjdeQZds_11reader_core3tts20locator_for_sentences_0B5_
FNDA:12,_RNvNtCs9BqXjdeQZds_11reader_core3tts10char_table
FNDA:55476,_RNvNtCs9BqXjdeQZds_11reader_core3tts10is_closing
FNDA:1053300,_RNvNtCs9BqXjdeQZds_11reader_core3tts11is_hard_end
FNDA:0,_RNvNtCs9BqXjdeQZds_11reader_core3tts11word_before
FNDA:45216,_RNvNtCs9BqXjdeQZds_11reader_core3tts12utf16_prefix
FNDA:1053360,_RNvNtCs9BqXjdeQZds_11reader_core3tts13delimiter_end
FNDA:0,_RNvNtCs9BqXjdeQZds_11reader_core3tts15is_abbreviation
FNDA:12,_RNvNtCs9BqXjdeQZds_11reader_core3tts15sentence_starts
FNDA:5,_RNvNtCs9BqXjdeQZds_11reader_core3tts17sentence_index_at
FNDA:0,_RNvNtCs9BqXjdeQZds_11reader_core3tts19is_ascii_period_end
FNDA:6,_RNvNtCs9BqXjdeQZds_11reader_core3tts20locator_for_sentence
FNDA:12,_RNvNtCs9BqXjdeQZds_11reader_core3tts7segment
FNDA:0,_RNCNvNtCs547XrBZfZJf_11reader_core3tts17sentence_index_at0B5_
FNDA:32,_RNCNvNtCs547XrBZfZJf_11reader_core3tts19is_ascii_period_end0B5_
FNDA:3,_RNCNvNtCs547XrBZfZJf_11reader_core3tts20locator_for_sentences_0B5_
FNDA:41,_RNCNvNtNtCs547XrBZfZJf_11reader_core3tts5tests5texts0B7_
FNDA:73,_RNvNtCs547XrBZfZJf_11reader_core3tts10char_table
FNDA:12608,_RNvNtCs547XrBZfZJf_11reader_core3tts10is_closing
FNDA:113468,_RNvNtCs547XrBZfZJf_11reader_core3tts11is_hard_end
FNDA:24,_RNvNtCs547XrBZfZJf_11reader_core3tts11word_before
FNDA:12636,_RNvNtCs547XrBZfZJf_11reader_core3tts12utf16_prefix
FNDA:113488,_RNvNtCs547XrBZfZJf_11reader_core3tts13delimiter_end
FNDA:39,_RNvNtCs547XrBZfZJf_11reader_core3tts15is_abbreviation
FNDA:55,_RNvNtCs547XrBZfZJf_11reader_core3tts15sentence_starts
FNDA:25,_RNvNtCs547XrBZfZJf_11reader_core3tts17sentence_index_at
FNDA:31,_RNvNtCs547XrBZfZJf_11reader_core3tts19is_ascii_period_end
FNDA:11,_RNvNtCs547XrBZfZJf_11reader_core3tts20locator_for_sentence
FNDA:57,_RNvNtCs547XrBZfZJf_11reader_core3tts7segment
FNDA:69,_RNvNtNtCs547XrBZfZJf_11reader_core3tts5tests3bid
FNDA:8,_RNvNtNtCs547XrBZfZJf_11reader_core3tts5tests3loc
FNDA:33,_RNvNtNtCs547XrBZfZJf_11reader_core3tts5tests3seg
FNDA:19,_RNvNtNtCs547XrBZfZJf_11reader_core3tts5tests5texts
FNDA:1,_RNvNtNtCs547XrBZfZJf_11reader_core3tts5testss_26helper_delimiter_end_cases
FNDA:1,_RNvNtNtCs547XrBZfZJf_11reader_core3tts5testss_28ascii_abbreviation_not_split
FNDA:1,_RNvNtNtCs547XrBZfZJf_11reader_core3tts5testss_28helper_is_abbreviation_cases
FNDA:1,_RNvNtNtCs547XrBZfZJf_11reader_core3tts5testss_28helper_is_closing_exhaustive
FNDA:1,_RNvNtNtCs547XrBZfZJf_11reader_core3tts5testss_28helper_utf16_prefix_boundary
FNDA:1,_RNvNtNtCs547XrBZfZJf_11reader_core3tts5testss_28sentence_index_at_boundaries
FNDA:1,_RNvNtNtCs547XrBZfZJf_11reader_core3tts5testss_29helper_is_hard_end_exhaustive
FNDA:1,_RNvNtNtCs547XrBZfZJf_11reader_core3tts5testss_30helper_char_table_counts_utf16
FNDA:1,_RNvNtNtCs547XrBZfZJf_11reader_core3tts5testss_31segment_100k_chars_under_budget
FNDA:1,_RNvNtNtCs547XrBZfZJf_11reader_core3tts5testss_32char_range_uses_utf16_code_units
FNDA:1,_RNvNtNtCs547XrBZfZJf_11reader_core3tts5testss_32does_not_merge_across_paragraphs
FNDA:1,_RNvNtNtCs547XrBZfZJf_11reader_core3tts5testss_32ellipsis_run_is_single_delimiter
FNDA:1,_RNvNtNtCs547XrBZfZJf_11reader_core3tts5testss_32helper_is_ascii_period_end_cases
FNDA:1,_RNvNtNtCs547XrBZfZJf_11reader_core3tts5testss_32helper_sentence_starts_positions
FNDA:1,_RNvNtNtCs547XrBZfZJf_11reader_core3tts5testss_35sentence_index_at_rejects_bad_input
FNDA:1,_RNvNtNtCs547XrBZfZJf_11reader_core3tts5testss_35snippet_never_splits_surrogate_pair
FNDA:1,_RNvNtNtCs547XrBZfZJf_11reader_core3tts5testss_35snippet_truncates_to_40_utf16_units
FNDA:1,_RNvNtNtCs547XrBZfZJf_11reader_core3tts5testss_37decimal_and_version_numbers_not_split
FNDA:1,_RNvNtNtCs547XrBZfZJf_11reader_core3tts5testss_37empty_or_whitespace_returns_empty_vec
FNDA:1,_RNvNtNtCs547XrBZfZJf_11reader_core3tts5testss_39helper_word_before_extracts_dotted_word
FNDA:1,_RNvNtNtCs547XrBZfZJf_11reader_core3tts5testss_39long_ellipsis_runs_are_single_delimiter
FNDA:1,_RNvNtNtCs547XrBZfZJf_11reader_core3tts5testss_39roundtrip_index_at_locator_for_sentence
FNDA:1,_RNvNtNtCs547XrBZfZJf_11reader_core3tts5testss_40locator_fields_and_monotonic_progression
FNDA:1,_RNvNtNtCs547XrBZfZJf_11reader_core3tts5testss_40locator_for_sentence_out_of_range_errors
FNDA:1,_RNvNtNtCs547XrBZfZJf_11reader_core3tts5testss_42crlf_and_blank_lines_force_sentence_breaks
FNDA:1,_RNvNtNtCs547XrBZfZJf_11reader_core3tts5testss_44long_run_without_punctuation_is_one_sentence
FNDA:1,_RNvNtNtCs547XrBZfZJf_11reader_core3tts5testss_44sentence_index_at_exact_boundary_and_epsilon
FNDA:1,_RNvNtNtCs547XrBZfZJf_11reader_core3tts5testss_44utf16_ranges_with_emoji_in_middle_and_at_end
FNDA:1,_RNvNtNtCs547XrBZfZJf_11reader_core3tts5testss_45leading_whitespace_first_chunk_starts_at_zero
FNDA:1,_RNvNtNtCs547XrBZfZJf_11reader_core3tts5testss_46sentence_index_at_rejects_whitespace_only_text
FNDA:1,_RNvNtNtCs547XrBZfZJf_11reader_core3tts5testss_49single_ascii_period_at_end_is_a_break_not_a_merge
FNDA:1,_RNvNtNtCs547XrBZfZJf_11reader_core3tts5testss_51single_capital_initial_and_dotted_acronym_not_split
FNDA:1,_RNvNtNtCs547XrBZfZJf_11reader_core3tts5testss_51splits_chinese_punctuation_and_keeps_closing_quotes
FNDA:1,_RNvNtNtCs547XrBZfZJf_11reader_core3tts5testss_52whitespace_after_delimiter_is_skipped_for_next_start
FNDA:1,_RNvNtNtCs547XrBZfZJf_11reader_core3tts5testss_53mixed_chinese_english_splits_on_both_punctuation_sets
FNDA:1,_RNvNtNtCs547XrBZfZJf_11reader_core3tts5testss_53sentence_index_at_rejects_non_finite_and_out_of_range
FNDA:1,_RNvNtNtCs547XrBZfZJf_11reader_core3tts5testss_60pure_punctuation_each_becomes_sentence_and_ranges_continuous
FNF:57
FNH:56
DA:75,69
DA:76,69
DA:77,5
DA:78,64
DA:79,64
DA:80,64
DA:81,0
DA:82,64
DA:83,64
DA:84,64
DA:85,57847
DA:86,57847
DA:87,57847
DA:88,57847
DA:89,57847
DA:91,0
DA:92,0
DA:93,0
DA:94,0
DA:95,0
DA:96,0
DA:97,0
DA:98,57847
DA:99,57847
DA:100,57847
DA:101,0
DA:103,57847
DA:105,57847
DA:106,57847
DA:107,57847
DA:108,57847
DA:109,57847
DA:110,57847
DA:111,57847
DA:112,57847
DA:113,57847
DA:114,57847
DA:115,57847
DA:116,57847
DA:117,57847
DA:118,57847
DA:119,57847
DA:120,57847
DA:121,57847
DA:122,57847
DA:123,57847
DA:124,57847
DA:126,64
DA:127,69
DA:130,17
DA:131,17
DA:132,17
DA:133,17
DA:134,17
DA:135,17
DA:136,17
DA:137,17
DA:138,17
DA:139,17
DA:140,17
DA:141,17
DA:142,17
DA:149,30
DA:150,30
DA:151,30
DA:152,30
DA:153,30
DA:154,30
DA:155,30
DA:156,2
DA:157,2
DA:158,2
DA:159,2
DA:160,28
DA:161,28
DA:162,2
DA:163,2
DA:164,2
DA:165,2
DA:166,26
DA:167,26
DA:168,26
DA:169,9
DA:170,17
DA:171,17
DA:172,17
DA:173,2
DA:174,15
DA:175,15
DA:176,5690
DA:177,5690
DA:178,5679
DA:179,5679
DA:180,11
DA:183,15
DA:184,30
DA:195,85
DA:196,85
DA:197,85
DA:198,1179332
DA:199,1179332
DA:200,1179332
DA:201,1179332
DA:202,1179332
DA:203,1179332
DA:204,1179332
DA:205,1179332
DA:206,85
DA:207,85
DA:209,57852
DA:210,57852
DA:211,57852
DA:212,1132798
DA:213,1132798
DA:214,1132798
DA:215,150
DA:216,1132648
DA:217,1132648
DA:218,1132648
DA:220,57852
DA:221,57852
DA:224,1166768
DA:225,1166768
DA:226,1166768
DA:229,68084
DA:230,57792
DA:231,68084
DA:235,68084
DA:244,39
DA:245,39
DA:246,14
DA:247,25
DA:249,25
DA:250,25
DA:251,39
DA:254,24
DA:255,24
DA:256,89
DA:257,82
DA:258,82
DA:259,65
DA:260,65
DA:261,17
DA:264,24
DA:265,24
DA:267,31
DA:268,32
DA:269,32
DA:270,32
DA:271,1
DA:273,31
DA:275,32
DA:276,31
DA:277,31
DA:278,7
DA:279,24
DA:280,24
DA:281,11
DA:282,13
DA:283,3
DA:285,21
DA:286,31
DA:290,1166848
DA:291,1166848
DA:292,1166848
DA:293,66
DA:294,133
DA:295,67
DA:296,67
DA:297,66
DA:298,1166782
DA:299,1166782
DA:300,29
DA:301,4
DA:302,14
DA:303,10
DA:304,10
DA:305,4
DA:306,25
DA:307,25
DA:308,1166753
DA:309,1166753
DA:310,1166848
DA:314,67
DA:315,67
DA:316,67
DA:317,1
DA:318,66
DA:319,66
DA:320,66
DA:321,1166903
DA:322,1166837
DA:323,1109001
DA:324,1109001
DA:326,57836
DA:327,68109
DA:328,10273
DA:329,10273
DA:330,59876
DA:331,2040
DA:332,2040
DA:333,57836
DA:334,57785
DA:335,57785
DA:336,57836
DA:338,66
DA:339,67
DA:351,69
DA:352,69
DA:353,69
DA:355,33
DA:356,33
DA:357,33
DA:359,19
DA:360,41
DA:361,19
DA:366,1
DA:367,1
DA:368,1
DA:369,1
DA:370,1
DA:373,1
DA:375,3
DA:376,3
DA:378,1
DA:379,1
DA:382,1
DA:383,1
DA:384,1
DA:385,1
DA:386,1
DA:388,2
DA:389,2
DA:391,1
DA:394,1
DA:395,1
DA:396,1
DA:397,1
DA:398,1
DA:399,1
DA:402,1
DA:403,1
DA:404,1
DA:405,1
DA:406,1
DA:407,1
DA:408,1
DA:409,1
DA:412,1
DA:413,1
DA:414,1
DA:415,1
DA:418,1
DA:419,1
DA:420,1
DA:421,1
DA:422,1
DA:423,1
DA:426,1
DA:428,1
DA:429,1
DA:430,1
DA:431,1
DA:432,1
DA:433,1
DA:438,1
DA:439,1
DA:440,1
DA:441,1
DA:442,3
DA:443,3
DA:444,3
DA:445,3
DA:446,3
DA:447,3
DA:448,3
DA:449,3
DA:450,3
DA:451,3
DA:452,3
DA:454,1
DA:455,1
DA:456,1
DA:459,1
DA:460,1
DA:461,1
DA:462,1
DA:463,1
DA:464,1
DA:469,1
DA:470,1
DA:471,1
DA:472,4
DA:473,4
DA:474,4
DA:475,4
DA:477,1
DA:480,1
DA:481,1
DA:482,1
DA:483,1
DA:484,1
DA:485,1
DA:486,1
DA:487,1
DA:488,1
DA:489,1
DA:490,1
DA:491,1
DA:492,1
DA:493,1
DA:494,1
DA:495,1
DA:498,1
DA:499,1
DA:500,1
DA:501,1
DA:502,1
DA:505,1
DA:506,1
DA:507,1
DA:510,1
DA:513,1
DA:514,1
DA:515,1
DA:517,1
DA:518,1
DA:520,1
DA:521,1
DA:522,1
DA:524,3
DA:525,3
DA:526,3
DA:527,3
DA:528,3
DA:529,3
DA:530,3
DA:531,3
DA:532,3
DA:533,3
DA:534,3
DA:535,3
DA:536,3
DA:541,1
DA:542,1
DA:547,1
DA:549,1
DA:550,1
DA:551,1
DA:552,1
DA:553,1
DA:554,1
DA:556,1
DA:557,1
DA:560,1
DA:561,1
DA:562,1
DA:565,1
DA:572,8
DA:573,8
DA:574,8
DA:575,8
DA:576,8
DA:577,8
DA:578,8
DA:579,8
DA:580,8
DA:581,8
DA:582,8
DA:583,8
DA:588,1
DA:589,1
DA:590,1
DA:591,1
DA:592,1
DA:593,1
DA:595,4
DA:596,4
DA:598,1
DA:599,1
DA:602,1
DA:603,1
DA:604,1
DA:605,2
DA:606,2
DA:608,1
DA:611,1
DA:612,1
DA:613,1
DA:614,1
DA:615,1
DA:617,1
DA:620,1
DA:621,1
DA:622,1
DA:623,1
DA:624,1
DA:627,1
DA:628,1
DA:629,1
DA:630,1
DA:631,1
DA:632,1
DA:635,1
DA:636,1
DA:637,1
DA:639,1
DA:640,1
DA:643,1
DA:644,1
DA:645,1
DA:646,1
DA:647,1
DA:648,1
DA:650,1
DA:651,1
DA:652,1
DA:653,1
DA:655,1
DA:658,1
DA:659,1
DA:660,1
DA:661,1
DA:662,1
DA:663,1
DA:664,1
DA:667,1
DA:669,1
DA:670,1
DA:671,1
DA:672,1
DA:673,1
DA:674,1
DA:679,1
DA:680,1
DA:681,1
DA:682,1
DA:683,1
DA:684,1
DA:687,1
DA:688,1
DA:689,1
DA:690,1
DA:691,1
DA:692,1
DA:695,1
DA:696,1
DA:697,1
DA:698,1
DA:699,1
DA:701,1
DA:702,1
DA:703,1
DA:708,1
DA:709,1
DA:710,1
DA:712,3
DA:713,3
DA:714,3
DA:719,1
DA:720,1
DA:722,1
DA:723,1
DA:724,1
DA:727,1
DA:730,1
DA:731,1
DA:732,5
DA:733,5
DA:734,5
DA:735,5
DA:739,1
DA:742,1
DA:743,1
DA:744,1
DA:745,1
DA:746,1
DA:751,1
DA:752,7
DA:753,7
DA:755,8
DA:756,8
DA:758,1
DA:761,1
DA:762,19
DA:763,1
DA:764,1
DA:765,1
DA:766,19
DA:768,7
DA:769,7
DA:771,1
DA:774,1
DA:775,12
DA:776,1
DA:777,1
DA:778,12
DA:780,6
DA:781,6
DA:783,1
DA:786,1
DA:787,1
DA:789,1
DA:790,1
DA:791,1
DA:792,1
DA:795,1
DA:796,1
DA:797,1
DA:798,1
DA:799,1
DA:800,1
DA:801,1
DA:802,1
DA:803,1
DA:804,1
DA:805,1
DA:807,1
DA:808,1
DA:809,1
DA:812,1
DA:813,1
DA:814,1
DA:815,1
DA:816,1
DA:817,1
DA:818,1
DA:819,1
DA:820,1
DA:821,1
DA:822,1
DA:823,1
DA:824,1
DA:825,1
DA:826,1
DA:827,1
DA:828,1
DA:829,1
DA:830,1
DA:831,1
DA:832,1
DA:833,1
DA:834,1
DA:835,1
DA:838,1
DA:839,1
DA:841,1
DA:842,1
DA:843,1
DA:844,1
DA:845,1
DA:848,1
DA:849,1
DA:850,1
DA:851,1
DA:852,1
DA:853,1
DA:854,1
DA:855,1
DA:858,1
DA:859,1
DA:860,1
DA:861,1
DA:862,1
DA:863,1
DA:864,1
BRF:0
BRH:0
LF:570
LH:560
end_of_record
SF:/root/reader/core/src/types.rs
FN:88,_RNvMNtCs9BqXjdeQZds_11reader_core5typesNtB2_4Lang6as_str
FN:127,_RINvXs0_NtCs9BqXjdeQZds_11reader_core5typesNtB6_4LangNtNtCs4bQoAUX3Bbg_10serde_core2de11Deserialize11deserializeINtNvNtNtCsiI154mpbNWq_5serde7private2de13missing_field24MissingFieldDeserializerNtNtCsezkhTunTHfv_10serde_json5error5ErrorEEB8_
FN:127,_RINvXs0_NtCs9BqXjdeQZds_11reader_core5typesNtB6_4LangNtNtCs4bQoAUX3Bbg_10serde_core2de11Deserialize11deserializeQINtNtCsezkhTunTHfv_10serde_json2de12DeserializerNtNtB1S_4read7StrReadEEB8_
FN:121,_RINvXs_NtCs9BqXjdeQZds_11reader_core5typesNtB5_4LangNtNtCs4bQoAUX3Bbg_10serde_core3ser9Serialize9serializeQINtNtCsezkhTunTHfv_10serde_json3ser10SerializerQINtNtCs6i54tJFfzR_5alloc3vec3VechEEEB7_
FN:104,_RNvMNtCs9BqXjdeQZds_11reader_core5typesNtB2_4Lang5parse
FN:127,_RINvXs0_NtCs547XrBZfZJf_11reader_core5typesNtB6_4LangNtNtCs4bQoAUX3Bbg_10serde_core2de11Deserialize11deserializeINtNvNtNtCsiI154mpbNWq_5serde7private2de13missing_field24MissingFieldDeserializerNtNtCsezkhTunTHfv_10serde_json5error5ErrorEEB8_
FN:127,_RINvXs0_NtCs547XrBZfZJf_11reader_core5typesNtB6_4LangNtNtCs4bQoAUX3Bbg_10serde_core2de11Deserialize11deserializeQINtNtCsezkhTunTHfv_10serde_json2de12DeserializerNtNtB1S_4read7StrReadEEB8_
FN:121,_RINvXs_NtCs547XrBZfZJf_11reader_core5typesNtB5_4LangNtNtCs4bQoAUX3Bbg_10serde_core3ser9Serialize9serializeQINtNtCsezkhTunTHfv_10serde_json3ser10SerializerQINtNtCs6i54tJFfzR_5alloc3vec3VechEEEB7_
FN:104,_RNvMNtCs547XrBZfZJf_11reader_core5typesNtB2_4Lang5parse
FN:88,_RNvMNtCs547XrBZfZJf_11reader_core5typesNtB2_4Lang6as_str
FNDA:46,_RNvMNtCs9BqXjdeQZds_11reader_core5typesNtB2_4Lang6as_str
FNDA:0,_RINvXs0_NtCs9BqXjdeQZds_11reader_core5typesNtB6_4LangNtNtCs4bQoAUX3Bbg_10serde_core2de11Deserialize11deserializeINtNvNtNtCsiI154mpbNWq_5serde7private2de13missing_field24MissingFieldDeserializerNtNtCsezkhTunTHfv_10serde_json5error5ErrorEEB8_
FNDA:4,_RINvXs0_NtCs9BqXjdeQZds_11reader_core5typesNtB6_4LangNtNtCs4bQoAUX3Bbg_10serde_core2de11Deserialize11deserializeQINtNtCsezkhTunTHfv_10serde_json2de12DeserializerNtNtB1S_4read7StrReadEEB8_
FNDA:10,_RINvXs_NtCs9BqXjdeQZds_11reader_core5typesNtB5_4LangNtNtCs4bQoAUX3Bbg_10serde_core3ser9Serialize9serializeQINtNtCsezkhTunTHfv_10serde_json3ser10SerializerQINtNtCs6i54tJFfzR_5alloc3vec3VechEEEB7_
FNDA:13,_RNvMNtCs9BqXjdeQZds_11reader_core5typesNtB2_4Lang5parse
FNDA:0,_RINvXs0_NtCs547XrBZfZJf_11reader_core5typesNtB6_4LangNtNtCs4bQoAUX3Bbg_10serde_core2de11Deserialize11deserializeINtNvNtNtCsiI154mpbNWq_5serde7private2de13missing_field24MissingFieldDeserializerNtNtCsezkhTunTHfv_10serde_json5error5ErrorEEB8_
FNDA:6,_RINvXs0_NtCs547XrBZfZJf_11reader_core5typesNtB6_4LangNtNtCs4bQoAUX3Bbg_10serde_core2de11Deserialize11deserializeQINtNtCsezkhTunTHfv_10serde_json2de12DeserializerNtNtB1S_4read7StrReadEEB8_
FNDA:2412,_RINvXs_NtCs547XrBZfZJf_11reader_core5typesNtB5_4LangNtNtCs4bQoAUX3Bbg_10serde_core3ser9Serialize9serializeQINtNtCsezkhTunTHfv_10serde_json3ser10SerializerQINtNtCs6i54tJFfzR_5alloc3vec3VechEEEB7_
FNDA:6,_RNvMNtCs547XrBZfZJf_11reader_core5typesNtB2_4Lang5parse
FNDA:4838,_RNvMNtCs547XrBZfZJf_11reader_core5typesNtB2_4Lang6as_str
FNF:4
FNH:4
DA:88,4884
DA:89,4884
DA:90,0
DA:91,2443
DA:92,2441
DA:93,0
DA:94,0
DA:95,0
DA:96,0
DA:97,0
DA:98,0
DA:99,0
DA:101,4884
DA:104,19
DA:105,19
DA:106,19
DA:107,19
DA:108,10
DA:109,1
DA:110,1
DA:111,1
DA:112,1
DA:113,1
DA:114,1
DA:115,1
DA:117,19
DA:121,2422
DA:122,2422
DA:123,2422
DA:127,10
DA:128,10
DA:129,10
DA:130,10
BRF:0
BRH:0
LF:33
LH:25
end_of_record