SF:lib/widgets/listen_follow_highlight.dart
DA:16,4
DA:42,4
DA:52,4
DA:54,8
DA:55,4
DA:56,4
DA:58,4
DA:59,8
DA:60,4
DA:61,4
DA:65,12
DA:66,4
DA:67,2
DA:71,4
DA:72,4
DA:90,4
DA:92,4
DA:93,12
DA:95,8
DA:96,16
DA:100,2
DA:102,2
DA:103,8
DA:104,1
DA:105,3
DA:107,12
DA:108,8
DA:112,4
DA:114,4
DA:115,4
DA:118,4
DA:120,1
DA:121,1
DA:123,8
DA:124,4
DA:128,4
DA:129,4
DA:130,8
DA:132,4
DA:135,4
DA:136,4
DA:137,4
DA:138,4
DA:139,8
DA:140,4
DA:141,8
DA:142,8
DA:144,12
DA:146,4
DA:147,8
DA:149,4
DA:154,9
DA:157,4
DA:159,12
DA:161,24
DA:162,3
DA:163,8
DA:164,12
DA:166,24
DA:167,6
DA:168,8
DA:169,4
DA:170,4
DA:171,8
DA:172,8
DA:173,4
DA:174,4
DA:181,4
DA:183,4
DA:185,4
DA:186,16
DA:187,4
DA:188,12
DA:191,16
LF:74
LH:74
end_of_record
SF:lib/main.dart
DA:7,1
DA:9,1
DA:11,1
DA:13,1
DA:14,1
DA:24,0
DA:25,0
LF:7
LH:5
end_of_record
SF:lib/engines/paged_document_reloader.dart
DA:39,1
DA:49,1
DA:55,2
DA:58,2
DA:61,1
DA:72,1
DA:78,3
DA:81,2
DA:82,2
DA:94,4
DA:97,4
DA:100,1
DA:101,2
DA:105,1
DA:106,1
DA:107,2
LF:16
LH:16
end_of_record
SF:lib/engines/paged_js_result.dart
DA:13,1
DA:14,1
DA:15,2
DA:16,1
DA:17,2
DA:18,2
DA:28,1
DA:33,4
DA:36,1
DA:37,2
DA:38,1
DA:39,1
DA:40,1
DA:42,2
DA:43,1
LF:15
LH:15
end_of_record
SF:lib/engines/paged_view_controls.dart
DA:31,2
DA:37,2
DA:38,10
DA:39,2
LF:4
LH:4
end_of_record
SF:lib/engines/paged_web_view.dart
DA:26,1
DA:29,1
DA:37,0
DA:62,0
DA:63,0
DA:75,0
DA:77,0
DA:78,0
DA:79,0
DA:80,0
DA:82,0
DA:84,0
DA:88,0
DA:90,0
DA:92,0
DA:93,0
DA:94,0
DA:95,0
DA:96,0
DA:98,0
DA:99,0
DA:100,0
DA:101,0
DA:102,0
DA:103,0
DA:104,0
DA:105,0
DA:106,0
DA:107,0
DA:108,0
DA:112,0
DA:113,0
DA:115,0
DA:117,0
DA:121,0
DA:123,0
DA:124,0
DA:125,0
DA:126,0
DA:127,0
DA:128,0
DA:129,0
DA:131,0
DA:132,0
DA:138,0
DA:139,0
DA:140,0
DA:142,0
DA:147,0
DA:148,0
DA:150,0
DA:151,0
DA:152,0
DA:156,0
DA:158,0
DA:159,0
DA:160,0
DA:161,0
DA:169,0
DA:171,0
DA:173,0
DA:175,0
DA:177,0
DA:179,0
DA:182,0
DA:184,0
DA:186,0
DA:188,0
DA:190,0
DA:194,0
DA:196,0
DA:197,0
DA:200,0
DA:202,0
DA:203,0
DA:204,0
DA:205,0
DA:207,0
DA:208,0
DA:209,0
DA:210,0
DA:211,0
DA:213,0
DA:214,0
DA:215,0
DA:284,0
DA:285,0
DA:286,0
DA:287,0
DA:288,0
DA:289,0
DA:290,0
DA:291,0
DA:292,0
DA:293,0
DA:294,0
DA:295,0
LF:97
LH:2
end_of_record
SF:lib/services/library_backend.dart
DA:10,0
DA:26,5
DA:37,5
DA:49,11
LF:4
LH:3
end_of_record
SF:lib/engines/system_tts_engine.dart
DA:15,1
DA:16,3
DA:17,3
DA:18,3
DA:19,3
DA:32,1
DA:33,2
DA:35,1
DA:44,2
DA:49,2
DA:53,2
DA:54,1
DA:60,1
DA:63,2
DA:64,1
DA:69,1
DA:73,2
DA:74,2
DA:75,1
DA:78,1
DA:82,1
DA:84,2
DA:88,2
DA:91,1
DA:92,1
DA:93,2
DA:94,2
DA:95,1
DA:96,3
DA:97,1
DA:98,5
DA:105,1
DA:107,1
DA:110,1
DA:111,1
DA:112,2
DA:113,2
DA:114,2
DA:115,2
DA:118,2
DA:119,3
DA:124,1
DA:125,2
DA:127,1
DA:131,1
DA:133,1
DA:136,1
DA:138,1
DA:139,2
DA:142,1
DA:144,1
DA:145,3
DA:148,1
DA:149,1
DA:150,3
DA:153,1
DA:155,4
DA:157,1
DA:158,3
DA:162,1
DA:163,1
DA:164,2
LF:62
LH:62
end_of_record
SF:lib/engines/tts_engine.dart
DA:26,5
DA:49,5
DA:74,2
DA:80,2
DA:87,2
DA:93,2
LF:6
LH:6
end_of_record
SF:lib/pages/library_page.dart
DA:13,3
DA:18,3
DA:19,3
DA:23,10
DA:28,3
DA:30,3
DA:31,3
DA:34,3
DA:35,9
DA:37,6
DA:38,2
DA:40,5
DA:44,2
DA:45,4
DA:46,8
DA:49,0
DA:50,0
DA:53,0
DA:57,0
DA:59,0
DA:60,0
DA:62,0
DA:65,0
DA:67,0
DA:68,0
DA:69,0
DA:72,0
DA:76,3
DA:78,3
DA:79,3
DA:80,3
DA:81,6
DA:83,3
DA:89,3
DA:93,3
DA:94,3
DA:95,0
DA:96,0
DA:98,0
DA:101,0
DA:103,0
DA:104,0
DA:109,0
DA:114,3
DA:118,2
DA:121,2
DA:122,2
DA:123,2
DA:124,2
DA:125,2
DA:127,4
DA:128,4
DA:129,10
DA:130,2
DA:133,1
DA:134,2
DA:135,1
DA:136,2
DA:137,1
DA:138,1
DA:139,1
DA:141,1
DA:143,1
DA:144,1
LF:64
LH:45
end_of_record
SF:lib/pages/body_tap_policy.dart
DA:41,8
DA:48,32
DA:49,24
DA:50,24
DA:51,4
DA:52,4
DA:53,32
DA:72,10
DA:88,2
DA:91,9
DA:92,27
DA:93,54
DA:94,1
DA:97,18
DA:98,18
DA:99,18
DA:100,9
DA:101,9
DA:102,30
DA:103,12
DA:108,3
DA:109,12
DA:110,3
DA:111,15
DA:112,3
DA:117,1
DA:118,3
DA:119,4
DA:123,9
DA:124,27
DA:125,27
DA:126,9
DA:127,9
DA:128,36
DA:129,45
DA:130,9
DA:131,9
DA:136,9
DA:137,9
DA:138,9
DA:141,9
DA:142,9
DA:143,9
DA:144,9
DA:145,9
DA:146,18
DA:147,9
LF:47
LH:47
end_of_record
SF:lib/pages/continuous_scroll_policy.dart
DA:24,10
DA:26,10
DA:27,10
DA:29,3
DA:30,3
DA:38,20
DA:46,10
DA:55,10
DA:56,20
DA:58,20
DA:59,20
DA:61,1
DA:62,4
DA:65,2
DA:68,10
DA:69,20
DA:71,20
DA:72,10
DA:73,20
DA:76,2
DA:77,4
DA:83,2
DA:84,4
DA:85,4
DA:89,6
DA:94,4
DA:109,1
DA:110,3
DA:111,3
DA:113,7
DA:114,1
DA:115,1
DA:116,2
DA:130,4
DA:139,4
DA:140,4
DA:143,8
DA:144,8
DA:146,4
DA:148,8
DA:150,6
DA:152,12
DA:156,2
DA:157,1
DA:158,3
DA:161,2
DA:162,4
DA:163,4
DA:169,4
DA:170,4
DA:171,12
DA:175,3
DA:180,6
DA:181,6
DA:182,9
DA:183,3
DA:192,9
DA:217,10
DA:219,10
DA:220,10
DA:221,20
DA:222,10
DA:223,10
DA:225,10
DA:226,20
DA:227,10
DA:228,10
DA:230,10
DA:231,10
DA:232,10
DA:233,50
DA:234,10
DA:237,10
DA:239,10
DA:240,10
DA:241,20
DA:245,10
DA:246,10
DA:247,10
LF:79
LH:79
end_of_record
SF:lib/pages/note_span_policy.dart
DA:14,3
DA:31,1
DA:39,11
DA:56,11
DA:61,11
DA:62,11
DA:64,22
DA:65,13
DA:66,12
DA:67,12
DA:70,12
DA:71,12
DA:73,22
DA:75,11
DA:76,44
DA:77,11
DA:78,22
DA:79,11
DA:82,21
DA:83,11
DA:87,13
DA:88,2
DA:89,2
DA:90,3
DA:91,2
DA:92,3
DA:93,2
DA:98,8
DA:102,4
DA:107,2
DA:114,4
DA:118,11
DA:119,6
DA:120,6
DA:121,6
DA:122,1
DA:123,2
DA:124,1
DA:130,22
LF:39
LH:39
end_of_record
SF:lib/services/rust_library_backend.dart
DA:16,1
DA:18,1
DA:19,0
DA:20,0
DA:22,0
DA:23,0
DA:26,0
DA:28,0
DA:29,0
DA:30,0
DA:31,0
DA:32,0
DA:33,0
DA:34,0
DA:35,0
DA:36,0
DA:41,0
DA:43,0
DA:44,0
DA:45,0
DA:46,0
DA:47,0
DA:48,0
DA:49,0
DA:53,1
DA:55,1
DA:56,1
DA:57,1
DA:58,1
DA:59,1
DA:60,1
DA:61,4
DA:66,0
DA:67,0
DA:69,0
DA:71,0
DA:73,0
DA:75,0
DA:77,0
DA:79,0
DA:81,0
DA:83,0
DA:84,0
LF:43
LH:10
end_of_record
SF:lib/services/rust_notes_backend.dart
DA:11,1
DA:21,1
DA:30,1
DA:33,1
DA:35,1
DA:37,1
DA:38,1
DA:39,1
DA:40,1
DA:44,1
DA:45,1
DA:47,1
DA:49,1
DA:51,1
DA:52,1
DA:54,3
DA:56,3
DA:57,1
DA:58,1
DA:59,1
DA:60,1
DA:61,1
DA:62,3
DA:67,1
DA:69,1
DA:70,3
DA:73,1
DA:79,1
DA:84,1
DA:85,1
DA:86,1
DA:87,1
DA:91,1
DA:98,1
DA:104,3
DA:107,2
DA:108,1
DA:109,1
DA:110,1
DA:111,1
DA:112,1
DA:113,1
DA:114,1
DA:115,1
DA:116,1
DA:117,1
DA:118,2
DA:119,2
DA:120,1
LF:49
LH:49
end_of_record
SF:lib/services/rust_search_backend.dart
DA:10,1
DA:15,1
DA:17,1
DA:18,1
DA:19,1
DA:20,1
DA:23,1
DA:24,1
DA:25,1
DA:26,1
DA:27,1
DA:28,1
DA:29,1
DA:30,1
DA:31,1
DA:32,1
DA:33,3
DA:35,1
LF:18
LH:18
end_of_record
SF:lib/services/rust_translate_backend.dart
DA:12,1
DA:14,1
DA:15,1
DA:16,1
DA:17,1
DA:18,2
DA:19,1
DA:23,1
DA:24,1
DA:26,1
DA:28,1
DA:29,1
DA:30,1
DA:31,1
DA:32,1
DA:33,1
DA:34,2
DA:35,1
DA:40,1
DA:42,1
DA:44,1
DA:45,1
DA:46,1
DA:47,1
DA:48,1
DA:49,1
DA:53,1
DA:59,1
DA:60,1
DA:61,1
DA:62,1
DA:63,1
DA:64,1
DA:65,1
DA:66,1
DA:70,1
DA:71,1
DA:73,1
DA:75,1
DA:77,1
DA:79,1
DA:80,1
DA:81,1
DA:82,1
DA:83,1
DA:87,1
DA:89,1
DA:93,0
LF:48
LH:47
end_of_record
SF:lib/pages/reader_page.dart
DA:51,1
DA:73,9
DA:118,9
DA:119,9
DA:182,9
DA:184,9
DA:185,27
DA:186,18
DA:187,9
DA:188,45
DA:190,9
DA:191,27
DA:192,18
DA:193,4
DA:197,9
DA:199,10
DA:201,18
DA:202,27
DA:203,18
DA:204,9
DA:207,18
DA:208,18
DA:209,18
DA:210,9
DA:214,4
DA:215,8
DA:216,1
DA:217,2
DA:218,1
DA:219,3
DA:222,4
DA:223,8
DA:228,16
DA:229,3
DA:230,3
DA:232,6
DA:233,6
DA:234,6
DA:235,6
DA:236,10
DA:237,2
DA:238,2
DA:239,2
DA:240,2
DA:241,2
DA:242,2
DA:247,6
DA:248,3
DA:249,3
DA:250,3
DA:252,3
DA:258,3
DA:259,3
DA:260,6
DA:261,3
DA:263,9
DA:264,16
DA:265,13
DA:266,12
DA:269,9
DA:271,45
DA:273,18
DA:275,2
DA:276,1
DA:277,3
DA:279,45
DA:281,4
DA:282,2
DA:283,6
DA:286,9
DA:287,18
DA:288,9
DA:289,9
DA:290,18
DA:291,18
DA:292,18
DA:294,18
DA:295,45
DA:297,2
DA:298,2
DA:299,1
DA:300,1
DA:302,2
DA:305,9
DA:306,27
DA:307,9
DA:308,18
DA:311,1
DA:312,1
DA:315,0
DA:319,3
DA:320,3
DA:321,12
DA:322,12
DA:324,4
DA:326,4
DA:327,2
DA:328,8
DA:330,0
DA:333,3
DA:334,3
DA:335,6
DA:336,6
DA:337,12
DA:339,3
DA:340,3
DA:341,3
DA:342,3
DA:344,3
DA:345,3
DA:346,9
DA:349,4
DA:350,9
DA:351,6
DA:352,12
DA:353,3
DA:354,4
DA:355,2
DA:356,2
DA:359,3
DA:360,3
DA:362,9
DA:366,3
DA:367,3
DA:368,12
DA:369,9
DA:371,3
DA:372,6
DA:373,3
DA:375,6
DA:376,6
DA:378,9
DA:379,6
DA:385,3
DA:386,6
DA:387,6
DA:393,3
DA:394,3
DA:396,18
DA:397,6
DA:398,3
DA:402,5
DA:403,5
DA:405,20
DA:406,5
DA:407,10
DA:408,5
DA:409,5
DA:410,5
DA:411,5
DA:413,15
DA:414,5
DA:415,3
DA:417,4
DA:423,9
DA:424,9
DA:425,18
DA:426,36
DA:427,9
DA:428,9
DA:431,10
DA:432,6
DA:434,4
DA:435,6
DA:437,3
DA:438,4
DA:439,6
DA:440,2
DA:441,2
DA:442,4
DA:443,2
DA:444,2
DA:445,2
DA:448,0
DA:449,0
DA:450,0
DA:454,9
DA:455,27
DA:457,9
DA:458,27
DA:459,36
DA:460,36
DA:463,19
DA:464,27
DA:465,45
DA:466,9
DA:467,9
DA:468,9
DA:473,1
DA:474,1
DA:476,2
DA:477,2
DA:478,1
DA:485,7
DA:486,7
DA:487,2
DA:488,3
DA:491,7
DA:492,2
DA:493,7
DA:494,1
DA:495,7
DA:496,28
DA:497,2
DA:498,2
DA:499,2
DA:500,1
DA:501,1
DA:504,5
DA:509,3
DA:510,8
DA:513,1
DA:514,1
DA:516,3
DA:520,1
DA:521,1
DA:522,3
DA:523,1
DA:525,0
DA:527,0
DA:528,0
DA:529,0
DA:530,0
DA:535,2
DA:537,4
DA:540,3
DA:541,3
DA:542,9
DA:545,3
DA:546,3
DA:548,3
DA:549,3
DA:550,6
DA:551,15
DA:552,3
DA:553,3
DA:558,1
DA:559,1
DA:560,1
DA:561,2
DA:562,1
DA:563,1
DA:564,2
DA:565,1
DA:566,1
DA:571,3
DA:572,4
DA:581,1
DA:582,3
DA:583,1
DA:584,4
DA:589,3
DA:590,3
DA:591,3
DA:592,6
DA:593,3
DA:595,3
DA:596,3
DA:597,5
DA:598,4
DA:599,2
DA:601,4
DA:602,2
DA:603,1
DA:605,4
DA:606,2
DA:607,1
DA:609,4
DA:610,2
DA:611,1
DA:620,2
DA:621,2
DA:623,4
DA:624,4
DA:625,6
DA:626,2
DA:627,4
DA:628,4
DA:629,4
DA:630,2
DA:631,2
DA:632,4
DA:638,2
DA:642,2
DA:643,2
DA:646,10
DA:647,2
DA:648,4
DA:649,2
DA:650,4
DA:651,4
DA:652,2
DA:653,2
DA:655,2
DA:656,2
DA:658,1
DA:666,8
DA:667,8
DA:668,16
DA:669,16
DA:670,8
DA:674,8
DA:675,8
DA:676,8
DA:677,8
DA:678,8
DA:679,8
DA:680,8
DA:681,8
DA:684,16
DA:686,1
DA:687,2
DA:688,1
DA:691,2
DA:692,1
DA:693,1
DA:694,1
DA:698,2
DA:699,1
DA:700,1
DA:701,1
DA:704,1
DA:705,1
DA:706,2
DA:707,1
DA:708,1
DA:711,1
DA:712,2
DA:713,1
DA:714,2
DA:719,1
DA:720,2
DA:721,1
DA:724,0
DA:725,0
DA:726,0
DA:727,0
DA:728,0
DA:732,2
DA:733,1
DA:734,1
DA:735,1
DA:736,1
DA:739,1
DA:740,1
DA:741,2
DA:742,1
DA:743,1
DA:744,1
DA:747,1
DA:748,2
DA:749,1
DA:750,2
DA:751,1
DA:757,1
DA:758,1
DA:761,2
DA:767,3
DA:769,3
DA:770,1
DA:771,3
DA:772,1
DA:773,2
DA:774,1
DA:775,1
DA:776,0
DA:777,1
DA:778,1
DA:779,1
DA:780,1
DA:785,2
DA:786,2
DA:788,2
DA:793,2
DA:794,4
DA:795,2
DA:796,4
DA:797,2
DA:799,4
DA:800,4
DA:808,2
DA:809,2
DA:810,4
DA:811,2
DA:812,2
DA:816,1
DA:817,2
DA:818,4
DA:821,2
DA:825,1
DA:826,1
DA:827,1
DA:828,1
DA:829,2
DA:830,1
DA:832,1
DA:833,1
DA:834,2
DA:835,3
DA:840,1
DA:841,1
DA:843,2
DA:844,2
DA:852,1
DA:853,1
DA:854,3
DA:855,4
DA:860,1
DA:866,1
DA:868,1
DA:869,1
DA:870,2
DA:871,1
DA:872,1
DA:873,2
DA:874,2
DA:875,1
DA:877,1
DA:881,1
DA:883,3
DA:884,3
DA:885,1
DA:887,1
DA:888,1
DA:889,1
DA:892,5
DA:894,4
DA:897,1
DA:898,3
DA:899,1
DA:902,1
DA:903,3
DA:904,1
DA:905,2
DA:906,1
DA:907,2
DA:908,2
DA:912,1
DA:913,1
DA:916,1
DA:917,4
DA:921,1
DA:923,2
DA:924,3
DA:925,3
DA:926,2
DA:927,1
DA:928,4
DA:929,4
DA:933,3
DA:937,5
DA:938,5
DA:939,3
DA:940,1
DA:941,2
DA:942,1
DA:943,1
DA:944,2
DA:945,2
DA:946,2
DA:947,2
DA:948,2
DA:949,1
DA:950,1
DA:961,1
DA:966,3
DA:967,3
DA:969,6
DA:971,6
DA:972,6
DA:974,3
DA:976,2
DA:977,8
DA:978,2
DA:980,1
DA:981,2
DA:982,4
DA:987,1
DA:990,4
DA:992,1
DA:993,2
DA:994,4
DA:998,5
DA:999,1
DA:1000,1
DA:1001,2
DA:1002,1
DA:1006,1
DA:1007,1
DA:1008,1
DA:1009,2
DA:1011,1
DA:1012,1
DA:1013,2
DA:1016,1
DA:1017,2
DA:1023,1
DA:1024,2
DA:1025,2
DA:1026,1
DA:1028,1
DA:1030,4
DA:1031,1
DA:1032,3
DA:1033,5
DA:1037,1
DA:1038,2
DA:1039,4
DA:1044,9
DA:1046,9
DA:1047,9
DA:1048,0
DA:1053,27
DA:1054,9
DA:1055,18
DA:1056,9
DA:1058,9
DA:1059,9
DA:1060,9
DA:1061,9
DA:1062,9
DA:1065,9
DA:1066,9
DA:1068,8
DA:1069,16
DA:1070,16
DA:1072,2
DA:1073,4
DA:1074,4
DA:1076,8
DA:1077,16
DA:1078,16
DA:1079,14
DA:1080,7
DA:1081,7
DA:1082,7
DA:1083,7
DA:1084,7
DA:1088,18
DA:1089,9
DA:1091,9
DA:1096,9
DA:1097,6
DA:1098,18
DA:1101,12
DA:1102,6
DA:1103,6
DA:1106,9
DA:1107,6
DA:1108,24
DA:1111,6
DA:1114,16
DA:1115,7
DA:1116,7
DA:1117,14
DA:1118,7
DA:1119,0
DA:1120,7
DA:1122,7
DA:1123,7
DA:1124,7
DA:1125,14
DA:1126,7
DA:1127,7
DA:1128,3
DA:1129,4
DA:1130,7
DA:1131,7
DA:1132,7
DA:1133,4
DA:1134,7
DA:1138,10
DA:1139,1
DA:1140,1
DA:1142,4
DA:1143,1
DA:1146,1
DA:1150,2
DA:1151,1
DA:1152,1
DA:1153,1
DA:1154,2
DA:1155,2
DA:1156,1
DA:1157,1
DA:1158,1
DA:1159,1
DA:1160,4
DA:1171,6
DA:1172,6
DA:1173,6
DA:1174,7
DA:1175,12
DA:1176,1
DA:1177,1
DA:1178,1
DA:1180,2
DA:1181,1
DA:1184,12
DA:1185,2
DA:1186,6
DA:1187,12
DA:1188,3
DA:1189,18
DA:1190,2
DA:1195,9
DA:1196,9
DA:1197,10
DA:1198,0
DA:1201,0
DA:1202,0
DA:1208,0
DA:1213,5
DA:1214,30
DA:1215,5
DA:1216,5
DA:1217,5
DA:1218,5
DA:1220,10
DA:1221,5
DA:1222,5
DA:1223,10
DA:1224,5
DA:1225,5
DA:1226,5
DA:1232,9
DA:1233,24
DA:1236,3
DA:1237,9
DA:1238,3
DA:1240,3
DA:1241,3
DA:1242,1
DA:1244,1
DA:1245,0
DA:1246,0
DA:1251,9
DA:1252,9
DA:1253,9
DA:1256,9
DA:1257,9
DA:1259,9
DA:1260,18
DA:1261,18
DA:1271,9
DA:1272,36
DA:1274,18
DA:1276,9
DA:1277,1
DA:1278,1
DA:1279,1
DA:1280,2
DA:1281,5
DA:1285,9
DA:1286,9
DA:1287,9
DA:1288,18
DA:1290,9
DA:1291,9
DA:1292,18
DA:1293,18
DA:1295,36
DA:1298,37
DA:1304,6
DA:1305,6
DA:1310,12
DA:1311,4
DA:1312,0
DA:1313,0
DA:1317,9
DA:1319,9
DA:1321,9
DA:1328,9
DA:1330,9
DA:1332,9
DA:1339,0
DA:1340,0
DA:1341,0
DA:1343,0
DA:1350,15
DA:1352,9
DA:1353,9
DA:1354,36
DA:1355,27
DA:1356,9
DA:1358,32
LF:686
LH:656
end_of_record
SF:lib/pages/listen_page.dart
DA:23,3
DA:47,3
DA:48,3
DA:75,3
DA:77,3
DA:78,18
DA:79,3
DA:82,3
DA:84,4
DA:85,6
DA:86,9
DA:87,3
DA:88,3
DA:92,3
DA:94,9
DA:95,15
DA:96,9
DA:97,7
DA:98,21
DA:100,3
DA:101,9
DA:102,6
DA:103,6
DA:104,3
DA:105,6
DA:106,6
DA:107,9
DA:108,9
DA:111,9
DA:113,9
DA:114,3
DA:115,3
DA:117,3
DA:118,6
DA:119,3
DA:120,3
DA:121,12
DA:122,12
DA:123,3
DA:124,3
DA:125,3
DA:126,6
DA:128,3
DA:129,12
DA:132,1
DA:133,2
DA:134,2
DA:135,1
DA:141,1
DA:143,1
DA:145,1
DA:146,5
DA:147,3
DA:149,1
DA:151,2
DA:152,1
DA:153,4
DA:154,1
DA:155,2
DA:159,1
DA:160,5
DA:161,1
DA:162,4
DA:163,4
DA:164,2
DA:165,2
DA:166,1
DA:168,6
DA:171,2
DA:172,1
DA:174,3
DA:178,1
DA:179,1
DA:180,2
DA:181,2
DA:182,2
DA:184,2
DA:185,1
DA:188,5
DA:189,4
DA:190,6
DA:192,1
DA:196,1
DA:197,1
DA:199,2
DA:200,3
DA:201,1
DA:204,1
DA:206,5
DA:207,1
DA:208,2
DA:209,1
DA:210,4
DA:211,4
DA:212,1
DA:213,1
DA:214,2
DA:217,2
DA:218,1
DA:219,5
DA:220,1
DA:221,4
DA:224,1
DA:225,2
DA:226,2
DA:227,1
DA:233,1
DA:234,1
DA:235,1
DA:236,3
DA:237,4
DA:238,1
DA:239,3
DA:240,4
DA:241,1
DA:242,1
DA:243,2
DA:244,3
DA:245,6
DA:250,1
DA:251,2
DA:252,4
DA:253,3
DA:254,1
DA:255,2
DA:256,1
DA:257,1
DA:259,5
DA:262,1
DA:263,2
DA:264,7
DA:265,3
DA:266,1
DA:267,2
DA:268,1
DA:269,1
DA:271,5
DA:274,1
DA:275,3
DA:276,4
DA:280,1
DA:281,2
DA:282,5
DA:283,5
DA:284,3
DA:285,1
DA:286,2
DA:287,1
DA:288,1
DA:290,5
DA:291,1
DA:292,1
DA:293,1
DA:294,3
DA:295,2
DA:296,4
DA:297,4
DA:302,1
DA:303,1
DA:304,1
DA:305,2
DA:306,3
DA:309,3
DA:310,4
DA:311,3
DA:312,3
DA:313,1
DA:314,1
DA:315,1
DA:317,7
DA:323,3
DA:324,3
DA:325,9
DA:326,12
DA:330,1
DA:331,1
DA:332,1
DA:334,2
DA:335,1
DA:336,1
DA:337,1
DA:338,3
DA:343,1
DA:344,1
DA:346,2
DA:347,1
DA:348,1
DA:350,3
DA:351,1
DA:352,1
DA:354,3
DA:358,3
DA:361,24
DA:362,9
DA:364,3
DA:365,3
DA:366,3
DA:368,3
DA:372,3
DA:374,3
DA:376,9
DA:379,3
DA:381,3
DA:386,3
DA:387,3
DA:388,3
DA:389,1
DA:393,1
DA:394,1
DA:398,6
DA:399,3
DA:400,3
DA:401,6
DA:402,12
DA:403,3
DA:404,9
DA:405,9
DA:406,9
DA:407,9
DA:410,3
DA:412,9
DA:419,3
DA:420,9
DA:421,6
DA:424,3
DA:425,3
DA:431,3
DA:433,3
DA:434,3
DA:436,3
DA:437,3
DA:438,6
DA:439,3
DA:442,3
DA:444,3
DA:454,3
DA:455,3
DA:456,3
DA:457,3
DA:458,3
DA:466,3
DA:467,6
DA:468,1
DA:469,9
DA:470,13
DA:473,1
DA:474,4
LF:247
LH:247
end_of_record
SF:lib/services/tts_backend.dart
DA:11,3
DA:23,1
DA:24,1
DA:25,1
DA:26,1
DA:27,1
LF:6
LH:6
end_of_record
SF:lib/widgets/listen_control_bar.dart
DA:13,3
DA:54,3
DA:55,3
DA:61,3
DA:63,12
DA:64,3
DA:67,3
DA:69,3
DA:70,3
DA:72,3
DA:74,3
DA:75,3
DA:76,6
DA:82,3
DA:83,3
DA:84,3
DA:85,3
DA:87,3
DA:88,3
DA:90,6
DA:94,3
DA:95,6
DA:97,6
DA:98,9
DA:101,3
DA:103,6
DA:110,3
DA:112,3
DA:113,3
DA:116,3
DA:117,6
DA:118,9
DA:123,3
DA:126,3
DA:127,6
DA:128,3
DA:129,12
DA:138,3
DA:139,3
DA:140,3
DA:141,3
DA:143,6
DA:145,4
DA:146,6
DA:148,1
DA:149,3
DA:150,3
DA:155,3
DA:156,6
LF:49
LH:49
end_of_record
SF:lib/widgets/listen_settings_sheet.dart
DA:16,1
DA:31,1
DA:32,1
DA:36,3
DA:40,1
DA:41,3
DA:42,3
DA:45,1
DA:47,1
DA:48,1
DA:50,1
DA:53,1
DA:54,1
DA:55,1
DA:62,1
DA:64,2
DA:72,2
DA:73,1
DA:80,1
DA:81,2
DA:82,1
DA:83,3
DA:121,1
DA:123,1
DA:124,1
DA:125,1
DA:126,1
DA:127,1
DA:131,3
DA:132,1
DA:133,3
DA:134,3
DA:138,1
DA:139,4
DA:148,1
DA:155,1
DA:157,1
DA:158,1
DA:160,0
DA:161,1
DA:164,1
DA:165,1
DA:166,1
DA:168,1
DA:173,1
DA:179,1
DA:181,1
DA:188,1
DA:189,1
DA:192,1
DA:193,1
DA:194,1
LF:52
LH:51
end_of_record
SF:lib/widgets/note_colors.dart
DA:7,0
DA:23,6
DA:24,6
DA:25,12
DA:26,6
DA:27,12
DA:28,12
DA:32,1
DA:33,3
DA:34,3
DA:35,3
DA:36,3
DA:37,2
DA:38,2
DA:39,1
LF:15
LH:14
end_of_record
SF:lib/pages/progress_saver.dart
DA:18,10
DA:31,4
DA:32,4
DA:33,4
DA:34,8
DA:35,16
DA:39,10
DA:40,10
DA:41,20
DA:45,10
DA:46,10
DA:49,3
DA:50,3
DA:51,3
DA:52,3
DA:53,3
DA:54,3
DA:56,6
DA:59,10
DA:60,14
DA:61,10
DA:62,10
DA:63,10
LF:23
LH:23
end_of_record
SF:lib/services/export_path_picker.dart
DA:22,1
DA:24,1
DA:29,2
DA:31,1
DA:33,1
DA:41,1
DA:43,1
DA:48,1
DA:49,3
DA:50,1
DA:51,1
DA:53,2
DA:54,2
DA:55,2
DA:60,3
DA:61,6
LF:16
LH:16
end_of_record
SF:lib/services/notes_backend.dart
DA:9,5
DA:46,5
DA:59,1
DA:68,3
DA:76,3
LF:5
LH:5
end_of_record
SF:lib/services/rust_tts_backend.dart
DA:14,1
DA:16,1
DA:17,1
DA:18,1
DA:19,1
DA:20,1
DA:21,1
DA:22,1
DA:23,1
DA:24,2
DA:29,1
DA:33,1
DA:34,1
DA:37,1
DA:40,1
DA:41,1
DA:42,1
DA:43,1
DA:44,1
DA:45,1
DA:47,1
DA:50,1
DA:52,1
DA:53,1
DA:54,1
DA:55,1
DA:56,1
DA:60,1
DA:62,1
DA:63,1
DA:64,1
DA:65,1
DA:66,1
DA:71,2
DA:72,1
DA:73,1
DA:74,1
DA:75,1
DA:76,1
DA:81,0
LF:40
LH:39
end_of_record
SF:lib/services/search_backend.dart
DA:7,1
DA:15,2
DA:36,3
LF:3
LH:3
end_of_record
SF:lib/services/translate_backend.dart
DA:8,1
DA:25,2
DA:40,2
DA:61,3
LF:4
LH:4
end_of_record
SF:lib/widgets/directory_drawer.dart
DA:7,3
DA:18,3
DA:20,3
DA:21,3
DA:23,3
DA:25,3
DA:31,3
DA:32,3
DA:33,6
DA:34,3
DA:35,6
DA:36,3
DA:38,12
DA:39,15
DA:42,9
LF:15
LH:15
end_of_record
SF:lib/widgets/display_settings_sheet.dart
DA:17,3
DA:31,3
DA:33,3
DA:35,3
DA:38,3
DA:39,3
DA:40,3
DA:43,5
DA:48,3
DA:49,3
DA:50,3
DA:52,3
DA:53,3
DA:54,6
DA:55,6
DA:56,6
DA:57,6
DA:58,6
DA:59,0
DA:63,12
DA:67,3
DA:68,6
DA:69,0
DA:71,3
DA:72,16
DA:74,3
DA:75,6
DA:76,0
DA:78,3
DA:79,3
DA:80,3
DA:81,16
DA:83,11
DA:91,3
DA:92,6
DA:94,3
DA:95,3
DA:96,3
DA:97,3
DA:98,3
DA:100,3
DA:101,3
DA:102,3
DA:103,4
DA:110,3
DA:111,9
DA:112,3
DA:114,3
DA:116,3
DA:117,3
DA:118,3
DA:121,3
DA:123,3
DA:126,9
DA:130,3
DA:140,2
LF:56
LH:53
end_of_record
SF:lib/widgets/note_editor_card.dart
DA:7,2
DA:20,2
DA:21,2
DA:25,2
DA:26,6
DA:28,2
DA:30,4
DA:31,2
DA:34,2
DA:36,2
DA:38,2
DA:39,6
DA:40,2
DA:42,2
DA:45,2
DA:49,2
DA:51,2
DA:61,2
DA:62,2
DA:63,2
DA:64,4
DA:65,2
DA:69,2
DA:70,4
DA:74,2
DA:76,12
LF:26
LH:26
end_of_record
SF:lib/widgets/notes_panel.dart
DA:15,3
DA:19,6
DA:20,3
DA:21,1
DA:22,2
DA:23,1
DA:24,2
DA:25,3
DA:26,3
DA:27,3
DA:28,1
DA:29,1
DA:30,2
DA:31,1
DA:32,1
DA:41,3
DA:62,3
DA:63,3
DA:75,3
DA:77,3
DA:78,3
DA:81,3
DA:83,15
DA:84,3
DA:85,6
DA:86,3
DA:87,3
DA:88,3
DA:90,7
DA:92,2
DA:93,4
DA:94,2
DA:95,4
DA:101,17
DA:103,2
DA:104,4
DA:105,6
DA:106,6
DA:107,2
DA:110,1
DA:111,1
DA:112,1
DA:113,2
DA:114,1
DA:115,1
DA:116,1
DA:117,1
DA:118,2
DA:121,1
DA:123,2
DA:132,1
DA:133,1
DA:134,2
DA:135,3
DA:138,1
DA:139,1
DA:141,4
DA:142,3
DA:143,1
DA:146,1
DA:147,2
DA:148,4
DA:150,5
DA:151,2
DA:152,2
DA:153,1
DA:155,1
DA:158,1
DA:159,2
DA:160,1
DA:162,5
DA:163,1
DA:166,1
DA:167,2
DA:168,1
DA:171,1
DA:172,1
DA:173,2
DA:175,1
DA:176,1
DA:177,2
DA:180,1
DA:181,2
DA:188,1
DA:189,2
DA:190,3
DA:193,5
DA:194,4
DA:196,2
DA:200,1
DA:201,4
DA:202,1
DA:205,3
DA:206,1
DA:207,2
DA:209,3
DA:210,1
DA:213,1
DA:214,5
DA:215,1
DA:218,1
DA:219,1
DA:220,1
DA:221,2
DA:223,1
DA:224,1
DA:226,1
DA:228,1
DA:229,1
DA:230,1
DA:231,2
DA:232,2
DA:233,1
DA:237,1
DA:238,1
DA:240,1
DA:249,2
DA:250,1
DA:254,3
DA:256,3
DA:257,9
DA:258,3
DA:259,3
DA:260,3
DA:261,3
DA:262,3
DA:263,3
DA:264,6
DA:265,3
DA:268,3
DA:269,1
DA:273,1
DA:274,2
DA:275,3
DA:276,3
DA:277,4
DA:285,3
DA:286,3
DA:288,3
DA:289,3
DA:293,3
DA:294,1
DA:296,3
DA:297,1
DA:298,2
DA:302,3
DA:306,6
DA:313,3
DA:314,3
DA:316,3
DA:318,4
DA:329,3
DA:330,3
DA:333,3
DA:334,8
DA:336,9
DA:337,6
DA:340,2
DA:343,2
DA:345,2
DA:346,4
DA:347,2
DA:349,4
DA:352,4
DA:358,2
DA:359,4
DA:360,2
DA:361,6
DA:362,2
DA:363,2
DA:364,2
DA:365,3
DA:368,6
DA:371,3
DA:372,1
DA:373,3
DA:375,2
DA:377,2
DA:379,2
DA:380,2
DA:381,1
DA:382,3
DA:383,3
DA:384,1
DA:385,3
DA:387,3
DA:392,1
DA:397,2
DA:398,6
DA:399,2
DA:400,2
DA:403,4
DA:406,2
DA:407,2
DA:408,2
DA:410,2
DA:411,2
DA:412,2
DA:417,4
DA:418,1
DA:420,1
DA:421,1
DA:431,2
DA:432,6
DA:434,2
DA:435,2
DA:436,6
DA:439,4
DA:447,3
DA:448,3
DA:450,3
DA:455,3
DA:456,3
DA:457,3
DA:459,3
DA:463,3
DA:464,1
DA:466,3
DA:467,1
DA:470,3
DA:471,3
DA:473,8
DA:474,3
LF:223
LH:223
end_of_record
SF:lib/widgets/reader_chrome.dart
DA:8,7
DA:21,7
DA:23,7
DA:25,7
DA:27,7
DA:29,7
DA:30,7
DA:31,14
DA:32,7
DA:33,7
DA:35,7
DA:36,14
DA:38,14
DA:43,14
DA:54,7
DA:85,7
DA:87,7
DA:89,7
DA:91,7
DA:93,7
DA:94,7
DA:95,7
DA:96,20
DA:99,14
DA:101,7
DA:102,7
DA:103,14
DA:104,7
DA:105,14
DA:106,7
DA:107,7
DA:111,42
DA:112,7
DA:113,7
DA:114,7
DA:115,14
DA:116,7
DA:118,7
DA:119,7
DA:120,7
DA:123,7
DA:124,34
LF:42
LH:42
end_of_record
SF:lib/widgets/selection_toolbar.dart
DA:21,7
DA:32,7
DA:34,7
DA:40,3
DA:41,6
DA:42,3
DA:45,12
DA:48,3
DA:49,9
DA:50,9
DA:53,7
DA:55,7
DA:57,7
DA:58,21
DA:59,7
DA:61,7
DA:62,7
DA:64,7
DA:65,7
DA:66,7
DA:67,7
DA:68,7
DA:69,7
DA:70,7
DA:71,7
DA:74,7
DA:75,3
DA:77,3
DA:79,3
DA:80,3
DA:81,3
DA:82,6
DA:83,6
DA:84,3
DA:88,3
DA:89,3
DA:91,3
DA:103,7
DA:109,7
DA:110,12
DA:111,7
DA:113,7
DA:115,7
DA:118,7
DA:119,7
DA:121,7
LF:46
LH:46
end_of_record
SF:lib/widgets/translation_popup.dart
DA:15,1
DA:19,1
DA:20,2
DA:21,3
DA:25,1
DA:27,1
DA:28,1
DA:30,1
DA:32,1
DA:35,1
DA:36,1
DA:37,1
DA:38,3
DA:40,2
DA:41,1
DA:43,1
DA:44,2
DA:45,1
DA:47,1
DA:48,1
DA:49,3
DA:50,2
DA:55,4
DA:56,1
DA:57,1
DA:58,2
DA:59,3
DA:60,2
DA:66,5
DA:67,3
DA:69,1
DA:70,2
DA:71,3
DA:72,2
DA:85,1
DA:89,1
DA:91,1
DA:92,1
DA:94,1
DA:96,1
DA:98,3
DA:102,1
DA:104,1
DA:106,1
DA:109,1
DA:110,1
DA:113,1
DA:114,4
DA:115,2
DA:117,4
DA:119,2
DA:121,4
DA:126,5
DA:127,2
DA:129,1
DA:130,2
DA:131,3
DA:132,2
DA:143,3
DA:150,1
DA:151,1
DA:152,1
DA:159,2
DA:172,2
DA:174,2
DA:175,2
DA:176,2
DA:178,4
DA:179,2
DA:181,2
DA:184,2
DA:185,2
DA:186,2
DA:187,6
DA:188,4
DA:193,2
DA:194,2
DA:198,1
DA:200,1
DA:201,1
DA:202,1
DA:206,1
DA:208,2
LF:83
LH:83
end_of_record
SF:lib/pages/search_page.dart
DA:12,2
DA:23,2
DA:24,2
DA:39,2
DA:41,4
DA:42,2
DA:45,2
DA:46,6
DA:47,2
DA:48,2
DA:49,1
DA:50,1
DA:51,1
DA:52,1
DA:56,4
DA:57,2
DA:58,2
DA:60,4
DA:62,6
DA:64,2
DA:65,2
DA:66,4
DA:67,4
DA:70,2
DA:71,2
DA:72,4
DA:73,2
DA:74,2
DA:75,2
DA:76,6
DA:79,1
DA:80,1
DA:81,2
DA:82,1
DA:83,1
DA:84,2
DA:89,2
DA:90,4
DA:93,2
DA:95,2
DA:96,2
DA:97,2
DA:98,2
DA:99,2
DA:101,2
DA:102,2
DA:104,2
DA:105,4
DA:106,2
DA:115,2
DA:116,2
DA:118,2
DA:119,2
DA:122,2
DA:123,2
DA:125,2
DA:126,2
DA:135,2
DA:137,4
DA:145,2
DA:146,2
DA:149,2
DA:150,4
DA:152,2
DA:158,8
DA:163,4
DA:168,2
DA:169,4
DA:170,1
DA:171,8
DA:175,2
DA:176,2
DA:178,2
DA:180,2
DA:181,2
DA:182,2
DA:183,2
DA:184,2
DA:185,2
DA:190,2
DA:191,4
DA:192,4
DA:197,2
DA:198,6
DA:202,2
DA:208,2
DA:209,6
DA:210,2
DA:212,4
DA:213,8
DA:214,8
DA:215,2
DA:216,4
DA:218,4
DA:219,4
DA:227,6
DA:228,4
DA:230,2
DA:231,2
DA:238,2
DA:239,2
DA:241,2
DA:243,2
DA:245,2
DA:247,2
DA:249,2
DA:251,2
DA:256,2
DA:260,2
DA:261,2
DA:265,2
DA:268,4
DA:270,2
DA:274,2
DA:275,2
DA:279,2
DA:282,4
DA:286,2
DA:287,2
DA:288,4
DA:292,2
DA:293,4
DA:294,3
DA:295,1
DA:296,2
DA:298,2
DA:302,2
DA:303,2
DA:304,2
DA:305,10
LF:130
LH:130
end_of_record
SF:lib/pages/settings_page.dart
DA:12,2
DA:20,2
DA:21,2
DA:25,2
DA:26,4
DA:42,2
DA:44,2
DA:45,2
DA:48,2
DA:50,4
DA:51,2
DA:54,2
DA:56,4
DA:57,4
DA:58,2
DA:59,4
DA:60,2
DA:61,4
DA:62,4
DA:63,2
DA:64,4
DA:65,3
DA:70,0
DA:74,1
DA:75,2
DA:76,0
DA:77,0
DA:79,0
DA:82,0
DA:84,1
DA:86,3
DA:88,2
DA:89,1
DA:90,2
DA:91,4
DA:92,1
DA:95,1
DA:97,0
DA:98,0
DA:99,0
DA:100,0
DA:106,1
DA:108,3
DA:109,1
DA:111,0
DA:115,1
DA:116,3
DA:118,1
DA:119,1
DA:121,2
DA:122,1
DA:123,3
DA:126,2
DA:127,4
DA:129,1
DA:130,3
DA:133,3
DA:134,1
DA:136,0
DA:140,1
DA:142,2
DA:143,4
DA:145,0
DA:149,2
DA:151,2
DA:152,2
DA:153,2
DA:154,2
DA:156,2
DA:157,8
DA:160,2
DA:161,2
DA:162,2
DA:163,4
DA:171,2
DA:172,2
DA:173,1
DA:178,2
DA:179,2
DA:182,4
DA:183,6
DA:184,2
DA:187,2
DA:190,2
DA:192,2
DA:193,6
DA:194,2
DA:206,1
DA:207,3
DA:210,2
DA:212,8
DA:213,2
DA:214,2
DA:215,2
DA:216,2
DA:217,2
DA:218,2
DA:220,2
DA:227,2
DA:231,4
DA:234,2
DA:236,2
DA:237,2
DA:241,2
DA:242,1
DA:244,5
LF:106
LH:94
end_of_record
SF:lib/services/builtin_dict.dart
DA:19,0
DA:20,0
DA:22,0
DA:23,0
DA:24,0
DA:25,0
DA:26,0
LF:7
LH:0
end_of_record
SF:lib/services/frb_init.dart
DA:19,1
DA:22,1
DA:23,0
DA:24,1
DA:25,0
DA:27,0
DA:28,2
DA:34,1
DA:35,1
DA:36,1
DA:41,0
DA:42,0
LF:12
LH:7
end_of_record
SF:lib/src/rust/frb_generated.dart
DA:17,21
DA:19,7
DA:22,5
DA:28,10
DA:38,0
DA:41,0
DA:50,0
DA:52,5
DA:56,5
DA:60,5
DA:63,0
DA:67,5
DA:70,5
DA:177,5
DA:184,1
DA:187,3
DA:188,1
DA:189,2
DA:190,1
DA:191,1
DA:192,2
DA:195,1
DA:196,1
DA:197,1
DA:199,1
DA:200,1
DA:205,1
DA:210,2
DA:212,6
DA:213,2
DA:214,4
DA:215,2
DA:216,4
DA:219,2
DA:220,2
DA:221,2
DA:223,2
DA:224,2
DA:229,2
DA:234,1
DA:237,3
DA:238,1
DA:239,2
DA:240,1
DA:241,1
DA:242,2
DA:245,1
DA:246,1
DA:247,1
DA:249,1
DA:250,1
DA:255,1
DA:260,1
DA:262,3
DA:263,1
DA:264,2
DA:265,1
DA:266,2
DA:269,1
DA:270,1
DA:271,1
DA:273,1
DA:274,1
DA:279,1
DA:284,1
DA:286,3
DA:287,1
DA:288,2
DA:289,2
DA:292,1
DA:293,1
DA:294,1
DA:296,1
DA:297,1
DA:302,1
DA:307,1
DA:310,3
DA:311,1
DA:312,2
DA:313,1
DA:314,1
DA:315,2
DA:318,1
DA:319,1
DA:320,1
DA:322,1
DA:323,1
DA:328,1
DA:333,1
DA:335,3
DA:336,1
DA:337,2
DA:338,1
DA:339,2
DA:342,1
DA:343,1
DA:344,1
DA:346,1
DA:347,1
DA:352,1
DA:357,3
DA:359,9
DA:360,3
DA:361,6
DA:362,3
DA:363,6
DA:366,3
DA:367,3
DA:368,3
DA:370,3
DA:371,3
DA:376,3
DA:381,1
DA:383,3
DA:384,1
DA:385,2
DA:386,2
DA:389,1
DA:390,1
DA:391,1
DA:393,1
DA:394,1
DA:399,1
DA:404,5
DA:406,15
DA:407,5
DA:408,10
DA:409,5
DA:410,10
DA:413,5
DA:414,5
DA:415,5
DA:417,5
DA:418,5
DA:423,5
DA:428,0
DA:430,0
DA:431,0
DA:432,0
DA:433,0
DA:434,0
DA:437,0
DA:438,0
DA:439,0
DA:441,0
DA:442,0
DA:447,0
DA:452,1
DA:461,3
DA:462,1
DA:463,2
DA:464,1
DA:465,1
DA:466,1
DA:467,1
DA:468,1
DA:469,1
DA:470,1
DA:471,2
DA:474,1
DA:475,1
DA:476,1
DA:478,1
DA:479,1
DA:484,1
DA:497,1
DA:499,3
DA:500,1
DA:501,2
DA:502,1
DA:503,2
DA:506,1
DA:507,1
DA:508,1
DA:510,1
DA:511,1
DA:516,1
DA:521,1
DA:523,3
DA:524,1
DA:525,2
DA:526,1
DA:527,2
DA:530,1
DA:531,1
DA:532,1
DA:534,1
DA:535,1
DA:540,1
DA:545,1
DA:547,3
DA:548,1
DA:549,2
DA:550,1
DA:551,2
DA:554,1
DA:555,1
DA:556,1
DA:558,1
DA:559,1
DA:564,1
DA:569,1
DA:572,3
DA:573,1
DA:574,2
DA:575,1
DA:576,1
DA:577,1
DA:578,2
DA:581,1
DA:582,1
DA:583,1
DA:585,1
DA:586,1
DA:591,1
DA:596,1
DA:598,3
DA:599,1
DA:600,2
DA:601,1
DA:602,2
DA:605,1
DA:606,1
DA:607,1
DA:609,1
DA:610,1
DA:615,1
DA:620,1
DA:622,3
DA:623,1
DA:624,2
DA:625,1
DA:626,2
DA:629,1
DA:630,1
DA:631,1
DA:633,1
DA:634,1
DA:639,1
DA:644,1
DA:650,3
DA:651,1
DA:652,2
DA:653,1
DA:654,1
DA:655,1
DA:656,1
DA:657,2
DA:660,1
DA:661,1
DA:662,1
DA:664,1
DA:665,1
DA:670,1
DA:676,1
DA:679,3
DA:680,1
DA:681,2
DA:682,1
DA:683,1
DA:684,2
DA:687,1
DA:688,1
DA:689,1
DA:691,1
DA:692,1
DA:697,1
DA:702,1
DA:704,3
DA:705,1
DA:706,2
DA:707,1
DA:708,2
DA:711,1
DA:712,1
DA:713,1
DA:715,1
DA:716,1
DA:721,1
DA:726,1
DA:729,3
DA:730,1
DA:731,2
DA:732,1
DA:733,1
DA:734,1
DA:735,2
DA:738,1
DA:739,1
DA:740,1
DA:742,1
DA:743,1
DA:748,1
DA:753,1
DA:756,3
DA:757,1
DA:758,2
DA:759,1
DA:760,1
DA:761,2
DA:764,1
DA:765,1
DA:766,1
DA:768,1
DA:769,1
DA:774,1
DA:779,1
DA:782,3
DA:783,1
DA:784,2
DA:785,1
DA:786,1
DA:787,1
DA:788,2
DA:791,1
DA:792,1
DA:793,1
DA:795,1
DA:796,1
DA:801,1
DA:806,1
DA:808,3
DA:809,1
DA:810,2
DA:811,2
DA:814,1
DA:815,1
DA:816,1
DA:818,1
DA:819,1
DA:824,1
DA:830,1
DA:832,3
DA:833,1
DA:834,2
DA:835,2
DA:838,1
DA:839,1
DA:840,1
DA:842,1
DA:843,1
DA:848,1
DA:853,1
DA:856,3
DA:857,1
DA:858,2
DA:859,1
DA:860,1
DA:861,2
DA:864,1
DA:865,1
DA:866,1
DA:868,1
DA:869,1
DA:874,1
DA:879,1
DA:881,3
DA:882,1
DA:883,2
DA:884,1
DA:885,2
DA:888,1
DA:889,1
DA:890,1
DA:892,1
DA:893,1
DA:898,1
DA:904,1
DA:906,3
DA:907,1
DA:908,2
DA:909,2
DA:912,1
DA:913,1
DA:914,1
DA:916,1
DA:917,1
DA:922,1
DA:928,1
DA:931,3
DA:932,1
DA:933,2
DA:934,1
DA:935,2
DA:938,1
DA:939,1
DA:940,1
DA:942,1
DA:943,1
DA:948,1
DA:954,1
DA:957,3
DA:958,1
DA:959,2
DA:960,1
DA:961,1
DA:962,1
DA:963,2
DA:966,1
DA:967,1
DA:968,1
DA:970,1
DA:971,1
DA:976,1
DA:982,1
DA:985,3
DA:986,1
DA:987,2
DA:988,1
DA:989,1
DA:990,2
DA:993,1
DA:994,1
DA:995,1
DA:997,1
DA:998,1
DA:1003,1
DA:1008,1
DA:1013,3
DA:1014,1
DA:1015,2
DA:1016,1
DA:1017,1
DA:1018,1
DA:1019,2
DA:1022,1
DA:1023,1
DA:1024,1
DA:1026,1
DA:1027,1
DA:1032,1
DA:1037,0
DA:1043,0
DA:1047,0
DA:1048,0
DA:1049,0
DA:1050,0
DA:1051,0
DA:1052,0
DA:1053,0
DA:1054,0
DA:1055,0
DA:1056,0
DA:1057,0
DA:1058,0
DA:1059,0
DA:1060,0
DA:1061,0
DA:1062,0
DA:1066,0
DA:1070,0
DA:1071,0
DA:1072,0
DA:1073,0
DA:1074,0
DA:1075,0
DA:1076,0
DA:1077,0
DA:1081,0
DA:1085,0
DA:1086,0
DA:1087,0
DA:1088,0
DA:1089,0
DA:1090,0
DA:1094,0
DA:1098,0
DA:1099,0
DA:1100,0
DA:1101,0
DA:1102,0
DA:1106,0
DA:1112,0
DA:1115,0
DA:1118,0
DA:1124,0
DA:1127,0
DA:1130,0
DA:1133,0
DA:1136,0
DA:1139,0
DA:1142,0
DA:1145,0
DA:1148,0
DA:1151,0
DA:1154,0
DA:1160,0
DA:1164,0
DA:1165,0
DA:1166,0
DA:1167,0
DA:1168,0
DA:1169,0
DA:1173,0
DA:1177,0
DA:1178,0
DA:1179,0
DA:1180,0
DA:1181,0
DA:1182,0
DA:1183,0
DA:1184,0
DA:1188,0
DA:1192,0
DA:1193,0
DA:1194,0
DA:1195,0
DA:1196,0
DA:1197,0
DA:1198,0
DA:1202,0
DA:1206,0
DA:1207,0
DA:1208,0
DA:1209,0
DA:1210,0
DA:1211,0
DA:1215,0
DA:1221,0
DA:1227,0
DA:1230,0
DA:1233,0
DA:1236,0
DA:1239,0
DA:1242,0
DA:1245,0
DA:1248,0
DA:1251,0
DA:1254,0
DA:1257,0
DA:1260,0
DA:1263,0
DA:1266,0
DA:1269,0
DA:1275,0
DA:1278,0
DA:1281,0
DA:1284,0
DA:1287,0
DA:1290,0
DA:1293,0
DA:1297,0
DA:1298,0
DA:1299,0
DA:1300,0
DA:1301,0
DA:1302,0
DA:1306,0
DA:1310,0
DA:1311,0
DA:1312,0
DA:1313,0
DA:1314,0
DA:1315,0
DA:1316,0
DA:1317,0
DA:1321,0
DA:1325,0
DA:1326,0
DA:1327,0
DA:1328,0
DA:1329,0
DA:1330,0
DA:1334,0
DA:1338,0
DA:1339,0
DA:1340,0
DA:1341,0
DA:1342,0
DA:1343,0
DA:1347,0
DA:1350,0
DA:1353,0
DA:1356,0
DA:1359,0
DA:1362,0
DA:1365,0
DA:1368,0
DA:1371,0
DA:1374,0
DA:1377,0
DA:1381,0
DA:1382,0
DA:1383,0
DA:1384,0
DA:1385,0
DA:1389,0
DA:1393,0
DA:1394,0
DA:1395,0
DA:1396,0
DA:1397,0
DA:1401,0
DA:1405,0
DA:1406,0
DA:1407,0
DA:1408,0
DA:1409,0
DA:1410,0
DA:1411,0
DA:1412,0
DA:1413,0
DA:1414,0
DA:1418,0
DA:1422,0
DA:1423,0
DA:1424,0
DA:1425,0
DA:1426,0
DA:1427,0
DA:1431,0
DA:1435,0
DA:1436,0
DA:1437,0
DA:1438,0
DA:1439,0
DA:1440,0
DA:1441,0
DA:1442,0
DA:1446,0
DA:1450,0
DA:1451,0
DA:1452,0
DA:1453,0
DA:1454,0
DA:1455,0
DA:1459,0
DA:1463,0
DA:1464,0
DA:1465,0
DA:1466,0
DA:1467,0
DA:1468,0
DA:1469,0
DA:1470,0
DA:1471,0
DA:1475,0
DA:1481,0
DA:1484,0
DA:1487,0
DA:1493,0
DA:1499,4
DA:1502,4
DA:1503,8
DA:1506,1
DA:1509,1
DA:1510,1
DA:1511,1
DA:1512,1
DA:1513,1
DA:1514,1
DA:1515,1
DA:1516,1
DA:1517,1
DA:1518,1
DA:1519,1
DA:1520,1
DA:1521,1
DA:1522,1
DA:1538,3
DA:1541,3
DA:1542,3
DA:1543,3
DA:1544,3
DA:1545,3
DA:1546,3
DA:1554,2
DA:1557,2
DA:1558,2
DA:1559,2
DA:1560,2
DA:1563,1
DA:1567,1
DA:1568,1
DA:1569,1
DA:1572,4
DA:1575,12
DA:1578,1
DA:1582,1
DA:1585,1
DA:1588,1
DA:1591,0
DA:1595,0
DA:1598,0
DA:1602,0
DA:1605,0
DA:1609,0
DA:1612,1
DA:1616,1
DA:1619,0
DA:1623,0
DA:1626,1
DA:1629,1
DA:1632,2
DA:1635,2
DA:1636,2
DA:1637,2
DA:1638,2
DA:1641,1
DA:1644,1
DA:1645,1
DA:1646,1
DA:1647,1
DA:1648,1
DA:1649,1
DA:1657,1
DA:1660,1
DA:1661,1
DA:1662,1
DA:1663,1
DA:1664,1
DA:1668,1
DA:1672,1
DA:1673,1
DA:1674,1
DA:1675,1
DA:1679,3
DA:1682,6
DA:1685,1
DA:1688,2
DA:1691,1
DA:1694,2
DA:1697,3
DA:1701,3
DA:1702,3
DA:1703,6
DA:1704,6
DA:1709,1
DA:1714,1
DA:1715,1
DA:1716,2
DA:1717,2
DA:1722,1
DA:1726,1
DA:1727,1
DA:1728,2
DA:1729,2
DA:1734,2
DA:1738,2
DA:1739,2
DA:1740,4
DA:1741,4
DA:1746,1
DA:1751,1
DA:1752,1
DA:1753,2
DA:1754,2
DA:1759,1
DA:1764,1
DA:1765,1
DA:1766,2
DA:1767,2
DA:1772,4
DA:1775,4
DA:1776,8
DA:1779,1
DA:1783,1
DA:1784,1
DA:1785,2
DA:1786,2
DA:1791,1
DA:1796,1
DA:1797,1
DA:1798,2
DA:1799,2
DA:1804,1
DA:1809,1
DA:1810,1
DA:1811,2
DA:1812,2
DA:1817,1
DA:1821,1
DA:1822,1
DA:1823,1
DA:1824,1
DA:1828,2
DA:1831,2
DA:1832,2
DA:1833,2
DA:1834,2
DA:1835,2
DA:1836,2
DA:1844,1
DA:1847,1
DA:1848,1
DA:1849,1
DA:1850,1
DA:1854,0
DA:1857,0
DA:1858,0
DA:1859,0
DA:1860,0
DA:1864,4
DA:1868,4
DA:1869,4
DA:1875,1
DA:1880,1
DA:1881,1
DA:1887,1
DA:1891,1
DA:1892,1
DA:1898,1
DA:1903,1
DA:1904,1
DA:1910,1
DA:1914,1
DA:1915,1
DA:1921,1
DA:1924,1
DA:1925,1
DA:1926,1
DA:1929,1
DA:1932,1
DA:1933,1
DA:1934,1
DA:1937,1
DA:1940,1
DA:1941,1
DA:1942,1
DA:1943,1
DA:1944,1
DA:1945,1
DA:1946,1
DA:1947,1
DA:1957,0
DA:1960,0
DA:1961,0
DA:1962,0
DA:1963,0
DA:1967,1
DA:1971,1
DA:1972,1
DA:1973,1
DA:1974,1
DA:1975,1
DA:1976,1
DA:1984,1
DA:1988,1
DA:1989,1
DA:1990,1
DA:1991,1
DA:1997,1
DA:2000,1
DA:2001,1
DA:2002,1
DA:2003,1
DA:2004,1
DA:2005,1
DA:2006,1
DA:2015,2
DA:2018,4
DA:2021,1
DA:2024,2
DA:2027,0
DA:2030,0
DA:2033,5
DA:2038,4
DA:2041,8
DA:2044,5
DA:2047,15
DA:2050,0
DA:2054,0
DA:2055,0
DA:2056,0
DA:2057,0
DA:2058,0
DA:2059,0
DA:2060,0
DA:2061,0
DA:2062,0
DA:2063,0
DA:2064,0
DA:2065,0
DA:2066,0
DA:2069,0
DA:2072,0
DA:2073,0
DA:2074,0
DA:2075,0
DA:2076,0
DA:2079,0
DA:2082,0
DA:2083,0
DA:2084,0
DA:2087,0
DA:2091,0
DA:2092,0
DA:2095,3
DA:2098,6
DA:2101,0
DA:2105,0
DA:2108,0
DA:2111,0
DA:2114,1
DA:2118,1
DA:2121,1
DA:2125,1
DA:2128,1
DA:2132,1
DA:2135,0
DA:2139,0
DA:2142,1
DA:2146,1
DA:2149,0
DA:2152,0
DA:2155,0
DA:2158,0
DA:2159,0
DA:2160,0
DA:2163,0
DA:2167,0
DA:2168,0
DA:2169,0
DA:2170,0
DA:2171,0
DA:2174,0
DA:2177,0
DA:2178,0
DA:2179,0
DA:2180,0
DA:2183,0
DA:2187,0
DA:2188,0
DA:2189,0
DA:2192,3
DA:2195,6
DA:2198,0
DA:2201,0
DA:2204,0
DA:2207,0
DA:2210,1
DA:2213,2
DA:2214,2
DA:2215,1
DA:2219,0
DA:2223,0
DA:2224,0
DA:2225,0
DA:2229,0
DA:2233,0
DA:2234,0
DA:2235,0
DA:2239,0
DA:2243,0
DA:2244,0
DA:2245,0
DA:2249,0
DA:2253,0
DA:2254,0
DA:2255,0
DA:2259,0
DA:2263,0
DA:2264,0
DA:2265,0
DA:2269,5
DA:2273,10
DA:2274,10
DA:2277,0
DA:2281,0
DA:2282,0
DA:2283,0
DA:2287,0
DA:2291,0
DA:2292,0
DA:2293,0
DA:2297,0
DA:2301,0
DA:2302,0
DA:2303,0
DA:2307,1
DA:2311,2
DA:2312,2
DA:2313,2
DA:2316,1
DA:2319,2
DA:2320,2
DA:2321,2
DA:2322,2
DA:2323,2
DA:2326,0
DA:2330,0
DA:2331,0
DA:2332,0
DA:2335,1
DA:2339,2
DA:2340,2
DA:2341,2
DA:2344,3
DA:2348,3
DA:2350,2
DA:2354,0
DA:2359,0
DA:2361,0
DA:2365,0
DA:2369,0
DA:2371,0
DA:2375,0
DA:2380,0
DA:2382,0
DA:2386,0
DA:2390,0
DA:2392,0
DA:2396,0
DA:2399,0
DA:2400,0
DA:2403,0
DA:2406,0
DA:2407,0
DA:2410,0
DA:2414,0
DA:2415,0
DA:2416,0
DA:2417,0
DA:2418,0
DA:2419,0
DA:2420,0
DA:2423,1
DA:2427,2
DA:2428,2
DA:2429,2
DA:2432,0
DA:2436,0
DA:2437,0
DA:2438,0
DA:2439,0
DA:2440,0
DA:2443,0
DA:2447,0
DA:2448,0
DA:2449,0
DA:2452,0
DA:2456,0
DA:2457,0
DA:2458,0
DA:2459,0
DA:2460,0
DA:2461,0
DA:2464,1
DA:2467,2
DA:2470,0
DA:2473,0
DA:2476,0
DA:2479,0
DA:2482,0
DA:2487,5
DA:2490,10
LF:1046
LH:658
end_of_record
SF:lib/src/rust/api.dart
DA:15,5
DA:16,15
DA:19,3
DA:20,9
DA:23,1
DA:24,3
DA:27,0
DA:28,0
DA:31,2
DA:32,6
DA:35,1
DA:36,3
DA:39,1
DA:40,3
DA:43,1
DA:47,2
DA:48,1
DA:51,1
DA:52,3
DA:55,1
DA:56,3
DA:59,1
DA:60,3
DA:63,1
DA:64,3
DA:67,1
DA:68,3
DA:71,1
DA:73,3
DA:76,1
DA:77,3
DA:80,1
DA:81,3
DA:84,1
DA:85,3
DA:89,1
DA:91,2
DA:92,1
DA:95,1
DA:97,3
DA:100,1
DA:102,2
DA:103,1
DA:106,1
DA:110,3
DA:114,1
DA:115,3
DA:118,1
DA:119,3
DA:122,1
DA:130,3
DA:140,1
DA:142,3
DA:144,1
DA:145,3
DA:147,1
DA:148,3
DA:150,1
DA:151,3
DA:154,3
DA:155,7
DA:158,1
DA:159,3
DA:162,1
DA:166,2
DA:167,1
DA:170,1
DA:175,3
DA:179,1
DA:181,3
DA:199,1
DA:215,0
DA:217,0
DA:218,0
DA:219,0
DA:220,0
DA:221,0
DA:222,0
DA:223,0
DA:224,0
DA:225,0
DA:226,0
DA:227,0
DA:228,0
DA:229,0
DA:231,0
DA:234,0
DA:235,0
DA:236,0
DA:237,0
DA:238,0
DA:239,0
DA:240,0
DA:241,0
DA:242,0
DA:243,0
DA:244,0
DA:245,0
DA:246,0
DA:247,0
DA:248,0
DA:259,3
DA:267,0
DA:269,0
DA:270,0
DA:271,0
DA:272,0
DA:273,0
DA:275,0
DA:278,0
DA:279,0
DA:280,0
DA:281,0
DA:282,0
DA:283,0
DA:284,0
DA:293,2
DA:299,0
DA:300,0
DA:302,0
DA:305,0
DA:306,0
DA:307,0
DA:308,0
DA:309,0
DA:317,1
DA:322,0
DA:323,0
DA:325,0
DA:328,0
DA:329,0
DA:330,0
DA:331,0
DA:342,2
DA:348,0
DA:349,0
DA:351,0
DA:354,0
DA:355,0
DA:356,0
DA:357,0
DA:358,0
DA:369,1
DA:377,0
DA:379,0
DA:380,0
DA:381,0
DA:382,0
DA:383,0
DA:385,0
DA:388,0
DA:389,0
DA:390,0
DA:391,0
DA:392,0
DA:393,0
DA:394,0
DA:404,1
DA:411,0
DA:413,0
DA:415,0
DA:418,0
DA:419,0
DA:420,0
DA:421,0
DA:422,0
DA:423,0
DA:432,1
DA:438,0
DA:439,0
DA:441,0
DA:444,0
DA:445,0
DA:446,0
DA:447,0
DA:448,0
DA:459,1
DA:465,0
DA:466,0
DA:468,0
DA:471,0
DA:472,0
DA:473,0
DA:474,0
DA:475,0
DA:492,2
DA:500,0
DA:502,0
DA:503,0
DA:504,0
DA:505,0
DA:506,0
DA:508,0
DA:511,0
DA:512,0
DA:513,0
DA:514,0
DA:515,0
DA:516,0
DA:517,0
DA:526,1
DA:532,0
DA:533,0
DA:535,0
DA:538,0
DA:539,0
DA:540,0
DA:541,0
DA:542,0
DA:551,1
DA:557,0
DA:558,0
DA:560,0
DA:563,0
DA:564,0
DA:565,0
DA:566,0
DA:567,0
DA:575,1
DA:580,0
DA:581,0
DA:583,0
DA:586,0
DA:587,0
DA:588,0
DA:589,0
DA:597,1
DA:602,0
DA:603,0
DA:605,0
DA:608,0
DA:609,0
DA:610,0
DA:611,0
DA:624,1
DA:634,0
DA:636,0
DA:637,0
DA:638,0
DA:639,0
DA:640,0
DA:641,0
DA:642,0
DA:644,0
DA:647,0
DA:648,0
DA:649,0
DA:650,0
DA:651,0
DA:652,0
DA:653,0
DA:654,0
DA:655,0
DA:664,1
DA:670,0
DA:671,0
DA:673,0
DA:676,0
DA:677,0
DA:678,0
DA:679,0
DA:680,0
DA:694,1
DA:702,0
DA:704,0
DA:705,0
DA:706,0
DA:707,0
DA:708,0
DA:710,0
DA:713,0
DA:714,0
DA:715,0
DA:716,0
DA:717,0
DA:718,0
DA:719,0
DA:733,1
DA:739,0
DA:741,0
DA:743,0
DA:746,0
DA:747,0
DA:748,0
DA:749,0
DA:750,0
DA:764,1
DA:773,0
DA:775,0
DA:776,0
DA:777,0
DA:778,0
DA:779,0
DA:780,0
DA:782,0
DA:785,0
DA:786,0
DA:787,0
DA:788,0
DA:789,0
DA:790,0
DA:791,0
DA:792,0
LF:303
LH:87
end_of_record
SF:lib/src/rust/frb_generated.io.dart
DA:14,5
DA:532,5
DA:533,10
DA:540,5
DA:541,5
LF:5
LH:5
end_of_record
SF:lib/pages/notes_page.dart
DA:13,1
DA:26,1
DA:28,1
DA:29,1
DA:30,1
DA:31,1
DA:32,1
DA:33,2
DA:34,2
LF:9
LH:9
end_of_record
