SF:lib/widgets/listen_follow_highlight.dart
DA:16,3
DA:42,3
DA:52,3
DA:54,6
DA:55,3
DA:56,3
DA:58,3
DA:59,6
DA:60,3
DA:61,3
DA:65,9
DA:66,3
DA:67,2
DA:71,3
DA:72,3
DA:90,3
DA:92,3
DA:93,9
DA:95,6
DA:96,12
DA:100,2
DA:102,2
DA:103,8
DA:104,1
DA:105,3
DA:107,12
DA:108,8
DA:112,3
DA:114,3
DA:115,3
DA:118,3
DA:120,1
DA:121,1
DA:123,6
DA:124,3
DA:128,3
DA:129,3
DA:130,6
DA:132,3
DA:135,3
DA:136,3
DA:137,3
DA:138,3
DA:139,6
DA:140,3
DA:141,6
DA:142,6
DA:144,9
DA:146,3
DA:147,6
DA:149,3
DA:154,7
DA:157,3
DA:159,9
DA:161,18
DA:162,3
DA:163,6
DA:164,9
DA:166,18
DA:167,6
DA:168,6
DA:169,3
DA:170,3
DA:171,6
DA:172,6
DA:173,3
DA:174,3
DA:181,3
DA:183,3
DA:185,3
DA:186,12
DA:187,3
DA:188,9
DA:191,12
LF:74
LH:74
end_of_record
SF:lib/src/rust/api.dart
DA:14,4
DA:15,12
DA:18,2
DA:19,6
DA:22,1
DA:23,3
DA:26,0
DA:27,0
DA:30,1
DA:31,3
DA:34,1
DA:35,3
DA:38,1
DA:39,3
DA:42,1
DA:46,2
DA:47,1
DA:50,1
DA:51,3
DA:54,2
DA:55,6
DA:58,2
DA:59,6
DA:62,2
DA:63,6
DA:66,2
DA:67,6
DA:70,2
DA:72,6
DA:75,2
DA:76,6
DA:79,2
DA:80,6
DA:83,2
DA:84,6
DA:88,2
DA:90,4
DA:91,2
DA:94,1
DA:96,3
DA:99,1
DA:101,2
DA:102,1
DA:105,1
DA:109,3
DA:113,1
DA:114,3
DA:117,1
DA:118,3
DA:128,2
DA:136,0
DA:138,0
DA:139,0
DA:140,0
DA:141,0
DA:142,0
DA:144,0
DA:147,0
DA:148,0
DA:149,0
DA:150,0
DA:151,0
DA:152,0
DA:153,0
DA:162,1
DA:168,0
DA:169,0
DA:171,0
DA:174,0
DA:175,0
DA:176,0
DA:177,0
DA:178,0
DA:186,1
DA:191,0
DA:192,0
DA:194,0
DA:197,0
DA:198,0
DA:199,0
DA:200,0
DA:211,2
DA:219,0
DA:221,0
DA:222,0
DA:223,0
DA:224,0
DA:225,0
DA:227,0
DA:230,0
DA:231,0
DA:232,0
DA:233,0
DA:234,0
DA:235,0
DA:236,0
DA:246,2
DA:253,0
DA:255,0
DA:257,0
DA:260,0
DA:261,0
DA:262,0
DA:263,0
DA:264,0
DA:265,0
DA:276,1
DA:282,0
DA:283,0
DA:285,0
DA:288,0
DA:289,0
DA:290,0
DA:291,0
DA:292,0
DA:309,1
DA:317,0
DA:319,0
DA:320,0
DA:321,0
DA:322,0
DA:323,0
DA:325,0
DA:328,0
DA:329,0
DA:330,0
DA:331,0
DA:332,0
DA:333,0
DA:334,0
DA:342,1
DA:347,0
DA:348,0
DA:350,0
DA:353,0
DA:354,0
DA:355,0
DA:356,0
DA:370,1
DA:378,0
DA:380,0
DA:381,0
DA:382,0
DA:383,0
DA:384,0
DA:386,0
DA:389,0
DA:390,0
DA:391,0
DA:392,0
DA:393,0
DA:394,0
DA:395,0
DA:409,2
DA:415,0
DA:417,0
DA:419,0
DA:422,0
DA:423,0
DA:424,0
DA:425,0
DA:426,0
DA:440,2
DA:449,0
DA:451,0
DA:452,0
DA:453,0
DA:454,0
DA:455,0
DA:456,0
DA:458,0
DA:461,0
DA:462,0
DA:463,0
DA:464,0
DA:465,0
DA:466,0
DA:467,0
DA:468,0
LF:179
LH:58
end_of_record
SF:lib/src/rust/frb_generated.dart
DA:17,12
DA:19,4
DA:22,4
DA:28,8
DA:38,0
DA:41,0
DA:50,0
DA:52,4
DA:56,4
DA:60,4
DA:63,0
DA:67,4
DA:70,4
DA:71,4
DA:143,4
DA:150,1
DA:153,3
DA:154,1
DA:155,2
DA:156,1
DA:157,1
DA:158,2
DA:161,1
DA:162,1
DA:163,1
DA:165,1
DA:166,1
DA:171,1
DA:176,1
DA:178,3
DA:179,1
DA:180,2
DA:181,1
DA:182,2
DA:185,1
DA:186,1
DA:187,1
DA:189,1
DA:190,1
DA:195,1
DA:200,1
DA:203,3
DA:204,1
DA:205,2
DA:206,1
DA:207,1
DA:208,2
DA:211,1
DA:212,1
DA:213,1
DA:215,1
DA:216,1
DA:221,1
DA:226,2
DA:228,6
DA:229,2
DA:230,4
DA:231,2
DA:232,4
DA:235,2
DA:236,2
DA:237,2
DA:239,2
DA:240,2
DA:245,2
DA:250,2
DA:252,6
DA:253,2
DA:254,4
DA:255,4
DA:258,2
DA:259,2
DA:260,2
DA:262,2
DA:263,2
DA:268,2
DA:273,2
DA:276,6
DA:277,2
DA:278,4
DA:279,2
DA:280,2
DA:281,4
DA:284,2
DA:285,2
DA:286,2
DA:288,2
DA:289,2
DA:294,2
DA:299,2
DA:301,6
DA:302,2
DA:303,4
DA:304,2
DA:305,4
DA:308,2
DA:309,2
DA:310,2
DA:312,2
DA:313,2
DA:318,2
DA:323,2
DA:325,6
DA:326,2
DA:327,4
DA:328,2
DA:329,4
DA:332,2
DA:333,2
DA:334,2
DA:336,2
DA:337,2
DA:342,2
DA:347,1
DA:349,3
DA:350,1
DA:351,2
DA:352,2
DA:355,1
DA:356,1
DA:357,1
DA:359,1
DA:360,1
DA:365,1
DA:370,4
DA:372,12
DA:373,4
DA:374,8
DA:375,4
DA:376,8
DA:379,4
DA:380,4
DA:381,4
DA:383,4
DA:384,4
DA:389,4
DA:394,0
DA:396,0
DA:397,0
DA:398,0
DA:399,0
DA:400,0
DA:403,0
DA:404,0
DA:405,0
DA:407,0
DA:408,0
DA:413,0
DA:418,1
DA:420,3
DA:421,1
DA:422,2
DA:423,1
DA:424,2
DA:427,1
DA:428,1
DA:429,1
DA:431,1
DA:432,1
DA:437,1
DA:442,1
DA:445,3
DA:446,1
DA:447,2
DA:448,1
DA:449,1
DA:450,1
DA:451,2
DA:454,1
DA:455,1
DA:456,1
DA:458,1
DA:459,1
DA:464,1
DA:469,2
DA:472,6
DA:473,2
DA:474,4
DA:475,2
DA:476,2
DA:477,2
DA:478,4
DA:481,2
DA:482,2
DA:483,2
DA:485,2
DA:486,2
DA:491,2
DA:496,2
DA:498,6
DA:499,2
DA:500,4
DA:501,4
DA:504,2
DA:505,2
DA:506,2
DA:508,2
DA:509,2
DA:514,2
DA:520,2
DA:522,6
DA:523,2
DA:524,4
DA:525,4
DA:528,2
DA:529,2
DA:530,2
DA:532,2
DA:533,2
DA:538,2
DA:543,2
DA:546,6
DA:547,2
DA:548,4
DA:549,2
DA:550,2
DA:551,4
DA:554,2
DA:555,2
DA:556,2
DA:558,2
DA:559,2
DA:564,2
DA:569,2
DA:571,6
DA:572,2
DA:573,4
DA:574,2
DA:575,4
DA:578,2
DA:579,2
DA:580,2
DA:582,2
DA:583,2
DA:588,2
DA:594,1
DA:596,3
DA:597,1
DA:598,2
DA:599,2
DA:602,1
DA:603,1
DA:604,1
DA:606,1
DA:607,1
DA:612,1
DA:618,1
DA:621,3
DA:622,1
DA:623,2
DA:624,1
DA:625,2
DA:628,1
DA:629,1
DA:630,1
DA:632,1
DA:633,1
DA:638,1
DA:644,1
DA:647,3
DA:648,1
DA:649,2
DA:650,1
DA:651,1
DA:652,1
DA:653,2
DA:656,1
DA:657,1
DA:658,1
DA:660,1
DA:661,1
DA:666,1
DA:672,1
DA:675,3
DA:676,1
DA:677,2
DA:678,1
DA:679,1
DA:680,2
DA:683,1
DA:684,1
DA:685,1
DA:687,1
DA:688,1
DA:693,1
DA:698,1
DA:703,3
DA:704,1
DA:705,2
DA:706,1
DA:707,1
DA:708,1
DA:709,2
DA:712,1
DA:713,1
DA:714,1
DA:716,1
DA:717,1
DA:722,1
DA:727,0
DA:733,0
DA:737,0
DA:738,0
DA:739,0
DA:740,0
DA:741,0
DA:742,0
DA:743,0
DA:744,0
DA:748,0
DA:752,0
DA:753,0
DA:754,0
DA:755,0
DA:756,0
DA:757,0
DA:761,0
DA:767,0
DA:770,0
DA:773,0
DA:776,0
DA:779,0
DA:782,0
DA:785,0
DA:788,0
DA:791,0
DA:795,0
DA:796,0
DA:797,0
DA:798,0
DA:799,0
DA:803,0
DA:807,0
DA:808,0
DA:809,0
DA:810,0
DA:811,0
DA:812,0
DA:813,0
DA:814,0
DA:818,0
DA:822,0
DA:823,0
DA:824,0
DA:825,0
DA:826,0
DA:827,0
DA:828,0
DA:832,0
DA:838,0
DA:841,0
DA:844,0
DA:847,0
DA:850,0
DA:853,0
DA:856,0
DA:859,0
DA:862,0
DA:868,0
DA:871,0
DA:874,0
DA:878,0
DA:879,0
DA:880,0
DA:881,0
DA:882,0
DA:883,0
DA:887,0
DA:891,0
DA:892,0
DA:893,0
DA:894,0
DA:895,0
DA:896,0
DA:897,0
DA:898,0
DA:902,0
DA:905,0
DA:908,0
DA:911,0
DA:914,0
DA:917,0
DA:920,0
DA:924,0
DA:925,0
DA:926,0
DA:927,0
DA:928,0
DA:932,0
DA:936,0
DA:937,0
DA:938,0
DA:939,0
DA:940,0
DA:941,0
DA:942,0
DA:943,0
DA:947,0
DA:951,0
DA:952,0
DA:953,0
DA:954,0
DA:955,0
DA:956,0
DA:960,0
DA:964,0
DA:965,0
DA:966,0
DA:967,0
DA:968,0
DA:969,0
DA:970,0
DA:971,0
DA:972,0
DA:976,0
DA:982,0
DA:985,0
DA:988,0
DA:994,0
DA:1000,4
DA:1003,4
DA:1004,8
DA:1007,2
DA:1010,2
DA:1011,2
DA:1012,2
DA:1013,2
DA:1014,2
DA:1015,2
DA:1023,1
DA:1026,1
DA:1027,1
DA:1028,1
DA:1029,1
DA:1032,4
DA:1035,12
DA:1038,2
DA:1042,2
DA:1045,0
DA:1049,0
DA:1052,0
DA:1056,0
DA:1059,1
DA:1063,1
DA:1066,1
DA:1069,1
DA:1070,1
DA:1071,1
DA:1074,2
DA:1077,2
DA:1078,2
DA:1079,2
DA:1080,2
DA:1081,2
DA:1082,2
DA:1090,2
DA:1093,2
DA:1094,2
DA:1095,2
DA:1096,2
DA:1097,2
DA:1101,2
DA:1104,4
DA:1107,2
DA:1111,2
DA:1112,2
DA:1113,4
DA:1114,4
DA:1119,1
DA:1123,1
DA:1124,1
DA:1125,2
DA:1126,2
DA:1131,1
DA:1135,1
DA:1136,1
DA:1137,2
DA:1138,2
DA:1143,2
DA:1148,2
DA:1149,2
DA:1150,4
DA:1151,4
DA:1156,4
DA:1159,4
DA:1160,8
DA:1163,1
DA:1168,1
DA:1169,1
DA:1170,2
DA:1171,2
DA:1176,1
DA:1180,1
DA:1181,1
DA:1182,1
DA:1183,1
DA:1187,1
DA:1190,1
DA:1191,1
DA:1192,1
DA:1193,1
DA:1194,1
DA:1195,1
DA:1203,4
DA:1207,4
DA:1208,4
DA:1214,2
DA:1219,2
DA:1220,2
DA:1226,1
DA:1231,1
DA:1232,1
DA:1238,1
DA:1241,1
DA:1242,1
DA:1243,1
DA:1246,1
DA:1250,1
DA:1251,1
DA:1252,1
DA:1253,1
DA:1254,1
DA:1255,1
DA:1263,2
DA:1267,2
DA:1268,2
DA:1269,2
DA:1270,2
DA:1276,2
DA:1279,2
DA:1280,2
DA:1281,2
DA:1282,2
DA:1283,2
DA:1284,2
DA:1285,2
DA:1294,1
DA:1297,2
DA:1300,2
DA:1303,4
DA:1306,0
DA:1309,0
DA:1312,4
DA:1317,4
DA:1320,8
DA:1323,4
DA:1326,12
DA:1329,0
DA:1332,0
DA:1333,0
DA:1334,0
DA:1335,0
DA:1336,0
DA:1339,0
DA:1342,0
DA:1343,0
DA:1344,0
DA:1347,3
DA:1350,6
DA:1353,0
DA:1357,0
DA:1360,1
DA:1364,1
DA:1367,1
DA:1371,1
DA:1374,0
DA:1378,0
DA:1381,0
DA:1384,0
DA:1385,0
DA:1388,0
DA:1392,0
DA:1393,0
DA:1394,0
DA:1395,0
DA:1396,0
DA:1399,0
DA:1402,0
DA:1403,0
DA:1404,0
DA:1405,0
DA:1408,2
DA:1411,4
DA:1414,0
DA:1417,0
DA:1418,0
DA:1419,0
DA:1423,0
DA:1427,0
DA:1428,0
DA:1429,0
DA:1433,0
DA:1437,0
DA:1438,0
DA:1439,0
DA:1443,0
DA:1447,0
DA:1448,0
DA:1449,0
DA:1453,4
DA:1457,8
DA:1458,8
DA:1461,0
DA:1465,0
DA:1466,0
DA:1467,0
DA:1471,1
DA:1475,2
DA:1476,2
DA:1477,2
DA:1480,1
DA:1483,2
DA:1484,2
DA:1485,2
DA:1486,2
DA:1487,2
DA:1490,3
DA:1494,3
DA:1496,1
DA:1500,0
DA:1505,0
DA:1507,0
DA:1511,0
DA:1516,0
DA:1518,0
DA:1522,0
DA:1525,0
DA:1526,0
DA:1529,0
DA:1533,0
DA:1534,0
DA:1535,0
DA:1536,0
DA:1537,0
DA:1540,0
DA:1544,0
DA:1545,0
DA:1546,0
DA:1549,0
DA:1553,0
DA:1554,0
DA:1555,0
DA:1556,0
DA:1557,0
DA:1558,0
DA:1561,1
DA:1564,2
DA:1567,0
DA:1570,0
DA:1573,0
DA:1576,0
DA:1579,0
DA:1584,4
DA:1587,8
LF:654
LH:433
end_of_record
SF:lib/services/frb_init.dart
DA:19,1
DA:22,1
DA:23,0
DA:24,1
DA:25,0
DA:27,0
DA:28,2
DA:34,1
DA:35,1
DA:36,1
DA:41,0
DA:42,0
LF:12
LH:7
end_of_record
SF:lib/services/rust_translate_backend.dart
DA:12,1
DA:14,1
DA:15,1
DA:16,1
DA:17,1
DA:18,2
DA:19,1
DA:23,1
DA:24,1
DA:26,1
DA:28,1
DA:29,1
DA:30,1
DA:31,1
DA:32,1
DA:33,1
DA:34,2
DA:35,1
DA:40,1
DA:42,1
DA:44,1
DA:45,1
DA:46,1
DA:47,1
DA:48,1
DA:49,1
DA:53,1
DA:59,1
DA:60,1
DA:61,1
DA:62,1
DA:63,1
DA:64,1
DA:65,1
DA:66,1
DA:70,1
DA:71,1
DA:73,1
DA:75,1
DA:77,1
DA:79,1
DA:80,1
DA:81,1
DA:82,1
DA:83,1
DA:87,1
DA:89,1
DA:93,0
LF:48
LH:47
end_of_record
SF:lib/services/translate_backend.dart
DA:8,1
DA:25,2
DA:40,2
DA:61,2
LF:4
LH:4
end_of_record
SF:lib/src/rust/frb_generated.io.dart
DA:14,4
DA:335,4
DA:336,8
DA:343,4
DA:344,4
LF:5
LH:5
end_of_record
SF:lib/services/rust_tts_backend.dart
DA:14,1
DA:16,1
DA:17,1
DA:18,1
DA:19,1
DA:20,1
DA:21,1
DA:22,1
DA:23,1
DA:24,2
DA:29,1
DA:33,1
DA:34,1
DA:37,1
DA:40,1
DA:41,1
DA:42,1
DA:43,1
DA:44,1
DA:45,1
DA:47,1
DA:50,1
DA:52,1
DA:53,1
DA:54,1
DA:55,1
DA:56,1
DA:60,1
DA:62,1
DA:63,1
DA:64,1
DA:65,1
DA:66,1
DA:71,2
DA:72,1
DA:73,1
DA:74,1
DA:75,1
DA:76,1
DA:81,0
LF:40
LH:39
end_of_record
SF:lib/services/tts_backend.dart
DA:11,4
DA:23,1
DA:24,1
DA:25,1
DA:26,1
DA:27,1
LF:6
LH:6
end_of_record
SF:lib/engines/paged_web_view.dart
DA:23,1
DA:26,1
DA:34,0
DA:59,0
DA:60,0
DA:69,0
DA:71,0
DA:72,0
DA:73,0
DA:77,0
DA:78,0
DA:80,0
DA:82,0
DA:86,0
DA:88,0
DA:89,0
DA:90,0
DA:91,0
DA:92,0
DA:93,0
DA:94,0
DA:96,0
DA:97,0
DA:103,0
DA:104,0
DA:105,0
DA:108,0
DA:109,0
DA:111,0
DA:112,0
DA:117,0
DA:118,0
DA:120,0
DA:121,0
DA:122,0
DA:126,0
DA:128,0
DA:129,0
DA:130,0
DA:131,0
DA:139,0
DA:140,0
DA:141,0
DA:144,0
DA:145,0
DA:147,0
DA:148,0
DA:149,0
DA:151,0
DA:152,0
DA:154,0
DA:157,0
DA:159,0
DA:160,0
DA:161,0
DA:162,0
DA:164,0
DA:165,0
DA:166,0
DA:167,0
DA:169,0
DA:170,0
DA:171,0
DA:240,0
DA:241,0
DA:242,0
DA:243,0
DA:244,0
DA:245,0
DA:246,0
DA:247,0
DA:248,0
DA:249,0
DA:250,0
DA:251,0
LF:75
LH:2
end_of_record
SF:lib/services/library_backend.dart
DA:10,1
DA:26,2
DA:33,2
DA:45,3
LF:4
LH:4
end_of_record
SF:lib/engines/system_tts_engine.dart
DA:15,1
DA:16,3
DA:17,3
DA:18,3
DA:19,3
DA:32,1
DA:33,2
DA:35,1
DA:44,2
DA:49,2
DA:53,2
DA:54,1
DA:60,1
DA:63,2
DA:64,1
DA:69,1
DA:73,2
DA:74,2
DA:75,1
DA:78,1
DA:82,1
DA:84,2
DA:88,2
DA:91,1
DA:92,1
DA:93,2
DA:94,2
DA:95,1
DA:96,3
DA:97,1
DA:98,5
DA:105,1
DA:107,1
DA:110,1
DA:111,1
DA:112,2
DA:113,2
DA:114,2
DA:115,2
DA:118,2
DA:119,3
DA:124,1
DA:125,2
DA:127,1
DA:131,1
DA:133,1
DA:136,1
DA:138,1
DA:139,2
DA:142,1
DA:144,1
DA:145,3
DA:148,1
DA:149,1
DA:150,3
DA:153,1
DA:155,4
DA:157,1
DA:158,3
DA:162,1
DA:163,1
DA:164,2
LF:62
LH:62
end_of_record
SF:lib/engines/tts_engine.dart
DA:26,4
DA:49,4
DA:74,2
DA:80,2
DA:87,2
DA:93,2
LF:6
LH:6
end_of_record
SF:lib/main.dart
DA:7,3
DA:9,1
DA:11,1
DA:13,1
DA:14,1
DA:24,0
DA:25,0
LF:7
LH:5
end_of_record
SF:lib/pages/library_page.dart
DA:11,5
DA:16,3
DA:17,3
DA:21,10
DA:26,3
DA:28,3
DA:29,3
DA:32,3
DA:33,9
DA:35,6
DA:36,2
DA:38,5
DA:42,2
DA:43,4
DA:44,8
DA:47,0
DA:48,0
DA:51,0
DA:55,0
DA:57,0
DA:58,0
DA:60,0
DA:63,0
DA:65,0
DA:66,0
DA:67,0
DA:70,0
DA:74,3
DA:76,3
DA:77,3
DA:78,3
DA:79,6
DA:81,3
DA:87,3
DA:91,3
DA:92,3
DA:93,0
DA:94,0
DA:96,0
DA:99,0
DA:101,0
DA:102,0
DA:107,0
DA:112,3
DA:116,2
DA:119,2
DA:120,2
DA:121,2
DA:122,2
DA:123,2
DA:125,4
DA:126,4
DA:127,10
DA:128,2
DA:131,1
DA:132,2
DA:133,1
DA:134,2
DA:135,1
DA:136,1
DA:137,1
DA:139,1
LF:62
LH:43
end_of_record
SF:lib/services/rust_library_backend.dart
DA:16,1
DA:18,1
DA:19,0
DA:20,0
DA:22,0
DA:23,0
DA:26,0
DA:28,0
DA:29,0
DA:30,0
DA:31,0
DA:32,0
DA:33,0
DA:34,0
DA:35,0
DA:36,0
DA:41,0
DA:43,0
DA:44,0
DA:45,0
DA:46,0
DA:47,0
DA:48,0
DA:49,0
DA:53,0
DA:55,0
DA:56,0
DA:57,0
DA:58,0
DA:59,0
DA:60,0
DA:61,0
DA:66,0
DA:67,0
DA:69,0
DA:71,0
DA:73,0
DA:75,0
DA:77,0
DA:79,0
DA:81,0
DA:83,0
DA:84,0
LF:43
LH:2
end_of_record
SF:lib/pages/reader_page.dart
DA:39,5
DA:64,5
DA:65,5
DA:102,5
DA:104,5
DA:105,15
DA:106,5
DA:107,15
DA:110,5
DA:112,10
DA:113,5
DA:116,5
DA:118,25
DA:120,25
DA:122,2
DA:123,1
DA:124,3
DA:126,5
DA:127,10
DA:128,5
DA:129,5
DA:133,0
DA:137,1
DA:138,2
DA:140,2
DA:141,1
DA:142,4
DA:144,0
DA:147,0
DA:148,0
DA:149,0
DA:150,0
DA:151,0
DA:155,2
DA:156,2
DA:158,12
DA:159,4
DA:160,4
DA:161,2
DA:162,2
DA:163,2
DA:164,2
DA:166,2
DA:167,2
DA:170,2
DA:171,2
DA:173,2
DA:174,8
DA:175,2
DA:176,10
DA:177,10
DA:181,2
DA:182,4
DA:183,2
DA:184,6
DA:185,6
DA:187,3
DA:188,2
DA:191,3
DA:192,1
DA:196,8
DA:197,8
DA:201,0
DA:202,0
DA:203,0
DA:204,0
DA:207,0
DA:211,1
DA:212,2
DA:214,0
DA:215,0
DA:219,1
DA:220,3
DA:222,1
DA:223,0
DA:225,0
DA:226,0
DA:227,0
DA:228,0
DA:231,2
DA:232,3
DA:233,1
DA:235,1
DA:238,2
DA:239,2
DA:240,0
DA:241,0
DA:242,4
DA:243,6
DA:244,2
DA:248,1
DA:249,3
DA:250,1
DA:251,1
DA:252,2
DA:255,1
DA:256,1
DA:258,1
DA:259,1
DA:260,2
DA:261,5
DA:262,1
DA:263,1
DA:268,0
DA:269,0
DA:270,0
DA:271,0
DA:272,0
DA:273,0
DA:274,0
DA:275,0
DA:281,1
DA:282,1
DA:283,1
DA:284,2
DA:285,1
DA:287,1
DA:288,1
DA:289,2
DA:290,2
DA:291,1
DA:293,1
DA:294,1
DA:302,1
DA:303,1
DA:305,2
DA:306,2
DA:307,3
DA:308,1
DA:309,2
DA:310,2
DA:311,2
DA:312,1
DA:313,1
DA:314,2
DA:320,1
DA:324,1
DA:325,1
DA:328,5
DA:329,1
DA:330,2
DA:331,2
DA:332,2
DA:333,3
DA:335,2
DA:342,4
DA:343,4
DA:344,8
DA:345,8
DA:346,4
DA:350,5
DA:351,5
DA:352,5
DA:353,5
DA:354,5
DA:355,5
DA:356,5
DA:357,5
DA:360,8
DA:362,1
DA:363,2
DA:364,1
DA:367,2
DA:368,1
DA:369,1
DA:370,1
DA:374,2
DA:375,1
DA:376,1
DA:377,1
DA:380,1
DA:381,1
DA:382,2
DA:383,1
DA:384,1
DA:387,1
DA:388,2
DA:389,1
DA:390,2
DA:395,1
DA:396,2
DA:397,1
DA:400,0
DA:401,0
DA:402,0
DA:403,0
DA:404,0
DA:408,2
DA:409,1
DA:410,1
DA:411,1
DA:412,1
DA:415,1
DA:416,1
DA:417,2
DA:418,1
DA:419,1
DA:420,1
DA:423,1
DA:424,2
DA:425,1
DA:426,2
DA:427,1
DA:433,1
DA:434,1
DA:437,2
DA:443,2
DA:445,2
DA:446,1
DA:447,2
DA:448,1
DA:449,1
DA:450,1
DA:451,1
DA:452,1
DA:458,5
DA:460,5
DA:461,5
DA:462,0
DA:467,15
DA:468,5
DA:469,10
DA:470,5
DA:472,5
DA:473,5
DA:474,5
DA:475,5
DA:476,5
DA:478,5
DA:479,5
DA:480,12
DA:481,12
DA:482,0
DA:483,5
DA:485,6
DA:486,5
DA:488,5
DA:494,5
DA:495,4
DA:496,12
DA:499,8
DA:500,4
DA:503,5
DA:504,4
DA:505,16
DA:508,4
DA:511,7
DA:512,2
DA:513,2
DA:514,4
DA:515,2
DA:516,0
DA:517,2
DA:519,2
DA:520,2
DA:521,2
DA:522,4
DA:523,2
DA:524,2
DA:525,0
DA:526,4
DA:527,2
DA:528,5
DA:529,2
DA:530,4
DA:531,2
DA:541,4
DA:542,4
DA:543,4
DA:544,5
DA:545,8
DA:546,3
DA:547,8
DA:548,2
DA:549,4
DA:550,8
DA:551,3
DA:552,12
DA:553,2
DA:558,5
DA:559,5
DA:560,4
DA:561,0
DA:564,0
DA:565,0
DA:571,0
DA:576,2
DA:577,12
DA:578,2
DA:579,2
DA:580,2
DA:581,2
DA:583,4
DA:584,2
DA:585,2
DA:586,4
DA:587,2
DA:588,2
DA:589,2
DA:594,5
DA:595,5
DA:597,5
DA:598,12
DA:601,2
DA:602,5
DA:604,5
DA:605,10
DA:607,5
DA:608,5
DA:609,5
DA:611,10
DA:612,10
DA:613,10
DA:623,4
DA:624,4
DA:629,6
DA:630,2
DA:631,0
DA:632,0
DA:636,5
DA:638,5
DA:640,5
DA:647,5
DA:649,5
DA:651,5
DA:658,0
DA:659,0
DA:660,0
DA:662,0
DA:669,2
DA:670,8
DA:671,2
LF:332
LH:284
end_of_record
SF:lib/pages/listen_page.dart
DA:23,2
DA:47,2
DA:48,2
DA:75,2
DA:77,2
DA:78,12
DA:79,2
DA:82,2
DA:84,3
DA:85,4
DA:86,6
DA:87,2
DA:88,2
DA:92,2
DA:94,6
DA:95,10
DA:96,6
DA:97,6
DA:98,14
DA:100,2
DA:101,6
DA:102,4
DA:103,4
DA:104,2
DA:105,4
DA:106,4
DA:107,6
DA:108,6
DA:111,6
DA:113,6
DA:114,2
DA:115,2
DA:117,2
DA:118,4
DA:119,2
DA:120,2
DA:121,8
DA:122,8
DA:123,2
DA:124,2
DA:125,2
DA:126,4
DA:128,2
DA:129,8
DA:132,1
DA:133,2
DA:134,2
DA:135,1
DA:141,1
DA:143,1
DA:145,1
DA:146,5
DA:147,3
DA:149,1
DA:151,2
DA:152,1
DA:153,4
DA:154,1
DA:155,2
DA:159,1
DA:160,5
DA:161,1
DA:162,4
DA:163,4
DA:164,2
DA:165,2
DA:166,1
DA:168,6
DA:171,2
DA:172,1
DA:174,3
DA:178,1
DA:179,1
DA:180,2
DA:181,2
DA:182,2
DA:184,2
DA:185,1
DA:188,5
DA:189,4
DA:190,6
DA:192,1
DA:196,1
DA:197,1
DA:199,2
DA:200,3
DA:201,1
DA:204,1
DA:206,5
DA:207,1
DA:208,2
DA:209,1
DA:210,4
DA:211,4
DA:212,1
DA:213,1
DA:214,2
DA:217,2
DA:218,1
DA:219,5
DA:220,1
DA:221,4
DA:224,1
DA:225,2
DA:226,2
DA:227,1
DA:233,1
DA:234,1
DA:235,1
DA:236,3
DA:237,4
DA:238,1
DA:239,3
DA:240,4
DA:241,1
DA:242,1
DA:243,2
DA:244,3
DA:245,6
DA:250,1
DA:251,2
DA:252,4
DA:253,3
DA:254,1
DA:255,2
DA:256,1
DA:257,1
DA:259,5
DA:262,1
DA:263,2
DA:264,7
DA:265,3
DA:266,1
DA:267,2
DA:268,1
DA:269,1
DA:271,5
DA:274,1
DA:275,3
DA:276,4
DA:280,1
DA:281,2
DA:282,5
DA:283,5
DA:284,3
DA:285,1
DA:286,2
DA:287,1
DA:288,1
DA:290,5
DA:291,1
DA:292,1
DA:293,1
DA:294,3
DA:295,2
DA:296,4
DA:297,4
DA:302,1
DA:303,1
DA:304,1
DA:305,2
DA:306,3
DA:309,2
DA:310,3
DA:311,2
DA:312,2
DA:313,1
DA:314,1
DA:315,1
DA:317,7
DA:323,2
DA:324,2
DA:325,6
DA:326,8
DA:330,1
DA:331,1
DA:332,1
DA:334,2
DA:335,1
DA:336,1
DA:337,1
DA:338,3
DA:343,1
DA:344,1
DA:346,2
DA:347,1
DA:348,1
DA:350,3
DA:351,1
DA:352,1
DA:354,3
DA:358,2
DA:361,16
DA:362,6
DA:364,2
DA:365,2
DA:366,2
DA:368,2
DA:372,2
DA:374,2
DA:376,6
DA:379,2
DA:381,2
DA:386,2
DA:387,2
DA:388,2
DA:389,1
DA:393,1
DA:394,1
DA:398,4
DA:399,2
DA:400,2
DA:401,4
DA:402,8
DA:403,2
DA:404,6
DA:405,6
DA:406,6
DA:407,6
DA:410,2
DA:412,6
DA:419,2
DA:420,6
DA:421,6
DA:424,2
DA:425,2
DA:431,2
DA:433,2
DA:434,2
DA:436,2
DA:437,2
DA:438,4
DA:439,2
DA:442,2
DA:444,2
DA:454,2
DA:455,2
DA:456,2
DA:457,2
DA:458,2
DA:466,2
DA:467,4
DA:468,1
DA:469,6
DA:470,9
DA:473,1
DA:474,4
LF:247
LH:247
end_of_record
SF:lib/widgets/listen_control_bar.dart
DA:13,2
DA:54,2
DA:55,2
DA:61,2
DA:63,8
DA:64,2
DA:67,2
DA:69,2
DA:70,2
DA:72,2
DA:74,2
DA:75,2
DA:76,4
DA:82,2
DA:83,2
DA:84,2
DA:85,2
DA:87,2
DA:88,2
DA:90,4
DA:94,2
DA:95,4
DA:97,4
DA:98,6
DA:101,2
DA:103,4
DA:110,2
DA:112,2
DA:113,2
DA:116,2
DA:117,4
DA:118,6
DA:123,2
DA:126,2
DA:127,4
DA:128,2
DA:129,8
DA:138,2
DA:139,2
DA:140,2
DA:141,2
DA:143,4
DA:145,4
DA:146,4
DA:148,1
DA:149,3
DA:150,3
DA:155,2
DA:156,4
LF:49
LH:49
end_of_record
SF:lib/widgets/listen_settings_sheet.dart
DA:16,1
DA:31,1
DA:32,1
DA:36,3
DA:40,1
DA:41,3
DA:42,3
DA:45,1
DA:47,1
DA:48,1
DA:50,1
DA:53,1
DA:54,1
DA:55,1
DA:62,1
DA:64,2
DA:72,2
DA:73,1
DA:80,1
DA:81,2
DA:82,1
DA:83,3
DA:121,1
DA:123,1
DA:124,1
DA:125,1
DA:126,1
DA:127,1
DA:131,3
DA:132,1
DA:133,3
DA:134,3
DA:138,1
DA:139,4
DA:148,1
DA:155,1
DA:157,1
DA:158,1
DA:160,0
DA:161,1
DA:164,1
DA:165,1
DA:166,1
DA:168,1
DA:173,1
DA:179,1
DA:181,1
DA:188,1
DA:189,1
DA:192,1
DA:193,1
DA:194,1
LF:52
LH:51
end_of_record
SF:lib/widgets/directory_drawer.dart
DA:7,1
DA:18,1
DA:20,1
DA:21,1
DA:23,1
DA:25,1
DA:31,1
DA:32,1
DA:33,2
DA:34,1
DA:35,2
DA:36,1
DA:38,4
DA:39,5
DA:42,3
LF:15
LH:15
end_of_record
SF:lib/widgets/display_settings_sheet.dart
DA:17,2
DA:31,2
DA:33,2
DA:35,2
DA:38,2
DA:39,2
DA:40,2
DA:43,2
DA:48,2
DA:49,2
DA:50,2
DA:52,2
DA:53,2
DA:54,4
DA:55,4
DA:56,4
DA:57,4
DA:58,4
DA:59,0
DA:63,8
DA:67,2
DA:68,4
DA:69,0
DA:71,2
DA:72,9
DA:74,2
DA:75,4
DA:76,0
DA:78,2
DA:79,2
DA:80,2
DA:81,9
DA:83,4
DA:91,2
DA:92,4
DA:94,2
DA:95,2
DA:96,2
DA:97,2
DA:98,2
DA:100,2
DA:101,2
DA:102,2
DA:103,2
DA:110,2
DA:111,6
DA:112,2
DA:114,2
DA:116,2
DA:117,2
DA:118,2
DA:121,2
DA:123,2
DA:126,6
DA:130,2
DA:140,1
LF:56
LH:53
end_of_record
SF:lib/widgets/reader_chrome.dart
DA:8,2
DA:21,2
DA:23,2
DA:25,2
DA:27,2
DA:29,2
DA:30,2
DA:31,4
DA:32,2
DA:33,2
DA:35,2
DA:36,4
DA:38,4
DA:43,4
DA:54,2
DA:85,2
DA:87,2
DA:89,2
DA:91,2
DA:93,2
DA:94,2
DA:95,2
DA:96,6
DA:99,4
DA:101,2
DA:102,2
DA:103,4
DA:104,2
DA:105,4
DA:106,2
DA:107,2
DA:111,12
DA:112,2
DA:113,2
DA:114,2
DA:115,4
DA:116,2
DA:118,2
DA:119,2
DA:120,2
DA:123,2
DA:124,10
LF:42
LH:42
end_of_record
SF:lib/widgets/selection_toolbar.dart
DA:10,4
DA:17,4
DA:19,4
DA:21,4
DA:22,12
DA:23,4
DA:25,4
DA:26,4
DA:27,4
DA:28,4
DA:29,4
DA:30,4
DA:36,4
DA:37,4
DA:38,6
DA:39,4
DA:41,4
DA:43,4
DA:46,4
DA:47,4
DA:50,4
DA:52,4
DA:53,4
DA:55,4
DA:56,8
DA:60,4
LF:26
LH:26
end_of_record
SF:lib/widgets/translation_popup.dart
DA:15,1
DA:19,1
DA:20,2
DA:21,3
DA:25,1
DA:27,1
DA:28,1
DA:30,1
DA:32,1
DA:35,1
DA:36,1
DA:37,1
DA:38,3
DA:40,2
DA:41,1
DA:43,1
DA:44,2
DA:45,1
DA:47,1
DA:48,1
DA:49,3
DA:50,2
DA:55,4
DA:56,1
DA:57,1
DA:58,2
DA:59,3
DA:60,2
DA:66,5
DA:67,3
DA:69,1
DA:70,2
DA:71,3
DA:72,2
DA:85,1
DA:89,1
DA:91,1
DA:92,1
DA:94,1
DA:96,1
DA:98,3
DA:102,1
DA:104,1
DA:106,1
DA:109,1
DA:110,1
DA:113,1
DA:114,4
DA:115,2
DA:117,4
DA:119,2
DA:121,4
DA:126,5
DA:127,2
DA:129,1
DA:130,2
DA:131,3
DA:132,2
DA:143,3
DA:148,1
DA:153,1
DA:155,1
DA:156,1
DA:158,2
DA:159,1
DA:161,1
DA:164,1
DA:165,1
DA:166,1
DA:167,3
DA:168,2
DA:172,1
DA:173,1
LF:73
LH:73
end_of_record
SF:lib/services/builtin_dict.dart
DA:19,0
DA:20,0
DA:22,0
DA:23,0
DA:24,0
DA:25,0
DA:26,0
LF:7
LH:0
end_of_record
SF:lib/pages/settings_page.dart
DA:12,1
DA:20,1
DA:21,1
DA:25,1
DA:26,2
DA:42,1
DA:44,1
DA:45,1
DA:48,1
DA:50,2
DA:51,1
DA:54,1
DA:56,2
DA:57,2
DA:58,1
DA:59,2
DA:60,1
DA:61,2
DA:62,2
DA:63,1
DA:64,2
DA:65,2
DA:70,0
DA:74,1
DA:75,2
DA:76,0
DA:77,0
DA:79,0
DA:82,0
DA:84,1
DA:86,3
DA:88,2
DA:89,1
DA:90,2
DA:91,4
DA:92,1
DA:95,1
DA:97,0
DA:98,0
DA:99,0
DA:100,0
DA:106,1
DA:108,3
DA:109,1
DA:111,0
DA:115,1
DA:116,3
DA:118,1
DA:119,1
DA:121,2
DA:122,1
DA:123,3
DA:126,2
DA:127,4
DA:129,1
DA:130,3
DA:133,3
DA:134,1
DA:136,0
DA:140,1
DA:142,2
DA:143,4
DA:145,0
DA:149,1
DA:151,1
DA:152,1
DA:153,1
DA:154,1
DA:156,1
DA:157,4
DA:160,1
DA:161,1
DA:162,1
DA:163,2
DA:171,1
DA:172,1
DA:173,1
DA:178,1
DA:179,1
DA:182,2
DA:183,3
DA:184,1
DA:187,2
DA:190,1
DA:192,1
DA:193,3
DA:194,1
DA:206,1
DA:207,3
DA:210,1
DA:212,4
DA:213,1
DA:214,1
DA:215,1
DA:216,1
DA:217,1
DA:218,1
DA:220,1
DA:227,2
DA:231,2
DA:234,1
DA:236,1
DA:237,1
DA:241,1
DA:242,1
DA:244,5
LF:106
LH:94
end_of_record
